#
# There is insufficient memory for the Java Runtime Environment to continue.
# Native memory allocation (malloc) failed to allocate 32744 bytes. Error detail: Chunk::new
# Possible reasons:
#   The system is out of physical RAM or swap space
#   This process is running with CompressedOops enabled, and the Java Heap may be blocking the growth of the native heap
# Possible solutions:
#   Reduce memory load on the system
#   Increase physical memory or swap space
#   Check if swap backing store is full
#   Decrease Java heap size (-Xmx/-Xms)
#   Decrease number of Java threads
#   Decrease Java thread stack sizes (-Xss)
#   Set larger code cache with -XX:ReservedCodeCacheSize=
#   JVM is running with Unscaled Compressed Oops mode in which the Java heap is
#     placed in the first 4GB address space. The Java Heap base address is the
#     maximum limit for the native heap growth. Please use -XX:HeapBaseMinAddress
#     to set the Java Heap base and to place the Java Heap above 4GB virtual address.
# This output file may be truncated or incomplete.
#
#  Out of Memory Error (arena.cpp:168), pid=8236, tid=19292
#
# JRE version: OpenJDK Runtime Environment Temurin-21.0.6+7 (21.0.6+7) (build 21.0.6+7-LTS)
# Java VM: OpenJDK 64-Bit Server VM Temurin-21.0.6+7 (21.0.6+7-LTS, mixed mode, sharing, tiered, compressed oops, compressed class ptrs, parallel gc, windows-amd64)
# No core dump will be written. Minidumps are not enabled by default on client versions of Windows
#

---------------  S U M M A R Y ------------

Command Line: --add-modules=ALL-SYSTEM --add-opens=java.base/java.util=ALL-UNNAMED --add-opens=java.base/java.lang=ALL-UNNAMED --add-opens=java.base/sun.nio.fs=ALL-UNNAMED -Declipse.application=org.eclipse.jdt.ls.core.id1 -Dosgi.bundles.defaultStartLevel=4 -Declipse.product=org.eclipse.jdt.ls.core.product -Djava.import.generatesMetadataFilesAtProjectRoot=false -DDetectVMInstallationsJob.disabled=true -Dfile.encoding=utf8 -XX:+UseParallelGC -XX:GCTimeRatio=4 -XX:AdaptiveSizePolicyWeight=90 -Dsun.zip.disableMemoryMapping=true -Xmx1G -Xms100m -Xlog:disable -javaagent:c:\Users\Ahmed Yasser\.vscode\extensions\redhat.java-1.41.1-win32-x64\lombok\lombok-1.18.36.jar c:\Users\Ahmed Yasser\.vscode\extensions\redhat.java-1.41.1-win32-x64\server\plugins\org.eclipse.equinox.launcher_1.7.0.v20250331-1702.jar -configuration c:\Users\Ahmed Yasser\AppData\Roaming\Code\User\globalStorage\redhat.java\1.41.1\config_ss_win -data c:\Users\Ahmed Yasser\AppData\Roaming\Code\User\workspaceStorage\051f16bb247bb8312338e22804e9fe03\redhat.java\ss_ws --pipe=\\.\pipe\lsp-92991e1a68ba3142ce6f7d24cde14fcf-sock

Host: Intel(R) Core(TM) i7-10750H CPU @ 2.60GHz, 12 cores, 15G,  Windows 11 , 64 bit Build 22621 (10.0.22621.5124)
Time: Thu May 15 18:00:48 2025 Egypt Daylight Time elapsed time: 0.604839 seconds (0d 0h 0m 0s)

---------------  T H R E A D  ---------------

Current thread (0x000002307f58d680):  JavaThread "C2 CompilerThread2" daemon [_thread_in_native, id=19292, stack(0x0000003716100000,0x0000003716200000) (1024K)]


Current CompileTask:
C2:604  675       4       java.util.Collections$UnmodifiableCollection::iterator (9 bytes)

Stack: [0x0000003716100000,0x0000003716200000]
Native frames: (J=compiled Java code, j=interpreted, Vv=VM code, C=native code)
V  [jvm.dll+0x6cdee9]
V  [jvm.dll+0x8a83d1]
V  [jvm.dll+0x8aa8fe]
V  [jvm.dll+0x8aafe3]
V  [jvm.dll+0x27f706]
V  [jvm.dll+0xc500d]
V  [jvm.dll+0xc5543]
V  [jvm.dll+0x656c0b]
V  [jvm.dll+0x65c7e9]
V  [jvm.dll+0x65d7d6]
V  [jvm.dll+0x65bb6e]
V  [jvm.dll+0x247875]
V  [jvm.dll+0x246fcf]
V  [jvm.dll+0x1c75ee]
V  [jvm.dll+0x25685a]
V  [jvm.dll+0x254dfa]
V  [jvm.dll+0x3f0256]
V  [jvm.dll+0x851f8b]
V  [jvm.dll+0x6cc5ed]
C  [ucrtbase.dll+0x29333]
C  [KERNEL32.DLL+0x1259d]
C  [ntdll.dll+0x5af38]


---------------  P R O C E S S  ---------------

Threads class SMR info:
_java_thread_list=0x000002307f5771a0, length=13, elements={
0x0000023078a13530, 0x0000023078ab83c0, 0x000002307ddfc0b0, 0x000002307ddfdc10,
0x0000023078abbfd0, 0x0000023078abca20, 0x0000023078abd470, 0x0000023078abe010,
0x0000023078ac8d30, 0x000002307f34d220, 0x000002307f4ba0a0, 0x000002307f57c8e0,
0x000002307f58d680
}

Java Threads: ( => current thread )
  0x0000023078a13530 JavaThread "main"                              [_thread_in_vm, id=9388, stack(0x0000003715200000,0x0000003715300000) (1024K)]
  0x0000023078ab83c0 JavaThread "Reference Handler"          daemon [_thread_blocked, id=4900, stack(0x0000003715600000,0x0000003715700000) (1024K)]
  0x000002307ddfc0b0 JavaThread "Finalizer"                  daemon [_thread_blocked, id=964, stack(0x0000003715700000,0x0000003715800000) (1024K)]
  0x000002307ddfdc10 JavaThread "Signal Dispatcher"          daemon [_thread_blocked, id=20860, stack(0x0000003715800000,0x0000003715900000) (1024K)]
  0x0000023078abbfd0 JavaThread "Attach Listener"            daemon [_thread_blocked, id=17192, stack(0x0000003715900000,0x0000003715a00000) (1024K)]
  0x0000023078abca20 JavaThread "Service Thread"             daemon [_thread_blocked, id=18108, stack(0x0000003715a00000,0x0000003715b00000) (1024K)]
  0x0000023078abd470 JavaThread "Monitor Deflation Thread"   daemon [_thread_blocked, id=20964, stack(0x0000003715b00000,0x0000003715c00000) (1024K)]
  0x0000023078abe010 JavaThread "C2 CompilerThread0"         daemon [_thread_in_native, id=22268, stack(0x0000003715c00000,0x0000003715d00000) (1024K)]
  0x0000023078ac8d30 JavaThread "C1 CompilerThread0"         daemon [_thread_blocked, id=5028, stack(0x0000003715d00000,0x0000003715e00000) (1024K)]
  0x000002307f34d220 JavaThread "Common-Cleaner"             daemon [_thread_blocked, id=23812, stack(0x0000003715e00000,0x0000003715f00000) (1024K)]
  0x000002307f4ba0a0 JavaThread "C2 CompilerThread1"         daemon [_thread_in_native, id=25772, stack(0x0000003715f00000,0x0000003716000000) (1024K)]
  0x000002307f57c8e0 JavaThread "Notification Thread"        daemon [_thread_blocked, id=21280, stack(0x0000003716000000,0x0000003716100000) (1024K)]
=>0x000002307f58d680 JavaThread "C2 CompilerThread2"         daemon [_thread_in_native, id=19292, stack(0x0000003716100000,0x0000003716200000) (1024K)]
Total: 13

Other Threads:
  0x0000023076573d10 VMThread "VM Thread"                           [id=19072, stack(0x0000003715500000,0x0000003715600000) (1024K)]
  0x000002307dcdca00 WatcherThread "VM Periodic Task Thread"        [id=23988, stack(0x0000003715400000,0x0000003715500000) (1024K)]
  0x0000023076573970 WorkerThread "GC Thread#0"                     [id=9300, stack(0x0000003715300000,0x0000003715400000) (1024K)]
Total: 3

Threads with active compile tasks:
C2 CompilerThread0  624  674       4       lombok.patcher.scripts.MethodLevelPatchScript::patch (21 bytes)
C2 CompilerThread1  624  652       4       lombok.patcher.PatchScript::classMatches (41 bytes)
C2 CompilerThread2  624  675       4       java.util.Collections$UnmodifiableCollection::iterator (9 bytes)
Total: 3

VM state: not at safepoint (normal execution)

VM Mutex/Monitor currently owned by a thread: None

Heap address: 0x00000000c0000000, size: 1024 MB, Compressed Oops mode: 32-bit

CDS archive(s) mapped at: [0x000002300f000000-0x000002300fba0000-0x000002300fba0000), size 12189696, SharedBaseAddress: 0x000002300f000000, ArchiveRelocationMode: 1.
Compressed class space mapped at: 0x0000023010000000-0x0000023050000000, reserved size: 1073741824
Narrow klass base: 0x000002300f000000, Narrow klass shift: 0, Narrow klass range: 0x100000000

GC Precious Log:
 CardTable entry size: 512
 CPUs: 12 total, 12 available
 Memory: 16215M
 Large Page Support: Disabled
 NUMA Support: Disabled
 Compressed Oops: Enabled (32-bit)
 Alignments: Space 512K, Generation 512K, Heap 2M
 Heap Min Capacity: 100M
 Heap Initial Capacity: 100M
 Heap Max Capacity: 1G
 Pre-touch: Disabled
 Parallel Workers: 10

Heap:
 PSYoungGen      total 29696K, used 14654K [0x00000000eab00000, 0x00000000ecc00000, 0x0000000100000000)
  eden space 25600K, 57% used [0x00000000eab00000,0x00000000eb94fbb0,0x00000000ec400000)
  from space 4096K, 0% used [0x00000000ec800000,0x00000000ec800000,0x00000000ecc00000)
  to   space 4096K, 0% used [0x00000000ec400000,0x00000000ec400000,0x00000000ec800000)
 ParOldGen       total 68608K, used 0K [0x00000000c0000000, 0x00000000c4300000, 0x00000000eab00000)
  object space 68608K, 0% used [0x00000000c0000000,0x00000000c0000000,0x00000000c4300000)
 Metaspace       used 2764K, committed 3008K, reserved 1114112K
  class space    used 280K, committed 384K, reserved 1048576K

Card table byte_map: [0x00000230783b0000,0x00000230785c0000] _byte_map_base: 0x0000023077db0000

Marking Bits: (ParMarkBitMap*) 0x00007ffbd1633260
 Begin Bits: [0x000002307bc00000, 0x000002307cc00000)
 End Bits:   [0x000002307cc00000, 0x000002307dc00000)

Polling page: 0x00000230768b0000

Metaspace:

Usage:
  Non-class:      2.43 MB used.
      Class:    280.23 KB used.
       Both:      2.70 MB used.

Virtual space:
  Non-class space:       64.00 MB reserved,       2.56 MB (  4%) committed,  1 nodes.
      Class space:        1.00 GB reserved,     384.00 KB ( <1%) committed,  1 nodes.
             Both:        1.06 GB reserved,       2.94 MB ( <1%) committed. 

Chunk freelists:
   Non-Class:  11.65 MB
       Class:  15.67 MB
        Both:  27.32 MB

MaxMetaspaceSize: unlimited
CompressedClassSpaceSize: 1.00 GB
Initial GC threshold: 21.00 MB
Current GC threshold: 21.00 MB
CDS: on
 - commit_granule_bytes: 65536.
 - commit_granule_words: 8192.
 - virtual_space_node_default_size: 8388608.
 - enlarge_chunks_in_place: 1.
 - use_allocation_guard: 0.


Internal statistics:

num_allocs_failed_limit: 0.
num_arena_births: 80.
num_arena_deaths: 0.
num_vsnodes_births: 2.
num_vsnodes_deaths: 0.
num_space_committed: 47.
num_space_uncommitted: 0.
num_chunks_returned_to_freelist: 0.
num_chunks_taken_from_freelist: 102.
num_chunk_merges: 0.
num_chunk_splits: 71.
num_chunks_enlarged: 46.
num_inconsistent_stats: 0.

CodeHeap 'non-profiled nmethods': size=120000Kb used=249Kb max_used=249Kb free=119750Kb
 bounds [0x0000023007ad0000, 0x0000023007d40000, 0x000002300f000000]
CodeHeap 'profiled nmethods': size=120000Kb used=1017Kb max_used=1017Kb free=118982Kb
 bounds [0x0000023000000000, 0x0000023000270000, 0x0000023007530000]
CodeHeap 'non-nmethods': size=5760Kb used=1183Kb max_used=1190Kb free=4576Kb
 bounds [0x0000023007530000, 0x00000230077a0000, 0x0000023007ad0000]
 total_blobs=1123 nmethods=683 adapters=347
 compilation: enabled
              stopped_count=0, restarted_count=0
 full_count=0

Compilation events (20 events):
Event: 0.589 Thread 0x0000023078ac8d30  671       3       java.util.regex.Pattern::peek (26 bytes)
Event: 0.590 Thread 0x0000023078ac8d30 nmethod 671 0x00000230000f8710 code [0x00000230000f88c0, 0x00000230000f8b18]
Event: 0.590 Thread 0x000002307f58d680 nmethod 657 0x0000023007b0c910 code [0x0000023007b0caa0, 0x0000023007b0cbc8]
Event: 0.590 Thread 0x000002307f58d680  662       4       java.lang.Character::digit (6 bytes)
Event: 0.591 Thread 0x0000023078ac8d30  672       3       java.util.Arrays::equals (57 bytes)
Event: 0.591 Thread 0x000002307f58d680 nmethod 662 0x0000023007b0cd10 code [0x0000023007b0cea0, 0x0000023007b0cfe0]
Event: 0.591 Thread 0x000002307f58d680  659       4       java.util.Arrays::checkLength (38 bytes)
Event: 0.591 Thread 0x0000023078ac8d30 nmethod 672 0x00000230000f8c10 code [0x00000230000f8e00, 0x00000230000f9370]
Event: 0.591 Thread 0x0000023078ac8d30  673       3       java.lang.invoke.LambdaForm$NamedFunction::returnType (11 bytes)
Event: 0.592 Thread 0x000002307f58d680 nmethod 659 0x0000023007b0d190 code [0x0000023007b0d320, 0x0000023007b0d3b0]
Event: 0.592 Thread 0x0000023078ac8d30 nmethod 673 0x00000230000f9510 code [0x00000230000f9720, 0x00000230000f9c38]
Event: 0.593 Thread 0x0000023078abe010 nmethod 663 0x0000023007b0d490 code [0x0000023007b0d620, 0x0000023007b0d930]
Event: 0.596 Thread 0x0000023078abe010  674       4       lombok.patcher.scripts.MethodLevelPatchScript::patch (21 bytes)
Event: 0.596 Thread 0x000002307f58d680  675       4       java.util.Collections$UnmodifiableCollection::iterator (9 bytes)
Event: 0.596 Thread 0x0000023078ac8d30  676       3       sun.security.util.DerInputStream::available (10 bytes)
Event: 0.597 Thread 0x0000023078ac8d30 nmethod 676 0x00000230000f9e90 code [0x00000230000fa020, 0x00000230000fa130]
Event: 0.598 Thread 0x0000023078ac8d30  677       3       java.util.jar.Manifest$FastInputStream::readLine (296 bytes)
Event: 0.599 Thread 0x0000023078ac8d30 nmethod 677 0x00000230000fa190 code [0x00000230000fa3c0, 0x00000230000fac28]
Event: 0.599 Thread 0x0000023078ac8d30  679       3       java.util.Objects::checkFromIndexSize (8 bytes)
Event: 0.599 Thread 0x0000023078ac8d30 nmethod 679 0x00000230000faf90 code [0x00000230000fb140, 0x00000230000fb348]

GC Heap History (0 events):
No events

Dll operation events (8 events):
Event: 0.011 Loaded shared library c:\Users\Ahmed Yasser\.vscode\extensions\redhat.java-1.41.1-win32-x64\jre\21.0.6-win32-x86_64\bin\java.dll
Event: 0.138 Loaded shared library c:\Users\Ahmed Yasser\.vscode\extensions\redhat.java-1.41.1-win32-x64\jre\21.0.6-win32-x86_64\bin\zip.dll
Event: 0.230 Loaded shared library C:\Users\Ahmed Yasser\.vscode\extensions\redhat.java-1.41.1-win32-x64\jre\21.0.6-win32-x86_64\bin\instrument.dll
Event: 0.237 Loaded shared library C:\Users\Ahmed Yasser\.vscode\extensions\redhat.java-1.41.1-win32-x64\jre\21.0.6-win32-x86_64\bin\net.dll
Event: 0.240 Loaded shared library C:\Users\Ahmed Yasser\.vscode\extensions\redhat.java-1.41.1-win32-x64\jre\21.0.6-win32-x86_64\bin\nio.dll
Event: 0.244 Loaded shared library C:\Users\Ahmed Yasser\.vscode\extensions\redhat.java-1.41.1-win32-x64\jre\21.0.6-win32-x86_64\bin\zip.dll
Event: 0.261 Loaded shared library C:\Users\Ahmed Yasser\.vscode\extensions\redhat.java-1.41.1-win32-x64\jre\21.0.6-win32-x86_64\bin\jimage.dll
Event: 0.349 Loaded shared library c:\Users\Ahmed Yasser\.vscode\extensions\redhat.java-1.41.1-win32-x64\jre\21.0.6-win32-x86_64\bin\verify.dll

Deoptimization events (20 events):
Event: 0.476 Thread 0x0000023078a13530 DEOPT PACKING pc=0x0000023000034ad8 sp=0x00000037152fad30
Event: 0.476 Thread 0x0000023078a13530 DEOPT UNPACKING pc=0x0000023007584242 sp=0x00000037152fa1f0 mode 0
Event: 0.481 Thread 0x0000023078a13530 DEOPT PACKING pc=0x0000023000034ad8 sp=0x00000037152fad30
Event: 0.481 Thread 0x0000023078a13530 DEOPT UNPACKING pc=0x0000023007584242 sp=0x00000037152fa1f0 mode 0
Event: 0.482 Thread 0x0000023078a13530 DEOPT PACKING pc=0x0000023000034ad8 sp=0x00000037152fc560
Event: 0.482 Thread 0x0000023078a13530 DEOPT UNPACKING pc=0x0000023007584242 sp=0x00000037152fba20 mode 0
Event: 0.484 Thread 0x0000023078a13530 DEOPT PACKING pc=0x0000023000034ad8 sp=0x00000037152fc4e0
Event: 0.484 Thread 0x0000023078a13530 DEOPT UNPACKING pc=0x0000023007584242 sp=0x00000037152fb9a0 mode 0
Event: 0.485 Thread 0x0000023078a13530 DEOPT PACKING pc=0x0000023000034ad8 sp=0x00000037152fc3d0
Event: 0.485 Thread 0x0000023078a13530 DEOPT UNPACKING pc=0x0000023007584242 sp=0x00000037152fb890 mode 0
Event: 0.492 Thread 0x0000023078a13530 DEOPT PACKING pc=0x0000023000034ad8 sp=0x00000037152fab10
Event: 0.492 Thread 0x0000023078a13530 DEOPT UNPACKING pc=0x0000023007584242 sp=0x00000037152f9fd0 mode 0
Event: 0.557 Thread 0x0000023078a13530 Uncommon trap: trap_request=0xffffff45 fr.pc=0x0000023007b04984 relative=0x0000000000000164
Event: 0.557 Thread 0x0000023078a13530 Uncommon trap: reason=unstable_if action=reinterpret pc=0x0000023007b04984 method=jdk.internal.util.ArraysSupport.vectorizedHashCode(Ljava/lang/Object;IIII)I @ 2 c2
Event: 0.557 Thread 0x0000023078a13530 DEOPT PACKING pc=0x0000023007b04984 sp=0x00000037152fcbe0
Event: 0.557 Thread 0x0000023078a13530 DEOPT UNPACKING pc=0x0000023007583aa2 sp=0x00000037152fcb90 mode 2
Event: 0.567 Thread 0x0000023078a13530 Uncommon trap: trap_request=0xffffff45 fr.pc=0x0000023007af40e0 relative=0x00000000000000c0
Event: 0.567 Thread 0x0000023078a13530 Uncommon trap: reason=unstable_if action=reinterpret pc=0x0000023007af40e0 method=java.net.URI.match(CJJ)Z @ 45 c2
Event: 0.567 Thread 0x0000023078a13530 DEOPT PACKING pc=0x0000023007af40e0 sp=0x00000037152fce80
Event: 0.567 Thread 0x0000023078a13530 DEOPT UNPACKING pc=0x0000023007583aa2 sp=0x00000037152fcde8 mode 2

Classes loaded (20 events):
Event: 0.601 Loading class java/security/MessageDigest
Event: 0.602 Loading class java/security/MessageDigestSpi
Event: 0.602 Loading class java/security/MessageDigestSpi done
Event: 0.602 Loading class java/security/MessageDigest done
Event: 0.602 Loading class sun/security/provider/SHA2$SHA256
Event: 0.602 Loading class sun/security/provider/SHA2
Event: 0.602 Loading class sun/security/provider/DigestBase
Event: 0.602 Loading class sun/security/provider/DigestBase done
Event: 0.602 Loading class sun/security/provider/SHA2 done
Event: 0.602 Loading class sun/security/provider/SHA2$SHA256 done
Event: 0.603 Loading class java/security/MessageDigest$Delegate
Event: 0.603 Loading class sun/security/util/MessageDigestSpi2
Event: 0.603 Loading class sun/security/util/MessageDigestSpi2 done
Event: 0.603 Loading class java/security/MessageDigest$Delegate done
Event: 0.603 Loading class java/security/MessageDigest$Delegate$CloneableDelegate
Event: 0.603 Loading class java/security/MessageDigest$Delegate$CloneableDelegate done
Event: 0.603 Loading class sun/security/provider/ByteArrayAccess
Event: 0.603 Loading class sun/security/provider/ByteArrayAccess done
Event: 0.603 Loading class sun/security/provider/ByteArrayAccess$BE
Event: 0.603 Loading class sun/security/provider/ByteArrayAccess$BE done

Classes unloaded (0 events):
No events

Classes redefined (0 events):
No events

Internal exceptions (12 events):
Event: 0.133 Thread 0x0000023078a13530 Exception <a 'java/lang/NoSuchMethodError'{0x00000000ead2a8a0}: 'void java.lang.invoke.DirectMethodHandle$Holder.invokeStatic(java.lang.Object, java.lang.Object, java.lang.Object)'> (0x00000000ead2a8a0) 
thrown [s\src\hotspot\share\interpreter\linkResolver.cpp, line 773]
Event: 0.256 Thread 0x0000023078a13530 Exception <a 'java/lang/NoSuchMethodError'{0x00000000eae94bd0}: 'java.lang.Object java.lang.invoke.Invokers$Holder.invokeExact_MT(java.lang.Object, java.lang.Object, java.lang.Object, java.lang.Object, java.lang.Object)'> (0x00000000eae94bd0) 
thrown [s\src\hotspot\share\interpreter\linkResolver.cpp, line 773]
Event: 0.297 Thread 0x0000023078a13530 Exception <a 'java/lang/NoSuchMethodError'{0x00000000eaf51c78}: 'int java.lang.invoke.DirectMethodHandle$Holder.invokeSpecial(java.lang.Object, java.lang.Object, java.lang.Object, int)'> (0x00000000eaf51c78) 
thrown [s\src\hotspot\share\interpreter\linkResolver.cpp, line 773]
Event: 0.300 Thread 0x0000023078a13530 Exception <a 'java/lang/NoSuchMethodError'{0x00000000eaf64660}: 'java.lang.Object java.lang.invoke.DirectMethodHandle$Holder.invokeStatic(java.lang.Object, java.lang.Object, java.lang.Object, java.lang.Object, int)'> (0x00000000eaf64660) 
thrown [s\src\hotspot\share\interpreter\linkResolver.cpp, line 773]
Event: 0.301 Thread 0x0000023078a13530 Exception <a 'java/lang/NoSuchMethodError'{0x00000000eaf6faa0}: 'void java.lang.invoke.DelegatingMethodHandle$Holder.reinvoke_L(java.lang.Object, java.lang.Object, java.lang.Object, int, java.lang.Object)'> (0x00000000eaf6faa0) 
thrown [s\src\hotspot\share\interpreter\linkResolver.cpp, line 773]
Event: 0.302 Thread 0x0000023078a13530 Exception <a 'java/lang/NoSuchMethodError'{0x00000000eaf734d8}: 'int java.lang.invoke.DirectMethodHandle$Holder.invokeSpecial(java.lang.Object, java.lang.Object, java.lang.Object)'> (0x00000000eaf734d8) 
thrown [s\src\hotspot\share\interpreter\linkResolver.cpp, line 773]
Event: 0.308 Thread 0x0000023078a13530 Exception <a 'java/lang/NoSuchMethodError'{0x00000000eaf8c1c8}: 'java.lang.Object java.lang.invoke.DirectMethodHandle$Holder.invokeStatic(java.lang.Object, java.lang.Object, int)'> (0x00000000eaf8c1c8) 
thrown [s\src\hotspot\share\interpreter\linkResolver.cpp, line 773]
Event: 0.309 Thread 0x0000023078a13530 Exception <a 'java/lang/NoSuchMethodError'{0x00000000eaf90d60}: 'void java.lang.invoke.DirectMethodHandle$Holder.invokeStatic(java.lang.Object, java.lang.Object, int, java.lang.Object)'> (0x00000000eaf90d60) 
thrown [s\src\hotspot\share\interpreter\linkResolver.cpp, line 773]
Event: 0.309 Thread 0x0000023078a13530 Exception <a 'java/lang/NoSuchMethodError'{0x00000000eaf948f0}: 'void java.lang.invoke.DirectMethodHandle$Holder.invokeSpecial(java.lang.Object, java.lang.Object, java.lang.Object, int, java.lang.Object)'> (0x00000000eaf948f0) 
thrown [s\src\hotspot\share\interpreter\linkResolver.cpp, line 773]
Event: 0.310 Thread 0x0000023078a13530 Exception <a 'java/lang/NoSuchMethodError'{0x00000000eaf97d60}: 'void java.lang.invoke.DelegatingMethodHandle$Holder.delegate(java.lang.Object, java.lang.Object, int, java.lang.Object)'> (0x00000000eaf97d60) 
thrown [s\src\hotspot\share\interpreter\linkResolver.cpp, line 773]
Event: 0.383 Thread 0x0000023078a13530 Exception <a 'java/lang/NoSuchMethodError'{0x00000000eb161500}: 'void java.lang.invoke.DelegatingMethodHandle$Holder.reinvoke_L(java.lang.Object, java.lang.Object, java.lang.Object, int)'> (0x00000000eb161500) 
thrown [s\src\hotspot\share\interpreter\linkResolver.cpp, line 773]
Event: 0.547 Thread 0x0000023078a13530 Exception <a 'java/lang/NoSuchMethodError'{0x00000000eb5f6d38}: 'void java.lang.invoke.DirectMethodHandle$Holder.invokeVirtual(java.lang.Object, java.lang.Object)'> (0x00000000eb5f6d38) 
thrown [s\src\hotspot\share\interpreter\linkResolver.cpp, line 773]

ZGC Phase Switch (0 events):
No events

VM Operations (4 events):
Event: 0.137 Executing VM operation: HandshakeAllThreads (Deoptimize)
Event: 0.137 Executing VM operation: HandshakeAllThreads (Deoptimize) done
Event: 0.273 Executing VM operation: HandshakeAllThreads (Deoptimize)
Event: 0.273 Executing VM operation: HandshakeAllThreads (Deoptimize) done

Memory protections (0 events):
No events

Nmethod flushes (0 events):
No events

Events (13 events):
Event: 0.029 Thread 0x0000023078a13530 Thread added: 0x0000023078a13530
Event: 0.054 Thread 0x0000023078a13530 Thread added: 0x0000023078ab83c0
Event: 0.055 Thread 0x0000023078a13530 Thread added: 0x000002307ddfc0b0
Event: 0.055 Thread 0x0000023078a13530 Thread added: 0x000002307ddfdc10
Event: 0.055 Thread 0x0000023078a13530 Thread added: 0x0000023078abbfd0
Event: 0.055 Thread 0x0000023078a13530 Thread added: 0x0000023078abca20
Event: 0.055 Thread 0x0000023078a13530 Thread added: 0x0000023078abd470
Event: 0.055 Thread 0x0000023078a13530 Thread added: 0x0000023078abe010
Event: 0.056 Thread 0x0000023078a13530 Thread added: 0x0000023078ac8d30
Event: 0.122 Thread 0x0000023078a13530 Thread added: 0x000002307f34d220
Event: 0.333 Thread 0x0000023078ac8d30 Thread added: 0x000002307f4ba0a0
Event: 0.463 Thread 0x0000023078a13530 Thread added: 0x000002307f57c8e0
Event: 0.585 Thread 0x0000023078abe010 Thread added: 0x000002307f58d680


Dynamic libraries:
0x00007ff713550000 - 0x00007ff71355e000 	c:\Users\Ahmed Yasser\.vscode\extensions\redhat.java-1.41.1-win32-x64\jre\21.0.6-win32-x86_64\bin\java.exe
0x00007ffc5beb0000 - 0x00007ffc5c0c7000 	C:\WINDOWS\SYSTEM32\ntdll.dll
0x00007ffc5a560000 - 0x00007ffc5a624000 	C:\WINDOWS\System32\KERNEL32.DLL
0x00007ffc59320000 - 0x00007ffc596f3000 	C:\WINDOWS\System32\KERNELBASE.dll
0x00007ffc59200000 - 0x00007ffc59311000 	C:\WINDOWS\System32\ucrtbase.dll
0x00007ffc0d0b0000 - 0x00007ffc0d0c8000 	c:\Users\Ahmed Yasser\.vscode\extensions\redhat.java-1.41.1-win32-x64\jre\21.0.6-win32-x86_64\bin\jli.dll
0x00007ffc11c80000 - 0x00007ffc11c9e000 	c:\Users\Ahmed Yasser\.vscode\extensions\redhat.java-1.41.1-win32-x64\jre\21.0.6-win32-x86_64\bin\VCRUNTIME140.dll
0x00007ffc59c10000 - 0x00007ffc59dc1000 	C:\WINDOWS\System32\USER32.dll
0x00007ffc58fc0000 - 0x00007ffc58fe6000 	C:\WINDOWS\System32\win32u.dll
0x00007ffc406f0000 - 0x00007ffc40988000 	C:\WINDOWS\WinSxS\amd64_microsoft.windows.common-controls_6595b64144ccf1df_6.0.22621.5124_none_270e8f4f7386d69d\COMCTL32.dll
0x00007ffc59de0000 - 0x00007ffc59e09000 	C:\WINDOWS\System32\GDI32.dll
0x00007ffc598c0000 - 0x00007ffc599db000 	C:\WINDOWS\System32\gdi32full.dll
0x00007ffc5a650000 - 0x00007ffc5a6f7000 	C:\WINDOWS\System32\msvcrt.dll
0x00007ffc59160000 - 0x00007ffc591fa000 	C:\WINDOWS\System32\msvcp_win.dll
0x00007ffc5ac00000 - 0x00007ffc5ac31000 	C:\WINDOWS\System32\IMM32.DLL
0x00007ffc37910000 - 0x00007ffc3791c000 	c:\Users\Ahmed Yasser\.vscode\extensions\redhat.java-1.41.1-win32-x64\jre\21.0.6-win32-x86_64\bin\vcruntime140_1.dll
0x00007ffc03310000 - 0x00007ffc0339d000 	c:\Users\Ahmed Yasser\.vscode\extensions\redhat.java-1.41.1-win32-x64\jre\21.0.6-win32-x86_64\bin\msvcp140.dll
0x00007ffbd0980000 - 0x00007ffbd1710000 	c:\Users\Ahmed Yasser\.vscode\extensions\redhat.java-1.41.1-win32-x64\jre\21.0.6-win32-x86_64\bin\server\jvm.dll
0x00007ffc5b180000 - 0x00007ffc5b231000 	C:\WINDOWS\System32\ADVAPI32.dll
0x00007ffc59b60000 - 0x00007ffc59c08000 	C:\WINDOWS\System32\sechost.dll
0x00007ffc59b20000 - 0x00007ffc59b48000 	C:\WINDOWS\System32\bcrypt.dll
0x00007ffc5a710000 - 0x00007ffc5a824000 	C:\WINDOWS\System32\RPCRT4.dll
0x00007ffc59ea0000 - 0x00007ffc59f11000 	C:\WINDOWS\System32\WS2_32.dll
0x00007ffc57fb0000 - 0x00007ffc57ffd000 	C:\WINDOWS\SYSTEM32\POWRPROF.dll
0x00007ffc4fd50000 - 0x00007ffc4fd84000 	C:\WINDOWS\SYSTEM32\WINMM.dll
0x00007ffc4e440000 - 0x00007ffc4e44a000 	C:\WINDOWS\SYSTEM32\VERSION.dll
0x00007ffc57f30000 - 0x00007ffc57f43000 	C:\WINDOWS\SYSTEM32\UMPDC.dll
0x00007ffc580a0000 - 0x00007ffc580b8000 	C:\WINDOWS\SYSTEM32\kernel.appcore.dll
0x00007ffc355f0000 - 0x00007ffc355fa000 	c:\Users\Ahmed Yasser\.vscode\extensions\redhat.java-1.41.1-win32-x64\jre\21.0.6-win32-x86_64\bin\jimage.dll
0x00007ffc565d0000 - 0x00007ffc56802000 	C:\WINDOWS\SYSTEM32\DBGHELP.DLL
0x00007ffc59f20000 - 0x00007ffc5a2b2000 	C:\WINDOWS\System32\combase.dll
0x00007ffc5a2c0000 - 0x00007ffc5a397000 	C:\WINDOWS\System32\OLEAUT32.dll
0x00007ffc307a0000 - 0x00007ffc307d2000 	C:\WINDOWS\SYSTEM32\dbgcore.DLL
0x00007ffc59780000 - 0x00007ffc597fb000 	C:\WINDOWS\System32\bcryptPrimitives.dll
0x00007ffc35310000 - 0x00007ffc3531f000 	c:\Users\Ahmed Yasser\.vscode\extensions\redhat.java-1.41.1-win32-x64\jre\21.0.6-win32-x86_64\bin\instrument.dll
0x00007ffc0a1d0000 - 0x00007ffc0a1ef000 	c:\Users\Ahmed Yasser\.vscode\extensions\redhat.java-1.41.1-win32-x64\jre\21.0.6-win32-x86_64\bin\java.dll
0x00007ffc5b560000 - 0x00007ffc5bdf6000 	C:\WINDOWS\System32\SHELL32.dll
0x00007ffc599e0000 - 0x00007ffc59b1f000 	C:\WINDOWS\System32\wintypes.dll
0x00007ffc56e90000 - 0x00007ffc577aa000 	C:\WINDOWS\SYSTEM32\windows.storage.dll
0x00007ffc5a830000 - 0x00007ffc5a93a000 	C:\WINDOWS\System32\SHCORE.dll
0x00007ffc5be00000 - 0x00007ffc5be63000 	C:\WINDOWS\System32\shlwapi.dll
0x00007ffc58ef0000 - 0x00007ffc58f1b000 	C:\WINDOWS\SYSTEM32\profapi.dll
0x00007ffc34f50000 - 0x00007ffc34f68000 	c:\Users\Ahmed Yasser\.vscode\extensions\redhat.java-1.41.1-win32-x64\jre\21.0.6-win32-x86_64\bin\zip.dll
0x00007ffc352c0000 - 0x00007ffc352d0000 	C:\Users\Ahmed Yasser\.vscode\extensions\redhat.java-1.41.1-win32-x64\jre\21.0.6-win32-x86_64\bin\net.dll
0x00007ffc50670000 - 0x00007ffc5079c000 	C:\WINDOWS\SYSTEM32\WINHTTP.dll
0x00007ffc58520000 - 0x00007ffc5858a000 	C:\WINDOWS\system32\mswsock.dll
0x00007ffc085c0000 - 0x00007ffc085d6000 	C:\Users\Ahmed Yasser\.vscode\extensions\redhat.java-1.41.1-win32-x64\jre\21.0.6-win32-x86_64\bin\nio.dll
0x00007ffc30670000 - 0x00007ffc30680000 	c:\Users\Ahmed Yasser\.vscode\extensions\redhat.java-1.41.1-win32-x64\jre\21.0.6-win32-x86_64\bin\verify.dll

dbghelp: loaded successfully - version: 4.0.5 - missing functions: none
symbol engine: initialized successfully - sym options: 0x614 - pdb path: .;c:\Users\Ahmed Yasser\.vscode\extensions\redhat.java-1.41.1-win32-x64\jre\21.0.6-win32-x86_64\bin;C:\WINDOWS\SYSTEM32;C:\WINDOWS\WinSxS\amd64_microsoft.windows.common-controls_6595b64144ccf1df_6.0.22621.5124_none_270e8f4f7386d69d;c:\Users\Ahmed Yasser\.vscode\extensions\redhat.java-1.41.1-win32-x64\jre\21.0.6-win32-x86_64\bin\server

VM Arguments:
jvm_args: --add-modules=ALL-SYSTEM --add-opens=java.base/java.util=ALL-UNNAMED --add-opens=java.base/java.lang=ALL-UNNAMED --add-opens=java.base/sun.nio.fs=ALL-UNNAMED -Declipse.application=org.eclipse.jdt.ls.core.id1 -Dosgi.bundles.defaultStartLevel=4 -Declipse.product=org.eclipse.jdt.ls.core.product -Djava.import.generatesMetadataFilesAtProjectRoot=false -DDetectVMInstallationsJob.disabled=true -Dfile.encoding=utf8 -XX:+UseParallelGC -XX:GCTimeRatio=4 -XX:AdaptiveSizePolicyWeight=90 -Dsun.zip.disableMemoryMapping=true -Xmx1G -Xms100m -Xlog:disable -javaagent:c:\Users\Ahmed Yasser\.vscode\extensions\redhat.java-1.41.1-win32-x64\lombok\lombok-1.18.36.jar 
java_command: c:\Users\Ahmed Yasser\.vscode\extensions\redhat.java-1.41.1-win32-x64\server\plugins\org.eclipse.equinox.launcher_1.7.0.v20250331-1702.jar -configuration c:\Users\Ahmed Yasser\AppData\Roaming\Code\User\globalStorage\redhat.java\1.41.1\config_ss_win -data c:\Users\Ahmed Yasser\AppData\Roaming\Code\User\workspaceStorage\051f16bb247bb8312338e22804e9fe03\redhat.java\ss_ws --pipe=\\.\pipe\lsp-92991e1a68ba3142ce6f7d24cde14fcf-sock
java_class_path (initial): c:\Users\Ahmed Yasser\.vscode\extensions\redhat.java-1.41.1-win32-x64\server\plugins\org.eclipse.equinox.launcher_1.7.0.v20250331-1702.jar
Launcher Type: SUN_STANDARD

[Global flags]
    uintx AdaptiveSizePolicyWeight                 = 90                                        {product} {command line}
     intx CICompilerCount                          = 4                                         {product} {ergonomic}
    uintx GCTimeRatio                              = 4                                         {product} {command line}
   size_t InitialHeapSize                          = 104857600                                 {product} {command line}
   size_t MaxHeapSize                              = 1073741824                                {product} {command line}
   size_t MaxNewSize                               = 357564416                                 {product} {ergonomic}
   size_t MinHeapDeltaBytes                        = 524288                                    {product} {ergonomic}
   size_t MinHeapSize                              = 104857600                                 {product} {command line}
   size_t NewSize                                  = 34603008                                  {product} {ergonomic}
    uintx NonNMethodCodeHeapSize                   = 5839372                                {pd product} {ergonomic}
    uintx NonProfiledCodeHeapSize                  = 122909434                              {pd product} {ergonomic}
   size_t OldSize                                  = 70254592                                  {product} {ergonomic}
    uintx ProfiledCodeHeapSize                     = 122909434                              {pd product} {ergonomic}
    uintx ReservedCodeCacheSize                    = 251658240                              {pd product} {ergonomic}
     bool SegmentedCodeCache                       = true                                      {product} {ergonomic}
   size_t SoftMaxHeapSize                          = 1073741824                             {manageable} {ergonomic}
     bool UseCompressedOops                        = true                           {product lp64_product} {ergonomic}
     bool UseLargePagesIndividualAllocation        = false                                  {pd product} {ergonomic}
     bool UseParallelGC                            = true                                      {product} {command line}

Logging:
Log output configuration:
 #0: stdout all=off uptime,level,tags foldmultilines=false
 #1: stderr all=off uptime,level,tags foldmultilines=false

Environment Variables:
PATH=C:\Program Files (x86)\VMware\VMware Workstation\bin\;C:\Program Files\NVIDIA GPU Computing Toolkit\CUDA\v11.7\bin;C:\Program Files\NVIDIA GPU Computing Toolkit\CUDA\v11.7\libnvvp;C:\Program Files\Java\jdk-17;C:\Program Files\Common Files\Oracle\Java\javapath;C:\Python312\Scripts\;C:\Python312\;C:\Program Files (x86)\Common Files\Oracle\Java\javapath;C:\Program Files\Microsoft MPI\Bin\;C:\Python37-32\Scripts\;C:\Python37-32\;C:\Windows\system32;C:\Windows;C:\Windows\System32\Wbem;C:\Windows\System32\WindowsPowerShell\v1.0\;C:\Windows\System32\OpenSSH\;C:\Program Files (x86)\NVIDIA Corporation\PhysX\Common;C:\Program Files\NVIDIA Corporation\NVIDIA NvDLISR;C:\WINDOWS\system32;C:\WINDOWS;C:\WINDOWS\System32\Wbem;C:\WINDOWS\System32\WindowsPowerShell\v1.0\;C:\WINDOWS\System32\OpenSSH\;C:\Program Files\Git\cmd;C:\Program Files\dotnet\;C:\Program Files (x86)\Microsoft SQL Server\150\DTS\Binn\;C:\Program Files\Azure Data Studio\bin;C:\Program Files (x86)\Microsoft SQL Server\160\Tools\Binn\;C:\Program Files\Microsoft SQL Server\160\Tools\Binn\;C:\Program Files\Microsoft SQL Server\Client SDK\ODBC\170\Tools\Binn\;C:\Program Files\Microsoft SQL Server\160\DTS\Binn\;C:\Program Files (x86)\Microsoft SQL Server\160\DTS\Binn\;C:\Program Files\Microsoft SQL Server\150\Tools\Binn\;C:\ProgramData\chocolatey\bin;C:\Program Files\NVIDIA Corporation\Nsight Compute 2022.2.1\;C:\WINDOWS\system32;C:\WINDOWS;C:\WINDOWS\System32\Wbem;C:\WINDOWS\System32\WindowsPowerShell\v1.0\;C:\WINDOWS\System32\OpenSSH\;C:\Program Files\CMake\bin;D:\dartsdk-windows-x64-release\dart-sdk\bin;C:\Program Files\nodejs\;C:\Users\Ahmed Yasser\AppData\Local\Pub\Cache\bin;C:\Program Files\Amazon\AWSCLIV2\;C:\Users\Ahmed Yasser\Dropbox\PC\Downloads\apache-maven-3.8.8-bin\apache-maven-3.8.8\bin;C:\Program Files\Docker\Docker\resources\bin;C:\ngrok;C:\Users\Ahmed Yasser\AppData\Local\Programs\Python\Python310\Scripts\;C:\Users\Ahmed Yasser\AppData\Local\Programs\Python\Python310\;C:\Users\Ahmed Yasser\AppData\Local\Microsoft\WindowsApps;D:\Microsoft VS Code\bin;C:\Users\Ahmed Yasser\.dotnet\tools;C:\Program Files\Azure Data Studio\bin;C:\MinGW\bin;C:\Program Files\CMake\bin;C:\Users\Ahmed Yasser\AppData\Local\JetBrains\PyCharm Community Edition 2022.2.2\bin;;C:\development\flutter\bin;D:\dartsdk-windows-x64-release\dart-sdk\bin;C:\Users\Ahmed Yasser\AppData\Roaming\npm;C:\Users\Ahmed Yasser\AppData\Local\Pub\Cache\bin;C:\Program Files\Java\jdk-22\bin;C:\ProgramData\chocolatey\lib\terraform\tools;C:\Program Files (x86)\Nmap;C:\Program Files\JetBrains\IntelliJ IDEA Community Edition 2024.3.3\bin;
USERNAME=Ahmed Yasser
OS=Windows_NT
PROCESSOR_IDENTIFIER=Intel64 Family 6 Model 165 Stepping 2, GenuineIntel
TMP=C:\Users\AHMEDY~1\AppData\Local\Temp
TEMP=C:\Users\AHMEDY~1\AppData\Local\Temp




Periodic native trim disabled

---------------  S Y S T E M  ---------------

OS:
 Windows 11 , 64 bit Build 22621 (10.0.22621.5124)
OS uptime: 0 days 5:13 hours
Hyper-V role detected

CPU: total 12 (initial active 12) (6 cores per cpu, 2 threads per core) family 6 model 165 stepping 2 microcode 0xe2, cx8, cmov, fxsr, ht, mmx, 3dnowpref, sse, sse2, sse3, ssse3, sse4.1, sse4.2, popcnt, lzcnt, tsc, tscinvbit, avx, avx2, aes, erms, clmul, bmi1, bmi2, adx, fma, vzeroupper, clflush, clflushopt, hv, rdtscp, f16c
Processor Information for the first 12 processors :
  Max Mhz: 2592, Current Mhz: 2592, Mhz Limit: 2592

Memory: 4k page, system-wide physical 16215M (3126M free)
TotalPageFile size 18263M (AvailPageFile size 186M)
current process WorkingSet (physical memory assigned to process): 58M, peak: 58M
current process commit charge ("private bytes"): 202M, peak: 202M

vm_info: OpenJDK 64-Bit Server VM (21.0.6+7-LTS) for windows-amd64 JRE (21.0.6+7-LTS), built on 2025-01-21T00:00:00Z by "admin" with MS VC++ 17.7 (VS2022)

END.
