#
# There is insufficient memory for the Java Runtime Environment to continue.
# Native memory allocation (malloc) failed to allocate 901856 bytes. Error detail: Chunk::new
# Possible reasons:
#   The system is out of physical RAM or swap space
#   This process is running with CompressedOops enabled, and the Java Heap may be blocking the growth of the native heap
# Possible solutions:
#   Reduce memory load on the system
#   Increase physical memory or swap space
#   Check if swap backing store is full
#   Decrease Java heap size (-Xmx/-Xms)
#   Decrease number of Java threads
#   Decrease Java thread stack sizes (-Xss)
#   Set larger code cache with -XX:ReservedCodeCacheSize=
#   JVM is running with Unscaled Compressed Oops mode in which the Java heap is
#     placed in the first 4GB address space. The Java Heap base address is the
#     maximum limit for the native heap growth. Please use -XX:HeapBaseMinAddress
#     to set the Java Heap base and to place the Java Heap above 4GB virtual address.
# This output file may be truncated or incomplete.
#
#  Out of Memory Error (arena.cpp:168), pid=22452, tid=23268
#
# JRE version: OpenJDK Runtime Environment Temurin-21.0.6+7 (21.0.6+7) (build 21.0.6+7-LTS)
# Java VM: OpenJDK 64-Bit Server VM Temurin-21.0.6+7 (21.0.6+7-LTS, mixed mode, sharing, tiered, compressed oops, compressed class ptrs, parallel gc, windows-amd64)
# No core dump will be written. Minidumps are not enabled by default on client versions of Windows
#

---------------  S U M M A R Y ------------

Command Line: --add-modules=ALL-SYSTEM --add-opens=java.base/java.util=ALL-UNNAMED --add-opens=java.base/java.lang=ALL-UNNAMED --add-opens=java.base/sun.nio.fs=ALL-UNNAMED -Declipse.application=org.eclipse.jdt.ls.core.id1 -Dosgi.bundles.defaultStartLevel=4 -Declipse.product=org.eclipse.jdt.ls.core.product -Djava.import.generatesMetadataFilesAtProjectRoot=false -DDetectVMInstallationsJob.disabled=true -Dfile.encoding=utf8 -XX:+UseParallelGC -XX:GCTimeRatio=4 -XX:AdaptiveSizePolicyWeight=90 -Dsun.zip.disableMemoryMapping=true -Xmx1G -Xms100m -Xlog:disable -javaagent:c:\Users\Ahmed Yasser\.vscode\extensions\redhat.java-1.41.1-win32-x64\lombok\lombok-1.18.36.jar -XX:+HeapDumpOnOutOfMemoryError -XX:HeapDumpPath=c:\Users\Ahmed Yasser\AppData\Roaming\Code\User\workspaceStorage\051f16bb247bb8312338e22804e9fe03\redhat.java -Daether.dependencyCollector.impl=bf c:\Users\Ahmed Yasser\.vscode\extensions\redhat.java-1.41.1-win32-x64\server\plugins\org.eclipse.equinox.launcher_1.7.0.v20250331-1702.jar -configuration c:\Users\Ahmed Yasser\AppData\Roaming\Code\User\globalStorage\redhat.java\1.41.1\config_win -data c:\Users\Ahmed Yasser\AppData\Roaming\Code\User\workspaceStorage\051f16bb247bb8312338e22804e9fe03\redhat.java\jdt_ws --pipe=\\.\pipe\lsp-b730808fe1f85e899b9a4f3751b98bb3-sock

Host: Intel(R) Core(TM) i7-10750H CPU @ 2.60GHz, 12 cores, 15G,  Windows 11 , 64 bit Build 22621 (10.0.22621.5124)
Time: Thu May 15 18:00:42 2025 Egypt Daylight Time elapsed time: 9.455598 seconds (0d 0h 0m 9s)

---------------  T H R E A D  ---------------

Current thread (0x0000014be1417d40):  JavaThread "C2 CompilerThread1" daemon [_thread_in_native, id=23268, stack(0x00000049ec600000,0x00000049ec700000) (1024K)]


Current CompileTask:
C2:9455 10647   !   4       org.eclipse.jdt.internal.core.search.indexing.BinaryIndexer::indexDocument (1204 bytes)

Stack: [0x00000049ec600000,0x00000049ec700000]
Native frames: (J=compiled Java code, j=interpreted, Vv=VM code, C=native code)
V  [jvm.dll+0x6cdee9]
V  [jvm.dll+0x8a83d1]
V  [jvm.dll+0x8aa8fe]
V  [jvm.dll+0x8aafe3]
V  [jvm.dll+0x27f706]
V  [jvm.dll+0xc500d]
V  [jvm.dll+0xc5543]
V  [jvm.dll+0x2f2acd]
V  [jvm.dll+0x5f6a2a]
V  [jvm.dll+0x250bb2]
V  [jvm.dll+0x250f6f]
V  [jvm.dll+0x249834]
V  [jvm.dll+0x246ec4]
V  [jvm.dll+0x1c75ee]
V  [jvm.dll+0x25685a]
V  [jvm.dll+0x254dfa]
V  [jvm.dll+0x3f0256]
V  [jvm.dll+0x851f8b]
V  [jvm.dll+0x6cc5ed]
C  [ucrtbase.dll+0x29333]
C  [KERNEL32.DLL+0x1259d]
C  [ntdll.dll+0x5af38]


---------------  P R O C E S S  ---------------

Threads class SMR info:
_java_thread_list=0x0000014bea037ad0, length=77, elements={
0x0000014bcba23710, 0x0000014bcbac9160, 0x0000014bcbaca060, 0x0000014bcbacaf70,
0x0000014bcbacb830, 0x0000014bcbacc540, 0x0000014bcbad1130, 0x0000014bcbad1f60,
0x0000014bcbade400, 0x0000014be1352d90, 0x0000014be1417d40, 0x0000014be15d5d20,
0x0000014be23ef700, 0x0000014be2840e20, 0x0000014be715cc20, 0x0000014be7097140,
0x0000014be70977a0, 0x0000014be79a4b70, 0x0000014be7523b80, 0x0000014be798ce00,
0x0000014be798ad30, 0x0000014be798e1b0, 0x0000014be798c0e0, 0x0000014be798c770,
0x0000014be798ba50, 0x0000014be798d490, 0x0000014be798db20, 0x0000014be798b3c0,
0x0000014be9857380, 0x0000014be9853870, 0x0000014be9857a10, 0x0000014be9855fd0,
0x0000014be9854c20, 0x0000014be9856cf0, 0x0000014be9859ae0, 0x0000014be98531e0,
0x0000014be9852b50, 0x0000014be9859450, 0x0000014be985a170, 0x0000014be9853f00,
0x0000014be9854590, 0x0000014be9858730, 0x0000014be9856660, 0x0000014be98580a0,
0x0000014be9855940, 0x0000014bf31d6990, 0x0000014bf31d7d40, 0x0000014bf31d8a60,
0x0000014bf31d7020, 0x0000014bf31d6300, 0x0000014bf31d5c70, 0x0000014bf31d76b0,
0x0000014bf31d83d0, 0x0000014bf31d90f0, 0x0000014bf1fba340, 0x0000014bf1fbcaa0,
0x0000014bf1fbf890, 0x0000014bf1fc1960, 0x0000014bf1fc0c40, 0x0000014bf1fbd7c0,
0x0000014bf1fc05b0, 0x0000014bf1fba9d0, 0x0000014bf1fbb6f0, 0x0000014bf1fbeb70,
0x0000014bf1fbff20, 0x0000014bf1fbc410, 0x0000014bf1fbbd80, 0x0000014bf1fbd130,
0x0000014bf1fbde50, 0x0000014bf1fbe4e0, 0x0000014bf1fbf200, 0x0000014bf2314b30,
0x0000014bf230fc70, 0x0000014bf230f5e0, 0x0000014bf23151c0, 0x0000014bf2310300,
0x0000014bf230ef50
}

Java Threads: ( => current thread )
  0x0000014bcba23710 JavaThread "main"                              [_thread_blocked, id=19544, stack(0x00000049eb900000,0x00000049eba00000) (1024K)]
  0x0000014bcbac9160 JavaThread "Reference Handler"          daemon [_thread_blocked, id=20564, stack(0x00000049ebd00000,0x00000049ebe00000) (1024K)]
  0x0000014bcbaca060 JavaThread "Finalizer"                  daemon [_thread_blocked, id=25840, stack(0x00000049ebe00000,0x00000049ebf00000) (1024K)]
  0x0000014bcbacaf70 JavaThread "Signal Dispatcher"          daemon [_thread_blocked, id=7844, stack(0x00000049ebf00000,0x00000049ec000000) (1024K)]
  0x0000014bcbacb830 JavaThread "Attach Listener"            daemon [_thread_blocked, id=1988, stack(0x00000049ec000000,0x00000049ec100000) (1024K)]
  0x0000014bcbacc540 JavaThread "Service Thread"             daemon [_thread_blocked, id=20344, stack(0x00000049ec100000,0x00000049ec200000) (1024K)]
  0x0000014bcbad1130 JavaThread "Monitor Deflation Thread"   daemon [_thread_blocked, id=25836, stack(0x00000049ec200000,0x00000049ec300000) (1024K)]
  0x0000014bcbad1f60 JavaThread "C2 CompilerThread0"         daemon [_thread_in_native, id=11512, stack(0x00000049ec300000,0x00000049ec400000) (1024K)]
  0x0000014bcbade400 JavaThread "C1 CompilerThread0"         daemon [_thread_blocked, id=12324, stack(0x00000049ec400000,0x00000049ec500000) (1024K)]
  0x0000014be1352d90 JavaThread "Common-Cleaner"             daemon [_thread_blocked, id=18460, stack(0x00000049ec500000,0x00000049ec600000) (1024K)]
=>0x0000014be1417d40 JavaThread "C2 CompilerThread1"         daemon [_thread_in_native, id=23268, stack(0x00000049ec600000,0x00000049ec700000) (1024K)]
  0x0000014be15d5d20 JavaThread "Notification Thread"        daemon [_thread_blocked, id=10384, stack(0x00000049ec700000,0x00000049ec800000) (1024K)]
  0x0000014be23ef700 JavaThread "C2 CompilerThread2"         daemon [_thread_in_native, id=25640, stack(0x00000049ec800000,0x00000049ec900000) (1024K)]
  0x0000014be2840e20 JavaThread "Active Thread: Equinox Container: 7f975b58-e1c4-465e-85ca-07d308af32d9"        [_thread_blocked, id=26220, stack(0x00000049ecf00000,0x00000049ed000000) (1024K)]
  0x0000014be715cc20 JavaThread "Refresh Thread: Equinox Container: 7f975b58-e1c4-465e-85ca-07d308af32d9" daemon [_thread_blocked, id=11352, stack(0x00000049ed000000,0x00000049ed100000) (1024K)]
  0x0000014be7097140 JavaThread "Framework Event Dispatcher: Equinox Container: 7f975b58-e1c4-465e-85ca-07d308af32d9" daemon [_thread_blocked, id=5040, stack(0x00000049ed200000,0x00000049ed300000) (1024K)]
  0x0000014be70977a0 JavaThread "Start Level: Equinox Container: 7f975b58-e1c4-465e-85ca-07d308af32d9" daemon [_thread_blocked, id=15352, stack(0x00000049ed300000,0x00000049ed400000) (1024K)]
  0x0000014be79a4b70 JavaThread "Bundle File Closer"         daemon [_thread_blocked, id=25212, stack(0x00000049ed400000,0x00000049ed500000) (1024K)]
  0x0000014be7523b80 JavaThread "SCR Component Actor"        daemon [_thread_blocked, id=21344, stack(0x00000049ed700000,0x00000049ed800000) (1024K)]
  0x0000014be798ce00 JavaThread "Worker-JM"                         [_thread_blocked, id=7504, stack(0x00000049ed900000,0x00000049eda00000) (1024K)]
  0x0000014be798ad30 JavaThread "JNA Cleaner"                daemon [_thread_blocked, id=26356, stack(0x00000049eda00000,0x00000049edb00000) (1024K)]
  0x0000014be798e1b0 JavaThread "Worker-0"                          [_thread_blocked, id=20460, stack(0x00000049edb00000,0x00000049edc00000) (1024K)]
  0x0000014be798c0e0 JavaThread "Worker-1"                          [_thread_blocked, id=25552, stack(0x00000049edc00000,0x00000049edd00000) (1024K)]
  0x0000014be798c770 JavaThread "Java indexing"              daemon [_thread_in_Java, id=5884, stack(0x00000049edd00000,0x00000049ede00000) (1024K)]
  0x0000014be798ba50 JavaThread "Worker-2: Java indexing... "        [_thread_blocked, id=19352, stack(0x00000049ede00000,0x00000049edf00000) (1024K)]
  0x0000014be798d490 JavaThread "Worker-3"                          [_thread_blocked, id=18576, stack(0x00000049edf00000,0x00000049ee000000) (1024K)]
  0x0000014be798db20 JavaThread "Thread-2"                   daemon [_thread_in_native, id=20600, stack(0x00000049ee000000,0x00000049ee100000) (1024K)]
  0x0000014be798b3c0 JavaThread "Thread-3"                   daemon [_thread_in_native, id=14944, stack(0x00000049ee100000,0x00000049ee200000) (1024K)]
  0x0000014be9857380 JavaThread "Thread-4"                   daemon [_thread_in_native, id=15796, stack(0x00000049ee200000,0x00000049ee300000) (1024K)]
  0x0000014be9853870 JavaThread "Thread-5"                   daemon [_thread_in_native, id=5748, stack(0x00000049ee300000,0x00000049ee400000) (1024K)]
  0x0000014be9857a10 JavaThread "Thread-6"                   daemon [_thread_in_native, id=1860, stack(0x00000049ee400000,0x00000049ee500000) (1024K)]
  0x0000014be9855fd0 JavaThread "Thread-7"                   daemon [_thread_in_native, id=25704, stack(0x00000049ee500000,0x00000049ee600000) (1024K)]
  0x0000014be9854c20 JavaThread "Thread-8"                   daemon [_thread_in_native, id=21576, stack(0x00000049ee600000,0x00000049ee700000) (1024K)]
  0x0000014be9856cf0 JavaThread "Thread-9"                   daemon [_thread_in_native, id=19464, stack(0x00000049ee700000,0x00000049ee800000) (1024K)]
  0x0000014be9859ae0 JavaThread "Thread-10"                  daemon [_thread_in_native, id=23312, stack(0x00000049ee800000,0x00000049ee900000) (1024K)]
  0x0000014be98531e0 JavaThread "Thread-11"                  daemon [_thread_in_native, id=17124, stack(0x00000049ee900000,0x00000049eea00000) (1024K)]
  0x0000014be9852b50 JavaThread "Thread-12"                  daemon [_thread_in_native, id=19600, stack(0x00000049eea00000,0x00000049eeb00000) (1024K)]
  0x0000014be9859450 JavaThread "Thread-13"                  daemon [_thread_in_native, id=18756, stack(0x00000049eeb00000,0x00000049eec00000) (1024K)]
  0x0000014be985a170 JavaThread "Thread-14"                  daemon [_thread_in_native, id=15664, stack(0x00000049eec00000,0x00000049eed00000) (1024K)]
  0x0000014be9853f00 JavaThread "pool-2-thread-1"                   [_thread_blocked, id=19868, stack(0x00000049eed00000,0x00000049eee00000) (1024K)]
  0x0000014be9854590 JavaThread "WorkspaceEventsHandler"            [_thread_blocked, id=5068, stack(0x00000049eee00000,0x00000049eef00000) (1024K)]
  0x0000014be9858730 JavaThread "pool-1-thread-1"                   [_thread_blocked, id=13332, stack(0x00000049eef00000,0x00000049ef000000) (1024K)]
  0x0000014be9856660 JavaThread "Worker-4"                          [_thread_blocked, id=2532, stack(0x00000049ef000000,0x00000049ef100000) (1024K)]
  0x0000014be98580a0 JavaThread "Worker-5: Building"                [_thread_in_vm, id=12884, stack(0x00000049ef100000,0x00000049ef200000) (1024K)]
  0x0000014be9855940 JavaThread "LocalFile Deleter"          daemon [_thread_blocked, id=25708, stack(0x00000049ef200000,0x00000049ef300000) (1024K)]
  0x0000014bf31d6990 JavaThread "LocalFile Deleter"          daemon [_thread_blocked, id=12368, stack(0x00000049ef300000,0x00000049ef400000) (1024K)]
  0x0000014bf31d7d40 JavaThread "LocalFile Deleter"          daemon [_thread_blocked, id=8912, stack(0x00000049ef400000,0x00000049ef500000) (1024K)]
  0x0000014bf31d8a60 JavaThread "LocalFile Deleter"          daemon [_thread_blocked, id=25324, stack(0x00000049ef500000,0x00000049ef600000) (1024K)]
  0x0000014bf31d7020 JavaThread "LocalFile Deleter"          daemon [_thread_blocked, id=11404, stack(0x00000049ef600000,0x00000049ef700000) (1024K)]
  0x0000014bf31d6300 JavaThread "LocalFile Deleter"          daemon [_thread_blocked, id=23364, stack(0x00000049ef700000,0x00000049ef800000) (1024K)]
  0x0000014bf31d5c70 JavaThread "LocalFile Deleter"          daemon [_thread_blocked, id=9936, stack(0x00000049ef800000,0x00000049ef900000) (1024K)]
  0x0000014bf31d76b0 JavaThread "LocalFile Deleter"          daemon [_thread_blocked, id=26088, stack(0x00000049ef900000,0x00000049efa00000) (1024K)]
  0x0000014bf31d83d0 JavaThread "LocalFile Deleter"          daemon [_thread_blocked, id=25796, stack(0x00000049efa00000,0x00000049efb00000) (1024K)]
  0x0000014bf31d90f0 JavaThread "LocalFile Deleter"          daemon [_thread_blocked, id=7604, stack(0x00000049efb00000,0x00000049efc00000) (1024K)]
  0x0000014bf1fba340 JavaThread "LocalFile Deleter"          daemon [_thread_blocked, id=18832, stack(0x00000049efc00000,0x00000049efd00000) (1024K)]
  0x0000014bf1fbcaa0 JavaThread "LocalFile Deleter"          daemon [_thread_blocked, id=4244, stack(0x00000049efd00000,0x00000049efe00000) (1024K)]
  0x0000014bf1fbf890 JavaThread "Compiler Source File Reader" daemon [_thread_blocked, id=4392, stack(0x00000049efe00000,0x00000049eff00000) (1024K)]
  0x0000014bf1fc1960 JavaThread "Compiler Source File Reader" daemon [_thread_blocked, id=25728, stack(0x00000049eff00000,0x00000049f0000000) (1024K)]
  0x0000014bf1fc0c40 JavaThread "Compiler Source File Reader" daemon [_thread_blocked, id=24508, stack(0x00000049f0000000,0x00000049f0100000) (1024K)]
  0x0000014bf1fbd7c0 JavaThread "Compiler Source File Reader" daemon [_thread_blocked, id=10324, stack(0x00000049f0100000,0x00000049f0200000) (1024K)]
  0x0000014bf1fc05b0 JavaThread "Compiler Source File Reader" daemon [_thread_blocked, id=7896, stack(0x00000049f0200000,0x00000049f0300000) (1024K)]
  0x0000014bf1fba9d0 JavaThread "Compiler Source File Reader" daemon [_thread_blocked, id=24800, stack(0x00000049f0300000,0x00000049f0400000) (1024K)]
  0x0000014bf1fbb6f0 JavaThread "Compiler Source File Reader" daemon [_thread_blocked, id=16704, stack(0x00000049f0400000,0x00000049f0500000) (1024K)]
  0x0000014bf1fbeb70 JavaThread "Compiler Source File Reader" daemon [_thread_blocked, id=23348, stack(0x00000049f0500000,0x00000049f0600000) (1024K)]
  0x0000014bf1fbff20 JavaThread "Compiler Source File Reader" daemon [_thread_blocked, id=24404, stack(0x00000049f0600000,0x00000049f0700000) (1024K)]
  0x0000014bf1fbc410 JavaThread "Compiler Source File Reader" daemon [_thread_blocked, id=24680, stack(0x00000049f0700000,0x00000049f0800000) (1024K)]
  0x0000014bf1fbbd80 JavaThread "Compiler Processing Task"   daemon [_thread_blocked, id=8372, stack(0x00000049f0800000,0x00000049f0900000) (1024K)]
  0x0000014bf1fbd130 JavaThread "Compiler Class File Writer" daemon [_thread_blocked, id=8292, stack(0x00000049f0900000,0x00000049f0a00000) (1024K)]
  0x0000014bf1fbde50 JavaThread "Compiler Class File Writer" daemon [_thread_blocked, id=17508, stack(0x00000049f0a00000,0x00000049f0b00000) (1024K)]
  0x0000014bf1fbe4e0 JavaThread "Compiler Class File Writer" daemon [_thread_blocked, id=24628, stack(0x00000049f0b00000,0x00000049f0c00000) (1024K)]
  0x0000014bf1fbf200 JavaThread "Compiler Class File Writer" daemon [_thread_blocked, id=26224, stack(0x00000049f0c00000,0x00000049f0d00000) (1024K)]
  0x0000014bf2314b30 JavaThread "Compiler Class File Writer" daemon [_thread_blocked, id=17504, stack(0x00000049f0d00000,0x00000049f0e00000) (1024K)]
  0x0000014bf230fc70 JavaThread "Compiler Class File Writer" daemon [_thread_blocked, id=21400, stack(0x00000049f0e00000,0x00000049f0f00000) (1024K)]
  0x0000014bf230f5e0 JavaThread "Compiler Class File Writer" daemon [_thread_blocked, id=22236, stack(0x00000049f0f00000,0x00000049f1000000) (1024K)]
  0x0000014bf23151c0 JavaThread "Compiler Class File Writer" daemon [_thread_blocked, id=15800, stack(0x00000049f1000000,0x00000049f1100000) (1024K)]
  0x0000014bf2310300 JavaThread "Compiler Class File Writer" daemon [_thread_blocked, id=22424, stack(0x00000049f1100000,0x00000049f1200000) (1024K)]
  0x0000014bf230ef50 JavaThread "Compiler Class File Writer" daemon [_thread_blocked, id=13272, stack(0x00000049f1200000,0x00000049f1300000) (1024K)]
Total: 77

Other Threads:
  0x0000014bdfdf69e0 VMThread "VM Thread"                           [id=21324, stack(0x00000049ebc00000,0x00000049ebd00000) (1024K)]
  0x0000014bdfceca10 WatcherThread "VM Periodic Task Thread"        [id=20204, stack(0x00000049ebb00000,0x00000049ebc00000) (1024K)]
  0x0000014bcba419f0 WorkerThread "GC Thread#0"                     [id=22784, stack(0x00000049eba00000,0x00000049ebb00000) (1024K)]
  0x0000014be29697a0 WorkerThread "GC Thread#1"                     [id=25668, stack(0x00000049ec900000,0x00000049eca00000) (1024K)]
  0x0000014be2430380 WorkerThread "GC Thread#2"                     [id=16660, stack(0x00000049eca00000,0x00000049ecb00000) (1024K)]
  0x0000014be2755c50 WorkerThread "GC Thread#3"                     [id=6756, stack(0x00000049ecb00000,0x00000049ecc00000) (1024K)]
  0x0000014be2755ff0 WorkerThread "GC Thread#4"                     [id=24840, stack(0x00000049ecc00000,0x00000049ecd00000) (1024K)]
  0x0000014be2756390 WorkerThread "GC Thread#5"                     [id=4592, stack(0x00000049ecd00000,0x00000049ece00000) (1024K)]
  0x0000014be2756730 WorkerThread "GC Thread#6"                     [id=7492, stack(0x00000049ece00000,0x00000049ecf00000) (1024K)]
  0x0000014be7356400 WorkerThread "GC Thread#7"                     [id=19668, stack(0x00000049ed100000,0x00000049ed200000) (1024K)]
  0x0000014be7357620 WorkerThread "GC Thread#8"                     [id=15060, stack(0x00000049ed500000,0x00000049ed600000) (1024K)]
  0x0000014be73567a0 WorkerThread "GC Thread#9"                     [id=17296, stack(0x00000049ed600000,0x00000049ed700000) (1024K)]
Total: 12

Threads with active compile tasks:
C2 CompilerThread0  9485 10746 %     4       org.eclipse.jdt.internal.core.index.DiskIndex::writeAllDocumentNames @ 251 (512 bytes)
C2 CompilerThread1  9485 10647   !   4       org.eclipse.jdt.internal.core.search.indexing.BinaryIndexer::indexDocument (1204 bytes)
C2 CompilerThread2  9485 10773       4       org.apache.maven.model.ConfigurationContainer::setLocation (156 bytes)
Total: 3

VM state: not at safepoint (normal execution)

VM Mutex/Monitor currently owned by a thread: None

Heap address: 0x00000000c0000000, size: 1024 MB, Compressed Oops mode: 32-bit

CDS archive(s) mapped at: [0x0000014b80000000-0x0000014b80ba0000-0x0000014b80ba0000), size 12189696, SharedBaseAddress: 0x0000014b80000000, ArchiveRelocationMode: 1.
Compressed class space mapped at: 0x0000014b81000000-0x0000014bc1000000, reserved size: 1073741824
Narrow klass base: 0x0000014b80000000, Narrow klass shift: 0, Narrow klass range: 0x100000000

GC Precious Log:
 CardTable entry size: 512
 CPUs: 12 total, 12 available
 Memory: 16215M
 Large Page Support: Disabled
 NUMA Support: Disabled
 Compressed Oops: Enabled (32-bit)
 Alignments: Space 512K, Generation 512K, Heap 2M
 Heap Min Capacity: 100M
 Heap Initial Capacity: 100M
 Heap Max Capacity: 1G
 Pre-touch: Disabled
 Parallel Workers: 10

Heap:
 PSYoungGen      total 7168K, used 6877K [0x00000000eab00000, 0x00000000eb480000, 0x0000000100000000)
  eden space 5632K, 99% used [0x00000000eab00000,0x00000000eb07b430,0x00000000eb080000)
  from space 1536K, 82% used [0x00000000eb300000,0x00000000eb43c010,0x00000000eb480000)
  to   space 1536K, 0% used [0x00000000eb180000,0x00000000eb180000,0x00000000eb300000)
 ParOldGen       total 302080K, used 301996K [0x00000000c0000000, 0x00000000d2700000, 0x00000000eab00000)
  object space 302080K, 99% used [0x00000000c0000000,0x00000000d26eb048,0x00000000d2700000)
 Metaspace       used 60178K, committed 61568K, reserved 1114112K
  class space    used 6159K, committed 6784K, reserved 1048576K

Card table byte_map: [0x0000014bcb3d0000,0x0000014bcb5e0000] _byte_map_base: 0x0000014bcadd0000

Marking Bits: (ParMarkBitMap*) 0x00007ffbd1633260
 Begin Bits: [0x0000014bddc10000, 0x0000014bdec10000)
 End Bits:   [0x0000014bdec10000, 0x0000014bdfc10000)

Polling page: 0x0000014bc9890000

Metaspace:

Usage:
  Non-class:     52.75 MB used.
      Class:      6.02 MB used.
       Both:     58.77 MB used.

Virtual space:
  Non-class space:       64.00 MB reserved,      53.50 MB ( 84%) committed,  1 nodes.
      Class space:        1.00 GB reserved,       6.62 MB ( <1%) committed,  1 nodes.
             Both:        1.06 GB reserved,      60.12 MB (  6%) committed. 

Chunk freelists:
   Non-Class:  10.27 MB
       Class:  9.38 MB
        Both:  19.64 MB

MaxMetaspaceSize: unlimited
CompressedClassSpaceSize: 1.00 GB
Initial GC threshold: 21.00 MB
Current GC threshold: 97.31 MB
CDS: on
 - commit_granule_bytes: 65536.
 - commit_granule_words: 8192.
 - virtual_space_node_default_size: 8388608.
 - enlarge_chunks_in_place: 1.
 - use_allocation_guard: 0.


Internal statistics:

num_allocs_failed_limit: 11.
num_arena_births: 1156.
num_arena_deaths: 14.
num_vsnodes_births: 2.
num_vsnodes_deaths: 0.
num_space_committed: 962.
num_space_uncommitted: 0.
num_chunks_returned_to_freelist: 25.
num_chunks_taken_from_freelist: 4006.
num_chunk_merges: 17.
num_chunk_splits: 2452.
num_chunks_enlarged: 1356.
num_inconsistent_stats: 0.

CodeHeap 'non-profiled nmethods': size=120000Kb used=6146Kb max_used=6146Kb free=113853Kb
 bounds [0x0000014bd66e0000, 0x0000014bd6cf0000, 0x0000014bddc10000]
CodeHeap 'profiled nmethods': size=120000Kb used=22272Kb max_used=22272Kb free=97727Kb
 bounds [0x0000014bcec10000, 0x0000014bd01e0000, 0x0000014bd6140000]
CodeHeap 'non-nmethods': size=5760Kb used=1421Kb max_used=1543Kb free=4338Kb
 bounds [0x0000014bd6140000, 0x0000014bd63b0000, 0x0000014bd66e0000]
 total_blobs=10726 nmethods=9996 adapters=635
 compilation: enabled
              stopped_count=0, restarted_count=0
 full_count=0

Compilation events (20 events):
Event: 9.448 Thread 0x0000014bcbad1f60 nmethod 10676 0x0000014bd6cd6f90 code [0x0000014bd6cd7180, 0x0000014bd6cd7750]
Event: 9.448 Thread 0x0000014bcbad1f60 10756       4       org.apache.maven.model.Dependency::setLocation (390 bytes)
Event: 9.449 Thread 0x0000014bcbade400 10757       3       org.apache.maven.model.interpolation.StringVisitorModelInterpolator$ModelVisitor::visit (80 bytes)
Event: 9.450 Thread 0x0000014bcbade400 nmethod 10757 0x0000014bd01bb390 code [0x0000014bd01bb5a0, 0x0000014bd01bbb88]
Event: 9.450 Thread 0x0000014bcbade400 10758       3       java.lang.CharacterDataLatin1::toTitleCase (6 bytes)
Event: 9.450 Thread 0x0000014bcbade400 nmethod 10758 0x0000014bd01bbe90 code [0x0000014bd01bc040, 0x0000014bd01bc180]
Event: 9.450 Thread 0x0000014bcbade400 10760       3       org.apache.maven.model.interpolation.StringVisitorModelInterpolator$ModelVisitor::visit (205 bytes)
Event: 9.451 Thread 0x0000014bcbade400 nmethod 10760 0x0000014bd01bc210 code [0x0000014bd01bc5a0, 0x0000014bd01bdf20]
Event: 9.451 Thread 0x0000014bcbade400 10762       3       org.eclipse.sisu.plexus.PlexusPropertyBinder::bindProperty (147 bytes)
Event: 9.452 Thread 0x0000014bcbade400 nmethod 10762 0x0000014bd01be710 code [0x0000014bd01be9a0, 0x0000014bd01bf4c8]
Event: 9.452 Thread 0x0000014bcbade400 10761   !   3       com.google.inject.internal.InjectorImpl::getProvider (57 bytes)
Event: 9.452 Thread 0x0000014bcbad1f60 nmethod 10756 0x0000014bd6cd7b90 code [0x0000014bd6cd7dc0, 0x0000014bd6cd8390]
Event: 9.452 Thread 0x0000014bcbad1f60 10685       4       java.util.regex.Pattern::nextEscaped (19 bytes)
Event: 9.453 Thread 0x0000014bcbad1f60 nmethod 10685 0x0000014bd6cd8710 code [0x0000014bd6cd88a0, 0x0000014bd6cd8980]
Event: 9.453 Thread 0x0000014bcbad1f60 10746 %     4       org.eclipse.jdt.internal.core.index.DiskIndex::writeAllDocumentNames @ 251 (512 bytes)
Event: 9.453 Thread 0x0000014bcbade400 nmethod 10761 0x0000014bd01bf890 code [0x0000014bd01bfb60, 0x0000014bd01c07f8]
Event: 9.453 Thread 0x0000014bcbade400 10759       3       java.util.HashMap$KeySet::toArray (16 bytes)
Event: 9.453 Thread 0x0000014bcbade400 nmethod 10759 0x0000014bd01c0e90 code [0x0000014bd01c1040, 0x0000014bd01c1260]
Event: 9.453 Thread 0x0000014bcbade400 10763       1       org.eclipse.aether.repository.LocalRepository::getBasedir (5 bytes)
Event: 9.453 Thread 0x0000014bcbade400 nmethod 10763 0x0000014bd6cd8a10 code [0x0000014bd6cd8ba0, 0x0000014bd6cd8c68]

GC Heap History (20 events):
Event: 9.288 GC heap after
{Heap after GC invocations=201 (full 3):
 PSYoungGen      total 5632K, used 1255K [0x00000000eab00000, 0x00000000eb280000, 0x0000000100000000)
  eden space 4096K, 0% used [0x00000000eab00000,0x00000000eab00000,0x00000000eaf00000)
  from space 1536K, 81% used [0x00000000eb100000,0x00000000eb239ec0,0x00000000eb280000)
  to   space 1536K, 0% used [0x00000000eaf80000,0x00000000eaf80000,0x00000000eb100000)
 ParOldGen       total 284160K, used 283689K [0x00000000c0000000, 0x00000000d1580000, 0x00000000eab00000)
  object space 284160K, 99% used [0x00000000c0000000,0x00000000d150a580,0x00000000d1580000)
 Metaspace       used 60072K, committed 61504K, reserved 1114112K
  class space    used 6157K, committed 6784K, reserved 1048576K
}
Event: 9.294 GC heap before
{Heap before GC invocations=202 (full 3):
 PSYoungGen      total 5632K, used 5351K [0x00000000eab00000, 0x00000000eb280000, 0x0000000100000000)
  eden space 4096K, 100% used [0x00000000eab00000,0x00000000eaf00000,0x00000000eaf00000)
  from space 1536K, 81% used [0x00000000eb100000,0x00000000eb239ec0,0x00000000eb280000)
  to   space 1536K, 0% used [0x00000000eaf80000,0x00000000eaf80000,0x00000000eb100000)
 ParOldGen       total 284160K, used 283689K [0x00000000c0000000, 0x00000000d1580000, 0x00000000eab00000)
  object space 284160K, 99% used [0x00000000c0000000,0x00000000d150a580,0x00000000d1580000)
 Metaspace       used 60074K, committed 61504K, reserved 1114112K
  class space    used 6157K, committed 6784K, reserved 1048576K
}
Event: 9.296 GC heap after
{Heap after GC invocations=202 (full 3):
 PSYoungGen      total 6144K, used 1520K [0x00000000eab00000, 0x00000000eb600000, 0x0000000100000000)
  eden space 4608K, 0% used [0x00000000eab00000,0x00000000eab00000,0x00000000eaf80000)
  from space 1536K, 98% used [0x00000000eaf80000,0x00000000eb0fc098,0x00000000eb100000)
  to   space 3072K, 0% used [0x00000000eb300000,0x00000000eb300000,0x00000000eb600000)
 ParOldGen       total 285184K, used 284904K [0x00000000c0000000, 0x00000000d1680000, 0x00000000eab00000)
  object space 285184K, 99% used [0x00000000c0000000,0x00000000d163a010,0x00000000d1680000)
 Metaspace       used 60074K, committed 61504K, reserved 1114112K
  class space    used 6157K, committed 6784K, reserved 1048576K
}
Event: 9.301 GC heap before
{Heap before GC invocations=203 (full 3):
 PSYoungGen      total 6144K, used 6094K [0x00000000eab00000, 0x00000000eb600000, 0x0000000100000000)
  eden space 4608K, 99% used [0x00000000eab00000,0x00000000eaf77888,0x00000000eaf80000)
  from space 1536K, 98% used [0x00000000eaf80000,0x00000000eb0fc098,0x00000000eb100000)
  to   space 3072K, 0% used [0x00000000eb300000,0x00000000eb300000,0x00000000eb600000)
 ParOldGen       total 285184K, used 284904K [0x00000000c0000000, 0x00000000d1680000, 0x00000000eab00000)
  object space 285184K, 99% used [0x00000000c0000000,0x00000000d163a010,0x00000000d1680000)
 Metaspace       used 60076K, committed 61504K, reserved 1114112K
  class space    used 6157K, committed 6784K, reserved 1048576K
}
Event: 9.303 GC heap after
{Heap after GC invocations=203 (full 3):
 PSYoungGen      total 8192K, used 1754K [0x00000000eab00000, 0x00000000eb580000, 0x0000000100000000)
  eden space 5632K, 0% used [0x00000000eab00000,0x00000000eab00000,0x00000000eb080000)
  from space 2560K, 68% used [0x00000000eb300000,0x00000000eb4b6bb0,0x00000000eb580000)
  to   space 2560K, 0% used [0x00000000eb080000,0x00000000eb080000,0x00000000eb300000)
 ParOldGen       total 286720K, used 286233K [0x00000000c0000000, 0x00000000d1800000, 0x00000000eab00000)
  object space 286720K, 99% used [0x00000000c0000000,0x00000000d17867c0,0x00000000d1800000)
 Metaspace       used 60076K, committed 61504K, reserved 1114112K
  class space    used 6157K, committed 6784K, reserved 1048576K
}
Event: 9.310 GC heap before
{Heap before GC invocations=204 (full 3):
 PSYoungGen      total 8192K, used 7386K [0x00000000eab00000, 0x00000000eb580000, 0x0000000100000000)
  eden space 5632K, 100% used [0x00000000eab00000,0x00000000eb080000,0x00000000eb080000)
  from space 2560K, 68% used [0x00000000eb300000,0x00000000eb4b6bb0,0x00000000eb580000)
  to   space 2560K, 0% used [0x00000000eb080000,0x00000000eb080000,0x00000000eb300000)
 ParOldGen       total 286720K, used 286233K [0x00000000c0000000, 0x00000000d1800000, 0x00000000eab00000)
  object space 286720K, 99% used [0x00000000c0000000,0x00000000d17867c0,0x00000000d1800000)
 Metaspace       used 60084K, committed 61504K, reserved 1114112K
  class space    used 6157K, committed 6784K, reserved 1048576K
}
Event: 9.312 GC heap after
{Heap after GC invocations=204 (full 3):
 PSYoungGen      total 8192K, used 2181K [0x00000000eab00000, 0x00000000eb700000, 0x0000000100000000)
  eden space 5632K, 0% used [0x00000000eab00000,0x00000000eab00000,0x00000000eb080000)
  from space 2560K, 85% used [0x00000000eb080000,0x00000000eb2a15e8,0x00000000eb300000)
  to   space 2560K, 0% used [0x00000000eb480000,0x00000000eb480000,0x00000000eb700000)
 ParOldGen       total 288256K, used 287826K [0x00000000c0000000, 0x00000000d1980000, 0x00000000eab00000)
  object space 288256K, 99% used [0x00000000c0000000,0x00000000d1914920,0x00000000d1980000)
 Metaspace       used 60084K, committed 61504K, reserved 1114112K
  class space    used 6157K, committed 6784K, reserved 1048576K
}
Event: 9.323 GC heap before
{Heap before GC invocations=205 (full 3):
 PSYoungGen      total 8192K, used 7813K [0x00000000eab00000, 0x00000000eb700000, 0x0000000100000000)
  eden space 5632K, 100% used [0x00000000eab00000,0x00000000eb080000,0x00000000eb080000)
  from space 2560K, 85% used [0x00000000eb080000,0x00000000eb2a15e8,0x00000000eb300000)
  to   space 2560K, 0% used [0x00000000eb480000,0x00000000eb480000,0x00000000eb700000)
 ParOldGen       total 288256K, used 287826K [0x00000000c0000000, 0x00000000d1980000, 0x00000000eab00000)
  object space 288256K, 99% used [0x00000000c0000000,0x00000000d1914920,0x00000000d1980000)
 Metaspace       used 60089K, committed 61504K, reserved 1114112K
  class space    used 6157K, committed 6784K, reserved 1048576K
}
Event: 9.325 GC heap after
{Heap after GC invocations=205 (full 3):
 PSYoungGen      total 8192K, used 2257K [0x00000000eab00000, 0x00000000eb700000, 0x0000000100000000)
  eden space 5632K, 0% used [0x00000000eab00000,0x00000000eab00000,0x00000000eb080000)
  from space 2560K, 88% used [0x00000000eb480000,0x00000000eb6b4478,0x00000000eb700000)
  to   space 2560K, 0% used [0x00000000eb080000,0x00000000eb080000,0x00000000eb300000)
 ParOldGen       total 290304K, used 289860K [0x00000000c0000000, 0x00000000d1b80000, 0x00000000eab00000)
  object space 290304K, 99% used [0x00000000c0000000,0x00000000d1b111e0,0x00000000d1b80000)
 Metaspace       used 60089K, committed 61504K, reserved 1114112K
  class space    used 6157K, committed 6784K, reserved 1048576K
}
Event: 9.342 GC heap before
{Heap before GC invocations=206 (full 3):
 PSYoungGen      total 8192K, used 7883K [0x00000000eab00000, 0x00000000eb700000, 0x0000000100000000)
  eden space 5632K, 99% used [0x00000000eab00000,0x00000000eb07e938,0x00000000eb080000)
  from space 2560K, 88% used [0x00000000eb480000,0x00000000eb6b4478,0x00000000eb700000)
  to   space 2560K, 0% used [0x00000000eb080000,0x00000000eb080000,0x00000000eb300000)
 ParOldGen       total 290304K, used 289860K [0x00000000c0000000, 0x00000000d1b80000, 0x00000000eab00000)
  object space 290304K, 99% used [0x00000000c0000000,0x00000000d1b111e0,0x00000000d1b80000)
 Metaspace       used 60094K, committed 61504K, reserved 1114112K
  class space    used 6157K, committed 6784K, reserved 1048576K
}
Event: 9.343 GC heap after
{Heap after GC invocations=206 (full 3):
 PSYoungGen      total 8192K, used 2359K [0x00000000eab00000, 0x00000000eb580000, 0x0000000100000000)
  eden space 5632K, 0% used [0x00000000eab00000,0x00000000eab00000,0x00000000eb080000)
  from space 2560K, 92% used [0x00000000eb080000,0x00000000eb2cdf80,0x00000000eb300000)
  to   space 2560K, 0% used [0x00000000eb300000,0x00000000eb300000,0x00000000eb580000)
 ParOldGen       total 292352K, used 291984K [0x00000000c0000000, 0x00000000d1d80000, 0x00000000eab00000)
  object space 292352K, 99% used [0x00000000c0000000,0x00000000d1d24278,0x00000000d1d80000)
 Metaspace       used 60094K, committed 61504K, reserved 1114112K
  class space    used 6157K, committed 6784K, reserved 1048576K
}
Event: 9.350 GC heap before
{Heap before GC invocations=207 (full 3):
 PSYoungGen      total 8192K, used 7991K [0x00000000eab00000, 0x00000000eb580000, 0x0000000100000000)
  eden space 5632K, 99% used [0x00000000eab00000,0x00000000eb07fff0,0x00000000eb080000)
  from space 2560K, 92% used [0x00000000eb080000,0x00000000eb2cdf80,0x00000000eb300000)
  to   space 2560K, 0% used [0x00000000eb300000,0x00000000eb300000,0x00000000eb580000)
 ParOldGen       total 292352K, used 291984K [0x00000000c0000000, 0x00000000d1d80000, 0x00000000eab00000)
  object space 292352K, 99% used [0x00000000c0000000,0x00000000d1d24278,0x00000000d1d80000)
 Metaspace       used 60106K, committed 61504K, reserved 1114112K
  class space    used 6157K, committed 6784K, reserved 1048576K
}
Event: 9.352 GC heap after
{Heap after GC invocations=207 (full 3):
 PSYoungGen      total 8192K, used 2437K [0x00000000eab00000, 0x00000000eb580000, 0x0000000100000000)
  eden space 5632K, 0% used [0x00000000eab00000,0x00000000eab00000,0x00000000eb080000)
  from space 2560K, 95% used [0x00000000eb300000,0x00000000eb561788,0x00000000eb580000)
  to   space 2560K, 0% used [0x00000000eb080000,0x00000000eb080000,0x00000000eb300000)
 ParOldGen       total 294400K, used 294138K [0x00000000c0000000, 0x00000000d1f80000, 0x00000000eab00000)
  object space 294400K, 99% used [0x00000000c0000000,0x00000000d1f3eba0,0x00000000d1f80000)
 Metaspace       used 60106K, committed 61504K, reserved 1114112K
  class space    used 6157K, committed 6784K, reserved 1048576K
}
Event: 9.358 GC heap before
{Heap before GC invocations=208 (full 3):
 PSYoungGen      total 8192K, used 8069K [0x00000000eab00000, 0x00000000eb580000, 0x0000000100000000)
  eden space 5632K, 100% used [0x00000000eab00000,0x00000000eb080000,0x00000000eb080000)
  from space 2560K, 95% used [0x00000000eb300000,0x00000000eb561788,0x00000000eb580000)
  to   space 2560K, 0% used [0x00000000eb080000,0x00000000eb080000,0x00000000eb300000)
 ParOldGen       total 294400K, used 294138K [0x00000000c0000000, 0x00000000d1f80000, 0x00000000eab00000)
  object space 294400K, 99% used [0x00000000c0000000,0x00000000d1f3eba0,0x00000000d1f80000)
 Metaspace       used 60106K, committed 61504K, reserved 1114112K
  class space    used 6157K, committed 6784K, reserved 1048576K
}
Event: 9.360 GC heap after
{Heap after GC invocations=208 (full 3):
 PSYoungGen      total 8192K, used 2326K [0x00000000eab00000, 0x00000000eb580000, 0x0000000100000000)
  eden space 5632K, 0% used [0x00000000eab00000,0x00000000eab00000,0x00000000eb080000)
  from space 2560K, 90% used [0x00000000eb080000,0x00000000eb2c5b68,0x00000000eb300000)
  to   space 2560K, 0% used [0x00000000eb300000,0x00000000eb300000,0x00000000eb580000)
 ParOldGen       total 296448K, used 296411K [0x00000000c0000000, 0x00000000d2180000, 0x00000000eab00000)
  object space 296448K, 99% used [0x00000000c0000000,0x00000000d2176e30,0x00000000d2180000)
 Metaspace       used 60106K, committed 61504K, reserved 1114112K
  class space    used 6157K, committed 6784K, reserved 1048576K
}
Event: 9.369 GC heap before
{Heap before GC invocations=209 (full 3):
 PSYoungGen      total 8192K, used 7958K [0x00000000eab00000, 0x00000000eb580000, 0x0000000100000000)
  eden space 5632K, 100% used [0x00000000eab00000,0x00000000eb080000,0x00000000eb080000)
  from space 2560K, 90% used [0x00000000eb080000,0x00000000eb2c5b68,0x00000000eb300000)
  to   space 2560K, 0% used [0x00000000eb300000,0x00000000eb300000,0x00000000eb580000)
 ParOldGen       total 296448K, used 296411K [0x00000000c0000000, 0x00000000d2180000, 0x00000000eab00000)
  object space 296448K, 99% used [0x00000000c0000000,0x00000000d2176e30,0x00000000d2180000)
 Metaspace       used 60106K, committed 61504K, reserved 1114112K
  class space    used 6157K, committed 6784K, reserved 1048576K
}
Event: 9.371 GC heap after
{Heap after GC invocations=209 (full 3):
 PSYoungGen      total 7680K, used 1859K [0x00000000eab00000, 0x00000000eb500000, 0x0000000100000000)
  eden space 5632K, 0% used [0x00000000eab00000,0x00000000eab00000,0x00000000eb080000)
  from space 2048K, 90% used [0x00000000eb300000,0x00000000eb4d0ed0,0x00000000eb500000)
  to   space 2048K, 0% used [0x00000000eb100000,0x00000000eb100000,0x00000000eb300000)
 ParOldGen       total 299008K, used 298604K [0x00000000c0000000, 0x00000000d2400000, 0x00000000eab00000)
  object space 299008K, 99% used [0x00000000c0000000,0x00000000d239b1a8,0x00000000d2400000)
 Metaspace       used 60106K, committed 61504K, reserved 1114112K
  class space    used 6157K, committed 6784K, reserved 1048576K
}
Event: 9.411 GC heap before
{Heap before GC invocations=210 (full 3):
 PSYoungGen      total 7680K, used 7491K [0x00000000eab00000, 0x00000000eb500000, 0x0000000100000000)
  eden space 5632K, 100% used [0x00000000eab00000,0x00000000eb080000,0x00000000eb080000)
  from space 2048K, 90% used [0x00000000eb300000,0x00000000eb4d0ed0,0x00000000eb500000)
  to   space 2048K, 0% used [0x00000000eb100000,0x00000000eb100000,0x00000000eb300000)
 ParOldGen       total 299008K, used 298604K [0x00000000c0000000, 0x00000000d2400000, 0x00000000eab00000)
  object space 299008K, 99% used [0x00000000c0000000,0x00000000d239b1a8,0x00000000d2400000)
 Metaspace       used 60129K, committed 61568K, reserved 1114112K
  class space    used 6158K, committed 6784K, reserved 1048576K
}
Event: 9.413 GC heap after
{Heap after GC invocations=210 (full 3):
 PSYoungGen      total 7680K, used 1811K [0x00000000eab00000, 0x00000000eb480000, 0x0000000100000000)
  eden space 5632K, 0% used [0x00000000eab00000,0x00000000eab00000,0x00000000eb080000)
  from space 2048K, 88% used [0x00000000eb100000,0x00000000eb2c4f78,0x00000000eb300000)
  to   space 1536K, 0% used [0x00000000eb300000,0x00000000eb300000,0x00000000eb480000)
 ParOldGen       total 300544K, used 300295K [0x00000000c0000000, 0x00000000d2580000, 0x00000000eab00000)
  object space 300544K, 99% used [0x00000000c0000000,0x00000000d2541ed0,0x00000000d2580000)
 Metaspace       used 60129K, committed 61568K, reserved 1114112K
  class space    used 6158K, committed 6784K, reserved 1048576K
}
Event: 9.454 GC heap before
{Heap before GC invocations=211 (full 3):
 PSYoungGen      total 7680K, used 7443K [0x00000000eab00000, 0x00000000eb480000, 0x0000000100000000)
  eden space 5632K, 100% used [0x00000000eab00000,0x00000000eb080000,0x00000000eb080000)
  from space 2048K, 88% used [0x00000000eb100000,0x00000000eb2c4f78,0x00000000eb300000)
  to   space 1536K, 0% used [0x00000000eb300000,0x00000000eb300000,0x00000000eb480000)
 ParOldGen       total 300544K, used 300295K [0x00000000c0000000, 0x00000000d2580000, 0x00000000eab00000)
  object space 300544K, 99% used [0x00000000c0000000,0x00000000d2541ed0,0x00000000d2580000)
 Metaspace       used 60162K, committed 61568K, reserved 1114112K
  class space    used 6159K, committed 6784K, reserved 1048576K
}

Dll operation events (10 events):
Event: 0.010 Loaded shared library c:\Users\Ahmed Yasser\.vscode\extensions\redhat.java-1.41.1-win32-x64\jre\21.0.6-win32-x86_64\bin\java.dll
Event: 0.098 Loaded shared library c:\Users\Ahmed Yasser\.vscode\extensions\redhat.java-1.41.1-win32-x64\jre\21.0.6-win32-x86_64\bin\zip.dll
Event: 0.130 Loaded shared library C:\Users\Ahmed Yasser\.vscode\extensions\redhat.java-1.41.1-win32-x64\jre\21.0.6-win32-x86_64\bin\instrument.dll
Event: 0.141 Loaded shared library C:\Users\Ahmed Yasser\.vscode\extensions\redhat.java-1.41.1-win32-x64\jre\21.0.6-win32-x86_64\bin\net.dll
Event: 0.144 Loaded shared library C:\Users\Ahmed Yasser\.vscode\extensions\redhat.java-1.41.1-win32-x64\jre\21.0.6-win32-x86_64\bin\nio.dll
Event: 0.149 Loaded shared library C:\Users\Ahmed Yasser\.vscode\extensions\redhat.java-1.41.1-win32-x64\jre\21.0.6-win32-x86_64\bin\zip.dll
Event: 0.168 Loaded shared library C:\Users\Ahmed Yasser\.vscode\extensions\redhat.java-1.41.1-win32-x64\jre\21.0.6-win32-x86_64\bin\jimage.dll
Event: 0.235 Loaded shared library c:\Users\Ahmed Yasser\.vscode\extensions\redhat.java-1.41.1-win32-x64\jre\21.0.6-win32-x86_64\bin\verify.dll
Event: 1.264 Loaded shared library C:\Users\Ahmed Yasser\AppData\Roaming\Code\User\globalStorage\redhat.java\1.41.1\config_win\org.eclipse.equinox.launcher\org.eclipse.equinox.launcher.win32.win32.x86_64_1.2.1300.v20250331-1702\eclipse_11911.dll
Event: 2.674 Loaded shared library C:\Users\Ahmed Yasser\AppData\Local\Temp\jna--1049511280\jna9449035983357561367.dll

Deoptimization events (20 events):
Event: 9.363 Thread 0x0000014be98580a0 DEOPT PACKING pc=0x0000014bd6c9707c sp=0x00000049ef1fd730
Event: 9.363 Thread 0x0000014be98580a0 DEOPT UNPACKING pc=0x0000014bd6193aa2 sp=0x00000049ef1fd6b0 mode 2
Event: 9.388 Thread 0x0000014be798c770 DEOPT PACKING pc=0x0000014bcfde56eb sp=0x00000049eddff080
Event: 9.388 Thread 0x0000014be798c770 DEOPT UNPACKING pc=0x0000014bd6194242 sp=0x00000049eddfe520 mode 0
Event: 9.396 Thread 0x0000014be98580a0 Uncommon trap: trap_request=0xffffffbe fr.pc=0x0000014bd6cc9e9c relative=0x00000000000002dc
Event: 9.396 Thread 0x0000014be98580a0 Uncommon trap: reason=profile_predicate action=maybe_recompile pc=0x0000014bd6cc9e9c method=java.util.regex.Pattern$Slice.match(Ljava/util/regex/Matcher;ILjava/lang/CharSequence;)Z @ 18 c2
Event: 9.396 Thread 0x0000014be98580a0 DEOPT PACKING pc=0x0000014bd6cc9e9c sp=0x00000049ef1fd660
Event: 9.396 Thread 0x0000014be98580a0 DEOPT UNPACKING pc=0x0000014bd6193aa2 sp=0x00000049ef1fd5f0 mode 2
Event: 9.396 Thread 0x0000014be98580a0 Uncommon trap: trap_request=0xffffffbe fr.pc=0x0000014bd6cc9e9c relative=0x00000000000002dc
Event: 9.396 Thread 0x0000014be98580a0 Uncommon trap: reason=profile_predicate action=maybe_recompile pc=0x0000014bd6cc9e9c method=java.util.regex.Pattern$Slice.match(Ljava/util/regex/Matcher;ILjava/lang/CharSequence;)Z @ 18 c2
Event: 9.396 Thread 0x0000014be98580a0 DEOPT PACKING pc=0x0000014bd6cc9e9c sp=0x00000049ef1fd660
Event: 9.396 Thread 0x0000014be98580a0 DEOPT UNPACKING pc=0x0000014bd6193aa2 sp=0x00000049ef1fd5f0 mode 2
Event: 9.396 Thread 0x0000014be98580a0 Uncommon trap: trap_request=0xffffffbe fr.pc=0x0000014bd6cc9e9c relative=0x00000000000002dc
Event: 9.396 Thread 0x0000014be98580a0 Uncommon trap: reason=profile_predicate action=maybe_recompile pc=0x0000014bd6cc9e9c method=java.util.regex.Pattern$Slice.match(Ljava/util/regex/Matcher;ILjava/lang/CharSequence;)Z @ 18 c2
Event: 9.396 Thread 0x0000014be98580a0 DEOPT PACKING pc=0x0000014bd6cc9e9c sp=0x00000049ef1fd660
Event: 9.396 Thread 0x0000014be98580a0 DEOPT UNPACKING pc=0x0000014bd6193aa2 sp=0x00000049ef1fd5f0 mode 2
Event: 9.396 Thread 0x0000014be98580a0 Uncommon trap: trap_request=0xffffffbe fr.pc=0x0000014bd6cc9e9c relative=0x00000000000002dc
Event: 9.396 Thread 0x0000014be98580a0 Uncommon trap: reason=profile_predicate action=maybe_recompile pc=0x0000014bd6cc9e9c method=java.util.regex.Pattern$Slice.match(Ljava/util/regex/Matcher;ILjava/lang/CharSequence;)Z @ 18 c2
Event: 9.396 Thread 0x0000014be98580a0 DEOPT PACKING pc=0x0000014bd6cc9e9c sp=0x00000049ef1fd660
Event: 9.396 Thread 0x0000014be98580a0 DEOPT UNPACKING pc=0x0000014bd6193aa2 sp=0x00000049ef1fd5f0 mode 2

Classes loaded (20 events):
Event: 7.863 Loading class java/util/stream/IntStream done
Event: 7.863 Loading class java/util/stream/IntPipeline done
Event: 7.863 Loading class java/util/stream/IntPipeline$StatelessOp done
Event: 7.863 Loading class java/util/stream/ReferencePipeline$4 done
Event: 7.864 Loading class java/util/stream/Nodes$IntFixedNodeBuilder
Event: 7.864 Loading class java/util/stream/Node$Builder$OfInt
Event: 7.864 Loading class java/util/stream/Sink$OfInt
Event: 7.864 Loading class java/util/stream/Sink$OfInt done
Event: 7.864 Loading class java/util/stream/Node$Builder$OfInt done
Event: 7.864 Loading class java/util/stream/Nodes$IntArrayNode
Event: 7.864 Loading class java/util/stream/Nodes$IntArrayNode done
Event: 7.865 Loading class java/util/stream/Nodes$IntFixedNodeBuilder done
Event: 7.865 Loading class java/util/stream/ReferencePipeline$4$1
Event: 7.865 Loading class java/util/stream/ReferencePipeline$4$1 done
Event: 8.721 Loading class jdk/internal/module/IllegalAccessLogger
Event: 8.721 Loading class jdk/internal/module/IllegalAccessLogger done
Event: 9.039 Loading class java/util/stream/IntPipeline$Head
Event: 9.039 Loading class java/util/stream/IntPipeline$Head done
Event: 9.120 Loading class java/util/stream/Streams$RangeIntSpliterator
Event: 9.120 Loading class java/util/stream/Streams$RangeIntSpliterator done

Classes unloaded (7 events):
Event: 3.257 Thread 0x0000014bdfdf69e0 Unloading class 0x0000014b8119cc00 'java/lang/invoke/LambdaForm$MH+0x0000014b8119cc00'
Event: 3.257 Thread 0x0000014bdfdf69e0 Unloading class 0x0000014b8119c800 'java/lang/invoke/LambdaForm$MH+0x0000014b8119c800'
Event: 3.257 Thread 0x0000014bdfdf69e0 Unloading class 0x0000014b8119c400 'java/lang/invoke/LambdaForm$MH+0x0000014b8119c400'
Event: 3.257 Thread 0x0000014bdfdf69e0 Unloading class 0x0000014b8119c000 'java/lang/invoke/LambdaForm$MH+0x0000014b8119c000'
Event: 3.257 Thread 0x0000014bdfdf69e0 Unloading class 0x0000014b8119bc00 'java/lang/invoke/LambdaForm$BMH+0x0000014b8119bc00'
Event: 3.257 Thread 0x0000014bdfdf69e0 Unloading class 0x0000014b8119b800 'java/lang/invoke/LambdaForm$DMH+0x0000014b8119b800'
Event: 3.257 Thread 0x0000014bdfdf69e0 Unloading class 0x0000014b8119a400 'java/lang/invoke/LambdaForm$DMH+0x0000014b8119a400'

Classes redefined (0 events):
No events

Internal exceptions (20 events):
Event: 5.944 Thread 0x0000014bf1fba340 Exception <a 'sun/nio/fs/WindowsException'{0x00000000eab9f288}> (0x00000000eab9f288) 
thrown [s\src\hotspot\share\prims\jni.cpp, line 520]
Event: 5.945 Thread 0x0000014bf31d83d0 Exception <a 'sun/nio/fs/WindowsException'{0x00000000eabbb728}> (0x00000000eabbb728) 
thrown [s\src\hotspot\share\prims\jni.cpp, line 520]
Event: 5.945 Thread 0x0000014bf31d90f0 Exception <a 'sun/nio/fs/WindowsException'{0x00000000eabad4f0}> (0x00000000eabad4f0) 
thrown [s\src\hotspot\share\prims\jni.cpp, line 520]
Event: 5.945 Thread 0x0000014bf31d8a60 Exception <a 'sun/nio/fs/WindowsException'{0x00000000eab5aa60}> (0x00000000eab5aa60) 
thrown [s\src\hotspot\share\prims\jni.cpp, line 520]
Event: 5.947 Thread 0x0000014bf1fbcaa0 Exception <a 'sun/nio/fs/WindowsException'{0x00000000eac0d870}> (0x00000000eac0d870) 
thrown [s\src\hotspot\share\prims\jni.cpp, line 520]
Event: 6.989 Thread 0x0000014be98580a0 Exception <a 'java/lang/NoSuchMethodError'{0x00000000eab23ba8}: 'java.lang.Object java.lang.invoke.DirectMethodHandle$Holder.invokeStatic(java.lang.Object, java.lang.Object, int, int)'> (0x00000000eab23ba8) 
thrown [s\src\hotspot\share\interpreter\linkResolver.cpp, line 773]
Event: 6.990 Thread 0x0000014be98580a0 Exception <a 'java/lang/NoSuchMethodError'{0x00000000eab27fa8}: 'java.lang.Object java.lang.invoke.DirectMethodHandle$Holder.invokeSpecial(java.lang.Object, java.lang.Object, java.lang.Object, int, int)'> (0x00000000eab27fa8) 
thrown [s\src\hotspot\share\interpreter\linkResolver.cpp, line 773]
Event: 7.163 Thread 0x0000014be98580a0 Implicit null exception at 0x0000014bd6b10825 to 0x0000014bd6b10bc0
Event: 7.212 Thread 0x0000014be98580a0 Exception <a 'java/lang/NoSuchMethodError'{0x00000000eb1bbba8}: 'int java.lang.invoke.DirectMethodHandle$Holder.invokeSpecialIFC(java.lang.Object, java.lang.Object, java.lang.Object)'> (0x00000000eb1bbba8) 
thrown [s\src\hotspot\share\interpreter\linkResolver.cpp, line 773]
Event: 7.522 Thread 0x0000014be98580a0 Implicit null exception at 0x0000014bd68793e0 to 0x0000014bd687941a
Event: 7.774 Thread 0x0000014be98580a0 Exception <a 'java/lang/NoSuchMethodError'{0x00000000eaf3bd38}: 'java.lang.Object java.lang.invoke.DirectMethodHandle$Holder.newInvokeSpecial(java.lang.Object, java.lang.Object, int, int, java.lang.Object)'> (0x00000000eaf3bd38) 
thrown [s\src\hotspot\share\interpreter\linkResolver.cpp, line 773]
Event: 7.922 Thread 0x0000014bf1fbbd80 Implicit null exception at 0x0000014bd6aeab47 to 0x0000014bd6aeb260
Event: 8.280 Thread 0x0000014bf1fbbd80 Exception <a 'java/lang/NoSuchMethodError'{0x00000000eadea9a0}: 'void java.lang.invoke.DirectMethodHandle$Holder.invokeStatic(java.lang.Object, int, java.lang.Object)'> (0x00000000eadea9a0) 
thrown [s\src\hotspot\share\interpreter\linkResolver.cpp, line 773]
Event: 8.645 Thread 0x0000014be98580a0 Exception <a 'sun/nio/fs/WindowsException'{0x00000000eb032bc8}> (0x00000000eb032bc8) 
thrown [s\src\hotspot\share\prims\jni.cpp, line 520]
Event: 8.646 Thread 0x0000014be9855940 Exception <a 'sun/nio/fs/WindowsException'{0x00000000eb069e00}> (0x00000000eb069e00) 
thrown [s\src\hotspot\share\prims\jni.cpp, line 520]
Event: 8.647 Thread 0x0000014bf31d6990 Exception <a 'sun/nio/fs/WindowsException'{0x00000000eb0a1650}> (0x00000000eb0a1650) 
thrown [s\src\hotspot\share\prims\jni.cpp, line 520]
Event: 8.742 Thread 0x0000014be98580a0 Exception <a 'sun/nio/fs/WindowsException'{0x00000000eae32940}> (0x00000000eae32940) 
thrown [s\src\hotspot\share\prims\jni.cpp, line 520]
Event: 8.742 Thread 0x0000014be98580a0 Exception <a 'sun/nio/fs/WindowsException'{0x00000000eae32f70}> (0x00000000eae32f70) 
thrown [s\src\hotspot\share\prims\jni.cpp, line 520]
Event: 9.039 Thread 0x0000014be98580a0 Exception <a 'java/lang/NoSuchMethodError'{0x00000000eacb37c0}: 'void java.lang.invoke.DirectMethodHandle$Holder.invokeStatic(java.lang.Object, java.lang.Object, java.lang.Object, int)'> (0x00000000eacb37c0) 
thrown [s\src\hotspot\share\interpreter\linkResolver.cpp, line 773]
Event: 9.052 Thread 0x0000014be98580a0 Exception <a 'java/lang/NoSuchMethodError'{0x00000000eab01930}: 'void java.lang.invoke.DirectMethodHandle$Holder.invokeVirtual(java.lang.Object, java.lang.Object, int)'> (0x00000000eab01930) 
thrown [s\src\hotspot\share\interpreter\linkResolver.cpp, line 773]

ZGC Phase Switch (0 events):
No events

VM Operations (20 events):
Event: 9.289 Executing VM operation: ParallelGCFailedAllocation (Allocation Failure) done
Event: 9.294 Executing VM operation: ParallelGCFailedAllocation (Allocation Failure)
Event: 9.296 Executing VM operation: ParallelGCFailedAllocation (Allocation Failure) done
Event: 9.301 Executing VM operation: ParallelGCFailedAllocation (Allocation Failure)
Event: 9.303 Executing VM operation: ParallelGCFailedAllocation (Allocation Failure) done
Event: 9.310 Executing VM operation: ParallelGCFailedAllocation (Allocation Failure)
Event: 9.312 Executing VM operation: ParallelGCFailedAllocation (Allocation Failure) done
Event: 9.323 Executing VM operation: ParallelGCFailedAllocation (Allocation Failure)
Event: 9.325 Executing VM operation: ParallelGCFailedAllocation (Allocation Failure) done
Event: 9.331 Executing VM operation: ParallelGCFailedAllocation (Allocation Failure)
Event: 9.343 Executing VM operation: ParallelGCFailedAllocation (Allocation Failure) done
Event: 9.350 Executing VM operation: ParallelGCFailedAllocation (Allocation Failure)
Event: 9.352 Executing VM operation: ParallelGCFailedAllocation (Allocation Failure) done
Event: 9.358 Executing VM operation: ParallelGCFailedAllocation (Allocation Failure)
Event: 9.360 Executing VM operation: ParallelGCFailedAllocation (Allocation Failure) done
Event: 9.368 Executing VM operation: ParallelGCFailedAllocation (Allocation Failure)
Event: 9.371 Executing VM operation: ParallelGCFailedAllocation (Allocation Failure) done
Event: 9.411 Executing VM operation: ParallelGCFailedAllocation (Allocation Failure)
Event: 9.413 Executing VM operation: ParallelGCFailedAllocation (Allocation Failure) done
Event: 9.454 Executing VM operation: ParallelGCFailedAllocation (Allocation Failure)

Memory protections (0 events):
No events

Nmethod flushes (20 events):
Event: 8.375 Thread 0x0000014bdfdf69e0 flushing  nmethod 0x0000014bcf45e090
Event: 8.375 Thread 0x0000014bdfdf69e0 flushing  nmethod 0x0000014bcf45ec90
Event: 8.375 Thread 0x0000014bdfdf69e0 flushing  nmethod 0x0000014bcf4afe90
Event: 8.375 Thread 0x0000014bdfdf69e0 flushing  nmethod 0x0000014bcf4be910
Event: 8.375 Thread 0x0000014bdfdf69e0 flushing  nmethod 0x0000014bcf4cdc10
Event: 8.375 Thread 0x0000014bdfdf69e0 flushing  nmethod 0x0000014bcf4d0290
Event: 8.375 Thread 0x0000014bdfdf69e0 flushing  nmethod 0x0000014bcf4d0c10
Event: 8.375 Thread 0x0000014bdfdf69e0 flushing  nmethod 0x0000014bcf4dee90
Event: 8.375 Thread 0x0000014bdfdf69e0 flushing  nmethod 0x0000014bcf4e0390
Event: 8.375 Thread 0x0000014bdfdf69e0 flushing  nmethod 0x0000014bcf4e1c10
Event: 8.375 Thread 0x0000014bdfdf69e0 flushing  nmethod 0x0000014bcf4e2210
Event: 8.375 Thread 0x0000014bdfdf69e0 flushing  nmethod 0x0000014bcf4e5f90
Event: 8.375 Thread 0x0000014bdfdf69e0 flushing  nmethod 0x0000014bcf4e6a90
Event: 8.375 Thread 0x0000014bdfdf69e0 flushing  nmethod 0x0000014bcf4e6e10
Event: 8.375 Thread 0x0000014bdfdf69e0 flushing  nmethod 0x0000014bcf4e8590
Event: 8.375 Thread 0x0000014bdfdf69e0 flushing  nmethod 0x0000014bcf508010
Event: 8.375 Thread 0x0000014bdfdf69e0 flushing  nmethod 0x0000014bcf52a490
Event: 8.375 Thread 0x0000014bdfdf69e0 flushing  nmethod 0x0000014bcf571d10
Event: 8.375 Thread 0x0000014bdfdf69e0 flushing  nmethod 0x0000014bcf57e310
Event: 8.375 Thread 0x0000014bdfdf69e0 flushing  nmethod 0x0000014bcf5dc610

Events (20 events):
Event: 5.978 Thread 0x0000014be98580a0 Thread added: 0x0000014bf1fc0c40
Event: 5.978 Thread 0x0000014be98580a0 Thread added: 0x0000014bf1fbd7c0
Event: 5.978 Thread 0x0000014be98580a0 Thread added: 0x0000014bf1fc05b0
Event: 5.979 Thread 0x0000014bf1fbf890 Thread added: 0x0000014bf1fba9d0
Event: 5.979 Thread 0x0000014bf1fc0c40 Thread added: 0x0000014bf1fbb6f0
Event: 5.979 Thread 0x0000014be98580a0 Thread added: 0x0000014bf1fbeb70
Event: 5.979 Thread 0x0000014be98580a0 Thread added: 0x0000014bf1fbff20
Event: 5.979 Thread 0x0000014bf1fc05b0 Thread added: 0x0000014bf1fbc410
Event: 7.731 Thread 0x0000014be98580a0 Thread added: 0x0000014bf1fbbd80
Event: 7.775 Thread 0x0000014be98580a0 Thread added: 0x0000014bf1fbd130
Event: 7.787 Thread 0x0000014be98580a0 Thread added: 0x0000014bf1fbde50
Event: 7.857 Thread 0x0000014be98580a0 Thread added: 0x0000014bf1fbe4e0
Event: 7.914 Thread 0x0000014be98580a0 Thread added: 0x0000014bf1fbf200
Event: 7.962 Thread 0x0000014be98580a0 Thread added: 0x0000014bf2314b30
Event: 7.971 Thread 0x0000014be98580a0 Thread added: 0x0000014bf230fc70
Event: 7.974 Thread 0x0000014be98580a0 Thread added: 0x0000014bf230f5e0
Event: 7.977 Thread 0x0000014be98580a0 Thread added: 0x0000014bf23151c0
Event: 7.991 Thread 0x0000014be98580a0 Thread added: 0x0000014bf2310300
Event: 7.995 Thread 0x0000014be98580a0 Thread added: 0x0000014bf230ef50
Event: 8.290 Thread 0x0000014be77f5400 Thread exited: 0x0000014be77f5400


Dynamic libraries:
0x00007ff713550000 - 0x00007ff71355e000 	c:\Users\Ahmed Yasser\.vscode\extensions\redhat.java-1.41.1-win32-x64\jre\21.0.6-win32-x86_64\bin\java.exe
0x00007ffc5beb0000 - 0x00007ffc5c0c7000 	C:\WINDOWS\SYSTEM32\ntdll.dll
0x00007ffc5a560000 - 0x00007ffc5a624000 	C:\WINDOWS\System32\KERNEL32.DLL
0x00007ffc59320000 - 0x00007ffc596f3000 	C:\WINDOWS\System32\KERNELBASE.dll
0x00007ffc59200000 - 0x00007ffc59311000 	C:\WINDOWS\System32\ucrtbase.dll
0x00007ffc11c80000 - 0x00007ffc11c9e000 	c:\Users\Ahmed Yasser\.vscode\extensions\redhat.java-1.41.1-win32-x64\jre\21.0.6-win32-x86_64\bin\VCRUNTIME140.dll
0x00007ffc0d0b0000 - 0x00007ffc0d0c8000 	c:\Users\Ahmed Yasser\.vscode\extensions\redhat.java-1.41.1-win32-x64\jre\21.0.6-win32-x86_64\bin\jli.dll
0x00007ffc59c10000 - 0x00007ffc59dc1000 	C:\WINDOWS\System32\USER32.dll
0x00007ffc58fc0000 - 0x00007ffc58fe6000 	C:\WINDOWS\System32\win32u.dll
0x00007ffc59de0000 - 0x00007ffc59e09000 	C:\WINDOWS\System32\GDI32.dll
0x00007ffc598c0000 - 0x00007ffc599db000 	C:\WINDOWS\System32\gdi32full.dll
0x00007ffc406f0000 - 0x00007ffc40988000 	C:\WINDOWS\WinSxS\amd64_microsoft.windows.common-controls_6595b64144ccf1df_6.0.22621.5124_none_270e8f4f7386d69d\COMCTL32.dll
0x00007ffc59160000 - 0x00007ffc591fa000 	C:\WINDOWS\System32\msvcp_win.dll
0x00007ffc5a650000 - 0x00007ffc5a6f7000 	C:\WINDOWS\System32\msvcrt.dll
0x00007ffc5ac00000 - 0x00007ffc5ac31000 	C:\WINDOWS\System32\IMM32.DLL
0x00007ffc37910000 - 0x00007ffc3791c000 	c:\Users\Ahmed Yasser\.vscode\extensions\redhat.java-1.41.1-win32-x64\jre\21.0.6-win32-x86_64\bin\vcruntime140_1.dll
0x00007ffc03310000 - 0x00007ffc0339d000 	c:\Users\Ahmed Yasser\.vscode\extensions\redhat.java-1.41.1-win32-x64\jre\21.0.6-win32-x86_64\bin\msvcp140.dll
0x00007ffbd0980000 - 0x00007ffbd1710000 	c:\Users\Ahmed Yasser\.vscode\extensions\redhat.java-1.41.1-win32-x64\jre\21.0.6-win32-x86_64\bin\server\jvm.dll
0x00007ffc5b180000 - 0x00007ffc5b231000 	C:\WINDOWS\System32\ADVAPI32.dll
0x00007ffc59b60000 - 0x00007ffc59c08000 	C:\WINDOWS\System32\sechost.dll
0x00007ffc59b20000 - 0x00007ffc59b48000 	C:\WINDOWS\System32\bcrypt.dll
0x00007ffc5a710000 - 0x00007ffc5a824000 	C:\WINDOWS\System32\RPCRT4.dll
0x00007ffc59ea0000 - 0x00007ffc59f11000 	C:\WINDOWS\System32\WS2_32.dll
0x00007ffc57fb0000 - 0x00007ffc57ffd000 	C:\WINDOWS\SYSTEM32\POWRPROF.dll
0x00007ffc4fd50000 - 0x00007ffc4fd84000 	C:\WINDOWS\SYSTEM32\WINMM.dll
0x00007ffc4e440000 - 0x00007ffc4e44a000 	C:\WINDOWS\SYSTEM32\VERSION.dll
0x00007ffc57f30000 - 0x00007ffc57f43000 	C:\WINDOWS\SYSTEM32\UMPDC.dll
0x00007ffc580a0000 - 0x00007ffc580b8000 	C:\WINDOWS\SYSTEM32\kernel.appcore.dll
0x00007ffc355f0000 - 0x00007ffc355fa000 	c:\Users\Ahmed Yasser\.vscode\extensions\redhat.java-1.41.1-win32-x64\jre\21.0.6-win32-x86_64\bin\jimage.dll
0x00007ffc565d0000 - 0x00007ffc56802000 	C:\WINDOWS\SYSTEM32\DBGHELP.DLL
0x00007ffc59f20000 - 0x00007ffc5a2b2000 	C:\WINDOWS\System32\combase.dll
0x00007ffc5a2c0000 - 0x00007ffc5a397000 	C:\WINDOWS\System32\OLEAUT32.dll
0x00007ffc307a0000 - 0x00007ffc307d2000 	C:\WINDOWS\SYSTEM32\dbgcore.DLL
0x00007ffc59780000 - 0x00007ffc597fb000 	C:\WINDOWS\System32\bcryptPrimitives.dll
0x00007ffc35310000 - 0x00007ffc3531f000 	c:\Users\Ahmed Yasser\.vscode\extensions\redhat.java-1.41.1-win32-x64\jre\21.0.6-win32-x86_64\bin\instrument.dll
0x00007ffc0a1d0000 - 0x00007ffc0a1ef000 	c:\Users\Ahmed Yasser\.vscode\extensions\redhat.java-1.41.1-win32-x64\jre\21.0.6-win32-x86_64\bin\java.dll
0x00007ffc5b560000 - 0x00007ffc5bdf6000 	C:\WINDOWS\System32\SHELL32.dll
0x00007ffc599e0000 - 0x00007ffc59b1f000 	C:\WINDOWS\System32\wintypes.dll
0x00007ffc56e90000 - 0x00007ffc577aa000 	C:\WINDOWS\SYSTEM32\windows.storage.dll
0x00007ffc5a830000 - 0x00007ffc5a93a000 	C:\WINDOWS\System32\SHCORE.dll
0x00007ffc5be00000 - 0x00007ffc5be63000 	C:\WINDOWS\System32\shlwapi.dll
0x00007ffc58ef0000 - 0x00007ffc58f1b000 	C:\WINDOWS\SYSTEM32\profapi.dll
0x00007ffc34f50000 - 0x00007ffc34f68000 	c:\Users\Ahmed Yasser\.vscode\extensions\redhat.java-1.41.1-win32-x64\jre\21.0.6-win32-x86_64\bin\zip.dll
0x00007ffc352c0000 - 0x00007ffc352d0000 	C:\Users\Ahmed Yasser\.vscode\extensions\redhat.java-1.41.1-win32-x64\jre\21.0.6-win32-x86_64\bin\net.dll
0x00007ffc50670000 - 0x00007ffc5079c000 	C:\WINDOWS\SYSTEM32\WINHTTP.dll
0x00007ffc58520000 - 0x00007ffc5858a000 	C:\WINDOWS\system32\mswsock.dll
0x00007ffc085c0000 - 0x00007ffc085d6000 	C:\Users\Ahmed Yasser\.vscode\extensions\redhat.java-1.41.1-win32-x64\jre\21.0.6-win32-x86_64\bin\nio.dll
0x00007ffc30670000 - 0x00007ffc30680000 	c:\Users\Ahmed Yasser\.vscode\extensions\redhat.java-1.41.1-win32-x64\jre\21.0.6-win32-x86_64\bin\verify.dll
0x00007ffc062e0000 - 0x00007ffc06325000 	C:\Users\Ahmed Yasser\AppData\Roaming\Code\User\globalStorage\redhat.java\1.41.1\config_win\org.eclipse.equinox.launcher\org.eclipse.equinox.launcher.win32.win32.x86_64_1.2.1300.v20250331-1702\eclipse_11911.dll
0x00007ffc5a940000 - 0x00007ffc5aae1000 	C:\WINDOWS\System32\ole32.dll
0x00007ffc58770000 - 0x00007ffc5878b000 	C:\WINDOWS\SYSTEM32\CRYPTSP.dll
0x00007ffc58000000 - 0x00007ffc58037000 	C:\WINDOWS\system32\rsaenh.dll
0x00007ffc585e0000 - 0x00007ffc58608000 	C:\WINDOWS\SYSTEM32\USERENV.dll
0x00007ffc58760000 - 0x00007ffc5876c000 	C:\WINDOWS\SYSTEM32\CRYPTBASE.dll
0x00007ffc57a40000 - 0x00007ffc57a6d000 	C:\WINDOWS\SYSTEM32\IPHLPAPI.DLL
0x00007ffc5a700000 - 0x00007ffc5a709000 	C:\WINDOWS\System32\NSI.dll
0x00007ffc06240000 - 0x00007ffc06289000 	C:\Users\Ahmed Yasser\AppData\Local\Temp\jna--1049511280\jna9449035983357561367.dll
0x00007ffc59dd0000 - 0x00007ffc59dd8000 	C:\WINDOWS\System32\PSAPI.DLL
0x00007ffc50810000 - 0x00007ffc50829000 	C:\WINDOWS\SYSTEM32\dhcpcsvc6.DLL
0x00007ffc50850000 - 0x00007ffc5086f000 	C:\WINDOWS\SYSTEM32\dhcpcsvc.DLL

dbghelp: loaded successfully - version: 4.0.5 - missing functions: none
symbol engine: initialized successfully - sym options: 0x614 - pdb path: .;c:\Users\Ahmed Yasser\.vscode\extensions\redhat.java-1.41.1-win32-x64\jre\21.0.6-win32-x86_64\bin;C:\WINDOWS\SYSTEM32;C:\WINDOWS\WinSxS\amd64_microsoft.windows.common-controls_6595b64144ccf1df_6.0.22621.5124_none_270e8f4f7386d69d;c:\Users\Ahmed Yasser\.vscode\extensions\redhat.java-1.41.1-win32-x64\jre\21.0.6-win32-x86_64\bin\server;C:\Users\Ahmed Yasser\AppData\Roaming\Code\User\globalStorage\redhat.java\1.41.1\config_win\org.eclipse.equinox.launcher\org.eclipse.equinox.launcher.win32.win32.x86_64_1.2.1300.v20250331-1702;C:\Users\Ahmed Yasser\AppData\Local\Temp\jna--1049511280

VM Arguments:
jvm_args: --add-modules=ALL-SYSTEM --add-opens=java.base/java.util=ALL-UNNAMED --add-opens=java.base/java.lang=ALL-UNNAMED --add-opens=java.base/sun.nio.fs=ALL-UNNAMED -Declipse.application=org.eclipse.jdt.ls.core.id1 -Dosgi.bundles.defaultStartLevel=4 -Declipse.product=org.eclipse.jdt.ls.core.product -Djava.import.generatesMetadataFilesAtProjectRoot=false -DDetectVMInstallationsJob.disabled=true -Dfile.encoding=utf8 -XX:+UseParallelGC -XX:GCTimeRatio=4 -XX:AdaptiveSizePolicyWeight=90 -Dsun.zip.disableMemoryMapping=true -Xmx1G -Xms100m -Xlog:disable -javaagent:c:\Users\Ahmed Yasser\.vscode\extensions\redhat.java-1.41.1-win32-x64\lombok\lombok-1.18.36.jar -XX:+HeapDumpOnOutOfMemoryError -XX:HeapDumpPath=c:\Users\Ahmed Yasser\AppData\Roaming\Code\User\workspaceStorage\051f16bb247bb8312338e22804e9fe03\redhat.java -Daether.dependencyCollector.impl=bf 
java_command: c:\Users\Ahmed Yasser\.vscode\extensions\redhat.java-1.41.1-win32-x64\server\plugins\org.eclipse.equinox.launcher_1.7.0.v20250331-1702.jar -configuration c:\Users\Ahmed Yasser\AppData\Roaming\Code\User\globalStorage\redhat.java\1.41.1\config_win -data c:\Users\Ahmed Yasser\AppData\Roaming\Code\User\workspaceStorage\051f16bb247bb8312338e22804e9fe03\redhat.java\jdt_ws --pipe=\\.\pipe\lsp-b730808fe1f85e899b9a4f3751b98bb3-sock
java_class_path (initial): c:\Users\Ahmed Yasser\.vscode\extensions\redhat.java-1.41.1-win32-x64\server\plugins\org.eclipse.equinox.launcher_1.7.0.v20250331-1702.jar
Launcher Type: SUN_STANDARD

[Global flags]
    uintx AdaptiveSizePolicyWeight                 = 90                                        {product} {command line}
     intx CICompilerCount                          = 4                                         {product} {ergonomic}
    uintx GCTimeRatio                              = 4                                         {product} {command line}
     bool HeapDumpOnOutOfMemoryError               = true                                   {manageable} {command line}
    ccstr HeapDumpPath                             = c:\Users\Ahmed Yasser\AppData\Roaming\Code\User\workspaceStorage\051f16bb247bb8312338e22804e9fe03\redhat.java         {manageable} {command line}
   size_t InitialHeapSize                          = 104857600                                 {product} {command line}
   size_t MaxHeapSize                              = 1073741824                                {product} {command line}
   size_t MaxNewSize                               = 357564416                                 {product} {ergonomic}
   size_t MinHeapDeltaBytes                        = 524288                                    {product} {ergonomic}
   size_t MinHeapSize                              = 104857600                                 {product} {command line}
   size_t NewSize                                  = 34603008                                  {product} {ergonomic}
    uintx NonNMethodCodeHeapSize                   = 5839372                                {pd product} {ergonomic}
    uintx NonProfiledCodeHeapSize                  = 122909434                              {pd product} {ergonomic}
   size_t OldSize                                  = 70254592                                  {product} {ergonomic}
    uintx ProfiledCodeHeapSize                     = 122909434                              {pd product} {ergonomic}
    uintx ReservedCodeCacheSize                    = 251658240                              {pd product} {ergonomic}
     bool SegmentedCodeCache                       = true                                      {product} {ergonomic}
   size_t SoftMaxHeapSize                          = 1073741824                             {manageable} {ergonomic}
     bool UseCompressedOops                        = true                           {product lp64_product} {ergonomic}
     bool UseLargePagesIndividualAllocation        = false                                  {pd product} {ergonomic}
     bool UseParallelGC                            = true                                      {product} {command line}

Logging:
Log output configuration:
 #0: stdout all=off uptime,level,tags foldmultilines=false
 #1: stderr all=off uptime,level,tags foldmultilines=false

Environment Variables:
PATH=C:\Program Files (x86)\VMware\VMware Workstation\bin\;C:\Program Files\NVIDIA GPU Computing Toolkit\CUDA\v11.7\bin;C:\Program Files\NVIDIA GPU Computing Toolkit\CUDA\v11.7\libnvvp;C:\Program Files\Java\jdk-17;C:\Program Files\Common Files\Oracle\Java\javapath;C:\Python312\Scripts\;C:\Python312\;C:\Program Files (x86)\Common Files\Oracle\Java\javapath;C:\Program Files\Microsoft MPI\Bin\;C:\Python37-32\Scripts\;C:\Python37-32\;C:\Windows\system32;C:\Windows;C:\Windows\System32\Wbem;C:\Windows\System32\WindowsPowerShell\v1.0\;C:\Windows\System32\OpenSSH\;C:\Program Files (x86)\NVIDIA Corporation\PhysX\Common;C:\Program Files\NVIDIA Corporation\NVIDIA NvDLISR;C:\WINDOWS\system32;C:\WINDOWS;C:\WINDOWS\System32\Wbem;C:\WINDOWS\System32\WindowsPowerShell\v1.0\;C:\WINDOWS\System32\OpenSSH\;C:\Program Files\Git\cmd;C:\Program Files\dotnet\;C:\Program Files (x86)\Microsoft SQL Server\150\DTS\Binn\;C:\Program Files\Azure Data Studio\bin;C:\Program Files (x86)\Microsoft SQL Server\160\Tools\Binn\;C:\Program Files\Microsoft SQL Server\160\Tools\Binn\;C:\Program Files\Microsoft SQL Server\Client SDK\ODBC\170\Tools\Binn\;C:\Program Files\Microsoft SQL Server\160\DTS\Binn\;C:\Program Files (x86)\Microsoft SQL Server\160\DTS\Binn\;C:\Program Files\Microsoft SQL Server\150\Tools\Binn\;C:\ProgramData\chocolatey\bin;C:\Program Files\NVIDIA Corporation\Nsight Compute 2022.2.1\;C:\WINDOWS\system32;C:\WINDOWS;C:\WINDOWS\System32\Wbem;C:\WINDOWS\System32\WindowsPowerShell\v1.0\;C:\WINDOWS\System32\OpenSSH\;C:\Program Files\CMake\bin;D:\dartsdk-windows-x64-release\dart-sdk\bin;C:\Program Files\nodejs\;C:\Users\Ahmed Yasser\AppData\Local\Pub\Cache\bin;C:\Program Files\Amazon\AWSCLIV2\;C:\Users\Ahmed Yasser\Dropbox\PC\Downloads\apache-maven-3.8.8-bin\apache-maven-3.8.8\bin;C:\Program Files\Docker\Docker\resources\bin;C:\ngrok;C:\Users\Ahmed Yasser\AppData\Local\Programs\Python\Python310\Scripts\;C:\Users\Ahmed Yasser\AppData\Local\Programs\Python\Python310\;C:\Users\Ahmed Yasser\AppData\Local\Microsoft\WindowsApps;D:\Microsoft VS Code\bin;C:\Users\Ahmed Yasser\.dotnet\tools;C:\Program Files\Azure Data Studio\bin;C:\MinGW\bin;C:\Program Files\CMake\bin;C:\Users\Ahmed Yasser\AppData\Local\JetBrains\PyCharm Community Edition 2022.2.2\bin;;C:\development\flutter\bin;D:\dartsdk-windows-x64-release\dart-sdk\bin;C:\Users\Ahmed Yasser\AppData\Roaming\npm;C:\Users\Ahmed Yasser\AppData\Local\Pub\Cache\bin;C:\Program Files\Java\jdk-22\bin;C:\ProgramData\chocolatey\lib\terraform\tools;C:\Program Files (x86)\Nmap;C:\Program Files\JetBrains\IntelliJ IDEA Community Edition 2024.3.3\bin;
USERNAME=Ahmed Yasser
OS=Windows_NT
PROCESSOR_IDENTIFIER=Intel64 Family 6 Model 165 Stepping 2, GenuineIntel
TMP=C:\Users\AHMEDY~1\AppData\Local\Temp
TEMP=C:\Users\AHMEDY~1\AppData\Local\Temp




Periodic native trim disabled

---------------  S Y S T E M  ---------------

OS:
 Windows 11 , 64 bit Build 22621 (10.0.22621.5124)
OS uptime: 0 days 5:12 hours
Hyper-V role detected

CPU: total 12 (initial active 12) (6 cores per cpu, 2 threads per core) family 6 model 165 stepping 2 microcode 0xe2, cx8, cmov, fxsr, ht, mmx, 3dnowpref, sse, sse2, sse3, ssse3, sse4.1, sse4.2, popcnt, lzcnt, tsc, tscinvbit, avx, avx2, aes, erms, clmul, bmi1, bmi2, adx, fma, vzeroupper, clflush, clflushopt, hv, rdtscp, f16c
Processor Information for the first 12 processors :
  Max Mhz: 2592, Current Mhz: 2592, Mhz Limit: 2592

Memory: 4k page, system-wide physical 16215M (2669M free)
TotalPageFile size 18263M (AvailPageFile size 5M)
current process WorkingSet (physical memory assigned to process): 670M, peak: 670M
current process commit charge ("private bytes"): 591M, peak: 978M

vm_info: OpenJDK 64-Bit Server VM (21.0.6+7-LTS) for windows-amd64 JRE (21.0.6+7-LTS), built on 2025-01-21T00:00:00Z by "admin" with MS VC++ 17.7 (VS2022)

END.
