#
# There is insufficient memory for the Java Runtime Environment to continue.
# Native memory allocation (malloc) failed to allocate 32744 bytes. Error detail: Chunk::new
# Possible reasons:
#   The system is out of physical RAM or swap space
#   This process is running with CompressedOops enabled, and the Java Heap may be blocking the growth of the native heap
# Possible solutions:
#   Reduce memory load on the system
#   Increase physical memory or swap space
#   Check if swap backing store is full
#   Decrease Java heap size (-Xmx/-Xms)
#   Decrease number of Java threads
#   Decrease Java thread stack sizes (-Xss)
#   Set larger code cache with -XX:ReservedCodeCacheSize=
#   JVM is running with Zero Based Compressed Oops mode in which the Java heap is
#     placed in the first 32GB address space. The Java Heap base address is the
#     maximum limit for the native heap growth. Please use -XX:HeapBaseMinAddress
#     to set the Java Heap base and to place the Java Heap above 32GB virtual address.
# This output file may be truncated or incomplete.
#
#  Out of Memory Error (arena.cpp:150), pid=25392, tid=17524
#
# JRE version: Java(TM) SE Runtime Environment (22.0.1+8) (build 22.0.1+8-16)
# Java VM: Java HotSpot(TM) 64-Bit Server VM (22.0.1+8-16, mixed mode, tiered, compressed oops, compressed class ptrs, g1 gc, windows-amd64)
# No core dump will be written. Minidumps are not enabled by default on client versions of Windows
#

---------------  S U M M A R Y ------------

Command Line: -Dclassworlds.conf=C:\Users\Ahmed Yasser\Dropbox\PC\Downloads\apache-maven-3.8.8-bin\apache-maven-3.8.8\bin\m2.conf -Dmaven.home=C:\Users\Ahmed Yasser\Dropbox\PC\Downloads\apache-maven-3.8.8-bin\apache-maven-3.8.8 -Dlibrary.jansi.path=C:\Users\Ahmed Yasser\Dropbox\PC\Downloads\apache-maven-3.8.8-bin\apache-maven-3.8.8\lib\jansi-native -Dmaven.multiModuleProjectDirectory=D:\Ahmed Yasser 1\DXC Preparation\Final Project\backend\iotproject org.codehaus.plexus.classworlds.launcher.Launcher clean package -DskipTests

Host: Intel(R) Core(TM) i7-10750H CPU @ 2.60GHz, 12 cores, 15G,  Windows 11 , 64 bit Build 22621 (10.0.22621.5124)
Time: Sat Apr 26 19:13:09 2025 Egypt Daylight Time elapsed time: 0.627149 seconds (0d 0h 0m 0s)

---------------  T H R E A D  ---------------

Current thread (0x000001f22d4e2050):  JavaThread "C1 CompilerThread0" daemon [_thread_in_native, id=17524, stack(0x000000800a600000,0x000000800a700000) (1024K)]


Current CompileTask:
C1:627  818       3       java.net.URLStreamHandler::parseURL (1124 bytes)

Stack: [0x000000800a600000,0x000000800a700000]
Native frames: (J=compiled Java code, j=interpreted, Vv=VM code, C=native code)
V  [jvm.dll+0x6e2279]  (no source info available)
V  [jvm.dll+0x874e33]  (no source info available)
V  [jvm.dll+0x87725e]  (no source info available)
V  [jvm.dll+0x877933]  (no source info available)
V  [jvm.dll+0x27fd76]  (no source info available)
V  [jvm.dll+0xc3d0f]  (no source info available)
V  [jvm.dll+0xc3f6b]  (no source info available)
V  [jvm.dll+0x182abe]  (no source info available)
V  [jvm.dll+0x17d2ae]  (no source info available)
V  [jvm.dll+0x16b3b0]  (no source info available)
V  [jvm.dll+0x153d92]  (no source info available)
V  [jvm.dll+0x1535c3]  (no source info available)
V  [jvm.dll+0x1538a0]  (no source info available)
V  [jvm.dll+0x152c1d]  (no source info available)
V  [jvm.dll+0x154add]  (no source info available)
V  [jvm.dll+0x2569fe]  (no source info available)
V  [jvm.dll+0x254cba]  (no source info available)
V  [jvm.dll+0x3f5336]  (no source info available)
V  [jvm.dll+0x81d44b]  (no source info available)
V  [jvm.dll+0x6e0915]  (no source info available)
C  [ucrtbase.dll+0x29333]  (no source info available)
C  [KERNEL32.DLL+0x1259d]  (no source info available)
C  [ntdll.dll+0x5af38]  (no source info available)


---------------  P R O C E S S  ---------------

Threads class SMR info:
_java_thread_list=0x000001f22d645dd0, length=11, elements={
0x000001f20dfa58c0, 0x000001f22d4c6020, 0x000001f22d4b1ff0, 0x000001f22d4bd380,
0x000001f22d4b7910, 0x000001f22d4b9f90, 0x000001f22d4d6fd0, 0x000001f22d4d7970,
0x000001f22d4e2050, 0x000001f22d6705f0, 0x000001f22d67a4b0
}

Java Threads: ( => current thread )
  0x000001f20dfa58c0 JavaThread "main"                              [_thread_in_vm, id=19432, stack(0x0000008009700000,0x0000008009800000) (1024K)]
  0x000001f22d4c6020 JavaThread "Reference Handler"          daemon [_thread_blocked, id=26504, stack(0x0000008009f00000,0x000000800a000000) (1024K)]
  0x000001f22d4b1ff0 JavaThread "Finalizer"                  daemon [_thread_blocked, id=11064, stack(0x000000800a000000,0x000000800a100000) (1024K)]
  0x000001f22d4bd380 JavaThread "Signal Dispatcher"          daemon [_thread_blocked, id=24648, stack(0x000000800a100000,0x000000800a200000) (1024K)]
  0x000001f22d4b7910 JavaThread "Attach Listener"            daemon [_thread_blocked, id=22668, stack(0x000000800a200000,0x000000800a300000) (1024K)]
  0x000001f22d4b9f90 JavaThread "Service Thread"             daemon [_thread_blocked, id=6136, stack(0x000000800a300000,0x000000800a400000) (1024K)]
  0x000001f22d4d6fd0 JavaThread "Monitor Deflation Thread"   daemon [_thread_blocked, id=1288, stack(0x000000800a400000,0x000000800a500000) (1024K)]
  0x000001f22d4d7970 JavaThread "C2 CompilerThread0"         daemon [_thread_blocked, id=6664, stack(0x000000800a500000,0x000000800a600000) (1024K)]
=>0x000001f22d4e2050 JavaThread "C1 CompilerThread0"         daemon [_thread_in_native, id=17524, stack(0x000000800a600000,0x000000800a700000) (1024K)]
  0x000001f22d6705f0 JavaThread "Notification Thread"        daemon [_thread_blocked, id=6512, stack(0x000000800a700000,0x000000800a800000) (1024K)]
  0x000001f22d67a4b0 JavaThread "Common-Cleaner"             daemon [_thread_blocked, id=24484, stack(0x000000800a800000,0x000000800a900000) (1024K)]
Total: 11

Other Threads:
  0x000001f22d40e000 VMThread "VM Thread"                           [id=10924, stack(0x0000008009e00000,0x0000008009f00000) (1024K)]
  0x000001f22d3bf4c0 WatcherThread "VM Periodic Task Thread"        [id=19712, stack(0x0000008009d00000,0x0000008009e00000) (1024K)]
  0x000001f20e0077f0 WorkerThread "GC Thread#0"                     [id=26500, stack(0x0000008009800000,0x0000008009900000) (1024K)]
  0x000001f20e018ef0 ConcurrentGCThread "G1 Main Marker"            [id=12120, stack(0x0000008009900000,0x0000008009a00000) (1024K)]
  0x000001f20e019a00 WorkerThread "G1 Conc#0"                       [id=10104, stack(0x0000008009a00000,0x0000008009b00000) (1024K)]
  0x000001f22d2929f0 ConcurrentGCThread "G1 Refine#0"               [id=22304, stack(0x0000008009b00000,0x0000008009c00000) (1024K)]
  0x000001f22d294190 ConcurrentGCThread "G1 Service"                [id=22488, stack(0x0000008009c00000,0x0000008009d00000) (1024K)]
Total: 7

Threads with active compile tasks:
C1 CompilerThread0  715  818       3       java.net.URLStreamHandler::parseURL (1124 bytes)
Total: 1

VM state: not at safepoint (normal execution)

VM Mutex/Monitor currently owned by a thread: None

Heap address: 0x0000000702a00000, size: 4054 MB, Compressed Oops mode: Zero based, Oop shift amount: 3

CDS archive(s) not mapped
Compressed class space mapped at: 0x00000000b0000000-0x00000000f0000000, reserved size: 1073741824
Narrow klass base: 0x0000000000000000, Narrow klass shift: 0, Narrow klass range: 0xf0000000

GC Precious Log:
 CardTable entry size: 512
 Card Set container configuration: InlinePtr #cards 4 size 8 Array Of Cards #cards 16 size 48 Howl #buckets 8 coarsen threshold 3686 Howl Bitmap #cards 512 size 80 coarsen threshold 460 Card regions per heap region 1 cards per card region 4096
 CPUs: 12 total, 12 available
 Memory: 16215M
 Large Page Support: Disabled
 NUMA Support: Disabled
 Compressed Oops: Enabled (Zero based)
 Heap Region Size: 2M
 Heap Min Capacity: 8M
 Heap Initial Capacity: 254M
 Heap Max Capacity: 4054M
 Pre-touch: Disabled
 Parallel Workers: 10
 Concurrent Workers: 3
 Concurrent Refinement Workers: 10
 Periodic GC: Disabled

Heap:
 garbage-first heap   total reserved 4151296K, committed 260096K, used 12288K [0x0000000702a00000, 0x0000000800000000)
  region size 2048K, 8 young (16384K), 0 survivors (0K)
 Metaspace       used 12831K, committed 12992K, reserved 1114112K
  class space    used 1244K, committed 1344K, reserved 1048576K

Heap Regions: E=young(eden), S=young(survivor), O=old, HS=humongous(starts), HC=humongous(continues), CS=collection set, F=free, TAMS=top-at-mark-start, PB=parsable bottom
|   0|0x0000000702a00000, 0x0000000702a00000, 0x0000000702c00000|  0%| F|  |TAMS 0x0000000702a00000| PB 0x0000000702a00000| Untracked |  0
|   1|0x0000000702c00000, 0x0000000702c00000, 0x0000000702e00000|  0%| F|  |TAMS 0x0000000702c00000| PB 0x0000000702c00000| Untracked |  0
|   2|0x0000000702e00000, 0x0000000702e00000, 0x0000000703000000|  0%| F|  |TAMS 0x0000000702e00000| PB 0x0000000702e00000| Untracked |  0
|   3|0x0000000703000000, 0x0000000703000000, 0x0000000703200000|  0%| F|  |TAMS 0x0000000703000000| PB 0x0000000703000000| Untracked |  0
|   4|0x0000000703200000, 0x0000000703200000, 0x0000000703400000|  0%| F|  |TAMS 0x0000000703200000| PB 0x0000000703200000| Untracked |  0
|   5|0x0000000703400000, 0x0000000703400000, 0x0000000703600000|  0%| F|  |TAMS 0x0000000703400000| PB 0x0000000703400000| Untracked |  0
|   6|0x0000000703600000, 0x0000000703600000, 0x0000000703800000|  0%| F|  |TAMS 0x0000000703600000| PB 0x0000000703600000| Untracked |  0
|   7|0x0000000703800000, 0x0000000703800000, 0x0000000703a00000|  0%| F|  |TAMS 0x0000000703800000| PB 0x0000000703800000| Untracked |  0
|   8|0x0000000703a00000, 0x0000000703a00000, 0x0000000703c00000|  0%| F|  |TAMS 0x0000000703a00000| PB 0x0000000703a00000| Untracked |  0
|   9|0x0000000703c00000, 0x0000000703c00000, 0x0000000703e00000|  0%| F|  |TAMS 0x0000000703c00000| PB 0x0000000703c00000| Untracked |  0
|  10|0x0000000703e00000, 0x0000000703e00000, 0x0000000704000000|  0%| F|  |TAMS 0x0000000703e00000| PB 0x0000000703e00000| Untracked |  0
|  11|0x0000000704000000, 0x0000000704000000, 0x0000000704200000|  0%| F|  |TAMS 0x0000000704000000| PB 0x0000000704000000| Untracked |  0
|  12|0x0000000704200000, 0x0000000704200000, 0x0000000704400000|  0%| F|  |TAMS 0x0000000704200000| PB 0x0000000704200000| Untracked |  0
|  13|0x0000000704400000, 0x0000000704400000, 0x0000000704600000|  0%| F|  |TAMS 0x0000000704400000| PB 0x0000000704400000| Untracked |  0
|  14|0x0000000704600000, 0x0000000704600000, 0x0000000704800000|  0%| F|  |TAMS 0x0000000704600000| PB 0x0000000704600000| Untracked |  0
|  15|0x0000000704800000, 0x0000000704800000, 0x0000000704a00000|  0%| F|  |TAMS 0x0000000704800000| PB 0x0000000704800000| Untracked |  0
|  16|0x0000000704a00000, 0x0000000704a00000, 0x0000000704c00000|  0%| F|  |TAMS 0x0000000704a00000| PB 0x0000000704a00000| Untracked |  0
|  17|0x0000000704c00000, 0x0000000704c00000, 0x0000000704e00000|  0%| F|  |TAMS 0x0000000704c00000| PB 0x0000000704c00000| Untracked |  0
|  18|0x0000000704e00000, 0x0000000704e00000, 0x0000000705000000|  0%| F|  |TAMS 0x0000000704e00000| PB 0x0000000704e00000| Untracked |  0
|  19|0x0000000705000000, 0x0000000705000000, 0x0000000705200000|  0%| F|  |TAMS 0x0000000705000000| PB 0x0000000705000000| Untracked |  0
|  20|0x0000000705200000, 0x0000000705200000, 0x0000000705400000|  0%| F|  |TAMS 0x0000000705200000| PB 0x0000000705200000| Untracked |  0
|  21|0x0000000705400000, 0x0000000705400000, 0x0000000705600000|  0%| F|  |TAMS 0x0000000705400000| PB 0x0000000705400000| Untracked |  0
|  22|0x0000000705600000, 0x0000000705600000, 0x0000000705800000|  0%| F|  |TAMS 0x0000000705600000| PB 0x0000000705600000| Untracked |  0
|  23|0x0000000705800000, 0x0000000705800000, 0x0000000705a00000|  0%| F|  |TAMS 0x0000000705800000| PB 0x0000000705800000| Untracked |  0
|  24|0x0000000705a00000, 0x0000000705a00000, 0x0000000705c00000|  0%| F|  |TAMS 0x0000000705a00000| PB 0x0000000705a00000| Untracked |  0
|  25|0x0000000705c00000, 0x0000000705c00000, 0x0000000705e00000|  0%| F|  |TAMS 0x0000000705c00000| PB 0x0000000705c00000| Untracked |  0
|  26|0x0000000705e00000, 0x0000000705e00000, 0x0000000706000000|  0%| F|  |TAMS 0x0000000705e00000| PB 0x0000000705e00000| Untracked |  0
|  27|0x0000000706000000, 0x0000000706000000, 0x0000000706200000|  0%| F|  |TAMS 0x0000000706000000| PB 0x0000000706000000| Untracked |  0
|  28|0x0000000706200000, 0x0000000706200000, 0x0000000706400000|  0%| F|  |TAMS 0x0000000706200000| PB 0x0000000706200000| Untracked |  0
|  29|0x0000000706400000, 0x0000000706400000, 0x0000000706600000|  0%| F|  |TAMS 0x0000000706400000| PB 0x0000000706400000| Untracked |  0
|  30|0x0000000706600000, 0x0000000706600000, 0x0000000706800000|  0%| F|  |TAMS 0x0000000706600000| PB 0x0000000706600000| Untracked |  0
|  31|0x0000000706800000, 0x0000000706800000, 0x0000000706a00000|  0%| F|  |TAMS 0x0000000706800000| PB 0x0000000706800000| Untracked |  0
|  32|0x0000000706a00000, 0x0000000706a00000, 0x0000000706c00000|  0%| F|  |TAMS 0x0000000706a00000| PB 0x0000000706a00000| Untracked |  0
|  33|0x0000000706c00000, 0x0000000706c00000, 0x0000000706e00000|  0%| F|  |TAMS 0x0000000706c00000| PB 0x0000000706c00000| Untracked |  0
|  34|0x0000000706e00000, 0x0000000706e00000, 0x0000000707000000|  0%| F|  |TAMS 0x0000000706e00000| PB 0x0000000706e00000| Untracked |  0
|  35|0x0000000707000000, 0x0000000707000000, 0x0000000707200000|  0%| F|  |TAMS 0x0000000707000000| PB 0x0000000707000000| Untracked |  0
|  36|0x0000000707200000, 0x0000000707200000, 0x0000000707400000|  0%| F|  |TAMS 0x0000000707200000| PB 0x0000000707200000| Untracked |  0
|  37|0x0000000707400000, 0x0000000707400000, 0x0000000707600000|  0%| F|  |TAMS 0x0000000707400000| PB 0x0000000707400000| Untracked |  0
|  38|0x0000000707600000, 0x0000000707600000, 0x0000000707800000|  0%| F|  |TAMS 0x0000000707600000| PB 0x0000000707600000| Untracked |  0
|  39|0x0000000707800000, 0x0000000707800000, 0x0000000707a00000|  0%| F|  |TAMS 0x0000000707800000| PB 0x0000000707800000| Untracked |  0
|  40|0x0000000707a00000, 0x0000000707a00000, 0x0000000707c00000|  0%| F|  |TAMS 0x0000000707a00000| PB 0x0000000707a00000| Untracked |  0
|  41|0x0000000707c00000, 0x0000000707c00000, 0x0000000707e00000|  0%| F|  |TAMS 0x0000000707c00000| PB 0x0000000707c00000| Untracked |  0
|  42|0x0000000707e00000, 0x0000000707e00000, 0x0000000708000000|  0%| F|  |TAMS 0x0000000707e00000| PB 0x0000000707e00000| Untracked |  0
|  43|0x0000000708000000, 0x0000000708000000, 0x0000000708200000|  0%| F|  |TAMS 0x0000000708000000| PB 0x0000000708000000| Untracked |  0
|  44|0x0000000708200000, 0x0000000708200000, 0x0000000708400000|  0%| F|  |TAMS 0x0000000708200000| PB 0x0000000708200000| Untracked |  0
|  45|0x0000000708400000, 0x0000000708400000, 0x0000000708600000|  0%| F|  |TAMS 0x0000000708400000| PB 0x0000000708400000| Untracked |  0
|  46|0x0000000708600000, 0x0000000708600000, 0x0000000708800000|  0%| F|  |TAMS 0x0000000708600000| PB 0x0000000708600000| Untracked |  0
|  47|0x0000000708800000, 0x0000000708800000, 0x0000000708a00000|  0%| F|  |TAMS 0x0000000708800000| PB 0x0000000708800000| Untracked |  0
|  48|0x0000000708a00000, 0x0000000708a00000, 0x0000000708c00000|  0%| F|  |TAMS 0x0000000708a00000| PB 0x0000000708a00000| Untracked |  0
|  49|0x0000000708c00000, 0x0000000708c00000, 0x0000000708e00000|  0%| F|  |TAMS 0x0000000708c00000| PB 0x0000000708c00000| Untracked |  0
|  50|0x0000000708e00000, 0x0000000708e00000, 0x0000000709000000|  0%| F|  |TAMS 0x0000000708e00000| PB 0x0000000708e00000| Untracked |  0
|  51|0x0000000709000000, 0x0000000709000000, 0x0000000709200000|  0%| F|  |TAMS 0x0000000709000000| PB 0x0000000709000000| Untracked |  0
|  52|0x0000000709200000, 0x0000000709200000, 0x0000000709400000|  0%| F|  |TAMS 0x0000000709200000| PB 0x0000000709200000| Untracked |  0
|  53|0x0000000709400000, 0x0000000709400000, 0x0000000709600000|  0%| F|  |TAMS 0x0000000709400000| PB 0x0000000709400000| Untracked |  0
|  54|0x0000000709600000, 0x0000000709600000, 0x0000000709800000|  0%| F|  |TAMS 0x0000000709600000| PB 0x0000000709600000| Untracked |  0
|  55|0x0000000709800000, 0x0000000709800000, 0x0000000709a00000|  0%| F|  |TAMS 0x0000000709800000| PB 0x0000000709800000| Untracked |  0
|  56|0x0000000709a00000, 0x0000000709a00000, 0x0000000709c00000|  0%| F|  |TAMS 0x0000000709a00000| PB 0x0000000709a00000| Untracked |  0
|  57|0x0000000709c00000, 0x0000000709c00000, 0x0000000709e00000|  0%| F|  |TAMS 0x0000000709c00000| PB 0x0000000709c00000| Untracked |  0
|  58|0x0000000709e00000, 0x0000000709e00000, 0x000000070a000000|  0%| F|  |TAMS 0x0000000709e00000| PB 0x0000000709e00000| Untracked |  0
|  59|0x000000070a000000, 0x000000070a000000, 0x000000070a200000|  0%| F|  |TAMS 0x000000070a000000| PB 0x000000070a000000| Untracked |  0
|  60|0x000000070a200000, 0x000000070a200000, 0x000000070a400000|  0%| F|  |TAMS 0x000000070a200000| PB 0x000000070a200000| Untracked |  0
|  61|0x000000070a400000, 0x000000070a400000, 0x000000070a600000|  0%| F|  |TAMS 0x000000070a400000| PB 0x000000070a400000| Untracked |  0
|  62|0x000000070a600000, 0x000000070a600000, 0x000000070a800000|  0%| F|  |TAMS 0x000000070a600000| PB 0x000000070a600000| Untracked |  0
|  63|0x000000070a800000, 0x000000070a800000, 0x000000070aa00000|  0%| F|  |TAMS 0x000000070a800000| PB 0x000000070a800000| Untracked |  0
|  64|0x000000070aa00000, 0x000000070aa00000, 0x000000070ac00000|  0%| F|  |TAMS 0x000000070aa00000| PB 0x000000070aa00000| Untracked |  0
|  65|0x000000070ac00000, 0x000000070ac00000, 0x000000070ae00000|  0%| F|  |TAMS 0x000000070ac00000| PB 0x000000070ac00000| Untracked |  0
|  66|0x000000070ae00000, 0x000000070ae00000, 0x000000070b000000|  0%| F|  |TAMS 0x000000070ae00000| PB 0x000000070ae00000| Untracked |  0
|  67|0x000000070b000000, 0x000000070b000000, 0x000000070b200000|  0%| F|  |TAMS 0x000000070b000000| PB 0x000000070b000000| Untracked |  0
|  68|0x000000070b200000, 0x000000070b200000, 0x000000070b400000|  0%| F|  |TAMS 0x000000070b200000| PB 0x000000070b200000| Untracked |  0
|  69|0x000000070b400000, 0x000000070b400000, 0x000000070b600000|  0%| F|  |TAMS 0x000000070b400000| PB 0x000000070b400000| Untracked |  0
|  70|0x000000070b600000, 0x000000070b600000, 0x000000070b800000|  0%| F|  |TAMS 0x000000070b600000| PB 0x000000070b600000| Untracked |  0
|  71|0x000000070b800000, 0x000000070b800000, 0x000000070ba00000|  0%| F|  |TAMS 0x000000070b800000| PB 0x000000070b800000| Untracked |  0
|  72|0x000000070ba00000, 0x000000070ba00000, 0x000000070bc00000|  0%| F|  |TAMS 0x000000070ba00000| PB 0x000000070ba00000| Untracked |  0
|  73|0x000000070bc00000, 0x000000070bc00000, 0x000000070be00000|  0%| F|  |TAMS 0x000000070bc00000| PB 0x000000070bc00000| Untracked |  0
|  74|0x000000070be00000, 0x000000070be00000, 0x000000070c000000|  0%| F|  |TAMS 0x000000070be00000| PB 0x000000070be00000| Untracked |  0
|  75|0x000000070c000000, 0x000000070c000000, 0x000000070c200000|  0%| F|  |TAMS 0x000000070c000000| PB 0x000000070c000000| Untracked |  0
|  76|0x000000070c200000, 0x000000070c200000, 0x000000070c400000|  0%| F|  |TAMS 0x000000070c200000| PB 0x000000070c200000| Untracked |  0
|  77|0x000000070c400000, 0x000000070c400000, 0x000000070c600000|  0%| F|  |TAMS 0x000000070c400000| PB 0x000000070c400000| Untracked |  0
|  78|0x000000070c600000, 0x000000070c600000, 0x000000070c800000|  0%| F|  |TAMS 0x000000070c600000| PB 0x000000070c600000| Untracked |  0
|  79|0x000000070c800000, 0x000000070c800000, 0x000000070ca00000|  0%| F|  |TAMS 0x000000070c800000| PB 0x000000070c800000| Untracked |  0
|  80|0x000000070ca00000, 0x000000070ca00000, 0x000000070cc00000|  0%| F|  |TAMS 0x000000070ca00000| PB 0x000000070ca00000| Untracked |  0
|  81|0x000000070cc00000, 0x000000070cc00000, 0x000000070ce00000|  0%| F|  |TAMS 0x000000070cc00000| PB 0x000000070cc00000| Untracked |  0
|  82|0x000000070ce00000, 0x000000070ce00000, 0x000000070d000000|  0%| F|  |TAMS 0x000000070ce00000| PB 0x000000070ce00000| Untracked |  0
|  83|0x000000070d000000, 0x000000070d000000, 0x000000070d200000|  0%| F|  |TAMS 0x000000070d000000| PB 0x000000070d000000| Untracked |  0
|  84|0x000000070d200000, 0x000000070d200000, 0x000000070d400000|  0%| F|  |TAMS 0x000000070d200000| PB 0x000000070d200000| Untracked |  0
|  85|0x000000070d400000, 0x000000070d400000, 0x000000070d600000|  0%| F|  |TAMS 0x000000070d400000| PB 0x000000070d400000| Untracked |  0
|  86|0x000000070d600000, 0x000000070d600000, 0x000000070d800000|  0%| F|  |TAMS 0x000000070d600000| PB 0x000000070d600000| Untracked |  0
|  87|0x000000070d800000, 0x000000070d800000, 0x000000070da00000|  0%| F|  |TAMS 0x000000070d800000| PB 0x000000070d800000| Untracked |  0
|  88|0x000000070da00000, 0x000000070da00000, 0x000000070dc00000|  0%| F|  |TAMS 0x000000070da00000| PB 0x000000070da00000| Untracked |  0
|  89|0x000000070dc00000, 0x000000070dc00000, 0x000000070de00000|  0%| F|  |TAMS 0x000000070dc00000| PB 0x000000070dc00000| Untracked |  0
|  90|0x000000070de00000, 0x000000070de00000, 0x000000070e000000|  0%| F|  |TAMS 0x000000070de00000| PB 0x000000070de00000| Untracked |  0
|  91|0x000000070e000000, 0x000000070e000000, 0x000000070e200000|  0%| F|  |TAMS 0x000000070e000000| PB 0x000000070e000000| Untracked |  0
|  92|0x000000070e200000, 0x000000070e200000, 0x000000070e400000|  0%| F|  |TAMS 0x000000070e200000| PB 0x000000070e200000| Untracked |  0
|  93|0x000000070e400000, 0x000000070e400000, 0x000000070e600000|  0%| F|  |TAMS 0x000000070e400000| PB 0x000000070e400000| Untracked |  0
|  94|0x000000070e600000, 0x000000070e600000, 0x000000070e800000|  0%| F|  |TAMS 0x000000070e600000| PB 0x000000070e600000| Untracked |  0
|  95|0x000000070e800000, 0x000000070e800000, 0x000000070ea00000|  0%| F|  |TAMS 0x000000070e800000| PB 0x000000070e800000| Untracked |  0
|  96|0x000000070ea00000, 0x000000070ea00000, 0x000000070ec00000|  0%| F|  |TAMS 0x000000070ea00000| PB 0x000000070ea00000| Untracked |  0
|  97|0x000000070ec00000, 0x000000070ec00000, 0x000000070ee00000|  0%| F|  |TAMS 0x000000070ec00000| PB 0x000000070ec00000| Untracked |  0
|  98|0x000000070ee00000, 0x000000070ee00000, 0x000000070f000000|  0%| F|  |TAMS 0x000000070ee00000| PB 0x000000070ee00000| Untracked |  0
|  99|0x000000070f000000, 0x000000070f000000, 0x000000070f200000|  0%| F|  |TAMS 0x000000070f000000| PB 0x000000070f000000| Untracked |  0
| 100|0x000000070f200000, 0x000000070f200000, 0x000000070f400000|  0%| F|  |TAMS 0x000000070f200000| PB 0x000000070f200000| Untracked |  0
| 101|0x000000070f400000, 0x000000070f400000, 0x000000070f600000|  0%| F|  |TAMS 0x000000070f400000| PB 0x000000070f400000| Untracked |  0
| 102|0x000000070f600000, 0x000000070f600000, 0x000000070f800000|  0%| F|  |TAMS 0x000000070f600000| PB 0x000000070f600000| Untracked |  0
| 103|0x000000070f800000, 0x000000070f800000, 0x000000070fa00000|  0%| F|  |TAMS 0x000000070f800000| PB 0x000000070f800000| Untracked |  0
| 104|0x000000070fa00000, 0x000000070fa00000, 0x000000070fc00000|  0%| F|  |TAMS 0x000000070fa00000| PB 0x000000070fa00000| Untracked |  0
| 105|0x000000070fc00000, 0x000000070fc00000, 0x000000070fe00000|  0%| F|  |TAMS 0x000000070fc00000| PB 0x000000070fc00000| Untracked |  0
| 106|0x000000070fe00000, 0x000000070fe00000, 0x0000000710000000|  0%| F|  |TAMS 0x000000070fe00000| PB 0x000000070fe00000| Untracked |  0
| 107|0x0000000710000000, 0x0000000710000000, 0x0000000710200000|  0%| F|  |TAMS 0x0000000710000000| PB 0x0000000710000000| Untracked |  0
| 108|0x0000000710200000, 0x0000000710200000, 0x0000000710400000|  0%| F|  |TAMS 0x0000000710200000| PB 0x0000000710200000| Untracked |  0
| 109|0x0000000710400000, 0x0000000710400000, 0x0000000710600000|  0%| F|  |TAMS 0x0000000710400000| PB 0x0000000710400000| Untracked |  0
| 110|0x0000000710600000, 0x0000000710600000, 0x0000000710800000|  0%| F|  |TAMS 0x0000000710600000| PB 0x0000000710600000| Untracked |  0
| 111|0x0000000710800000, 0x0000000710800000, 0x0000000710a00000|  0%| F|  |TAMS 0x0000000710800000| PB 0x0000000710800000| Untracked |  0
| 112|0x0000000710a00000, 0x0000000710a00000, 0x0000000710c00000|  0%| F|  |TAMS 0x0000000710a00000| PB 0x0000000710a00000| Untracked |  0
| 113|0x0000000710c00000, 0x0000000710c00000, 0x0000000710e00000|  0%| F|  |TAMS 0x0000000710c00000| PB 0x0000000710c00000| Untracked |  0
| 114|0x0000000710e00000, 0x0000000710e00000, 0x0000000711000000|  0%| F|  |TAMS 0x0000000710e00000| PB 0x0000000710e00000| Untracked |  0
| 115|0x0000000711000000, 0x0000000711000000, 0x0000000711200000|  0%| F|  |TAMS 0x0000000711000000| PB 0x0000000711000000| Untracked |  0
| 116|0x0000000711200000, 0x0000000711200000, 0x0000000711400000|  0%| F|  |TAMS 0x0000000711200000| PB 0x0000000711200000| Untracked |  0
| 117|0x0000000711400000, 0x0000000711400000, 0x0000000711600000|  0%| F|  |TAMS 0x0000000711400000| PB 0x0000000711400000| Untracked |  0
| 118|0x0000000711600000, 0x0000000711600000, 0x0000000711800000|  0%| F|  |TAMS 0x0000000711600000| PB 0x0000000711600000| Untracked |  0
| 119|0x0000000711800000, 0x0000000711a00000, 0x0000000711a00000|100%| E|  |TAMS 0x0000000711800000| PB 0x0000000711800000| Complete |  0
| 120|0x0000000711a00000, 0x0000000711c00000, 0x0000000711c00000|100%| E|CS|TAMS 0x0000000711a00000| PB 0x0000000711a00000| Complete |  0
| 121|0x0000000711c00000, 0x0000000711e00000, 0x0000000711e00000|100%| E|CS|TAMS 0x0000000711c00000| PB 0x0000000711c00000| Complete |  0
| 122|0x0000000711e00000, 0x0000000712000000, 0x0000000712000000|100%| E|CS|TAMS 0x0000000711e00000| PB 0x0000000711e00000| Complete |  0
| 123|0x0000000712000000, 0x0000000712200000, 0x0000000712200000|100%| E|CS|TAMS 0x0000000712000000| PB 0x0000000712000000| Complete |  0
| 124|0x0000000712200000, 0x0000000712400000, 0x0000000712400000|100%| E|  |TAMS 0x0000000712200000| PB 0x0000000712200000| Complete |  0
| 125|0x0000000712400000, 0x0000000712600000, 0x0000000712600000|100%| E|CS|TAMS 0x0000000712400000| PB 0x0000000712400000| Complete |  0
| 126|0x0000000712600000, 0x0000000712800000, 0x0000000712800000|100%| E|CS|TAMS 0x0000000712600000| PB 0x0000000712600000| Complete |  0

Card table byte_map: [0x000001f226030000,0x000001f226820000] _byte_map_base: 0x000001f22281b000

Marking Bits: (CMBitMap*) 0x000001f20e008710
 Bits: [0x000001f226820000, 0x000001f22a778000)

Polling page: 0x000001f20bf00000

Metaspace:

Usage:
  Non-class:     11.36 MB used.
      Class:      1.22 MB used.
       Both:     12.58 MB used.

Virtual space:
  Non-class space:       64.00 MB reserved,      11.50 MB ( 18%) committed,  1 nodes.
      Class space:        1.00 GB reserved,       1.31 MB ( <1%) committed,  1 nodes.
             Both:        1.06 GB reserved,      12.81 MB (  1%) committed. 

Chunk freelists:
   Non-Class:  3.92 MB
       Class:  14.52 MB
        Both:  18.44 MB

MaxMetaspaceSize: unlimited
CompressedClassSpaceSize: 1.00 GB
Initial GC threshold: 21.00 MB
Current GC threshold: 21.00 MB
CDS: off
 - commit_granule_bytes: 65536.
 - commit_granule_words: 8192.
 - virtual_space_node_default_size: 8388608.
 - enlarge_chunks_in_place: 1.
 - use_allocation_guard: 0.


Internal statistics:

num_allocs_failed_limit: 0.
num_arena_births: 34.
num_arena_deaths: 0.
num_vsnodes_births: 2.
num_vsnodes_deaths: 0.
num_space_committed: 205.
num_space_uncommitted: 0.
num_chunks_returned_to_freelist: 0.
num_chunks_taken_from_freelist: 171.
num_chunk_merges: 0.
num_chunk_splits: 110.
num_chunks_enlarged: 90.
num_inconsistent_stats: 0.

CodeHeap 'non-profiled nmethods': size=120000Kb used=267Kb max_used=267Kb free=119732Kb
 bounds [0x000001f21ddb0000, 0x000001f21e020000, 0x000001f2252e0000]
CodeHeap 'profiled nmethods': size=120000Kb used=1438Kb max_used=1438Kb free=118561Kb
 bounds [0x000001f2162e0000, 0x000001f216550000, 0x000001f21d810000]
CodeHeap 'non-nmethods': size=5760Kb used=1355Kb max_used=1372Kb free=4404Kb
 bounds [0x000001f21d810000, 0x000001f21da80000, 0x000001f21ddb0000]
 total_blobs=1291 nmethods=832 adapters=364
 compilation: enabled
              stopped_count=0, restarted_count=0
 full_count=0

Compilation events (20 events):
Event: 0.616 Thread 0x000001f22d4e2050  809       3       java.util.zip.ZipFile$ZipFileInflaterInputStream::<init> (14 bytes)
Event: 0.616 Thread 0x000001f22d4e2050 nmethod 809 0x000001f216441510 code [0x000001f2164416c0, 0x000001f216441878]
Event: 0.616 Thread 0x000001f22d4e2050  810   !   3       java.util.zip.ZipFile$CleanableResource::getInflater (47 bytes)
Event: 0.616 Thread 0x000001f22d4e2050 nmethod 810 0x000001f216441990 code [0x000001f216441b60, 0x000001f216442020]
Event: 0.616 Thread 0x000001f22d4e2050  811       3       java.util.ArrayDeque::poll (5 bytes)
Event: 0.616 Thread 0x000001f22d4e2050 nmethod 811 0x000001f216442210 code [0x000001f2164423c0, 0x000001f216442518]
Event: 0.616 Thread 0x000001f22d4e2050  812       3       java.util.zip.ZipFile$ZipFileInflaterInputStream::<init> (41 bytes)
Event: 0.616 Thread 0x000001f22d4e2050 nmethod 812 0x000001f216442610 code [0x000001f216442800, 0x000001f216442cc0]
Event: 0.616 Thread 0x000001f22d4e2050  813       3       java.util.zip.InflaterInputStream::<init> (70 bytes)
Event: 0.617 Thread 0x000001f22d4e2050 nmethod 813 0x000001f216442e90 code [0x000001f216443080, 0x000001f216443770]
Event: 0.617 Thread 0x000001f22d4e2050  814   !   3       java.util.zip.ZipFile$Source::readAt (39 bytes)
Event: 0.617 Thread 0x000001f22d4e2050 nmethod 814 0x000001f216443910 code [0x000001f216443ae0, 0x000001f216443e30]
Event: 0.617 Thread 0x000001f22d4e2050  815       3       java.util.zip.InflaterInputStream::close (34 bytes)
Event: 0.617 Thread 0x000001f22d4e2050 nmethod 815 0x000001f216444090 code [0x000001f216444240, 0x000001f2164444d8]
Event: 0.617 Thread 0x000001f22d4e2050  816   !   3       java.util.zip.Inflater::setInput (56 bytes)
Event: 0.617 Thread 0x000001f22d4e2050 nmethod 816 0x000001f216444610 code [0x000001f2164447e0, 0x000001f216444bc8]
Event: 0.617 Thread 0x000001f22d4e2050  817       3       java.net.URLClassLoader::isSealed (72 bytes)
Event: 0.617 Thread 0x000001f22d4d7970 nmethod 801 0x000001f21ddead90 code [0x000001f21ddeaf60, 0x000001f21ddeb6a8]
Event: 0.619 Thread 0x000001f22d4e2050 nmethod 817 0x000001f216444d90 code [0x000001f2164451e0, 0x000001f216446e00]
Event: 0.619 Thread 0x000001f22d4e2050  818       3       java.net.URLStreamHandler::parseURL (1124 bytes)

GC Heap History (0 events):
No events

Dll operation events (8 events):
Event: 0.010 Loaded shared library C:\Program Files\Java\jdk-22\bin\java.dll
Event: 0.060 Loaded shared library C:\Program Files\Java\jdk-22\bin\jsvml.dll
Event: 0.118 Loaded shared library C:\Program Files\Java\jdk-22\bin\net.dll
Event: 0.121 Loaded shared library C:\Program Files\Java\jdk-22\bin\nio.dll
Event: 0.128 Loaded shared library C:\Program Files\Java\jdk-22\bin\zip.dll
Event: 0.289 Loaded shared library C:\Program Files\Java\jdk-22\bin\jimage.dll
Event: 0.298 Loaded shared library C:\Users\Ahmed Yasser\Dropbox\PC\Downloads\apache-maven-3.8.8-bin\apache-maven-3.8.8\lib\jansi-native\Windows\x86_64\jansi.dll
Event: 0.311 Loaded shared library C:\Program Files\Java\jdk-22\bin\verify.dll

Deoptimization events (20 events):
Event: 0.216 Thread 0x000001f20dfa58c0 Uncommon trap: trap_request=0xffffff45 fr.pc=0x000001f21ddb9d6c relative=0x00000000000002ac
Event: 0.217 Thread 0x000001f20dfa58c0 Uncommon trap: reason=unstable_if action=reinterpret pc=0x000001f21ddb9d6c method=java.lang.StringLatin1.hashCode([B)I @ 2 c2
Event: 0.217 Thread 0x000001f20dfa58c0 DEOPT PACKING pc=0x000001f21ddb9d6c sp=0x00000080097fa840
Event: 0.217 Thread 0x000001f20dfa58c0 DEOPT UNPACKING pc=0x000001f21d8646a2 sp=0x00000080097fa778 mode 2
Event: 0.247 Thread 0x000001f20dfa58c0 Uncommon trap: trap_request=0xffffff45 fr.pc=0x000001f21ddb8104 relative=0x0000000000000164
Event: 0.247 Thread 0x000001f20dfa58c0 Uncommon trap: reason=unstable_if action=reinterpret pc=0x000001f21ddb8104 method=java.lang.StringCoding.countPositives([BII)I @ 17 c2
Event: 0.247 Thread 0x000001f20dfa58c0 DEOPT PACKING pc=0x000001f21ddb8104 sp=0x00000080097fa210
Event: 0.247 Thread 0x000001f20dfa58c0 DEOPT UNPACKING pc=0x000001f21d8646a2 sp=0x00000080097fa1b0 mode 2
Event: 0.394 Thread 0x000001f20dfa58c0 DEOPT PACKING pc=0x000001f2163436a5 sp=0x00000080097f8350
Event: 0.394 Thread 0x000001f20dfa58c0 DEOPT UNPACKING pc=0x000001f21d864e42 sp=0x00000080097f77a0 mode 0
Event: 0.487 Thread 0x000001f20dfa58c0 Uncommon trap: trap_request=0xffffff45 fr.pc=0x000001f21ddb7058 relative=0x00000000000004f8
Event: 0.487 Thread 0x000001f20dfa58c0 Uncommon trap: reason=unstable_if action=reinterpret pc=0x000001f21ddb7058 method=java.lang.StringLatin1.canEncode(C)Z @ 4 c2
Event: 0.487 Thread 0x000001f20dfa58c0 DEOPT PACKING pc=0x000001f21ddb7058 sp=0x00000080097fe020
Event: 0.487 Thread 0x000001f20dfa58c0 DEOPT UNPACKING pc=0x000001f21d8646a2 sp=0x00000080097fdf50 mode 2
Event: 0.487 Thread 0x000001f20dfa58c0 Uncommon trap: trap_request=0xffffff45 fr.pc=0x000001f21ddd3438 relative=0x00000000000004d8
Event: 0.487 Thread 0x000001f20dfa58c0 Uncommon trap: reason=unstable_if action=reinterpret pc=0x000001f21ddd3438 method=java.lang.AbstractStringBuilder.isLatin1()Z @ 10 c2
Event: 0.487 Thread 0x000001f20dfa58c0 DEOPT PACKING pc=0x000001f21ddd3438 sp=0x00000080097fe040
Event: 0.487 Thread 0x000001f20dfa58c0 DEOPT UNPACKING pc=0x000001f21d8646a2 sp=0x00000080097fdfd0 mode 2
Event: 0.561 Thread 0x000001f20dfa58c0 DEOPT PACKING pc=0x000001f2163156c3 sp=0x00000080097fd990
Event: 0.561 Thread 0x000001f20dfa58c0 DEOPT UNPACKING pc=0x000001f21d864e42 sp=0x00000080097fce08 mode 0

Classes loaded (20 events):
Event: 0.586 Loading class jdk/internal/logger/BootstrapLogger$RedirectedLoggers
Event: 0.586 Loading class jdk/internal/logger/BootstrapLogger$RedirectedLoggers done
Event: 0.586 Loading class jdk/internal/logger/BootstrapLogger$BootstrapExecutors
Event: 0.586 Loading class jdk/internal/logger/BootstrapLogger$BootstrapExecutors done
Event: 0.586 Loading class java/util/logging/LogManager$4
Event: 0.586 Loading class java/util/logging/LogManager$4 done
Event: 0.587 Loading class java/util/logging/Logger$SystemLoggerHelper
Event: 0.587 Loading class java/util/logging/Logger$SystemLoggerHelper done
Event: 0.587 Loading class java/util/logging/Logger$SystemLoggerHelper$1
Event: 0.587 Loading class java/util/logging/Logger$SystemLoggerHelper$1 done
Event: 0.587 Loading class jdk/internal/logger/DefaultLoggerFinder$1
Event: 0.587 Loading class jdk/internal/logger/DefaultLoggerFinder$1 done
Event: 0.599 Loading class java/util/NoSuchElementException
Event: 0.599 Loading class java/util/NoSuchElementException done
Event: 0.601 Loading class jdk/internal/foreign/MemorySessionImpl
Event: 0.601 Loading class java/lang/foreign/MemorySegment$Scope
Event: 0.601 Loading class java/lang/foreign/MemorySegment$Scope done
Event: 0.601 Loading class jdk/internal/foreign/MemorySessionImpl done
Event: 0.620 Loading class java/util/Arrays$ArrayItr
Event: 0.620 Loading class java/util/Arrays$ArrayItr done

Classes unloaded (0 events):
No events

Classes redefined (0 events):
No events

Internal exceptions (10 events):
Event: 0.274 Thread 0x000001f20dfa58c0 Exception <a 'java/lang/NoSuchMethodError'{0x00000007122b02d8}: 'java.lang.Object java.lang.invoke.Invokers$Holder.invokeExact_MT(java.lang.Object, java.lang.Object, java.lang.Object, java.lang.Object, java.lang.Object)'> (0x00000007122b02d8) 
thrown [s\open\src\hotspot\share\interpreter\linkResolver.cpp, line 774]
Event: 0.285 Thread 0x000001f20dfa58c0 Exception <a 'java/lang/NullPointerException'{0x00000007123086a0}> (0x00000007123086a0) 
thrown [s\open\src\hotspot\share\interpreter\linkResolver.cpp, line 1374]
Event: 0.302 Thread 0x000001f20dfa58c0 Exception <a 'java/lang/NullPointerException'{0x0000000712349608}> (0x0000000712349608) 
thrown [s\open\src\hotspot\share\interpreter\linkResolver.cpp, line 1374]
Event: 0.302 Thread 0x000001f20dfa58c0 Exception <a 'java/lang/NullPointerException'{0x00000007123498e8}> (0x00000007123498e8) 
thrown [s\open\src\hotspot\share\interpreter\linkResolver.cpp, line 1374]
Event: 0.302 Thread 0x000001f20dfa58c0 Exception <a 'java/lang/NullPointerException'{0x0000000712349bc8}> (0x0000000712349bc8) 
thrown [s\open\src\hotspot\share\interpreter\linkResolver.cpp, line 1374]
Event: 0.302 Thread 0x000001f20dfa58c0 Exception <a 'java/lang/NullPointerException'{0x000000071234ec88}> (0x000000071234ec88) 
thrown [s\open\src\hotspot\share\interpreter\linkResolver.cpp, line 1374]
Event: 0.305 Thread 0x000001f20dfa58c0 Exception <a 'java/lang/NullPointerException'{0x0000000712362140}> (0x0000000712362140) 
thrown [s\open\src\hotspot\share\interpreter\linkResolver.cpp, line 1374]
Event: 0.305 Thread 0x000001f20dfa58c0 Exception <a 'java/lang/NullPointerException'{0x0000000712362420}> (0x0000000712362420) 
thrown [s\open\src\hotspot\share\interpreter\linkResolver.cpp, line 1374]
Event: 0.305 Thread 0x000001f20dfa58c0 Exception <a 'java/lang/NullPointerException'{0x0000000712362700}> (0x0000000712362700) 
thrown [s\open\src\hotspot\share\interpreter\linkResolver.cpp, line 1374]
Event: 0.305 Thread 0x000001f20dfa58c0 Exception <a 'java/lang/NullPointerException'{0x00000007123629e0}> (0x00000007123629e0) 
thrown [s\open\src\hotspot\share\interpreter\linkResolver.cpp, line 1374]

ZGC Phase Switch (0 events):
No events

VM Operations (6 events):
Event: 0.130 Executing VM operation: HandshakeAllThreads (Deoptimize)
Event: 0.130 Executing VM operation: HandshakeAllThreads (Deoptimize) done
Event: 0.284 Executing VM operation: HandshakeAllThreads (Deoptimize)
Event: 0.284 Executing VM operation: HandshakeAllThreads (Deoptimize) done
Event: 0.292 Executing VM operation: HandshakeAllThreads (Deoptimize)
Event: 0.292 Executing VM operation: HandshakeAllThreads (Deoptimize) done

Events (11 events):
Event: 0.018 Thread 0x000001f20dfa58c0 Thread added: 0x000001f20dfa58c0
Event: 0.056 Thread 0x000001f22d4c6020 Thread added: 0x000001f22d4c6020
Event: 0.056 Thread 0x000001f22d4b1ff0 Thread added: 0x000001f22d4b1ff0
Event: 0.057 Thread 0x000001f22d4bd380 Thread added: 0x000001f22d4bd380
Event: 0.057 Thread 0x000001f22d4b7910 Thread added: 0x000001f22d4b7910
Event: 0.058 Thread 0x000001f22d4b9f90 Thread added: 0x000001f22d4b9f90
Event: 0.058 Thread 0x000001f22d4d6fd0 Thread added: 0x000001f22d4d6fd0
Event: 0.058 Thread 0x000001f22d4d7970 Thread added: 0x000001f22d4d7970
Event: 0.058 Thread 0x000001f22d4e2050 Thread added: 0x000001f22d4e2050
Event: 0.100 Thread 0x000001f22d6705f0 Thread added: 0x000001f22d6705f0
Event: 0.105 Thread 0x000001f22d67a4b0 Thread added: 0x000001f22d67a4b0


Dynamic libraries:
0x00007ff618040000 - 0x00007ff618050000 	C:\Program Files\Java\jdk-22\bin\java.exe
0x00007ffd35710000 - 0x00007ffd35927000 	C:\WINDOWS\SYSTEM32\ntdll.dll
0x00007ffd338b0000 - 0x00007ffd33974000 	C:\WINDOWS\System32\KERNEL32.DLL
0x00007ffd32ae0000 - 0x00007ffd32eb3000 	C:\WINDOWS\System32\KERNELBASE.dll
0x00007ffd32820000 - 0x00007ffd32931000 	C:\WINDOWS\System32\ucrtbase.dll
0x00007ffd2afb0000 - 0x00007ffd2afcb000 	C:\Program Files\Java\jdk-22\bin\VCRUNTIME140.dll
0x00007ffd2c560000 - 0x00007ffd2c577000 	C:\Program Files\Java\jdk-22\bin\jli.dll
0x00007ffd33490000 - 0x00007ffd33541000 	C:\WINDOWS\System32\ADVAPI32.dll
0x00007ffd34bc0000 - 0x00007ffd34c67000 	C:\WINDOWS\System32\msvcrt.dll
0x00007ffd33980000 - 0x00007ffd33a28000 	C:\WINDOWS\System32\sechost.dll
0x00007ffd32940000 - 0x00007ffd32968000 	C:\WINDOWS\System32\bcrypt.dll
0x00007ffd33dc0000 - 0x00007ffd33ed4000 	C:\WINDOWS\System32\RPCRT4.dll
0x00007ffd34c70000 - 0x00007ffd34e21000 	C:\WINDOWS\System32\USER32.dll
0x00007ffd32fe0000 - 0x00007ffd33006000 	C:\WINDOWS\System32\win32u.dll
0x00007ffd19c70000 - 0x00007ffd19f08000 	C:\WINDOWS\WinSxS\amd64_microsoft.windows.common-controls_6595b64144ccf1df_6.0.22621.5124_none_270e8f4f7386d69d\COMCTL32.dll
0x00007ffd33ee0000 - 0x00007ffd33f09000 	C:\WINDOWS\System32\GDI32.dll
0x00007ffd32ec0000 - 0x00007ffd32fdb000 	C:\WINDOWS\System32\gdi32full.dll
0x00007ffd331d0000 - 0x00007ffd3326a000 	C:\WINDOWS\System32\msvcp_win.dll
0x00007ffd28ae0000 - 0x00007ffd28aea000 	C:\WINDOWS\SYSTEM32\VERSION.dll
0x00007ffd348b0000 - 0x00007ffd348e1000 	C:\WINDOWS\System32\IMM32.DLL
0x00007ffd2c610000 - 0x00007ffd2c61c000 	C:\Program Files\Java\jdk-22\bin\vcruntime140_1.dll
0x00007ffd072a0000 - 0x00007ffd0732e000 	C:\Program Files\Java\jdk-22\bin\msvcp140.dll
0x00007ffcd86d0000 - 0x00007ffcd9417000 	C:\Program Files\Java\jdk-22\bin\server\jvm.dll
0x00007ffd33830000 - 0x00007ffd338a1000 	C:\WINDOWS\System32\WS2_32.dll
0x00007ffd318b0000 - 0x00007ffd318fd000 	C:\WINDOWS\SYSTEM32\POWRPROF.dll
0x00007ffd2a4c0000 - 0x00007ffd2a4f4000 	C:\WINDOWS\SYSTEM32\WINMM.dll
0x00007ffd31890000 - 0x00007ffd318a3000 	C:\WINDOWS\SYSTEM32\UMPDC.dll
0x00007ffd31900000 - 0x00007ffd31918000 	C:\WINDOWS\SYSTEM32\kernel.appcore.dll
0x00007ffd1fbe0000 - 0x00007ffd1fbea000 	C:\Program Files\Java\jdk-22\bin\jimage.dll
0x00007ffd2fab0000 - 0x00007ffd2fce2000 	C:\WINDOWS\SYSTEM32\DBGHELP.DLL
0x00007ffd33fa0000 - 0x00007ffd34332000 	C:\WINDOWS\System32\combase.dll
0x00007ffd34a50000 - 0x00007ffd34b27000 	C:\WINDOWS\System32\OLEAUT32.dll
0x00007ffd0cbd0000 - 0x00007ffd0cc02000 	C:\WINDOWS\SYSTEM32\dbgcore.DLL
0x00007ffd33270000 - 0x00007ffd332eb000 	C:\WINDOWS\System32\bcryptPrimitives.dll
0x00007ffd1f9f0000 - 0x00007ffd1fa0e000 	C:\Program Files\Java\jdk-22\bin\java.dll
0x00007ffd34e30000 - 0x00007ffd356c6000 	C:\WINDOWS\System32\SHELL32.dll
0x00007ffd33090000 - 0x00007ffd331cf000 	C:\WINDOWS\System32\wintypes.dll
0x00007ffd33bf0000 - 0x00007ffd33d91000 	C:\WINDOWS\System32\ole32.dll
0x00007ffd306f0000 - 0x00007ffd3100a000 	C:\WINDOWS\SYSTEM32\windows.storage.dll
0x00007ffd33610000 - 0x00007ffd3371a000 	C:\WINDOWS\System32\SHCORE.dll
0x00007ffd33f30000 - 0x00007ffd33f93000 	C:\WINDOWS\System32\shlwapi.dll
0x00007ffd32750000 - 0x00007ffd3277b000 	C:\WINDOWS\SYSTEM32\profapi.dll
0x00007ffcfa630000 - 0x00007ffcfa707000 	C:\Program Files\Java\jdk-22\bin\jsvml.dll
0x00007ffd1f9d0000 - 0x00007ffd1f9e0000 	C:\Program Files\Java\jdk-22\bin\net.dll
0x00007ffd31d80000 - 0x00007ffd31dea000 	C:\WINDOWS\system32\mswsock.dll
0x00007ffd1f970000 - 0x00007ffd1f986000 	C:\Program Files\Java\jdk-22\bin\nio.dll
0x00007ffd1f8c0000 - 0x00007ffd1f8d7000 	C:\Program Files\Java\jdk-22\bin\zip.dll
0x0000000069ac0000 - 0x0000000069ae4000 	C:\Users\Ahmed Yasser\Dropbox\PC\Downloads\apache-maven-3.8.8-bin\apache-maven-3.8.8\lib\jansi-native\Windows\x86_64\jansi.dll
0x00007ffd1f9c0000 - 0x00007ffd1f9d0000 	C:\Program Files\Java\jdk-22\bin\verify.dll

dbghelp: loaded successfully - version: 4.0.5 - missing functions: none
symbol engine: initialized successfully - sym options: 0x614 - pdb path: .;C:\Program Files\Java\jdk-22\bin;C:\WINDOWS\SYSTEM32;C:\WINDOWS\WinSxS\amd64_microsoft.windows.common-controls_6595b64144ccf1df_6.0.22621.5124_none_270e8f4f7386d69d;C:\Program Files\Java\jdk-22\bin\server;C:\Users\Ahmed Yasser\Dropbox\PC\Downloads\apache-maven-3.8.8-bin\apache-maven-3.8.8\lib\jansi-native\Windows\x86_64

VM Arguments:
jvm_args: -Dclassworlds.conf=C:\Users\Ahmed Yasser\Dropbox\PC\Downloads\apache-maven-3.8.8-bin\apache-maven-3.8.8\bin\m2.conf -Dmaven.home=C:\Users\Ahmed Yasser\Dropbox\PC\Downloads\apache-maven-3.8.8-bin\apache-maven-3.8.8 -Dlibrary.jansi.path=C:\Users\Ahmed Yasser\Dropbox\PC\Downloads\apache-maven-3.8.8-bin\apache-maven-3.8.8\lib\jansi-native -Dmaven.multiModuleProjectDirectory=D:\Ahmed Yasser 1\DXC Preparation\Final Project\backend\iotproject 
java_command: org.codehaus.plexus.classworlds.launcher.Launcher clean package -DskipTests
java_class_path (initial): C:\Users\Ahmed Yasser\Dropbox\PC\Downloads\apache-maven-3.8.8-bin\apache-maven-3.8.8\boot\plexus-classworlds-2.6.0.jar
Launcher Type: SUN_STANDARD

[Global flags]
     intx CICompilerCount                          = 4                                         {product} {ergonomic}
     uint ConcGCThreads                            = 3                                         {product} {ergonomic}
     uint G1ConcRefinementThreads                  = 10                                        {product} {ergonomic}
   size_t G1HeapRegionSize                         = 2097152                                   {product} {ergonomic}
   size_t InitialHeapSize                          = 266338304                                 {product} {ergonomic}
   size_t MarkStackSize                            = 4194304                                   {product} {ergonomic}
   size_t MaxHeapSize                              = 4250927104                                {product} {ergonomic}
   size_t MaxNewSize                               = 2550136832                                {product} {ergonomic}
   size_t MinHeapDeltaBytes                        = 2097152                                   {product} {ergonomic}
   size_t MinHeapSize                              = 8388608                                   {product} {ergonomic}
    uintx NonNMethodCodeHeapSize                   = 5839372                                {pd product} {ergonomic}
    uintx NonProfiledCodeHeapSize                  = 122909434                              {pd product} {ergonomic}
    uintx ProfiledCodeHeapSize                     = 122909434                              {pd product} {ergonomic}
    uintx ReservedCodeCacheSize                    = 251658240                              {pd product} {ergonomic}
     bool SegmentedCodeCache                       = true                                      {product} {ergonomic}
   size_t SoftMaxHeapSize                          = 4250927104                             {manageable} {ergonomic}
     bool UseCompressedOops                        = true                           {product lp64_product} {ergonomic}
     bool UseG1GC                                  = true                                      {product} {ergonomic}
     bool UseLargePagesIndividualAllocation        = false                                  {pd product} {ergonomic}

Logging:
Log output configuration:
 #0: stdout all=warning uptime,level,tags foldmultilines=false
 #1: stderr all=off uptime,level,tags foldmultilines=false

Environment Variables:
PATH=C:\Program Files (x86)\VMware\VMware Workstation\bin\;C:\Program Files\NVIDIA GPU Computing Toolkit\CUDA\v11.7\bin;C:\Program Files\NVIDIA GPU Computing Toolkit\CUDA\v11.7\libnvvp;C:\Program Files\Java\jdk-17;C:\Program Files\Common Files\Oracle\Java\javapath;C:\Python312\Scripts\;C:\Python312\;C:\Program Files (x86)\Common Files\Oracle\Java\javapath;C:\Program Files\Microsoft MPI\Bin\;C:\Python37-32\Scripts\;C:\Python37-32\;C:\Windows\system32;C:\Windows;C:\Windows\System32\Wbem;C:\Windows\System32\WindowsPowerShell\v1.0\;C:\Windows\System32\OpenSSH\;C:\Program Files (x86)\NVIDIA Corporation\PhysX\Common;C:\Program Files\NVIDIA Corporation\NVIDIA NvDLISR;C:\WINDOWS\system32;C:\WINDOWS;C:\WINDOWS\System32\Wbem;C:\WINDOWS\System32\WindowsPowerShell\v1.0\;C:\WINDOWS\System32\OpenSSH\;C:\Program Files\Git\cmd;C:\Program Files\dotnet\;C:\Program Files (x86)\Microsoft SQL Server\150\DTS\Binn\;C:\Program Files\Azure Data Studio\bin;C:\Program Files (x86)\Microsoft SQL Server\160\Tools\Binn\;C:\Program Files\Microsoft SQL Server\160\Tools\Binn\;C:\Program Files\Microsoft SQL Server\Client SDK\ODBC\170\Tools\Binn\;C:\Program Files\Microsoft SQL Server\160\DTS\Binn\;C:\Program Files (x86)\Microsoft SQL Server\160\DTS\Binn\;C:\Program Files\Microsoft SQL Server\150\Tools\Binn\;C:\ProgramData\chocolatey\bin;C:\Program Files\NVIDIA Corporation\Nsight Compute 2022.2.1\;C:\WINDOWS\system32;C:\WINDOWS;C:\WINDOWS\System32\Wbem;C:\WINDOWS\System32\WindowsPowerShell\v1.0\;C:\WINDOWS\System32\OpenSSH\;C:\Program Files\CMake\bin;D:\dartsdk-windows-x64-release\dart-sdk\bin;C:\Program Files\nodejs\;C:\Users\Ahmed Yasser\AppData\Local\Pub\Cache\bin;C:\Program Files\Amazon\AWSCLIV2\;C:\Users\Ahmed Yasser\Dropbox\PC\Downloads\apache-maven-3.8.8-bin\apache-maven-3.8.8\bin;;C:\Program Files\Docker\Docker\resources\bin;C:\Users\Ahmed Yasser\AppData\Local\Programs\Python\Python310\Scripts\;C:\Users\Ahmed Yasser\AppData\Local\Programs\Python\Python310\;C:\Users\Ahmed Yasser\AppData\Local\Microsoft\WindowsApps;D:\Microsoft VS Code\bin;C:\Users\Ahmed Yasser\.dotnet\tools;C:\Program Files\Azure Data Studio\bin;C:\MinGW\bin;C:\Program Files\CMake\bin;C:\Users\Ahmed Yasser\AppData\Local\JetBrains\PyCharm Community Edition 2022.2.2\bin;;C:\development\flutter\bin;D:\dartsdk-windows-x64-release\dart-sdk\bin;C:\Users\Ahmed Yasser\AppData\Roaming\npm;C:\Users\Ahmed Yasser\AppData\Local\Pub\Cache\bin;C:\Program Files\Java\jdk-22\bin;C:\ProgramData\chocolatey\lib\terraform\tools;C:\Program Files (x86)\Nmap;C:\Program Files\JetBrains\IntelliJ IDEA Community Edition 2024.3.3\bin;
USERNAME=Ahmed Yasser
OS=Windows_NT
PROCESSOR_IDENTIFIER=Intel64 Family 6 Model 165 Stepping 2, GenuineIntel
TMP=C:\Users\AHMEDY~1\AppData\Local\Temp
TEMP=C:\Users\AHMEDY~1\AppData\Local\Temp




Periodic native trim disabled

---------------  S Y S T E M  ---------------

OS:
 Windows 11 , 64 bit Build 22621 (10.0.22621.5124)
OS uptime: 0 days 5:22 hours
Hyper-V role detected

CPU: total 12 (initial active 12) (6 cores per cpu, 2 threads per core) family 6 model 165 stepping 2 microcode 0xe2, cx8, cmov, fxsr, ht, mmx, 3dnowpref, sse, sse2, sse3, ssse3, sse4.1, sse4.2, popcnt, lzcnt, tsc, tscinvbit, avx, avx2, aes, erms, clmul, bmi1, bmi2, adx, fma, vzeroupper, clflush, clflushopt, hv, rdtscp, f16c
Processor Information for all 12 processors :
  Max Mhz: 2592, Current Mhz: 2592, Mhz Limit: 2592

Memory: 4k page, system-wide physical 16215M (3069M free)
TotalPageFile size 18263M (AvailPageFile size 14M)
current process WorkingSet (physical memory assigned to process): 63M, peak: 63M
current process commit charge ("private bytes"): 352M, peak: 352M

vm_info: Java HotSpot(TM) 64-Bit Server VM (22.0.1+8-16) for windows-amd64 JRE (22.0.1+8-16), built on 2024-03-12T10:33:16Z by "mach5one" with MS VC++ 17.6 (VS2022)

END.
