#
# There is insufficient memory for the Java Runtime Environment to continue.
# Native memory allocation (malloc) failed to allocate 778096 bytes. Error detail: Chunk::new
# Possible reasons:
#   The system is out of physical RAM or swap space
#   This process is running with CompressedOops enabled, and the Java Heap may be blocking the growth of the native heap
# Possible solutions:
#   Reduce memory load on the system
#   Increase physical memory or swap space
#   Check if swap backing store is full
#   Decrease Java heap size (-Xmx/-Xms)
#   Decrease number of Java threads
#   Decrease Java thread stack sizes (-Xss)
#   Set larger code cache with -XX:ReservedCodeCacheSize=
#   JVM is running with Zero Based Compressed Oops mode in which the Java heap is
#     placed in the first 32GB address space. The Java Heap base address is the
#     maximum limit for the native heap growth. Please use -XX:HeapBaseMinAddress
#     to set the Java Heap base and to place the Java Heap above 32GB virtual address.
# This output file may be truncated or incomplete.
#
#  Out of Memory Error (arena.cpp:150), pid=19196, tid=31696
#
# JRE version: OpenJDK Runtime Environment (22.0.1+8) (build 22.0.1+8-16)
# Java VM: OpenJDK 64-Bit Server VM (22.0.1+8-16, mixed mode, sharing, tiered, compressed oops, compressed class ptrs, g1 gc, windows-amd64)
# No core dump will be written. Minidumps are not enabled by default on client versions of Windows
#

---------------  S U M M A R Y ------------

Command Line: -javaagent:C:\Program Files\JetBrains\IntelliJ IDEA Community Edition 2024.3.3\lib\idea_rt.jar=43411:C:\Program Files\JetBrains\IntelliJ IDEA Community Edition 2024.3.3\bin -Dfile.encoding=UTF-8 -Dsun.stdout.encoding=UTF-8 -Dsun.stderr.encoding=UTF-8 com.iotproject.iotproject.IotprojectApplication

Host: Intel(R) Core(TM) i7-10750H CPU @ 2.60GHz, 12 cores, 15G,  Windows 11 , 64 bit Build 22621 (10.0.22621.5124)
Time: Sun Apr 20 14:22:23 2025 Egypt Standard Time elapsed time: 0.904706 seconds (0d 0h 0m 0s)

---------------  T H R E A D  ---------------

Current thread (0x000001acc53b84e0):  JavaThread "C2 CompilerThread1" daemon [_thread_in_native, id=31696, stack(0x00000096fb700000,0x00000096fb800000) (1024K)]


Current CompileTask:
C2:904 1488       4       org.springframework.boot.context.properties.source.ConfigurationPropertyName$ElementsParser::parse (234 bytes)

Stack: [0x00000096fb700000,0x00000096fb800000]
Native frames: (J=compiled Java code, j=interpreted, Vv=VM code, C=native code)
V  [jvm.dll+0x6e2279]  (no source info available)
V  [jvm.dll+0x874e33]  (no source info available)
V  [jvm.dll+0x87725e]  (no source info available)
V  [jvm.dll+0x877933]  (no source info available)
V  [jvm.dll+0x27fd76]  (no source info available)
V  [jvm.dll+0xc3d0f]  (no source info available)
V  [jvm.dll+0xc3f6b]  (no source info available)
V  [jvm.dll+0x3bb0d2]  (no source info available)
V  [jvm.dll+0x387b6b]  (no source info available)
V  [jvm.dll+0x386fda]  (no source info available)
V  [jvm.dll+0x247918]  (no source info available)
V  [jvm.dll+0x246fbf]  (no source info available)
V  [jvm.dll+0x1c4e90]  (no source info available)
V  [jvm.dll+0x2569fe]  (no source info available)
V  [jvm.dll+0x254cba]  (no source info available)
V  [jvm.dll+0x3f5336]  (no source info available)
V  [jvm.dll+0x81d44b]  (no source info available)
V  [jvm.dll+0x6e0915]  (no source info available)
C  [ucrtbase.dll+0x29333]  (no source info available)
C  [KERNEL32.DLL+0x1259d]  (no source info available)
C  [ntdll.dll+0x5af38]  (no source info available)


---------------  P R O C E S S  ---------------

Threads class SMR info:
_java_thread_list=0x000001acc5f7c7b0, length=14, elements={
0x000001acda820160, 0x000001acfbe896e0, 0x000001acfbe8a7b0, 0x000001acfbe91d50,
0x000001acfbe94a80, 0x000001acfbe96850, 0x000001acfbe9a500, 0x000001acfbe9c3b0,
0x000001acfbea94b0, 0x000001acfbe997e0, 0x000001acc53b84e0, 0x000001acfbe99e70,
0x000001acfbe9ab90, 0x000001acfbe98430
}

Java Threads: ( => current thread )
  0x000001acda820160 JavaThread "main"                              [_thread_in_vm, id=25692, stack(0x00000096fa600000,0x00000096fa700000) (1024K)]
  0x000001acfbe896e0 JavaThread "Reference Handler"          daemon [_thread_blocked, id=28344, stack(0x00000096fae00000,0x00000096faf00000) (1024K)]
  0x000001acfbe8a7b0 JavaThread "Finalizer"                  daemon [_thread_blocked, id=24360, stack(0x00000096faf00000,0x00000096fb000000) (1024K)]
  0x000001acfbe91d50 JavaThread "Signal Dispatcher"          daemon [_thread_blocked, id=22572, stack(0x00000096fb000000,0x00000096fb100000) (1024K)]
  0x000001acfbe94a80 JavaThread "Attach Listener"            daemon [_thread_blocked, id=21700, stack(0x00000096fb100000,0x00000096fb200000) (1024K)]
  0x000001acfbe96850 JavaThread "Service Thread"             daemon [_thread_blocked, id=21104, stack(0x00000096fb200000,0x00000096fb300000) (1024K)]
  0x000001acfbe9a500 JavaThread "Monitor Deflation Thread"   daemon [_thread_blocked, id=16372, stack(0x00000096fb300000,0x00000096fb400000) (1024K)]
  0x000001acfbe9c3b0 JavaThread "C2 CompilerThread0"         daemon [_thread_in_native, id=30560, stack(0x00000096fb400000,0x00000096fb500000) (1024K)]
  0x000001acfbea94b0 JavaThread "C1 CompilerThread0"         daemon [_thread_blocked, id=30576, stack(0x00000096fb500000,0x00000096fb600000) (1024K)]
  0x000001acfbe997e0 JavaThread "Common-Cleaner"             daemon [_thread_blocked, id=22972, stack(0x00000096fb600000,0x00000096fb700000) (1024K)]
=>0x000001acc53b84e0 JavaThread "C2 CompilerThread1"         daemon [_thread_in_native, id=31696, stack(0x00000096fb700000,0x00000096fb800000) (1024K)]
  0x000001acfbe99e70 JavaThread "Monitor Ctrl-Break"         daemon [_thread_in_native, id=30620, stack(0x00000096fb800000,0x00000096fb900000) (1024K)]
  0x000001acfbe9ab90 JavaThread "Notification Thread"        daemon [_thread_blocked, id=12704, stack(0x00000096fb900000,0x00000096fba00000) (1024K)]
  0x000001acfbe98430 JavaThread "background-preinit"                [_thread_in_vm, id=28164, stack(0x00000096fbf00000,0x00000096fc000000) (1024K)]
Total: 14

Other Threads:
  0x000001acfbe71c70 VMThread "VM Thread"                           [id=20168, stack(0x00000096fad00000,0x00000096fae00000) (1024K)]
  0x000001acfbe5a3d0 WatcherThread "VM Periodic Task Thread"        [id=27412, stack(0x00000096fac00000,0x00000096fad00000) (1024K)]
  0x000001acdaae57e0 WorkerThread "GC Thread#0"                     [id=6464, stack(0x00000096fa700000,0x00000096fa800000) (1024K)]
  0x000001acc5c0e320 WorkerThread "GC Thread#1"                     [id=7584, stack(0x00000096fba00000,0x00000096fbb00000) (1024K)]
  0x000001acc5c0e6d0 WorkerThread "GC Thread#2"                     [id=3532, stack(0x00000096fbb00000,0x00000096fbc00000) (1024K)]
  0x000001acc5efd4d0 WorkerThread "GC Thread#3"                     [id=15296, stack(0x00000096fbc00000,0x00000096fbd00000) (1024K)]
  0x000001acc5efd880 WorkerThread "GC Thread#4"                     [id=11052, stack(0x00000096fbd00000,0x00000096fbe00000) (1024K)]
  0x000001acc5c0ea80 WorkerThread "GC Thread#5"                     [id=9452, stack(0x00000096fbe00000,0x00000096fbf00000) (1024K)]
  0x000001acdaaf66d0 ConcurrentGCThread "G1 Main Marker"            [id=22988, stack(0x00000096fa800000,0x00000096fa900000) (1024K)]
  0x000001acdaaf71e0 WorkerThread "G1 Conc#0"                       [id=17364, stack(0x00000096fa900000,0x00000096faa00000) (1024K)]
  0x000001acdab2eb30 ConcurrentGCThread "G1 Refine#0"               [id=29064, stack(0x00000096faa00000,0x00000096fab00000) (1024K)]
  0x000001acfbd2a5c0 ConcurrentGCThread "G1 Service"                [id=22656, stack(0x00000096fab00000,0x00000096fac00000) (1024K)]
Total: 12

Threads with active compile tasks:
C2 CompilerThread0  1006 1680       4       java.util.jar.JarFile::getVersionedEntry (133 bytes)
C2 CompilerThread1  1006 1488       4       org.springframework.boot.context.properties.source.ConfigurationPropertyName$ElementsParser::parse (234 bytes)
Total: 2

VM state: not at safepoint (normal execution)

VM Mutex/Monitor currently owned by a thread:  ([mutex/lock_event])
[0x00007ffb7ae79b38] Metaspace_lock - owner thread: 0x000001acfbe98430

Heap address: 0x0000000702a00000, size: 4054 MB, Compressed Oops mode: Zero based, Oop shift amount: 3

CDS archive(s) mapped at: [0x000001ac80000000-0x000001ac80c50000-0x000001ac80c50000), size 12910592, SharedBaseAddress: 0x000001ac80000000, ArchiveRelocationMode: 1.
Compressed class space mapped at: 0x000001ac81000000-0x000001acc1000000, reserved size: 1073741824
Narrow klass base: 0x000001ac80000000, Narrow klass shift: 0, Narrow klass range: 0x41000000

GC Precious Log:
 CardTable entry size: 512
 Card Set container configuration: InlinePtr #cards 4 size 8 Array Of Cards #cards 16 size 48 Howl #buckets 8 coarsen threshold 3686 Howl Bitmap #cards 512 size 80 coarsen threshold 460 Card regions per heap region 1 cards per card region 4096
 CPUs: 12 total, 12 available
 Memory: 16215M
 Large Page Support: Disabled
 NUMA Support: Disabled
 Compressed Oops: Enabled (Zero based)
 Heap Region Size: 2M
 Heap Min Capacity: 8M
 Heap Initial Capacity: 254M
 Heap Max Capacity: 4054M
 Pre-touch: Disabled
 Parallel Workers: 10
 Concurrent Workers: 3
 Concurrent Refinement Workers: 10
 Periodic GC: Disabled

Heap:
 garbage-first heap   total reserved 4151296K, committed 260096K, used 17685K [0x0000000702a00000, 0x0000000800000000)
  region size 2048K, 8 young (16384K), 2 survivors (4096K)
 Metaspace       used 8526K, committed 8768K, reserved 1114112K
  class space    used 1097K, committed 1216K, reserved 1048576K

Heap Regions: E=young(eden), S=young(survivor), O=old, HS=humongous(starts), HC=humongous(continues), CS=collection set, F=free, TAMS=top-at-mark-start, PB=parsable bottom
|   0|0x0000000702a00000, 0x0000000702c00000, 0x0000000702c00000|100%| O|  |TAMS 0x0000000702a00000| PB 0x0000000702a00000| Untracked |  0
|   1|0x0000000702c00000, 0x0000000702d45598, 0x0000000702e00000| 63%| O|  |TAMS 0x0000000702c00000| PB 0x0000000702c00000| Untracked |  0
|   2|0x0000000702e00000, 0x0000000702e00000, 0x0000000703000000|  0%| F|  |TAMS 0x0000000702e00000| PB 0x0000000702e00000| Untracked |  0
|   3|0x0000000703000000, 0x0000000703000000, 0x0000000703200000|  0%| F|  |TAMS 0x0000000703000000| PB 0x0000000703000000| Untracked |  0
|   4|0x0000000703200000, 0x0000000703200000, 0x0000000703400000|  0%| F|  |TAMS 0x0000000703200000| PB 0x0000000703200000| Untracked |  0
|   5|0x0000000703400000, 0x0000000703400000, 0x0000000703600000|  0%| F|  |TAMS 0x0000000703400000| PB 0x0000000703400000| Untracked |  0
|   6|0x0000000703600000, 0x0000000703600000, 0x0000000703800000|  0%| F|  |TAMS 0x0000000703600000| PB 0x0000000703600000| Untracked |  0
|   7|0x0000000703800000, 0x0000000703800000, 0x0000000703a00000|  0%| F|  |TAMS 0x0000000703800000| PB 0x0000000703800000| Untracked |  0
|   8|0x0000000703a00000, 0x0000000703a00000, 0x0000000703c00000|  0%| F|  |TAMS 0x0000000703a00000| PB 0x0000000703a00000| Untracked |  0
|   9|0x0000000703c00000, 0x0000000703c00000, 0x0000000703e00000|  0%| F|  |TAMS 0x0000000703c00000| PB 0x0000000703c00000| Untracked |  0
|  10|0x0000000703e00000, 0x0000000703e00000, 0x0000000704000000|  0%| F|  |TAMS 0x0000000703e00000| PB 0x0000000703e00000| Untracked |  0
|  11|0x0000000704000000, 0x0000000704000000, 0x0000000704200000|  0%| F|  |TAMS 0x0000000704000000| PB 0x0000000704000000| Untracked |  0
|  12|0x0000000704200000, 0x0000000704200000, 0x0000000704400000|  0%| F|  |TAMS 0x0000000704200000| PB 0x0000000704200000| Untracked |  0
|  13|0x0000000704400000, 0x0000000704400000, 0x0000000704600000|  0%| F|  |TAMS 0x0000000704400000| PB 0x0000000704400000| Untracked |  0
|  14|0x0000000704600000, 0x0000000704600000, 0x0000000704800000|  0%| F|  |TAMS 0x0000000704600000| PB 0x0000000704600000| Untracked |  0
|  15|0x0000000704800000, 0x0000000704800000, 0x0000000704a00000|  0%| F|  |TAMS 0x0000000704800000| PB 0x0000000704800000| Untracked |  0
|  16|0x0000000704a00000, 0x0000000704a00000, 0x0000000704c00000|  0%| F|  |TAMS 0x0000000704a00000| PB 0x0000000704a00000| Untracked |  0
|  17|0x0000000704c00000, 0x0000000704c00000, 0x0000000704e00000|  0%| F|  |TAMS 0x0000000704c00000| PB 0x0000000704c00000| Untracked |  0
|  18|0x0000000704e00000, 0x0000000704e00000, 0x0000000705000000|  0%| F|  |TAMS 0x0000000704e00000| PB 0x0000000704e00000| Untracked |  0
|  19|0x0000000705000000, 0x0000000705000000, 0x0000000705200000|  0%| F|  |TAMS 0x0000000705000000| PB 0x0000000705000000| Untracked |  0
|  20|0x0000000705200000, 0x0000000705200000, 0x0000000705400000|  0%| F|  |TAMS 0x0000000705200000| PB 0x0000000705200000| Untracked |  0
|  21|0x0000000705400000, 0x0000000705400000, 0x0000000705600000|  0%| F|  |TAMS 0x0000000705400000| PB 0x0000000705400000| Untracked |  0
|  22|0x0000000705600000, 0x0000000705600000, 0x0000000705800000|  0%| F|  |TAMS 0x0000000705600000| PB 0x0000000705600000| Untracked |  0
|  23|0x0000000705800000, 0x0000000705800000, 0x0000000705a00000|  0%| F|  |TAMS 0x0000000705800000| PB 0x0000000705800000| Untracked |  0
|  24|0x0000000705a00000, 0x0000000705a00000, 0x0000000705c00000|  0%| F|  |TAMS 0x0000000705a00000| PB 0x0000000705a00000| Untracked |  0
|  25|0x0000000705c00000, 0x0000000705c00000, 0x0000000705e00000|  0%| F|  |TAMS 0x0000000705c00000| PB 0x0000000705c00000| Untracked |  0
|  26|0x0000000705e00000, 0x0000000705e00000, 0x0000000706000000|  0%| F|  |TAMS 0x0000000705e00000| PB 0x0000000705e00000| Untracked |  0
|  27|0x0000000706000000, 0x0000000706000000, 0x0000000706200000|  0%| F|  |TAMS 0x0000000706000000| PB 0x0000000706000000| Untracked |  0
|  28|0x0000000706200000, 0x0000000706200000, 0x0000000706400000|  0%| F|  |TAMS 0x0000000706200000| PB 0x0000000706200000| Untracked |  0
|  29|0x0000000706400000, 0x0000000706400000, 0x0000000706600000|  0%| F|  |TAMS 0x0000000706400000| PB 0x0000000706400000| Untracked |  0
|  30|0x0000000706600000, 0x0000000706600000, 0x0000000706800000|  0%| F|  |TAMS 0x0000000706600000| PB 0x0000000706600000| Untracked |  0
|  31|0x0000000706800000, 0x0000000706800000, 0x0000000706a00000|  0%| F|  |TAMS 0x0000000706800000| PB 0x0000000706800000| Untracked |  0
|  32|0x0000000706a00000, 0x0000000706a00000, 0x0000000706c00000|  0%| F|  |TAMS 0x0000000706a00000| PB 0x0000000706a00000| Untracked |  0
|  33|0x0000000706c00000, 0x0000000706c00000, 0x0000000706e00000|  0%| F|  |TAMS 0x0000000706c00000| PB 0x0000000706c00000| Untracked |  0
|  34|0x0000000706e00000, 0x0000000706e00000, 0x0000000707000000|  0%| F|  |TAMS 0x0000000706e00000| PB 0x0000000706e00000| Untracked |  0
|  35|0x0000000707000000, 0x0000000707000000, 0x0000000707200000|  0%| F|  |TAMS 0x0000000707000000| PB 0x0000000707000000| Untracked |  0
|  36|0x0000000707200000, 0x0000000707200000, 0x0000000707400000|  0%| F|  |TAMS 0x0000000707200000| PB 0x0000000707200000| Untracked |  0
|  37|0x0000000707400000, 0x0000000707400000, 0x0000000707600000|  0%| F|  |TAMS 0x0000000707400000| PB 0x0000000707400000| Untracked |  0
|  38|0x0000000707600000, 0x0000000707600000, 0x0000000707800000|  0%| F|  |TAMS 0x0000000707600000| PB 0x0000000707600000| Untracked |  0
|  39|0x0000000707800000, 0x0000000707800000, 0x0000000707a00000|  0%| F|  |TAMS 0x0000000707800000| PB 0x0000000707800000| Untracked |  0
|  40|0x0000000707a00000, 0x0000000707a00000, 0x0000000707c00000|  0%| F|  |TAMS 0x0000000707a00000| PB 0x0000000707a00000| Untracked |  0
|  41|0x0000000707c00000, 0x0000000707c00000, 0x0000000707e00000|  0%| F|  |TAMS 0x0000000707c00000| PB 0x0000000707c00000| Untracked |  0
|  42|0x0000000707e00000, 0x0000000707e00000, 0x0000000708000000|  0%| F|  |TAMS 0x0000000707e00000| PB 0x0000000707e00000| Untracked |  0
|  43|0x0000000708000000, 0x0000000708000000, 0x0000000708200000|  0%| F|  |TAMS 0x0000000708000000| PB 0x0000000708000000| Untracked |  0
|  44|0x0000000708200000, 0x0000000708200000, 0x0000000708400000|  0%| F|  |TAMS 0x0000000708200000| PB 0x0000000708200000| Untracked |  0
|  45|0x0000000708400000, 0x0000000708400000, 0x0000000708600000|  0%| F|  |TAMS 0x0000000708400000| PB 0x0000000708400000| Untracked |  0
|  46|0x0000000708600000, 0x0000000708600000, 0x0000000708800000|  0%| F|  |TAMS 0x0000000708600000| PB 0x0000000708600000| Untracked |  0
|  47|0x0000000708800000, 0x0000000708800000, 0x0000000708a00000|  0%| F|  |TAMS 0x0000000708800000| PB 0x0000000708800000| Untracked |  0
|  48|0x0000000708a00000, 0x0000000708a00000, 0x0000000708c00000|  0%| F|  |TAMS 0x0000000708a00000| PB 0x0000000708a00000| Untracked |  0
|  49|0x0000000708c00000, 0x0000000708c00000, 0x0000000708e00000|  0%| F|  |TAMS 0x0000000708c00000| PB 0x0000000708c00000| Untracked |  0
|  50|0x0000000708e00000, 0x0000000708e00000, 0x0000000709000000|  0%| F|  |TAMS 0x0000000708e00000| PB 0x0000000708e00000| Untracked |  0
|  51|0x0000000709000000, 0x0000000709000000, 0x0000000709200000|  0%| F|  |TAMS 0x0000000709000000| PB 0x0000000709000000| Untracked |  0
|  52|0x0000000709200000, 0x0000000709200000, 0x0000000709400000|  0%| F|  |TAMS 0x0000000709200000| PB 0x0000000709200000| Untracked |  0
|  53|0x0000000709400000, 0x0000000709400000, 0x0000000709600000|  0%| F|  |TAMS 0x0000000709400000| PB 0x0000000709400000| Untracked |  0
|  54|0x0000000709600000, 0x0000000709600000, 0x0000000709800000|  0%| F|  |TAMS 0x0000000709600000| PB 0x0000000709600000| Untracked |  0
|  55|0x0000000709800000, 0x0000000709800000, 0x0000000709a00000|  0%| F|  |TAMS 0x0000000709800000| PB 0x0000000709800000| Untracked |  0
|  56|0x0000000709a00000, 0x0000000709a00000, 0x0000000709c00000|  0%| F|  |TAMS 0x0000000709a00000| PB 0x0000000709a00000| Untracked |  0
|  57|0x0000000709c00000, 0x0000000709c00000, 0x0000000709e00000|  0%| F|  |TAMS 0x0000000709c00000| PB 0x0000000709c00000| Untracked |  0
|  58|0x0000000709e00000, 0x0000000709e00000, 0x000000070a000000|  0%| F|  |TAMS 0x0000000709e00000| PB 0x0000000709e00000| Untracked |  0
|  59|0x000000070a000000, 0x000000070a000000, 0x000000070a200000|  0%| F|  |TAMS 0x000000070a000000| PB 0x000000070a000000| Untracked |  0
|  60|0x000000070a200000, 0x000000070a200000, 0x000000070a400000|  0%| F|  |TAMS 0x000000070a200000| PB 0x000000070a200000| Untracked |  0
|  61|0x000000070a400000, 0x000000070a400000, 0x000000070a600000|  0%| F|  |TAMS 0x000000070a400000| PB 0x000000070a400000| Untracked |  0
|  62|0x000000070a600000, 0x000000070a600000, 0x000000070a800000|  0%| F|  |TAMS 0x000000070a600000| PB 0x000000070a600000| Untracked |  0
|  63|0x000000070a800000, 0x000000070a800000, 0x000000070aa00000|  0%| F|  |TAMS 0x000000070a800000| PB 0x000000070a800000| Untracked |  0
|  64|0x000000070aa00000, 0x000000070aa00000, 0x000000070ac00000|  0%| F|  |TAMS 0x000000070aa00000| PB 0x000000070aa00000| Untracked |  0
|  65|0x000000070ac00000, 0x000000070ac00000, 0x000000070ae00000|  0%| F|  |TAMS 0x000000070ac00000| PB 0x000000070ac00000| Untracked |  0
|  66|0x000000070ae00000, 0x000000070ae00000, 0x000000070b000000|  0%| F|  |TAMS 0x000000070ae00000| PB 0x000000070ae00000| Untracked |  0
|  67|0x000000070b000000, 0x000000070b000000, 0x000000070b200000|  0%| F|  |TAMS 0x000000070b000000| PB 0x000000070b000000| Untracked |  0
|  68|0x000000070b200000, 0x000000070b200000, 0x000000070b400000|  0%| F|  |TAMS 0x000000070b200000| PB 0x000000070b200000| Untracked |  0
|  69|0x000000070b400000, 0x000000070b400000, 0x000000070b600000|  0%| F|  |TAMS 0x000000070b400000| PB 0x000000070b400000| Untracked |  0
|  70|0x000000070b600000, 0x000000070b600000, 0x000000070b800000|  0%| F|  |TAMS 0x000000070b600000| PB 0x000000070b600000| Untracked |  0
|  71|0x000000070b800000, 0x000000070b800000, 0x000000070ba00000|  0%| F|  |TAMS 0x000000070b800000| PB 0x000000070b800000| Untracked |  0
|  72|0x000000070ba00000, 0x000000070ba00000, 0x000000070bc00000|  0%| F|  |TAMS 0x000000070ba00000| PB 0x000000070ba00000| Untracked |  0
|  73|0x000000070bc00000, 0x000000070bc00000, 0x000000070be00000|  0%| F|  |TAMS 0x000000070bc00000| PB 0x000000070bc00000| Untracked |  0
|  74|0x000000070be00000, 0x000000070be00000, 0x000000070c000000|  0%| F|  |TAMS 0x000000070be00000| PB 0x000000070be00000| Untracked |  0
|  75|0x000000070c000000, 0x000000070c000000, 0x000000070c200000|  0%| F|  |TAMS 0x000000070c000000| PB 0x000000070c000000| Untracked |  0
|  76|0x000000070c200000, 0x000000070c200000, 0x000000070c400000|  0%| F|  |TAMS 0x000000070c200000| PB 0x000000070c200000| Untracked |  0
|  77|0x000000070c400000, 0x000000070c400000, 0x000000070c600000|  0%| F|  |TAMS 0x000000070c400000| PB 0x000000070c400000| Untracked |  0
|  78|0x000000070c600000, 0x000000070c600000, 0x000000070c800000|  0%| F|  |TAMS 0x000000070c600000| PB 0x000000070c600000| Untracked |  0
|  79|0x000000070c800000, 0x000000070c800000, 0x000000070ca00000|  0%| F|  |TAMS 0x000000070c800000| PB 0x000000070c800000| Untracked |  0
|  80|0x000000070ca00000, 0x000000070ca00000, 0x000000070cc00000|  0%| F|  |TAMS 0x000000070ca00000| PB 0x000000070ca00000| Untracked |  0
|  81|0x000000070cc00000, 0x000000070cc00000, 0x000000070ce00000|  0%| F|  |TAMS 0x000000070cc00000| PB 0x000000070cc00000| Untracked |  0
|  82|0x000000070ce00000, 0x000000070ce00000, 0x000000070d000000|  0%| F|  |TAMS 0x000000070ce00000| PB 0x000000070ce00000| Untracked |  0
|  83|0x000000070d000000, 0x000000070d000000, 0x000000070d200000|  0%| F|  |TAMS 0x000000070d000000| PB 0x000000070d000000| Untracked |  0
|  84|0x000000070d200000, 0x000000070d200000, 0x000000070d400000|  0%| F|  |TAMS 0x000000070d200000| PB 0x000000070d200000| Untracked |  0
|  85|0x000000070d400000, 0x000000070d400000, 0x000000070d600000|  0%| F|  |TAMS 0x000000070d400000| PB 0x000000070d400000| Untracked |  0
|  86|0x000000070d600000, 0x000000070d600000, 0x000000070d800000|  0%| F|  |TAMS 0x000000070d600000| PB 0x000000070d600000| Untracked |  0
|  87|0x000000070d800000, 0x000000070d800000, 0x000000070da00000|  0%| F|  |TAMS 0x000000070d800000| PB 0x000000070d800000| Untracked |  0
|  88|0x000000070da00000, 0x000000070da00000, 0x000000070dc00000|  0%| F|  |TAMS 0x000000070da00000| PB 0x000000070da00000| Untracked |  0
|  89|0x000000070dc00000, 0x000000070dc00000, 0x000000070de00000|  0%| F|  |TAMS 0x000000070dc00000| PB 0x000000070dc00000| Untracked |  0
|  90|0x000000070de00000, 0x000000070de00000, 0x000000070e000000|  0%| F|  |TAMS 0x000000070de00000| PB 0x000000070de00000| Untracked |  0
|  91|0x000000070e000000, 0x000000070e000000, 0x000000070e200000|  0%| F|  |TAMS 0x000000070e000000| PB 0x000000070e000000| Untracked |  0
|  92|0x000000070e200000, 0x000000070e200000, 0x000000070e400000|  0%| F|  |TAMS 0x000000070e200000| PB 0x000000070e200000| Untracked |  0
|  93|0x000000070e400000, 0x000000070e400000, 0x000000070e600000|  0%| F|  |TAMS 0x000000070e400000| PB 0x000000070e400000| Untracked |  0
|  94|0x000000070e600000, 0x000000070e600000, 0x000000070e800000|  0%| F|  |TAMS 0x000000070e600000| PB 0x000000070e600000| Untracked |  0
|  95|0x000000070e800000, 0x000000070e800000, 0x000000070ea00000|  0%| F|  |TAMS 0x000000070e800000| PB 0x000000070e800000| Untracked |  0
|  96|0x000000070ea00000, 0x000000070ea00000, 0x000000070ec00000|  0%| F|  |TAMS 0x000000070ea00000| PB 0x000000070ea00000| Untracked |  0
|  97|0x000000070ec00000, 0x000000070ec00000, 0x000000070ee00000|  0%| F|  |TAMS 0x000000070ec00000| PB 0x000000070ec00000| Untracked |  0
|  98|0x000000070ee00000, 0x000000070ee00000, 0x000000070f000000|  0%| F|  |TAMS 0x000000070ee00000| PB 0x000000070ee00000| Untracked |  0
|  99|0x000000070f000000, 0x000000070f000000, 0x000000070f200000|  0%| F|  |TAMS 0x000000070f000000| PB 0x000000070f000000| Untracked |  0
| 100|0x000000070f200000, 0x000000070f200000, 0x000000070f400000|  0%| F|  |TAMS 0x000000070f200000| PB 0x000000070f200000| Untracked |  0
| 101|0x000000070f400000, 0x000000070f400000, 0x000000070f600000|  0%| F|  |TAMS 0x000000070f400000| PB 0x000000070f400000| Untracked |  0
| 102|0x000000070f600000, 0x000000070f600000, 0x000000070f800000|  0%| F|  |TAMS 0x000000070f600000| PB 0x000000070f600000| Untracked |  0
| 103|0x000000070f800000, 0x000000070f800000, 0x000000070fa00000|  0%| F|  |TAMS 0x000000070f800000| PB 0x000000070f800000| Untracked |  0
| 104|0x000000070fa00000, 0x000000070fa00000, 0x000000070fc00000|  0%| F|  |TAMS 0x000000070fa00000| PB 0x000000070fa00000| Untracked |  0
| 105|0x000000070fc00000, 0x000000070fc00000, 0x000000070fe00000|  0%| F|  |TAMS 0x000000070fc00000| PB 0x000000070fc00000| Untracked |  0
| 106|0x000000070fe00000, 0x000000070fe00000, 0x0000000710000000|  0%| F|  |TAMS 0x000000070fe00000| PB 0x000000070fe00000| Untracked |  0
| 107|0x0000000710000000, 0x0000000710000000, 0x0000000710200000|  0%| F|  |TAMS 0x0000000710000000| PB 0x0000000710000000| Untracked |  0
| 108|0x0000000710200000, 0x0000000710200000, 0x0000000710400000|  0%| F|  |TAMS 0x0000000710200000| PB 0x0000000710200000| Untracked |  0
| 109|0x0000000710400000, 0x0000000710400000, 0x0000000710600000|  0%| F|  |TAMS 0x0000000710400000| PB 0x0000000710400000| Untracked |  0
| 110|0x0000000710600000, 0x0000000710600000, 0x0000000710800000|  0%| F|  |TAMS 0x0000000710600000| PB 0x0000000710600000| Untracked |  0
| 111|0x0000000710800000, 0x0000000710800000, 0x0000000710a00000|  0%| F|  |TAMS 0x0000000710800000| PB 0x0000000710800000| Untracked |  0
| 112|0x0000000710a00000, 0x0000000710a00000, 0x0000000710c00000|  0%| F|  |TAMS 0x0000000710a00000| PB 0x0000000710a00000| Untracked |  0
| 113|0x0000000710c00000, 0x0000000710e00000, 0x0000000710e00000|100%| S|CS|TAMS 0x0000000710c00000| PB 0x0000000710c00000| Complete |  0
| 114|0x0000000710e00000, 0x0000000711000000, 0x0000000711000000|100%| S|CS|TAMS 0x0000000710e00000| PB 0x0000000710e00000| Complete |  0
| 115|0x0000000711000000, 0x0000000711000000, 0x0000000711200000|  0%| F|  |TAMS 0x0000000711000000| PB 0x0000000711000000| Untracked |  0
| 116|0x0000000711200000, 0x0000000711200000, 0x0000000711400000|  0%| F|  |TAMS 0x0000000711200000| PB 0x0000000711200000| Untracked |  0
| 117|0x0000000711400000, 0x0000000711400000, 0x0000000711600000|  0%| F|  |TAMS 0x0000000711400000| PB 0x0000000711400000| Untracked |  0
| 118|0x0000000711600000, 0x0000000711600000, 0x0000000711800000|  0%| F|  |TAMS 0x0000000711600000| PB 0x0000000711600000| Untracked |  0
| 119|0x0000000711800000, 0x0000000711800000, 0x0000000711a00000|  0%| F|  |TAMS 0x0000000711800000| PB 0x0000000711800000| Untracked |  0
| 120|0x0000000711a00000, 0x0000000711a00000, 0x0000000711c00000|  0%| F|  |TAMS 0x0000000711a00000| PB 0x0000000711a00000| Untracked |  0
| 121|0x0000000711c00000, 0x0000000711d39c48, 0x0000000711e00000| 61%| E|  |TAMS 0x0000000711c00000| PB 0x0000000711c00000| Complete |  0
| 122|0x0000000711e00000, 0x0000000712000000, 0x0000000712000000|100%| E|CS|TAMS 0x0000000711e00000| PB 0x0000000711e00000| Complete |  0
| 123|0x0000000712000000, 0x0000000712200000, 0x0000000712200000|100%| E|CS|TAMS 0x0000000712000000| PB 0x0000000712000000| Complete |  0
| 124|0x0000000712200000, 0x0000000712400000, 0x0000000712400000|100%| E|CS|TAMS 0x0000000712200000| PB 0x0000000712200000| Complete |  0
| 125|0x0000000712400000, 0x0000000712600000, 0x0000000712600000|100%| E|CS|TAMS 0x0000000712400000| PB 0x0000000712400000| Complete |  0
| 126|0x0000000712600000, 0x0000000712800000, 0x0000000712800000|100%| E|CS|TAMS 0x0000000712600000| PB 0x0000000712600000| Complete |  0

Card table byte_map: [0x000001acf4a40000,0x000001acf5230000] _byte_map_base: 0x000001acf122b000

Marking Bits: (CMBitMap*) 0x000001acdaae5ef0
 Bits: [0x000001acf5230000, 0x000001acf9188000)

Polling page: 0x000001acdab30000

Metaspace:

Usage:
  Non-class:      7.26 MB used.
      Class:      1.07 MB used.
       Both:      8.33 MB used.

Virtual space:
  Non-class space:       64.00 MB reserved,       7.38 MB ( 12%) committed,  1 nodes.
      Class space:        1.00 GB reserved,       1.19 MB ( <1%) committed,  1 nodes.
             Both:        1.06 GB reserved,       8.56 MB ( <1%) committed. 

Chunk freelists:
   Non-Class:  7.67 MB
       Class:  14.77 MB
        Both:  22.44 MB

MaxMetaspaceSize: unlimited
CompressedClassSpaceSize: 1.00 GB
Initial GC threshold: 21.00 MB
Current GC threshold: 21.00 MB
CDS: on
 - commit_granule_bytes: 65536.
 - commit_granule_words: 8192.
 - virtual_space_node_default_size: 8388608.
 - enlarge_chunks_in_place: 1.
 - use_allocation_guard: 0.


Internal statistics:

num_allocs_failed_limit: 0.
num_arena_births: 276.
num_arena_deaths: 0.
num_vsnodes_births: 2.
num_vsnodes_deaths: 0.
num_space_committed: 137.
num_space_uncommitted: 0.
num_chunks_returned_to_freelist: 0.
num_chunks_taken_from_freelist: 603.
num_chunk_merges: 0.
num_chunk_splits: 347.
num_chunks_enlarged: 198.
num_inconsistent_stats: 0.

CodeHeap 'non-profiled nmethods': size=120000Kb used=574Kb max_used=574Kb free=119425Kb
 bounds [0x000001acec0a0000, 0x000001acec310000, 0x000001acf35d0000]
CodeHeap 'profiled nmethods': size=120000Kb used=2904Kb max_used=2904Kb free=117095Kb
 bounds [0x000001ace45d0000, 0x000001ace48b0000, 0x000001acebb00000]
CodeHeap 'non-nmethods': size=5760Kb used=1394Kb max_used=1423Kb free=4365Kb
 bounds [0x000001acebb00000, 0x000001acebd70000, 0x000001acec0a0000]
 total_blobs=2189 nmethods=1699 adapters=394
 compilation: enabled
              stopped_count=0, restarted_count=0
 full_count=0

Compilation events (20 events):
Event: 0.887 Thread 0x000001acfbe9c3b0 1552       4       java.util.stream.Nodes$SpinedNodeBuilder::accept (29 bytes)
Event: 0.887 Thread 0x000001acfbea94b0 1563       3       jdk.internal.org.objectweb.asm.ClassWriter::toByteArray (1517 bytes)
Event: 0.893 Thread 0x000001acfbea94b0 nmethod 1563 0x000001ace4858490 code [0x000001ace4858de0, 0x000001ace485cb08]
Event: 0.897 Thread 0x000001acfbea94b0 1571       1       org.springframework.core.env.PropertySource$StubPropertySource::getProperty (2 bytes)
Event: 0.897 Thread 0x000001acfbea94b0 nmethod 1571 0x000001acec126b10 code [0x000001acec126ca0, 0x000001acec126d70]
Event: 0.897 Thread 0x000001acfbea94b0 1568       3       java.lang.invoke.InvokerBytecodeGenerator::emitStoreResult (27 bytes)
Event: 0.898 Thread 0x000001acfbea94b0 nmethod 1568 0x000001ace485ea90 code [0x000001ace485ec40, 0x000001ace485ee18]
Event: 0.898 Thread 0x000001acfbea94b0 1569       3       java.lang.invoke.LambdaForm$NamedFunction::intrinsicName (21 bytes)
Event: 0.898 Thread 0x000001acfbea94b0 nmethod 1569 0x000001ace485ef10 code [0x000001ace485f0c0, 0x000001ace485f310]
Event: 0.898 Thread 0x000001acfbea94b0 1567       3       java.lang.reflect.Modifier::isPrivate (12 bytes)
Event: 0.898 Thread 0x000001acfbea94b0 nmethod 1567 0x000001ace485f410 code [0x000001ace485f5a0, 0x000001ace485f6e0]
Event: 0.898 Thread 0x000001acfbea94b0 1564       3       java.lang.invoke.MethodHandles$Lookup::getDirectConstructorCommon (69 bytes)
Event: 0.899 Thread 0x000001acfbea94b0 nmethod 1564 0x000001ace485f790 code [0x000001ace485f9a0, 0x000001ace485fef8]
Event: 0.899 Thread 0x000001acfbea94b0 1565       3       java.lang.invoke.MemberName::asConstructor (58 bytes)
Event: 0.899 Thread 0x000001acfbea94b0 nmethod 1565 0x000001ace4860110 code [0x000001ace4860320, 0x000001ace4860908]
Event: 0.902 Thread 0x000001acfbea94b0 1573       3       jdk.internal.misc.VM::isSystemDomainLoader (17 bytes)
Event: 0.902 Thread 0x000001acfbea94b0 nmethod 1573 0x000001ace4860b10 code [0x000001ace4860ce0, 0x000001ace4861048]
Event: 0.902 Thread 0x000001acfbea94b0 1574       3       java.lang.invoke.ClassSpecializer$SpeciesData::fieldCount (10 bytes)
Event: 0.902 Thread 0x000001acfbea94b0 nmethod 1574 0x000001ace4861190 code [0x000001ace4861340, 0x000001ace4861520]
Event: 0.902 Thread 0x000001acfbe9c3b0 nmethod 1552 0x000001acec126e10 code [0x000001acec127000, 0x000001acec127988]

GC Heap History (2 events):
Event: 0.699 GC heap before
{Heap before GC invocations=0 (full 0):
 garbage-first heap   total reserved 4151296K, committed 260096K, used 22528K [0x0000000702a00000, 0x0000000800000000)
  region size 2048K, 12 young (24576K), 0 survivors (0K)
 Metaspace       used 6050K, committed 6208K, reserved 1114112K
  class space    used 720K, committed 768K, reserved 1048576K
}
Event: 0.704 GC heap after
{Heap after GC invocations=1 (full 0):
 garbage-first heap   total reserved 4151296K, committed 260096K, used 7445K [0x0000000702a00000, 0x0000000800000000)
  region size 2048K, 2 young (4096K), 2 survivors (4096K)
 Metaspace       used 6050K, committed 6208K, reserved 1114112K
  class space    used 720K, committed 768K, reserved 1048576K
}

Dll operation events (10 events):
Event: 0.012 Loaded shared library C:\Users\Ahmed Yasser\.jdks\openjdk-22.0.1\bin\java.dll
Event: 0.052 Loaded shared library C:\Users\Ahmed Yasser\.jdks\openjdk-22.0.1\bin\jsvml.dll
Event: 0.141 Loaded shared library C:\Users\Ahmed Yasser\.jdks\openjdk-22.0.1\bin\zip.dll
Event: 0.144 Loaded shared library C:\Users\Ahmed Yasser\.jdks\openjdk-22.0.1\bin\instrument.dll
Event: 0.148 Loaded shared library C:\Users\Ahmed Yasser\.jdks\openjdk-22.0.1\bin\net.dll
Event: 0.150 Loaded shared library C:\Users\Ahmed Yasser\.jdks\openjdk-22.0.1\bin\nio.dll
Event: 0.153 Loaded shared library C:\Users\Ahmed Yasser\.jdks\openjdk-22.0.1\bin\zip.dll
Event: 0.233 Loaded shared library C:\Program Files\JetBrains\IntelliJ IDEA Community Edition 2024.3.3\bin\breakgen64.dll
Event: 0.243 Loaded shared library C:\Users\Ahmed Yasser\.jdks\openjdk-22.0.1\bin\extnet.dll
Event: 0.277 Loaded shared library C:\Users\Ahmed Yasser\.jdks\openjdk-22.0.1\bin\jimage.dll

Deoptimization events (20 events):
Event: 0.802 Thread 0x000001acda820160 Uncommon trap: trap_request=0xffffffc6 fr.pc=0x000001acec0f9738 relative=0x00000000000003d8
Event: 0.802 Thread 0x000001acda820160 Uncommon trap: reason=bimorphic_or_optimized_type_check action=maybe_recompile pc=0x000001acec0f9738 method=java.util.concurrent.ConcurrentHashMap.get(Ljava/lang/Object;)Ljava/lang/Object; @ 149 c2
Event: 0.802 Thread 0x000001acda820160 DEOPT PACKING pc=0x000001acec0f9738 sp=0x00000096fa6fd1f0
Event: 0.802 Thread 0x000001acda820160 DEOPT UNPACKING pc=0x000001acebb546a2 sp=0x00000096fa6fd170 mode 2
Event: 0.810 Thread 0x000001acda820160 Uncommon trap: trap_request=0xffffffc6 fr.pc=0x000001acec0f9738 relative=0x00000000000003d8
Event: 0.810 Thread 0x000001acda820160 Uncommon trap: reason=bimorphic_or_optimized_type_check action=maybe_recompile pc=0x000001acec0f9738 method=java.util.concurrent.ConcurrentHashMap.get(Ljava/lang/Object;)Ljava/lang/Object; @ 149 c2
Event: 0.810 Thread 0x000001acda820160 DEOPT PACKING pc=0x000001acec0f9738 sp=0x00000096fa6fd580
Event: 0.810 Thread 0x000001acda820160 DEOPT UNPACKING pc=0x000001acebb546a2 sp=0x00000096fa6fd500 mode 2
Event: 0.810 Thread 0x000001acda820160 Uncommon trap: trap_request=0xffffffc6 fr.pc=0x000001acec0f9738 relative=0x00000000000003d8
Event: 0.810 Thread 0x000001acda820160 Uncommon trap: reason=bimorphic_or_optimized_type_check action=maybe_recompile pc=0x000001acec0f9738 method=java.util.concurrent.ConcurrentHashMap.get(Ljava/lang/Object;)Ljava/lang/Object; @ 149 c2
Event: 0.810 Thread 0x000001acda820160 DEOPT PACKING pc=0x000001acec0f9738 sp=0x00000096fa6fd1d0
Event: 0.810 Thread 0x000001acda820160 DEOPT UNPACKING pc=0x000001acebb546a2 sp=0x00000096fa6fd150 mode 2
Event: 0.810 Thread 0x000001acda820160 Uncommon trap: trap_request=0xffffffc6 fr.pc=0x000001acec0f9738 relative=0x00000000000003d8
Event: 0.811 Thread 0x000001acda820160 Uncommon trap: reason=bimorphic_or_optimized_type_check action=maybe_recompile pc=0x000001acec0f9738 method=java.util.concurrent.ConcurrentHashMap.get(Ljava/lang/Object;)Ljava/lang/Object; @ 149 c2
Event: 0.811 Thread 0x000001acda820160 DEOPT PACKING pc=0x000001acec0f9738 sp=0x00000096fa6fd580
Event: 0.811 Thread 0x000001acda820160 DEOPT UNPACKING pc=0x000001acebb546a2 sp=0x00000096fa6fd500 mode 2
Event: 0.842 Thread 0x000001acda820160 Uncommon trap: trap_request=0xffffffde fr.pc=0x000001acec0fe068 relative=0x0000000000000a28
Event: 0.843 Thread 0x000001acda820160 Uncommon trap: reason=class_check action=maybe_recompile pc=0x000001acec0fe068 method=java.util.HashMap.putVal(ILjava/lang/Object;Ljava/lang/Object;ZZ)Ljava/lang/Object; @ 91 c2
Event: 0.843 Thread 0x000001acda820160 DEOPT PACKING pc=0x000001acec0fe068 sp=0x00000096fa6fe420
Event: 0.843 Thread 0x000001acda820160 DEOPT UNPACKING pc=0x000001acebb546a2 sp=0x00000096fa6fe350 mode 2

Classes loaded (20 events):
Event: 0.866 Loading class java/util/concurrent/ConcurrentLinkedDeque$Itr
Event: 0.866 Loading class java/util/concurrent/ConcurrentLinkedDeque$AbstractItr
Event: 0.866 Loading class java/util/concurrent/ConcurrentLinkedDeque$AbstractItr done
Event: 0.866 Loading class java/util/concurrent/ConcurrentLinkedDeque$Itr done
Event: 0.867 Loading class java/io/UnsupportedEncodingException
Event: 0.867 Loading class java/io/UnsupportedEncodingException done
Event: 0.867 Loading class java/nio/charset/CharacterCodingException
Event: 0.867 Loading class java/nio/charset/CharacterCodingException done
Event: 0.867 Loading class java/lang/foreign/MemorySegment
Event: 0.867 Loading class java/lang/foreign/MemorySegment done
Event: 0.884 Loading class java/util/concurrent/ScheduledExecutorService
Event: 0.884 Loading class java/util/concurrent/ScheduledExecutorService done
Event: 0.885 Loading class java/util/concurrent/Executors$DefaultThreadFactory
Event: 0.885 Loading class java/util/concurrent/Executors$DefaultThreadFactory done
Event: 0.901 Loading class java/util/Collections$UnmodifiableMap$UnmodifiableEntrySet
Event: 0.901 Loading class java/util/Collections$UnmodifiableMap$UnmodifiableEntrySet done
Event: 0.901 Loading class java/util/Collections$UnmodifiableMap$UnmodifiableEntrySet$UnmodifiableEntrySetSpliterator
Event: 0.901 Loading class java/util/Collections$UnmodifiableMap$UnmodifiableEntrySet$UnmodifiableEntrySetSpliterator done
Event: 0.902 Loading class java/util/HashMap$EntrySpliterator
Event: 0.902 Loading class java/util/HashMap$EntrySpliterator done

Classes unloaded (0 events):
No events

Classes redefined (0 events):
No events

Internal exceptions (20 events):
Event: 0.659 Thread 0x000001acda820160 Exception <a 'java/lang/NoSuchMethodError'{0x00000007110608b8}: 'java.lang.Object java.lang.invoke.DirectMethodHandle$Holder.invokeStaticInit(java.lang.Object, long, java.lang.Object)'> (0x00000007110608b8) 
thrown [s\open\src\hotspot\share\interpreter\linkResolver.cpp, line 774]
Event: 0.659 Thread 0x000001acda820160 Exception <a 'java/lang/NoSuchMethodError'{0x0000000711065ec8}: 'java.lang.Object java.lang.invoke.DirectMethodHandle$Holder.newInvokeSpecial(java.lang.Object, long)'> (0x0000000711065ec8) 
thrown [s\open\src\hotspot\share\interpreter\linkResolver.cpp, line 774]
Event: 0.675 Thread 0x000001acda820160 Exception <a 'java/lang/NoSuchMethodError'{0x00000007110fd080}: 'int java.lang.invoke.DirectMethodHandle$Holder.invokeSpecial(java.lang.Object, java.lang.Object, java.lang.Object)'> (0x00000007110fd080) 
thrown [s\open\src\hotspot\share\interpreter\linkResolver.cpp, line 774]
Event: 0.718 Thread 0x000001acda820160 Exception <a 'java/lang/NoSuchMethodError'{0x0000000712733a40}: 'java.lang.Object java.lang.invoke.DirectMethodHandle$Holder.newInvokeSpecial(java.lang.Object, java.lang.Object, java.lang.Object, java.lang.Object, java.lang.Object, java.lang.Object, java.lang.Object)'> (0x0000000712733a40) 
thrown [s\open\src\hotspot\share\interpreter\linkResolver.cpp, line 774]
Event: 0.721 Thread 0x000001acda820160 Exception <a 'java/lang/NoSuchMethodError'{0x000000071274f720}: 'void java.lang.invoke.DirectMethodHandle$Holder.invokeStaticInit(java.lang.Object, java.lang.Object)'> (0x000000071274f720) 
thrown [s\open\src\hotspot\share\interpreter\linkResolver.cpp, line 774]
Event: 0.727 Thread 0x000001acda820160 Exception <a 'java/lang/NoSuchMethodError'{0x000000071278fb10}: 'int java.lang.invoke.DirectMethodHandle$Holder.invokeStatic(java.lang.Object, java.lang.Object, java.lang.Object, java.lang.Object)'> (0x000000071278fb10) 
thrown [s\open\src\hotspot\share\interpreter\linkResolver.cpp, line 774]
Event: 0.739 Thread 0x000001acda820160 Exception <a 'java/lang/NoSuchMethodError'{0x00000007127f6fa8}: 'java.lang.Object java.lang.invoke.DirectMethodHandle$Holder.invokeSpecial(java.lang.Object, java.lang.Object, java.lang.Object, java.lang.Object, java.lang.Object, java.lang.Object, int)'> (0x00000007127f6fa8) 
thrown [s\open\src\hotspot\share\interpreter\linkResolver.cpp, line 774]
Event: 0.739 Thread 0x000001acda820160 Exception <a 'java/lang/NoSuchMethodError'{0x00000007124008c0}: 'java.lang.Object java.lang.invoke.DirectMethodHandle$Holder.newInvokeSpecial(java.lang.Object, java.lang.Object, java.lang.Object, java.lang.Object, java.lang.Object, java.lang.Object, int)'> (0x00000007124008c0) 
thrown [s\open\src\hotspot\share\interpreter\linkResolver.cpp, line 774]
Event: 0.740 Thread 0x000001acda820160 Exception <a 'java/lang/NoSuchMethodError'{0x0000000712404f50}: 'java.lang.Object java.lang.invoke.DirectMethodHandle$Holder.invokeSpecial(java.lang.Object, java.lang.Object, java.lang.Object, java.lang.Object, java.lang.Object, java.lang.Object, java.lang.Object, int)'> (0x0000000712404f50) 
thrown [s\open\src\hotspot\share\interpreter\linkResolver.cpp, line 774]
Event: 0.776 Thread 0x000001acda820160 Exception <a 'java/lang/NoSuchMethodError'{0x0000000712535400}: 'int java.lang.invoke.DirectMethodHandle$Holder.invokeInterface(java.lang.Object, java.lang.Object)'> (0x0000000712535400) 
thrown [s\open\src\hotspot\share\interpreter\linkResolver.cpp, line 774]
Event: 0.780 Thread 0x000001acda820160 Exception <a 'java/lang/NoSuchMethodError'{0x0000000712556690}: 'void java.lang.invoke.DirectMethodHandle$Holder.invokeSpecial(java.lang.Object, java.lang.Object, java.lang.Object, java.lang.Object, java.lang.Object)'> (0x0000000712556690) 
thrown [s\open\src\hotspot\share\interpreter\linkResolver.cpp, line 774]
Event: 0.811 Thread 0x000001acda820160 Exception <a 'java/lang/NoSuchMethodError'{0x000000071222edf0}: 'java.lang.Object java.lang.invoke.DirectMethodHandle$Holder.invokeSpecial(java.lang.Object, java.lang.Object, java.lang.Object, int, java.lang.Object)'> (0x000000071222edf0) 
thrown [s\open\src\hotspot\share\interpreter\linkResolver.cpp, line 774]
Event: 0.812 Thread 0x000001acda820160 Exception <a 'java/lang/NoSuchMethodError'{0x0000000712236ba0}: 'java.lang.Object java.lang.invoke.DirectMethodHandle$Holder.newInvokeSpecial(java.lang.Object, java.lang.Object, java.lang.Object, int, java.lang.Object)'> (0x0000000712236ba0) 
thrown [s\open\src\hotspot\share\interpreter\linkResolver.cpp, line 774]
Event: 0.813 Thread 0x000001acda820160 Exception <a 'java/lang/NoSuchMethodError'{0x000000071223e148}: 'java.lang.Object java.lang.invoke.Invokers$Holder.linkToTargetMethod(java.lang.Object, java.lang.Object, int, java.lang.Object, java.lang.Object)'> (0x000000071223e148) 
thrown [s\open\src\hotspot\share\interpreter\linkResolver.cpp, line 774]
Event: 0.814 Thread 0x000001acda820160 Exception <a 'java/lang/NoSuchMethodError'{0x000000071224bca8}: 'java.lang.Object java.lang.invoke.DirectMethodHandle$Holder.newInvokeSpecial(java.lang.Object, int, java.lang.Object)'> (0x000000071224bca8) 
thrown [s\open\src\hotspot\share\interpreter\linkResolver.cpp, line 774]
Event: 0.814 Thread 0x000001acda820160 Exception <a 'java/lang/NoSuchMethodError'{0x0000000712250818}: 'int java.lang.invoke.DirectMethodHandle$Holder.invokeSpecialIFC(java.lang.Object, java.lang.Object, java.lang.Object, java.lang.Object)'> (0x0000000712250818) 
thrown [s\open\src\hotspot\share\interpreter\linkResolver.cpp, line 774]
Event: 0.838 Thread 0x000001acda820160 Exception <a 'java/lang/NoSuchMethodError'{0x000000071232e910}: 'void java.lang.invoke.DirectMethodHandle$Holder.invokeInterface(java.lang.Object, java.lang.Object, java.lang.Object)'> (0x000000071232e910) 
thrown [s\open\src\hotspot\share\interpreter\linkResolver.cpp, line 774]
Event: 0.856 Thread 0x000001acda820160 Exception <a 'java/lang/NoSuchMethodError'{0x00000007123b5170}: 'void java.lang.invoke.DirectMethodHandle$Holder.invokeStaticInit(java.lang.Object, java.lang.Object, java.lang.Object)'> (0x00000007123b5170) 
thrown [s\open\src\hotspot\share\interpreter\linkResolver.cpp, line 774]
Event: 0.863 Thread 0x000001acda820160 Exception <a 'java/lang/NoSuchMethodError'{0x0000000712000468}: 'java.lang.Object java.lang.invoke.DirectMethodHandle$Holder.invokeVirtual(java.lang.Object, java.lang.Object, java.lang.Object)'> (0x0000000712000468) 
thrown [s\open\src\hotspot\share\interpreter\linkResolver.cpp, line 774]
Event: 0.888 Thread 0x000001acda820160 Exception <a 'java/lang/NoSuchMethodError'{0x00000007120a8598}: 'void java.lang.invoke.DirectMethodHandle$Holder.invokeVirtual(java.lang.Object, java.lang.Object, java.lang.Object, java.lang.Object)'> (0x00000007120a8598) 
thrown [s\open\src\hotspot\share\interpreter\linkResolver.cpp, line 774]

ZGC Phase Switch (0 events):
No events

VM Operations (20 events):
Event: 0.129 Executing VM operation: HandshakeAllThreads (Deoptimize)
Event: 0.129 Executing VM operation: HandshakeAllThreads (Deoptimize) done
Event: 0.236 Executing VM operation: HandshakeAllThreads (Deoptimize)
Event: 0.236 Executing VM operation: HandshakeAllThreads (Deoptimize) done
Event: 0.244 Executing VM operation: HandshakeAllThreads (Deoptimize)
Event: 0.244 Executing VM operation: HandshakeAllThreads (Deoptimize) done
Event: 0.281 Executing VM operation: HandshakeAllThreads (Deoptimize)
Event: 0.281 Executing VM operation: HandshakeAllThreads (Deoptimize) done
Event: 0.501 Executing VM operation: HandshakeAllThreads (Deoptimize)
Event: 0.501 Executing VM operation: HandshakeAllThreads (Deoptimize) done
Event: 0.502 Executing VM operation: HandshakeAllThreads (Deoptimize)
Event: 0.502 Executing VM operation: HandshakeAllThreads (Deoptimize) done
Event: 0.587 Executing VM operation: HandshakeAllThreads (Deoptimize)
Event: 0.587 Executing VM operation: HandshakeAllThreads (Deoptimize) done
Event: 0.598 Executing VM operation: HandshakeAllThreads (Deoptimize)
Event: 0.598 Executing VM operation: HandshakeAllThreads (Deoptimize) done
Event: 0.645 Executing VM operation: ICBufferFull
Event: 0.645 Executing VM operation: ICBufferFull done
Event: 0.699 Executing VM operation: G1CollectForAllocation (G1 Evacuation Pause)
Event: 0.704 Executing VM operation: G1CollectForAllocation (G1 Evacuation Pause) done

Events (13 events):
Event: 0.032 Thread 0x000001acda820160 Thread added: 0x000001acda820160
Event: 0.049 Thread 0x000001acfbe896e0 Thread added: 0x000001acfbe896e0
Event: 0.050 Thread 0x000001acfbe8a7b0 Thread added: 0x000001acfbe8a7b0
Event: 0.050 Thread 0x000001acfbe91d50 Thread added: 0x000001acfbe91d50
Event: 0.050 Thread 0x000001acfbe94a80 Thread added: 0x000001acfbe94a80
Event: 0.050 Thread 0x000001acfbe96850 Thread added: 0x000001acfbe96850
Event: 0.050 Thread 0x000001acfbe9a500 Thread added: 0x000001acfbe9a500
Event: 0.050 Thread 0x000001acfbe9c3b0 Thread added: 0x000001acfbe9c3b0
Event: 0.050 Thread 0x000001acfbea94b0 Thread added: 0x000001acfbea94b0
Event: 0.123 Thread 0x000001acfbe997e0 Thread added: 0x000001acfbe997e0
Event: 0.174 Thread 0x000001acc53b84e0 Thread added: 0x000001acc53b84e0
Event: 0.233 Thread 0x000001acfbe99e70 Thread added: 0x000001acfbe99e70
Event: 0.234 Thread 0x000001acfbe9ab90 Thread added: 0x000001acfbe9ab90


Dynamic libraries:
0x00007ff7dfa80000 - 0x00007ff7dfa8e000 	C:\Users\Ahmed Yasser\.jdks\openjdk-22.0.1\bin\java.exe
0x00007ffbbdcb0000 - 0x00007ffbbdec7000 	C:\WINDOWS\SYSTEM32\ntdll.dll
0x00007ffbbce00000 - 0x00007ffbbcec4000 	C:\WINDOWS\System32\KERNEL32.DLL
0x00007ffbbaf80000 - 0x00007ffbbb353000 	C:\WINDOWS\System32\KERNELBASE.dll
0x00007ffbbb500000 - 0x00007ffbbb611000 	C:\WINDOWS\System32\ucrtbase.dll
0x00007ffbb3590000 - 0x00007ffbb35a7000 	C:\Users\Ahmed Yasser\.jdks\openjdk-22.0.1\bin\jli.dll
0x00007ffbb35b0000 - 0x00007ffbb35cb000 	C:\Users\Ahmed Yasser\.jdks\openjdk-22.0.1\bin\VCRUNTIME140.dll
0x00007ffbbc270000 - 0x00007ffbbc421000 	C:\WINDOWS\System32\USER32.dll
0x00007ffbbb760000 - 0x00007ffbbb786000 	C:\WINDOWS\System32\win32u.dll
0x00007ffba21d0000 - 0x00007ffba2468000 	C:\WINDOWS\WinSxS\amd64_microsoft.windows.common-controls_6595b64144ccf1df_6.0.22621.5124_none_270e8f4f7386d69d\COMCTL32.dll
0x00007ffbbcdd0000 - 0x00007ffbbcdf9000 	C:\WINDOWS\System32\GDI32.dll
0x00007ffbbcb90000 - 0x00007ffbbcc37000 	C:\WINDOWS\System32\msvcrt.dll
0x00007ffbbadc0000 - 0x00007ffbbaedb000 	C:\WINDOWS\System32\gdi32full.dll
0x00007ffbbaee0000 - 0x00007ffbbaf7a000 	C:\WINDOWS\System32\msvcp_win.dll
0x00007ffbbcef0000 - 0x00007ffbbcf21000 	C:\WINDOWS\System32\IMM32.DLL
0x00007ffbb71b0000 - 0x00007ffbb71bc000 	C:\Users\Ahmed Yasser\.jdks\openjdk-22.0.1\bin\vcruntime140_1.dll
0x00007ffb9c4c0000 - 0x00007ffb9c54e000 	C:\Users\Ahmed Yasser\.jdks\openjdk-22.0.1\bin\msvcp140.dll
0x00007ffb7a210000 - 0x00007ffb7af57000 	C:\Users\Ahmed Yasser\.jdks\openjdk-22.0.1\bin\server\jvm.dll
0x00007ffbbbb80000 - 0x00007ffbbbc31000 	C:\WINDOWS\System32\ADVAPI32.dll
0x00007ffbbda10000 - 0x00007ffbbdab8000 	C:\WINDOWS\System32\sechost.dll
0x00007ffbbb360000 - 0x00007ffbbb388000 	C:\WINDOWS\System32\bcrypt.dll
0x00007ffbbc150000 - 0x00007ffbbc264000 	C:\WINDOWS\System32\RPCRT4.dll
0x00007ffbbcd50000 - 0x00007ffbbcdc1000 	C:\WINDOWS\System32\WS2_32.dll
0x00007ffbb9d50000 - 0x00007ffbb9d9d000 	C:\WINDOWS\SYSTEM32\POWRPROF.dll
0x00007ffbb02c0000 - 0x00007ffbb02f4000 	C:\WINDOWS\SYSTEM32\WINMM.dll
0x00007ffbb11b0000 - 0x00007ffbb11ba000 	C:\WINDOWS\SYSTEM32\VERSION.dll
0x00007ffbb9d30000 - 0x00007ffbb9d43000 	C:\WINDOWS\SYSTEM32\UMPDC.dll
0x00007ffbb9ea0000 - 0x00007ffbb9eb8000 	C:\WINDOWS\SYSTEM32\kernel.appcore.dll
0x00007ffbb5d40000 - 0x00007ffbb5d4a000 	C:\Users\Ahmed Yasser\.jdks\openjdk-22.0.1\bin\jimage.dll
0x00007ffbb83d0000 - 0x00007ffbb8602000 	C:\WINDOWS\SYSTEM32\DBGHELP.DLL
0x00007ffbbbca0000 - 0x00007ffbbc032000 	C:\WINDOWS\System32\combase.dll
0x00007ffbbcc40000 - 0x00007ffbbcd17000 	C:\WINDOWS\System32\OLEAUT32.dll
0x00007ffb93650000 - 0x00007ffb93682000 	C:\WINDOWS\SYSTEM32\dbgcore.DLL
0x00007ffbbb790000 - 0x00007ffbbb80b000 	C:\WINDOWS\System32\bcryptPrimitives.dll
0x00007ffbb5c80000 - 0x00007ffbb5c8f000 	C:\Users\Ahmed Yasser\.jdks\openjdk-22.0.1\bin\instrument.dll
0x00007ffbb3570000 - 0x00007ffbb358e000 	C:\Users\Ahmed Yasser\.jdks\openjdk-22.0.1\bin\java.dll
0x00007ffbbd060000 - 0x00007ffbbd8f6000 	C:\WINDOWS\System32\SHELL32.dll
0x00007ffbbb810000 - 0x00007ffbbb94f000 	C:\WINDOWS\System32\wintypes.dll
0x00007ffbbb9d0000 - 0x00007ffbbbb71000 	C:\WINDOWS\System32\ole32.dll
0x00007ffbb8c90000 - 0x00007ffbb95aa000 	C:\WINDOWS\SYSTEM32\windows.storage.dll
0x00007ffbbc040000 - 0x00007ffbbc14a000 	C:\WINDOWS\System32\SHCORE.dll
0x00007ffbbd900000 - 0x00007ffbbd963000 	C:\WINDOWS\System32\shlwapi.dll
0x00007ffbbacf0000 - 0x00007ffbbad1b000 	C:\WINDOWS\SYSTEM32\profapi.dll
0x00007ffb7c160000 - 0x00007ffb7c237000 	C:\Users\Ahmed Yasser\.jdks\openjdk-22.0.1\bin\jsvml.dll
0x00007ffbb3530000 - 0x00007ffbb3547000 	C:\Users\Ahmed Yasser\.jdks\openjdk-22.0.1\bin\zip.dll
0x00007ffbb5c40000 - 0x00007ffbb5c50000 	C:\Users\Ahmed Yasser\.jdks\openjdk-22.0.1\bin\net.dll
0x00007ffbba320000 - 0x00007ffbba38a000 	C:\WINDOWS\system32\mswsock.dll
0x00007ffbb3550000 - 0x00007ffbb3566000 	C:\Users\Ahmed Yasser\.jdks\openjdk-22.0.1\bin\nio.dll
0x00007ffbb34a0000 - 0x00007ffbb34ba000 	C:\Program Files\JetBrains\IntelliJ IDEA Community Edition 2024.3.3\bin\breakgen64.dll
0x00007ffbb5c20000 - 0x00007ffbb5c29000 	C:\Users\Ahmed Yasser\.jdks\openjdk-22.0.1\bin\extnet.dll

dbghelp: loaded successfully - version: 4.0.5 - missing functions: none
symbol engine: initialized successfully - sym options: 0x614 - pdb path: .;C:\Users\Ahmed Yasser\.jdks\openjdk-22.0.1\bin;C:\WINDOWS\SYSTEM32;C:\WINDOWS\WinSxS\amd64_microsoft.windows.common-controls_6595b64144ccf1df_6.0.22621.5124_none_270e8f4f7386d69d;C:\Users\Ahmed Yasser\.jdks\openjdk-22.0.1\bin\server;C:\Program Files\JetBrains\IntelliJ IDEA Community Edition 2024.3.3\bin

VM Arguments:
jvm_args: -javaagent:C:\Program Files\JetBrains\IntelliJ IDEA Community Edition 2024.3.3\lib\idea_rt.jar=43411:C:\Program Files\JetBrains\IntelliJ IDEA Community Edition 2024.3.3\bin -Dfile.encoding=UTF-8 -Dsun.stdout.encoding=UTF-8 -Dsun.stderr.encoding=UTF-8 
java_command: com.iotproject.iotproject.IotprojectApplication
java_class_path (initial): D:\Ahmed Yasser 1\DXC Preparation\Project\iotproject\target\classes;C:\Users\Ahmed Yasser\.m2\repository\org\springframework\boot\spring-boot-starter-data-jpa\3.4.4\spring-boot-starter-data-jpa-3.4.4.jar;C:\Users\Ahmed Yasser\.m2\repository\org\springframework\boot\spring-boot-starter\3.4.4\spring-boot-starter-3.4.4.jar;C:\Users\Ahmed Yasser\.m2\repository\org\springframework\boot\spring-boot\3.4.4\spring-boot-3.4.4.jar;C:\Users\Ahmed Yasser\.m2\repository\org\springframework\boot\spring-boot-autoconfigure\3.4.4\spring-boot-autoconfigure-3.4.4.jar;C:\Users\Ahmed Yasser\.m2\repository\org\springframework\boot\spring-boot-starter-logging\3.4.4\spring-boot-starter-logging-3.4.4.jar;C:\Users\Ahmed Yasser\.m2\repository\ch\qos\logback\logback-classic\1.5.18\logback-classic-1.5.18.jar;C:\Users\Ahmed Yasser\.m2\repository\ch\qos\logback\logback-core\1.5.18\logback-core-1.5.18.jar;C:\Users\Ahmed Yasser\.m2\repository\org\apache\logging\log4j\log4j-to-slf4j\2.24.3\log4j-to-slf4j-2.24.3.jar;C:\Users\Ahmed Yasser\.m2\repository\org\apache\logging\log4j\log4j-api\2.24.3\log4j-api-2.24.3.jar;C:\Users\Ahmed Yasser\.m2\repository\org\slf4j\jul-to-slf4j\2.0.17\jul-to-slf4j-2.0.17.jar;C:\Users\Ahmed Yasser\.m2\repository\jakarta\annotation\jakarta.annotation-api\2.1.1\jakarta.annotation-api-2.1.1.jar;C:\Users\Ahmed Yasser\.m2\repository\org\yaml\snakeyaml\2.3\snakeyaml-2.3.jar;C:\Users\Ahmed Yasser\.m2\repository\org\springframework\boot\spring-boot-starter-jdbc\3.4.4\spring-boot-starter-jdbc-3.4.4.jar;C:\Users\Ahmed Yasser\.m2\repository\com\zaxxer\HikariCP\5.1.0\HikariCP-5.1.0.jar;C:\Users\Ahmed Yasser\.m2\repository\org\springframework\spring-jdbc\6.2.5\spring-jdbc-6.2.5.jar;C:\Users\Ahmed Yasser\.m2\repository\org\hibernate\orm\hibernate-core\6.6.11.Final\hibernate-core-6.6.11.Final.jar;C:\Users\Ahmed Yasser\.m2\repository\jakarta\persistence\jakarta.persistence-api\3.1.0\jakarta.persistence-api-3.1.0.jar;C:\Users\Ahmed Yasser\.m2\repository\jakarta\transaction\jakarta.transaction-api\2.0.1\jakarta.transaction-api-2.0.1.jar;C:\Users\Ahmed Yasser\.m2\repository\org\jboss\logging\jboss-logging\3.6.1.Final\jboss-logging-3.6.1.Final.jar;C:\Users\Ahmed Yasser\.m2\repository\org\hibernate\common\hibernate-commons-annotations\7.0.3.Final\hibernate-commons-annotations-7.0.3.Final.jar;C:\Users\Ahmed Yasser\.m2\repository\io\smallrye\jandex\3.2.0\jandex-3.2.0.jar;C:\Users\Ahmed Yasser\.m2\repository\com\fasterxml\classmate\1.7.0\classmate-1.7.0.jar;C:\Users\Ahmed Yasser\.m2\repository\net\bytebuddy\byte-buddy\1.15.11\byte-buddy-1.15.11.jar;C:\Users\Ahmed Yasser\.m2\repository\org\glassfish\jaxb\jaxb-runtime\4.0.5\jaxb-runtime-4.0.5.jar;C:\Users\Ahmed Yasser\.m2\repository\org\glassfish\jaxb\jaxb-core\4.0.5\jaxb-core-4.0.5.jar;C:\Users\Ahmed Yasser\.m2\repository\org\eclipse\angus\angus-activation\2.0.2\angus-activation-2.0.2.jar;C:\Users\Ahmed Yasser\.m2\repository\org\glassfish\jaxb\txw2\4.0.5\txw2-4.0.5.jar;C:\Users\Ahmed Yasser\.m2\repository\com\sun\istack\istack-commons-runtime\4.1.2\istack-commons-runtime-4.1.2.jar;C:\Users\Ahmed Yasser\.m2\repository\jakarta\inject\jakarta.inject-api\2.0.1\jakarta.inject-api-2.0.1.jar;C:\Users\Ahmed Yasser\.m2\repository\org\antlr\antlr4-runtime\4.13.0\antlr4-runtime-4.13.0.jar;C:\Users\Ahmed Yasser\.m2\repository\org\springframework\data\spring-data-jpa\3.4.4\spring-data-jpa-3.4.4.jar;C:\Users\Ahmed Yasser\.m2\repository\org\springframework\data\spring-data-commons\3.4.4\spring-data-commons-3.4.4.jar;C:\Users\Ahmed Yasser\.m2\repository\org\springframework\spring-orm\6.2.5\spring-orm-6.2.5.jar;C:\Users\Ahmed Yasser\.m2\repository\org\springframework\spring-context\6.2.5\spring-context-6.2.5.jar;C:\Users\Ahmed Yasser\.m2\repository\org\springframework\spring-tx\6.2.5\spring-tx-6.2.5.jar;C:\Users\Ahmed Yasser\.m2\repository\org\springframework\spring-beans\6.2.5\spring-beans-6.2.5.jar;C:\Users\Ahmed Yasser\.m2\repository\org\slf4j\slf4j-api\2.0.17\slf4j-api-2.0.17.jar;C:\Users\Ahmed Yasser\.m2\repository\org\springframework\spring-aspects\6.2.5\spring-aspects-6.2.5.jar;C:\Users\Ahmed Yasser\.m2\repository\org\aspectj\aspectjweaver\1.9.23\aspectjweaver-1.9.23.jar;C:\Users\Ahmed Yasser\.m2\repository\org\springframework\boot\spring-boot-starter-security\3.4.4\spring-boot-starter-security-3.4.4.jar;C:\Users\Ahmed Yasser\.m2\repository\org\springframework\spring-aop\6.2.5\spring-aop-6.2.5.jar;C:\Users\Ahmed Yasser\.m2\repository\org\springframework\security\spring-security-config\6.4.4\spring-security-config-6.4.4.jar;C:\Users\Ahmed Yasser\.m2\repository\org\springframework\security\spring-security-web\6.4.4\spring-security-web-6.4.4.jar;C:\Users\Ahmed Yasser\.m2\repository\org\springframework\spring-expression\6.2.5\spring-expression-6.2.5.jar;C:\Users\Ahmed Yasser\.m2\repository\org\springframework\boot\spring-boot-starter-web\3.4.4\spring-boot-starter-web-3.4.4.jar;C:\Users\Ahmed Yasser\.m2\repository\org\springframework\boot\spring-boot-starter-json\3.4.4\spring-boot-starter-json-3.4.4.jar;C:\Users\Ahmed Yasser\.m2\repository\com\fasterxml\jackson\core\jackson-databind\2.18.3\jackson-databind-2.18.3.jar;C:\Users\Ahmed Yasser\.m2\repository\com\fasterxml\jackson\core\jackson-annotations\2.18.3\jackson-annotations-2.18.3.jar;C:\Users\Ahmed Yasser\.m2\repository\com\fasterxml\jackson\core\jackson-core\2.18.3\jackson-core-2.18.3.jar;C:\Users\Ahmed Yasser\.m2\repository\com\fasterxml\jackson\datatype\jackson-datatype-jdk8\2.18.3\jackson-datatype-jdk8-2.18.3.jar;C:\Users\Ahmed Yasser\.m2\repository\com\fasterxml\jackson\datatype\jackson-datatype-jsr310\2.18.3\jackson-datatype-jsr310-2.18.3.jar;C:\Users\Ahmed Yasser\.m2\repository\com\fasterxml\jackson\module\jackson-module-parameter-names\2.18.3\jackson-module-parameter-names-2.18.3.jar;C:\Users\Ahmed Yasser\.m2\repository\org\springframework\boot\spring-boot-starter-tomcat\3.4.4\spring-boot-starter-tomcat-3.4.4.jar;C:\Users\Ahmed Yasser\.m2\repository\org\apache\tomcat\embed\tomcat-embed-core\10.1.39\tomcat-embed-core-10.1.39.jar;C:\Users\Ahmed Yasser\.m2\repository\org\apache\tomcat\embed\tomcat-embed-el\10.1.39\tomcat-embed-el-10.1.39.jar;C:\Users\Ahmed Yasser\.m2\repository\org\apache\tomcat\embed\tomcat-embed-websocket\10.1.39\tomcat-embed-websocket-10.1.39.jar;C:\Users\Ahmed Yasser\.m2\repository\org\springframework\spring-web\6.2.5\spring-web-6.2.5.jar;C:\Users\Ahmed Yasser\.m2\repository\io\micrometer\micrometer-observation\1.14.5\micrometer-observation-1.14.5.jar;C:\Users\Ahmed Yasser\.m2\repository\io\micrometer\micrometer-commons\1.14.5\micrometer-commons-1.14.5.jar;C:\Users\Ahmed Yasser\.m2\repository\org\springframework\spring-webmvc\6.2.5\spring-webmvc-6.2.5.jar;C:\Users\Ahmed Yasser\.m2\repository\com\mysql\mysql-connector-j\9.1.0\mysql-connector-j-9.1.0.jar;C:\Users\Ahmed Yasser\.m2\repository\jakarta\xml\bind\jakarta.xml.bind-api\4.0.2\jakarta.xml.bind-api-4.0.2.jar;C:\Users\Ahmed Yasser\.m2\repository\jakarta\activation\jakarta.activation-api\2.1.3\jakarta.activation-api-2.1.3.jar;C:\Users\Ahmed Yasser\.m2\repository\org\springframework\spring-core\6.2.5\spring-core-6.2.5.jar;C:\Users\Ahmed Yasser\.m2\repository\org\springframework\spring-jcl\6.2.5\spring-jcl-6.2.5.jar;C:\Users\Ahmed Yasser\.m2\repository\org\springframework\security\spring-security-core\6.4.4\spring-security-core-6.4.4.jar;C:\Users\Ahmed Yasser\.m2\repository\org\springframework\security\spring-security-crypto\6.4.4\spring-security-crypto-6.4.4.jar
Launcher Type: SUN_STANDARD

[Global flags]
     intx CICompilerCount                          = 4                                         {product} {ergonomic}
     uint ConcGCThreads                            = 3                                         {product} {ergonomic}
     uint G1ConcRefinementThreads                  = 10                                        {product} {ergonomic}
   size_t G1HeapRegionSize                         = 2097152                                   {product} {ergonomic}
   size_t InitialHeapSize                          = 266338304                                 {product} {ergonomic}
   size_t MarkStackSize                            = 4194304                                   {product} {ergonomic}
   size_t MaxHeapSize                              = 4250927104                                {product} {ergonomic}
   size_t MaxNewSize                               = 2550136832                                {product} {ergonomic}
   size_t MinHeapDeltaBytes                        = 2097152                                   {product} {ergonomic}
   size_t MinHeapSize                              = 8388608                                   {product} {ergonomic}
    uintx NonNMethodCodeHeapSize                   = 5839372                                {pd product} {ergonomic}
    uintx NonProfiledCodeHeapSize                  = 122909434                              {pd product} {ergonomic}
    uintx ProfiledCodeHeapSize                     = 122909434                              {pd product} {ergonomic}
    uintx ReservedCodeCacheSize                    = 251658240                              {pd product} {ergonomic}
     bool SegmentedCodeCache                       = true                                      {product} {ergonomic}
   size_t SoftMaxHeapSize                          = 4250927104                             {manageable} {ergonomic}
     bool UseCompressedOops                        = true                           {product lp64_product} {ergonomic}
     bool UseG1GC                                  = true                                      {product} {ergonomic}
     bool UseLargePagesIndividualAllocation        = false                                  {pd product} {ergonomic}

Logging:
Log output configuration:
 #0: stdout all=warning uptime,level,tags foldmultilines=false
 #1: stderr all=off uptime,level,tags foldmultilines=false

Environment Variables:
PATH=C:\Program Files (x86)\VMware\VMware Workstation\bin\;C:\Program Files\NVIDIA GPU Computing Toolkit\CUDA\v11.7\bin;C:\Program Files\NVIDIA GPU Computing Toolkit\CUDA\v11.7\libnvvp;C:\Program Files\Java\jdk-17;C:\Program Files\Common Files\Oracle\Java\javapath;C:\Python312\Scripts\;C:\Python312\;C:\Program Files (x86)\Common Files\Oracle\Java\javapath;C:\Program Files\Microsoft MPI\Bin\;C:\Python37-32\Scripts\;C:\Python37-32\;C:\Windows\system32;C:\Windows;C:\Windows\System32\Wbem;C:\Windows\System32\WindowsPowerShell\v1.0\;C:\Windows\System32\OpenSSH\;C:\Program Files (x86)\NVIDIA Corporation\PhysX\Common;C:\Program Files\NVIDIA Corporation\NVIDIA NvDLISR;C:\WINDOWS\system32;C:\WINDOWS;C:\WINDOWS\System32\Wbem;C:\WINDOWS\System32\WindowsPowerShell\v1.0\;C:\WINDOWS\System32\OpenSSH\;C:\Program Files\Git\cmd;C:\Program Files\dotnet\;C:\Program Files (x86)\Microsoft SQL Server\150\DTS\Binn\;C:\Program Files\Azure Data Studio\bin;C:\Program Files (x86)\Microsoft SQL Server\160\Tools\Binn\;C:\Program Files\Microsoft SQL Server\160\Tools\Binn\;C:\Program Files\Microsoft SQL Server\Client SDK\ODBC\170\Tools\Binn\;C:\Program Files\Microsoft SQL Server\160\DTS\Binn\;C:\Program Files (x86)\Microsoft SQL Server\160\DTS\Binn\;C:\Program Files\Microsoft SQL Server\150\Tools\Binn\;C:\ProgramData\chocolatey\bin;C:\Program Files\NVIDIA Corporation\Nsight Compute 2022.2.1\;C:\WINDOWS\system32;C:\WINDOWS;C:\WINDOWS\System32\Wbem;C:\WINDOWS\System32\WindowsPowerShell\v1.0\;C:\WINDOWS\System32\OpenSSH\;C:\Program Files\CMake\bin;D:\dartsdk-windows-x64-release\dart-sdk\bin;C:\Program Files\nodejs\;C:\Users\Ahmed Yasser\AppData\Local\Pub\Cache\bin;C:\Program Files\Amazon\AWSCLIV2\;C:\Users\Ahmed Yasser\Dropbox\PC\Downloads\apache-maven-3.8.8-bin\apache-maven-3.8.8\bin;;C:\Program Files\Docker\Docker\resources\bin;C:\Users\Ahmed Yasser\AppData\Local\Programs\Python\Python310\Scripts\;C:\Users\Ahmed Yasser\AppData\Local\Programs\Python\Python310\;C:\Users\Ahmed Yasser\AppData\Local\Microsoft\WindowsApps;D:\Microsoft VS Code\bin;C:\Users\Ahmed Yasser\.dotnet\tools;C:\Program Files\Azure Data Studio\bin;C:\MinGW\bin;C:\Program Files\CMake\bin;C:\Users\Ahmed Yasser\AppData\Local\JetBrains\PyCharm Community Edition 2022.2.2\bin;;C:\development\flutter\bin;D:\dartsdk-windows-x64-release\dart-sdk\bin;C:\Users\Ahmed Yasser\AppData\Roaming\npm;C:\Users\Ahmed Yasser\AppData\Local\Pub\Cache\bin;C:\Program Files\Java\jdk-22\bin;C:\ProgramData\chocolatey\lib\terraform\tools;C:\Program Files (x86)\Nmap;C:\Program Files\JetBrains\IntelliJ IDEA Community Edition 2024.3.3\bin;
USERNAME=Ahmed Yasser
OS=Windows_NT
PROCESSOR_IDENTIFIER=Intel64 Family 6 Model 165 Stepping 2, GenuineIntel
TMP=C:\Users\AHMEDY~1\AppData\Local\Temp
TEMP=C:\Users\AHMEDY~1\AppData\Local\Temp




Periodic native trim disabled

---------------  S Y S T E M  ---------------

OS:
 Windows 11 , 64 bit Build 22621 (10.0.22621.5124)
OS uptime: 4 days 18:17 hours
Hyper-V role detected

CPU: total 12 (initial active 12) (6 cores per cpu, 2 threads per core) family 6 model 165 stepping 2 microcode 0xe2, cx8, cmov, fxsr, ht, mmx, 3dnowpref, sse, sse2, sse3, ssse3, sse4.1, sse4.2, popcnt, lzcnt, tsc, tscinvbit, avx, avx2, aes, erms, clmul, bmi1, bmi2, adx, fma, vzeroupper, clflush, clflushopt, hv, rdtscp, f16c
Processor Information for all 12 processors :
  Max Mhz: 2592, Current Mhz: 2592, Mhz Limit: 2592

Memory: 4k page, system-wide physical 16215M (2225M free)
TotalPageFile size 18263M (AvailPageFile size 2M)
current process WorkingSet (physical memory assigned to process): 94M, peak: 94M
current process commit charge ("private bytes"): 366M, peak: 366M

vm_info: OpenJDK 64-Bit Server VM (22.0.1+8-16) for windows-amd64 JRE (22.0.1+8-16), built on 2024-03-12T10:33:16Z by "mach5one" with MS VC++ 17.6 (VS2022)

END.
