#
# There is insufficient memory for the Java Runtime Environment to continue.
# Native memory allocation (mmap) failed to map 65536 bytes. Error detail: Failed to commit metaspace.
# Possible reasons:
#   The system is out of physical RAM or swap space
#   This process is running with CompressedOops enabled, and the Java Heap may be blocking the growth of the native heap
# Possible solutions:
#   Reduce memory load on the system
#   Increase physical memory or swap space
#   Check if swap backing store is full
#   Decrease Java heap size (-Xmx/-Xms)
#   Decrease number of Java threads
#   Decrease Java thread stack sizes (-Xss)
#   Set larger code cache with -XX:ReservedCodeCacheSize=
#   JVM is running with Zero Based Compressed Oops mode in which the Java heap is
#     placed in the first 32GB address space. The Java Heap base address is the
#     maximum limit for the native heap growth. Please use -XX:HeapBaseMinAddress
#     to set the Java Heap base and to place the Java Heap above 32GB virtual address.
# This output file may be truncated or incomplete.
#
#  Out of Memory Error (virtualSpaceNode.cpp:112), pid=3876, tid=17504
#
# JRE version: Java(TM) SE Runtime Environment (22.0.1+8) (build 22.0.1+8-16)
# Java VM: Java HotSpot(TM) 64-Bit Server VM (22.0.1+8-16, mixed mode, tiered, compressed oops, compressed class ptrs, g1 gc, windows-amd64)
# No core dump will be written. Minidumps are not enabled by default on client versions of Windows
#

---------------  S U M M A R Y ------------

Command Line: -Dclassworlds.conf=C:\Users\Ahmed Yasser\Dropbox\PC\Downloads\apache-maven-3.8.8-bin\apache-maven-3.8.8\bin\m2.conf -Dmaven.home=C:\Users\Ahmed Yasser\Dropbox\PC\Downloads\apache-maven-3.8.8-bin\apache-maven-3.8.8 -Dlibrary.jansi.path=C:\Users\Ahmed Yasser\Dropbox\PC\Downloads\apache-maven-3.8.8-bin\apache-maven-3.8.8\lib\jansi-native -Dmaven.multiModuleProjectDirectory=D:\Ahmed Yasser 1\DXC Preparation\Final Project\backend\iotproject org.codehaus.plexus.classworlds.launcher.Launcher clean package -DskipTests

Host: Intel(R) Core(TM) i7-10750H CPU @ 2.60GHz, 12 cores, 15G,  Windows 11 , 64 bit Build 22621 (10.0.22621.5124)
Time: Sat Apr 26 19:09:54 2025 Egypt Daylight Time elapsed time: 0.242774 seconds (0d 0h 0m 0s)

---------------  T H R E A D  ---------------

Current thread (0x00000116652ff250):  JavaThread "main"             [_thread_in_vm, id=17504, stack(0x00000012a0b00000,0x00000012a0c00000) (1024K)]

Stack: [0x00000012a0b00000,0x00000012a0c00000]
Native frames: (J=compiled Java code, j=interpreted, Vv=VM code, C=native code)
V  [jvm.dll+0x6e2279]  (no source info available)
V  [jvm.dll+0x874e33]  (no source info available)
V  [jvm.dll+0x87725e]  (no source info available)
V  [jvm.dll+0x877933]  (no source info available)
V  [jvm.dll+0x27fd76]  (no source info available)
V  [jvm.dll+0x870a7e]  (no source info available)
V  [jvm.dll+0x6852e5]  (no source info available)
V  [jvm.dll+0x1e3eac]  (no source info available)
V  [jvm.dll+0x1e3c7e]  (no source info available)
V  [jvm.dll+0x687c38]  (no source info available)
V  [jvm.dll+0x2250ac]  (no source info available)
V  [jvm.dll+0x685cfe]  (no source info available)
V  [jvm.dll+0x696f69]  (no source info available)
V  [jvm.dll+0x69015e]  (no source info available)
V  [jvm.dll+0x3da3c1]  (no source info available)
C  0x0000011674b7bd4a  (no source info available)

The last pc belongs to method entry point (kind = zerolocals) (printed below).
Java frames: (J=compiled Java code, j=interpreted, Vv=VM code)
j  jdk.internal.access.SharedSecrets.getJavaIOPrintStreamAccess()Ljdk/internal/access/JavaIOPrintStreamAccess;+0 java.base@22.0.1
j  java.lang.Throwable$WrappedPrintStream.lock()Ljava/lang/Object;+0 java.base@22.0.1
j  java.lang.Throwable.printStackTrace(Ljava/lang/Throwable$PrintStreamOrWriter;)V+1 java.base@22.0.1
j  java.lang.Throwable.printStackTrace(Ljava/io/PrintStream;)V+9 java.base@22.0.1
j  java.lang.ThreadGroup.uncaughtException(Ljava/lang/Thread;Ljava/lang/Throwable;)V+75 java.base@22.0.1
j  java.lang.ThreadGroup.uncaughtException(Ljava/lang/Thread;Ljava/lang/Throwable;)V+13 java.base@22.0.1
j  java.lang.Thread.dispatchUncaughtException(Ljava/lang/Throwable;)V+6 java.base@22.0.1
v  ~StubRoutines::call_stub 0x0000011674b7100d
method entry point (kind = zerolocals)  [0x0000011674b7bb80, 0x0000011674b7bf38]  952 bytes
[MachCode]
  0x0000011674b7bb80: 488b 5308 | 0fb7 4a2e | 0fb7 522c | 2bd1 81fa | f501 0000 | 0f86 2500 | 0000 488b | c248 c1e0 
  0x0000011674b7bba0: 0348 83c0 | 5849 0387 | d804 0000 | 483b e00f | 870a 0000 | 0058 498b | e550 e9c1 | aaff ff58 
  0x0000011674b7bbc0: 4c8d 74cc | f885 d20f | 8e09 0000 | 0068 0000 | 0000 ffca | 7ff7 5055 | 488b ec41 | 5568 0000 
  0x0000011674b7bbe0: 0000 4c8b | 6b08 4d8d | 6d38 5348 | 8b53 0848 | 8b52 0848 | 8b52 1848 | 8b52 7048 | 8b12 5248 
  0x0000011674b7bc00: 8b53 1048 | 85d2 0f84 | 0700 0000 | 4881 c210 | 0100 0052 | 488b 5308 | 488b 5208 | 488b 5210 
  0x0000011674b7bc20: 5249 8bc6 | 482b c548 | c1e8 0350 | 4155 68f7 | ffff ff41 | c687 8104 | 0000 0148 | 8b45 d848 
  0x0000011674b7bc40: 85c0 0f84 | 8400 0000 | 8b48 f485 | c90f 8879 | 0000 0048 | 03c1 488b | 4808 4883 | e902 488b 
  0x0000011674b7bc60: 54c8 1048 | f7da 498b | 14d6 4885 | d275 10f6 | 44c8 1801 | 7550 f048 | 834c c818 | 01eb 478b 
  0x0000011674b7bc80: 5208 4c8b | d248 3354 | c818 48f7 | c2fc ffff | ff74 33f6 | c202 752e | 4883 7cc8 | 1800 7421 
  0x0000011674b7bca0: 4883 7cc8 | 1801 7419 | 498b d248 | 3354 c818 | 48f7 c2fc | ffff ff74 | 0d48 834c | c818 02eb 
  0x0000011674b7bcc0: 0548 8954 | c818 4883 | e902 7992 | 488b 4310 | 4885 c074 | 208b 88cc | 0000 0083 | c102 8988 
  0x0000011674b7bce0: cc00 0000 | 2388 e000 | 0000 0f84 | 9601 0000 | e9cf 0000 | 0048 8b43 | 1848 85c0 | 0f85 b000 
  0x0000011674b7bd00: 0000 e805 | 0000 00e9 | 9900 0000 | 488b d348 | 8d44 2408 | 4c89 6dc0 | 498b cfc5 | f877 4989 
  0x0000011674b7bd20: afb0 0300 | 0049 8987 | a003 0000 | 4883 ec20 | 40f6 c40f | 0f84 1900 | 0000 4883 | ec08 48b8 
  0x0000011674b7bd40: a0a3 96dd | fc7f 0000 | ffd0 4883 | c408 e90c | 0000 0048 | b8a0 a396 | ddfc 7f00 | 00ff d048 
  0x0000011674b7bd60: 83c4 2049 | c787 a003 | 0000 0000 | 0000 49c7 | 87b0 0300 | 0000 0000 | 0049 c787 | a803 0000 
  0x0000011674b7bd80: 0000 0000 | c5f8 7749 | 837f 0800 | 0f84 0500 | 0000 e969 | 51ff ff4c | 8b6d c04c | 8b75 c84e 
  0x0000011674b7bda0: 8d74 f500 | c348 8b43 | 1848 85c0 | 0f84 1200 | 0000 8b48 | 0883 c102 | 8948 0823 | 481c 0f84 
  0x0000011674b7bdc0: c200 0000 | 493b a7f0 | 0400 000f | 8748 0000 | 0089 8424 | 00f0 ffff | 8984 2400 | e0ff ff89 
  0x0000011674b7bde0: 8424 00d0 | ffff 8984 | 2400 c0ff | ff89 8424 | 00b0 ffff | 8984 2400 | a0ff ff89 | 8424 0090 
  0x0000011674b7be00: ffff 8984 | 2400 80ff | ff49 3ba7 | e804 0000 | 7607 4989 | a7f0 0400 | 0041 c687 | 8104 0000 
  0x0000011674b7be20: 0049 ba9c | 301d defc | 7f00 0041 | 803a 000f | 843e 0000 | 0048 8b55 | e849 8bcf | 4883 ec20 
  0x0000011674b7be40: 40f6 c40f | 0f84 1900 | 0000 4883 | ec08 48b8 | 40b5 cddd | fc7f 0000 | ffd0 4883 | c408 e90c 
  0x0000011674b7be60: 0000 0048 | b840 b5cd | ddfc 7f00 | 00ff d048 | 83c4 2041 | 0fb6 5d00 | 49ba f001 | 21de fc7f 
  0x0000011674b7be80: 0000 41ff | 24da ba00 | 0000 00e8 | 0500 0000 | e996 0000 | 0048 8d44 | 2408 4c89 | 6dc0 498b 
  0x0000011674b7bea0: cfc5 f877 | 4989 afb0 | 0300 0049 | 8987 a003 | 0000 4883 | ec20 40f6 | c40f 0f84 | 1900 0000 
  0x0000011674b7bec0: 4883 ec08 | 48b8 80ae | 96dd fc7f | 0000 ffd0 | 4883 c408 | e90c 0000 | 0048 b880 | ae96 ddfc 
  0x0000011674b7bee0: 7f00 00ff | d048 83c4 | 2049 c787 | a003 0000 | 0000 0000 | 49c7 87b0 | 0300 0000 | 0000 0049 
  0x0000011674b7bf00: c787 a803 | 0000 0000 | 0000 c5f8 | 7749 837f | 0800 0f84 | 0500 0000 | e9e3 4fff | ff4c 8b6d 
  0x0000011674b7bf20: c04c 8b75 | c84e 8d74 | f500 c348 | 8b5d e8e9 | 90fe ffff | 0f1f 4000 
[/MachCode]

---------------  P R O C E S S  ---------------

Threads class SMR info:
_java_thread_list=0x00000116049d0fa0, length=11, elements={
0x00000116652ff250, 0x000001160485bff0, 0x000001160485c920, 0x000001160484fef0,
0x0000011604850950, 0x00000116048513b0, 0x0000011604846420, 0x00000116048471b0,
0x000001160484c420, 0x00000116049f7650, 0x0000011604a07f50
}

Java Threads: ( => current thread )
=>0x00000116652ff250 JavaThread "main"                              [_thread_in_vm, id=17504, stack(0x00000012a0b00000,0x00000012a0c00000) (1024K)]
  0x000001160485bff0 JavaThread "Reference Handler"          daemon [_thread_blocked, id=23540, stack(0x00000012a1300000,0x00000012a1400000) (1024K)]
  0x000001160485c920 JavaThread "Finalizer"                  daemon [_thread_blocked, id=21776, stack(0x00000012a1400000,0x00000012a1500000) (1024K)]
  0x000001160484fef0 JavaThread "Signal Dispatcher"          daemon [_thread_blocked, id=13536, stack(0x00000012a1500000,0x00000012a1600000) (1024K)]
  0x0000011604850950 JavaThread "Attach Listener"            daemon [_thread_blocked, id=6120, stack(0x00000012a1600000,0x00000012a1700000) (1024K)]
  0x00000116048513b0 JavaThread "Service Thread"             daemon [_thread_blocked, id=20916, stack(0x00000012a1700000,0x00000012a1800000) (1024K)]
  0x0000011604846420 JavaThread "Monitor Deflation Thread"   daemon [_thread_blocked, id=12336, stack(0x00000012a1800000,0x00000012a1900000) (1024K)]
  0x00000116048471b0 JavaThread "C2 CompilerThread0"         daemon [_thread_blocked, id=16720, stack(0x00000012a1900000,0x00000012a1a00000) (1024K)]
  0x000001160484c420 JavaThread "C1 CompilerThread0"         daemon [_thread_blocked, id=18728, stack(0x00000012a1a00000,0x00000012a1b00000) (1024K)]
  0x00000116049f7650 JavaThread "Notification Thread"        daemon [_thread_blocked, id=24832, stack(0x00000012a1b00000,0x00000012a1c00000) (1024K)]
  0x0000011604a07f50 JavaThread "Common-Cleaner"             daemon [_thread_blocked, id=25848, stack(0x00000012a1c00000,0x00000012a1d00000) (1024K)]
Total: 11

Other Threads:
  0x00000116047edb00 VMThread "VM Thread"                           [id=19880, stack(0x00000012a1200000,0x00000012a1300000) (1024K)]
  0x000001160474e0b0 WatcherThread "VM Periodic Task Thread"        [id=19832, stack(0x00000012a1100000,0x00000012a1200000) (1024K)]
  0x0000011665368a00 WorkerThread "GC Thread#0"                     [id=23240, stack(0x00000012a0c00000,0x00000012a0d00000) (1024K)]
  0x0000011665379650 ConcurrentGCThread "G1 Main Marker"            [id=5900, stack(0x00000012a0d00000,0x00000012a0e00000) (1024K)]
  0x000001166537a220 WorkerThread "G1 Conc#0"                       [id=25772, stack(0x00000012a0e00000,0x00000012a0f00000) (1024K)]
  0x0000011604620de0 ConcurrentGCThread "G1 Refine#0"               [id=22032, stack(0x00000012a0f00000,0x00000012a1000000) (1024K)]
  0x0000011604622620 ConcurrentGCThread "G1 Service"                [id=2660, stack(0x00000012a1000000,0x00000012a1100000) (1024K)]
Total: 7

Threads with active compile tasks:
Total: 0

VM state: not at safepoint (normal execution)

VM Mutex/Monitor currently owned by a thread:  ([mutex/lock_event])
[0x00007ffcde1f9b38] Metaspace_lock - owner thread: 0x00000116652ff250

OutOfMemory and StackOverflow Exception counts:
OutOfMemoryError java_heap_errors=1

Heap address: 0x0000000702a00000, size: 4054 MB, Compressed Oops mode: Zero based, Oop shift amount: 3

CDS archive(s) not mapped
Compressed class space mapped at: 0x0000000028000000-0x0000000068000000, reserved size: 1073741824
Narrow klass base: 0x0000000000000000, Narrow klass shift: 0, Narrow klass range: 0x68000000

GC Precious Log:
 CardTable entry size: 512
 Card Set container configuration: InlinePtr #cards 4 size 8 Array Of Cards #cards 16 size 48 Howl #buckets 8 coarsen threshold 3686 Howl Bitmap #cards 512 size 80 coarsen threshold 460 Card regions per heap region 1 cards per card region 4096
 CPUs: 12 total, 12 available
 Memory: 16215M
 Large Page Support: Disabled
 NUMA Support: Disabled
 Compressed Oops: Enabled (Zero based)
 Heap Region Size: 2M
 Heap Min Capacity: 8M
 Heap Initial Capacity: 254M
 Heap Max Capacity: 4054M
 Pre-touch: Disabled
 Parallel Workers: 10
 Concurrent Workers: 3
 Concurrent Refinement Workers: 10
 Periodic GC: Disabled

Heap:
 garbage-first heap   total reserved 4151296K, committed 260096K, used 4096K [0x0000000702a00000, 0x0000000800000000)
  region size 2048K, 3 young (6144K), 0 survivors (0K)
 Metaspace       used 6696K, committed 6848K, reserved 1114112K
  class space    used 546K, committed 640K, reserved 1048576K

Heap Regions: E=young(eden), S=young(survivor), O=old, HS=humongous(starts), HC=humongous(continues), CS=collection set, F=free, TAMS=top-at-mark-start, PB=parsable bottom
|   0|0x0000000702a00000, 0x0000000702a00000, 0x0000000702c00000|  0%| F|  |TAMS 0x0000000702a00000| PB 0x0000000702a00000| Untracked |  0
|   1|0x0000000702c00000, 0x0000000702c00000, 0x0000000702e00000|  0%| F|  |TAMS 0x0000000702c00000| PB 0x0000000702c00000| Untracked |  0
|   2|0x0000000702e00000, 0x0000000702e00000, 0x0000000703000000|  0%| F|  |TAMS 0x0000000702e00000| PB 0x0000000702e00000| Untracked |  0
|   3|0x0000000703000000, 0x0000000703000000, 0x0000000703200000|  0%| F|  |TAMS 0x0000000703000000| PB 0x0000000703000000| Untracked |  0
|   4|0x0000000703200000, 0x0000000703200000, 0x0000000703400000|  0%| F|  |TAMS 0x0000000703200000| PB 0x0000000703200000| Untracked |  0
|   5|0x0000000703400000, 0x0000000703400000, 0x0000000703600000|  0%| F|  |TAMS 0x0000000703400000| PB 0x0000000703400000| Untracked |  0
|   6|0x0000000703600000, 0x0000000703600000, 0x0000000703800000|  0%| F|  |TAMS 0x0000000703600000| PB 0x0000000703600000| Untracked |  0
|   7|0x0000000703800000, 0x0000000703800000, 0x0000000703a00000|  0%| F|  |TAMS 0x0000000703800000| PB 0x0000000703800000| Untracked |  0
|   8|0x0000000703a00000, 0x0000000703a00000, 0x0000000703c00000|  0%| F|  |TAMS 0x0000000703a00000| PB 0x0000000703a00000| Untracked |  0
|   9|0x0000000703c00000, 0x0000000703c00000, 0x0000000703e00000|  0%| F|  |TAMS 0x0000000703c00000| PB 0x0000000703c00000| Untracked |  0
|  10|0x0000000703e00000, 0x0000000703e00000, 0x0000000704000000|  0%| F|  |TAMS 0x0000000703e00000| PB 0x0000000703e00000| Untracked |  0
|  11|0x0000000704000000, 0x0000000704000000, 0x0000000704200000|  0%| F|  |TAMS 0x0000000704000000| PB 0x0000000704000000| Untracked |  0
|  12|0x0000000704200000, 0x0000000704200000, 0x0000000704400000|  0%| F|  |TAMS 0x0000000704200000| PB 0x0000000704200000| Untracked |  0
|  13|0x0000000704400000, 0x0000000704400000, 0x0000000704600000|  0%| F|  |TAMS 0x0000000704400000| PB 0x0000000704400000| Untracked |  0
|  14|0x0000000704600000, 0x0000000704600000, 0x0000000704800000|  0%| F|  |TAMS 0x0000000704600000| PB 0x0000000704600000| Untracked |  0
|  15|0x0000000704800000, 0x0000000704800000, 0x0000000704a00000|  0%| F|  |TAMS 0x0000000704800000| PB 0x0000000704800000| Untracked |  0
|  16|0x0000000704a00000, 0x0000000704a00000, 0x0000000704c00000|  0%| F|  |TAMS 0x0000000704a00000| PB 0x0000000704a00000| Untracked |  0
|  17|0x0000000704c00000, 0x0000000704c00000, 0x0000000704e00000|  0%| F|  |TAMS 0x0000000704c00000| PB 0x0000000704c00000| Untracked |  0
|  18|0x0000000704e00000, 0x0000000704e00000, 0x0000000705000000|  0%| F|  |TAMS 0x0000000704e00000| PB 0x0000000704e00000| Untracked |  0
|  19|0x0000000705000000, 0x0000000705000000, 0x0000000705200000|  0%| F|  |TAMS 0x0000000705000000| PB 0x0000000705000000| Untracked |  0
|  20|0x0000000705200000, 0x0000000705200000, 0x0000000705400000|  0%| F|  |TAMS 0x0000000705200000| PB 0x0000000705200000| Untracked |  0
|  21|0x0000000705400000, 0x0000000705400000, 0x0000000705600000|  0%| F|  |TAMS 0x0000000705400000| PB 0x0000000705400000| Untracked |  0
|  22|0x0000000705600000, 0x0000000705600000, 0x0000000705800000|  0%| F|  |TAMS 0x0000000705600000| PB 0x0000000705600000| Untracked |  0
|  23|0x0000000705800000, 0x0000000705800000, 0x0000000705a00000|  0%| F|  |TAMS 0x0000000705800000| PB 0x0000000705800000| Untracked |  0
|  24|0x0000000705a00000, 0x0000000705a00000, 0x0000000705c00000|  0%| F|  |TAMS 0x0000000705a00000| PB 0x0000000705a00000| Untracked |  0
|  25|0x0000000705c00000, 0x0000000705c00000, 0x0000000705e00000|  0%| F|  |TAMS 0x0000000705c00000| PB 0x0000000705c00000| Untracked |  0
|  26|0x0000000705e00000, 0x0000000705e00000, 0x0000000706000000|  0%| F|  |TAMS 0x0000000705e00000| PB 0x0000000705e00000| Untracked |  0
|  27|0x0000000706000000, 0x0000000706000000, 0x0000000706200000|  0%| F|  |TAMS 0x0000000706000000| PB 0x0000000706000000| Untracked |  0
|  28|0x0000000706200000, 0x0000000706200000, 0x0000000706400000|  0%| F|  |TAMS 0x0000000706200000| PB 0x0000000706200000| Untracked |  0
|  29|0x0000000706400000, 0x0000000706400000, 0x0000000706600000|  0%| F|  |TAMS 0x0000000706400000| PB 0x0000000706400000| Untracked |  0
|  30|0x0000000706600000, 0x0000000706600000, 0x0000000706800000|  0%| F|  |TAMS 0x0000000706600000| PB 0x0000000706600000| Untracked |  0
|  31|0x0000000706800000, 0x0000000706800000, 0x0000000706a00000|  0%| F|  |TAMS 0x0000000706800000| PB 0x0000000706800000| Untracked |  0
|  32|0x0000000706a00000, 0x0000000706a00000, 0x0000000706c00000|  0%| F|  |TAMS 0x0000000706a00000| PB 0x0000000706a00000| Untracked |  0
|  33|0x0000000706c00000, 0x0000000706c00000, 0x0000000706e00000|  0%| F|  |TAMS 0x0000000706c00000| PB 0x0000000706c00000| Untracked |  0
|  34|0x0000000706e00000, 0x0000000706e00000, 0x0000000707000000|  0%| F|  |TAMS 0x0000000706e00000| PB 0x0000000706e00000| Untracked |  0
|  35|0x0000000707000000, 0x0000000707000000, 0x0000000707200000|  0%| F|  |TAMS 0x0000000707000000| PB 0x0000000707000000| Untracked |  0
|  36|0x0000000707200000, 0x0000000707200000, 0x0000000707400000|  0%| F|  |TAMS 0x0000000707200000| PB 0x0000000707200000| Untracked |  0
|  37|0x0000000707400000, 0x0000000707400000, 0x0000000707600000|  0%| F|  |TAMS 0x0000000707400000| PB 0x0000000707400000| Untracked |  0
|  38|0x0000000707600000, 0x0000000707600000, 0x0000000707800000|  0%| F|  |TAMS 0x0000000707600000| PB 0x0000000707600000| Untracked |  0
|  39|0x0000000707800000, 0x0000000707800000, 0x0000000707a00000|  0%| F|  |TAMS 0x0000000707800000| PB 0x0000000707800000| Untracked |  0
|  40|0x0000000707a00000, 0x0000000707a00000, 0x0000000707c00000|  0%| F|  |TAMS 0x0000000707a00000| PB 0x0000000707a00000| Untracked |  0
|  41|0x0000000707c00000, 0x0000000707c00000, 0x0000000707e00000|  0%| F|  |TAMS 0x0000000707c00000| PB 0x0000000707c00000| Untracked |  0
|  42|0x0000000707e00000, 0x0000000707e00000, 0x0000000708000000|  0%| F|  |TAMS 0x0000000707e00000| PB 0x0000000707e00000| Untracked |  0
|  43|0x0000000708000000, 0x0000000708000000, 0x0000000708200000|  0%| F|  |TAMS 0x0000000708000000| PB 0x0000000708000000| Untracked |  0
|  44|0x0000000708200000, 0x0000000708200000, 0x0000000708400000|  0%| F|  |TAMS 0x0000000708200000| PB 0x0000000708200000| Untracked |  0
|  45|0x0000000708400000, 0x0000000708400000, 0x0000000708600000|  0%| F|  |TAMS 0x0000000708400000| PB 0x0000000708400000| Untracked |  0
|  46|0x0000000708600000, 0x0000000708600000, 0x0000000708800000|  0%| F|  |TAMS 0x0000000708600000| PB 0x0000000708600000| Untracked |  0
|  47|0x0000000708800000, 0x0000000708800000, 0x0000000708a00000|  0%| F|  |TAMS 0x0000000708800000| PB 0x0000000708800000| Untracked |  0
|  48|0x0000000708a00000, 0x0000000708a00000, 0x0000000708c00000|  0%| F|  |TAMS 0x0000000708a00000| PB 0x0000000708a00000| Untracked |  0
|  49|0x0000000708c00000, 0x0000000708c00000, 0x0000000708e00000|  0%| F|  |TAMS 0x0000000708c00000| PB 0x0000000708c00000| Untracked |  0
|  50|0x0000000708e00000, 0x0000000708e00000, 0x0000000709000000|  0%| F|  |TAMS 0x0000000708e00000| PB 0x0000000708e00000| Untracked |  0
|  51|0x0000000709000000, 0x0000000709000000, 0x0000000709200000|  0%| F|  |TAMS 0x0000000709000000| PB 0x0000000709000000| Untracked |  0
|  52|0x0000000709200000, 0x0000000709200000, 0x0000000709400000|  0%| F|  |TAMS 0x0000000709200000| PB 0x0000000709200000| Untracked |  0
|  53|0x0000000709400000, 0x0000000709400000, 0x0000000709600000|  0%| F|  |TAMS 0x0000000709400000| PB 0x0000000709400000| Untracked |  0
|  54|0x0000000709600000, 0x0000000709600000, 0x0000000709800000|  0%| F|  |TAMS 0x0000000709600000| PB 0x0000000709600000| Untracked |  0
|  55|0x0000000709800000, 0x0000000709800000, 0x0000000709a00000|  0%| F|  |TAMS 0x0000000709800000| PB 0x0000000709800000| Untracked |  0
|  56|0x0000000709a00000, 0x0000000709a00000, 0x0000000709c00000|  0%| F|  |TAMS 0x0000000709a00000| PB 0x0000000709a00000| Untracked |  0
|  57|0x0000000709c00000, 0x0000000709c00000, 0x0000000709e00000|  0%| F|  |TAMS 0x0000000709c00000| PB 0x0000000709c00000| Untracked |  0
|  58|0x0000000709e00000, 0x0000000709e00000, 0x000000070a000000|  0%| F|  |TAMS 0x0000000709e00000| PB 0x0000000709e00000| Untracked |  0
|  59|0x000000070a000000, 0x000000070a000000, 0x000000070a200000|  0%| F|  |TAMS 0x000000070a000000| PB 0x000000070a000000| Untracked |  0
|  60|0x000000070a200000, 0x000000070a200000, 0x000000070a400000|  0%| F|  |TAMS 0x000000070a200000| PB 0x000000070a200000| Untracked |  0
|  61|0x000000070a400000, 0x000000070a400000, 0x000000070a600000|  0%| F|  |TAMS 0x000000070a400000| PB 0x000000070a400000| Untracked |  0
|  62|0x000000070a600000, 0x000000070a600000, 0x000000070a800000|  0%| F|  |TAMS 0x000000070a600000| PB 0x000000070a600000| Untracked |  0
|  63|0x000000070a800000, 0x000000070a800000, 0x000000070aa00000|  0%| F|  |TAMS 0x000000070a800000| PB 0x000000070a800000| Untracked |  0
|  64|0x000000070aa00000, 0x000000070aa00000, 0x000000070ac00000|  0%| F|  |TAMS 0x000000070aa00000| PB 0x000000070aa00000| Untracked |  0
|  65|0x000000070ac00000, 0x000000070ac00000, 0x000000070ae00000|  0%| F|  |TAMS 0x000000070ac00000| PB 0x000000070ac00000| Untracked |  0
|  66|0x000000070ae00000, 0x000000070ae00000, 0x000000070b000000|  0%| F|  |TAMS 0x000000070ae00000| PB 0x000000070ae00000| Untracked |  0
|  67|0x000000070b000000, 0x000000070b000000, 0x000000070b200000|  0%| F|  |TAMS 0x000000070b000000| PB 0x000000070b000000| Untracked |  0
|  68|0x000000070b200000, 0x000000070b200000, 0x000000070b400000|  0%| F|  |TAMS 0x000000070b200000| PB 0x000000070b200000| Untracked |  0
|  69|0x000000070b400000, 0x000000070b400000, 0x000000070b600000|  0%| F|  |TAMS 0x000000070b400000| PB 0x000000070b400000| Untracked |  0
|  70|0x000000070b600000, 0x000000070b600000, 0x000000070b800000|  0%| F|  |TAMS 0x000000070b600000| PB 0x000000070b600000| Untracked |  0
|  71|0x000000070b800000, 0x000000070b800000, 0x000000070ba00000|  0%| F|  |TAMS 0x000000070b800000| PB 0x000000070b800000| Untracked |  0
|  72|0x000000070ba00000, 0x000000070ba00000, 0x000000070bc00000|  0%| F|  |TAMS 0x000000070ba00000| PB 0x000000070ba00000| Untracked |  0
|  73|0x000000070bc00000, 0x000000070bc00000, 0x000000070be00000|  0%| F|  |TAMS 0x000000070bc00000| PB 0x000000070bc00000| Untracked |  0
|  74|0x000000070be00000, 0x000000070be00000, 0x000000070c000000|  0%| F|  |TAMS 0x000000070be00000| PB 0x000000070be00000| Untracked |  0
|  75|0x000000070c000000, 0x000000070c000000, 0x000000070c200000|  0%| F|  |TAMS 0x000000070c000000| PB 0x000000070c000000| Untracked |  0
|  76|0x000000070c200000, 0x000000070c200000, 0x000000070c400000|  0%| F|  |TAMS 0x000000070c200000| PB 0x000000070c200000| Untracked |  0
|  77|0x000000070c400000, 0x000000070c400000, 0x000000070c600000|  0%| F|  |TAMS 0x000000070c400000| PB 0x000000070c400000| Untracked |  0
|  78|0x000000070c600000, 0x000000070c600000, 0x000000070c800000|  0%| F|  |TAMS 0x000000070c600000| PB 0x000000070c600000| Untracked |  0
|  79|0x000000070c800000, 0x000000070c800000, 0x000000070ca00000|  0%| F|  |TAMS 0x000000070c800000| PB 0x000000070c800000| Untracked |  0
|  80|0x000000070ca00000, 0x000000070ca00000, 0x000000070cc00000|  0%| F|  |TAMS 0x000000070ca00000| PB 0x000000070ca00000| Untracked |  0
|  81|0x000000070cc00000, 0x000000070cc00000, 0x000000070ce00000|  0%| F|  |TAMS 0x000000070cc00000| PB 0x000000070cc00000| Untracked |  0
|  82|0x000000070ce00000, 0x000000070ce00000, 0x000000070d000000|  0%| F|  |TAMS 0x000000070ce00000| PB 0x000000070ce00000| Untracked |  0
|  83|0x000000070d000000, 0x000000070d000000, 0x000000070d200000|  0%| F|  |TAMS 0x000000070d000000| PB 0x000000070d000000| Untracked |  0
|  84|0x000000070d200000, 0x000000070d200000, 0x000000070d400000|  0%| F|  |TAMS 0x000000070d200000| PB 0x000000070d200000| Untracked |  0
|  85|0x000000070d400000, 0x000000070d400000, 0x000000070d600000|  0%| F|  |TAMS 0x000000070d400000| PB 0x000000070d400000| Untracked |  0
|  86|0x000000070d600000, 0x000000070d600000, 0x000000070d800000|  0%| F|  |TAMS 0x000000070d600000| PB 0x000000070d600000| Untracked |  0
|  87|0x000000070d800000, 0x000000070d800000, 0x000000070da00000|  0%| F|  |TAMS 0x000000070d800000| PB 0x000000070d800000| Untracked |  0
|  88|0x000000070da00000, 0x000000070da00000, 0x000000070dc00000|  0%| F|  |TAMS 0x000000070da00000| PB 0x000000070da00000| Untracked |  0
|  89|0x000000070dc00000, 0x000000070dc00000, 0x000000070de00000|  0%| F|  |TAMS 0x000000070dc00000| PB 0x000000070dc00000| Untracked |  0
|  90|0x000000070de00000, 0x000000070de00000, 0x000000070e000000|  0%| F|  |TAMS 0x000000070de00000| PB 0x000000070de00000| Untracked |  0
|  91|0x000000070e000000, 0x000000070e000000, 0x000000070e200000|  0%| F|  |TAMS 0x000000070e000000| PB 0x000000070e000000| Untracked |  0
|  92|0x000000070e200000, 0x000000070e200000, 0x000000070e400000|  0%| F|  |TAMS 0x000000070e200000| PB 0x000000070e200000| Untracked |  0
|  93|0x000000070e400000, 0x000000070e400000, 0x000000070e600000|  0%| F|  |TAMS 0x000000070e400000| PB 0x000000070e400000| Untracked |  0
|  94|0x000000070e600000, 0x000000070e600000, 0x000000070e800000|  0%| F|  |TAMS 0x000000070e600000| PB 0x000000070e600000| Untracked |  0
|  95|0x000000070e800000, 0x000000070e800000, 0x000000070ea00000|  0%| F|  |TAMS 0x000000070e800000| PB 0x000000070e800000| Untracked |  0
|  96|0x000000070ea00000, 0x000000070ea00000, 0x000000070ec00000|  0%| F|  |TAMS 0x000000070ea00000| PB 0x000000070ea00000| Untracked |  0
|  97|0x000000070ec00000, 0x000000070ec00000, 0x000000070ee00000|  0%| F|  |TAMS 0x000000070ec00000| PB 0x000000070ec00000| Untracked |  0
|  98|0x000000070ee00000, 0x000000070ee00000, 0x000000070f000000|  0%| F|  |TAMS 0x000000070ee00000| PB 0x000000070ee00000| Untracked |  0
|  99|0x000000070f000000, 0x000000070f000000, 0x000000070f200000|  0%| F|  |TAMS 0x000000070f000000| PB 0x000000070f000000| Untracked |  0
| 100|0x000000070f200000, 0x000000070f200000, 0x000000070f400000|  0%| F|  |TAMS 0x000000070f200000| PB 0x000000070f200000| Untracked |  0
| 101|0x000000070f400000, 0x000000070f400000, 0x000000070f600000|  0%| F|  |TAMS 0x000000070f400000| PB 0x000000070f400000| Untracked |  0
| 102|0x000000070f600000, 0x000000070f600000, 0x000000070f800000|  0%| F|  |TAMS 0x000000070f600000| PB 0x000000070f600000| Untracked |  0
| 103|0x000000070f800000, 0x000000070f800000, 0x000000070fa00000|  0%| F|  |TAMS 0x000000070f800000| PB 0x000000070f800000| Untracked |  0
| 104|0x000000070fa00000, 0x000000070fa00000, 0x000000070fc00000|  0%| F|  |TAMS 0x000000070fa00000| PB 0x000000070fa00000| Untracked |  0
| 105|0x000000070fc00000, 0x000000070fc00000, 0x000000070fe00000|  0%| F|  |TAMS 0x000000070fc00000| PB 0x000000070fc00000| Untracked |  0
| 106|0x000000070fe00000, 0x000000070fe00000, 0x0000000710000000|  0%| F|  |TAMS 0x000000070fe00000| PB 0x000000070fe00000| Untracked |  0
| 107|0x0000000710000000, 0x0000000710000000, 0x0000000710200000|  0%| F|  |TAMS 0x0000000710000000| PB 0x0000000710000000| Untracked |  0
| 108|0x0000000710200000, 0x0000000710200000, 0x0000000710400000|  0%| F|  |TAMS 0x0000000710200000| PB 0x0000000710200000| Untracked |  0
| 109|0x0000000710400000, 0x0000000710400000, 0x0000000710600000|  0%| F|  |TAMS 0x0000000710400000| PB 0x0000000710400000| Untracked |  0
| 110|0x0000000710600000, 0x0000000710600000, 0x0000000710800000|  0%| F|  |TAMS 0x0000000710600000| PB 0x0000000710600000| Untracked |  0
| 111|0x0000000710800000, 0x0000000710800000, 0x0000000710a00000|  0%| F|  |TAMS 0x0000000710800000| PB 0x0000000710800000| Untracked |  0
| 112|0x0000000710a00000, 0x0000000710a00000, 0x0000000710c00000|  0%| F|  |TAMS 0x0000000710a00000| PB 0x0000000710a00000| Untracked |  0
| 113|0x0000000710c00000, 0x0000000710c00000, 0x0000000710e00000|  0%| F|  |TAMS 0x0000000710c00000| PB 0x0000000710c00000| Untracked |  0
| 114|0x0000000710e00000, 0x0000000710e00000, 0x0000000711000000|  0%| F|  |TAMS 0x0000000710e00000| PB 0x0000000710e00000| Untracked |  0
| 115|0x0000000711000000, 0x0000000711000000, 0x0000000711200000|  0%| F|  |TAMS 0x0000000711000000| PB 0x0000000711000000| Untracked |  0
| 116|0x0000000711200000, 0x0000000711200000, 0x0000000711400000|  0%| F|  |TAMS 0x0000000711200000| PB 0x0000000711200000| Untracked |  0
| 117|0x0000000711400000, 0x0000000711400000, 0x0000000711600000|  0%| F|  |TAMS 0x0000000711400000| PB 0x0000000711400000| Untracked |  0
| 118|0x0000000711600000, 0x0000000711600000, 0x0000000711800000|  0%| F|  |TAMS 0x0000000711600000| PB 0x0000000711600000| Untracked |  0
| 119|0x0000000711800000, 0x0000000711800000, 0x0000000711a00000|  0%| F|  |TAMS 0x0000000711800000| PB 0x0000000711800000| Untracked |  0
| 120|0x0000000711a00000, 0x0000000711a00000, 0x0000000711c00000|  0%| F|  |TAMS 0x0000000711a00000| PB 0x0000000711a00000| Untracked |  0
| 121|0x0000000711c00000, 0x0000000711c00000, 0x0000000711e00000|  0%| F|  |TAMS 0x0000000711c00000| PB 0x0000000711c00000| Untracked |  0
| 122|0x0000000711e00000, 0x0000000711e00000, 0x0000000712000000|  0%| F|  |TAMS 0x0000000711e00000| PB 0x0000000711e00000| Untracked |  0
| 123|0x0000000712000000, 0x0000000712000000, 0x0000000712200000|  0%| F|  |TAMS 0x0000000712000000| PB 0x0000000712000000| Untracked |  0
| 124|0x0000000712200000, 0x000000071227d680, 0x0000000712400000| 24%| E|  |TAMS 0x0000000712200000| PB 0x0000000712200000| Complete |  0
| 125|0x0000000712400000, 0x0000000712600000, 0x0000000712600000|100%| E|CS|TAMS 0x0000000712400000| PB 0x0000000712400000| Complete |  0
| 126|0x0000000712600000, 0x0000000712800000, 0x0000000712800000|100%| E|CS|TAMS 0x0000000712600000| PB 0x0000000712600000| Complete |  0

Card table byte_map: [0x000001167d380000,0x000001167db70000] _byte_map_base: 0x0000011679b6b000

Marking Bits: (CMBitMap*) 0x0000011665369020
 Bits: [0x0000011600000000, 0x0000011603f58000)

Polling page: 0x00000116632d0000

Metaspace:

Usage:
  Non-class:      6.01 MB used.
      Class:    546.25 KB used.
       Both:      6.54 MB used.

Virtual space:
  Non-class space:       64.00 MB reserved,       6.06 MB (  9%) committed,  1 nodes.
      Class space:        1.00 GB reserved,     640.00 KB ( <1%) committed,  1 nodes.
             Both:        1.06 GB reserved,       6.69 MB ( <1%) committed. 

Chunk freelists:
   Non-Class:  8.98 MB
       Class:  15.25 MB
        Both:  24.23 MB

MaxMetaspaceSize: unlimited
CompressedClassSpaceSize: 1.00 GB
Initial GC threshold: 21.00 MB
Current GC threshold: 21.00 MB
CDS: off
 - commit_granule_bytes: 65536.
 - commit_granule_words: 8192.
 - virtual_space_node_default_size: 8388608.
 - enlarge_chunks_in_place: 1.
 - use_allocation_guard: 0.


Internal statistics:

num_allocs_failed_limit: 0.
num_arena_births: 8.
num_arena_deaths: 0.
num_vsnodes_births: 2.
num_vsnodes_deaths: 0.
num_space_committed: 107.
num_space_uncommitted: 0.
num_chunks_returned_to_freelist: 0.
num_chunks_taken_from_freelist: 29.
num_chunk_merges: 0.
num_chunk_splits: 11.
num_chunks_enlarged: 7.
num_inconsistent_stats: 0.

CodeHeap 'non-profiled nmethods': size=120000Kb used=60Kb max_used=60Kb free=119939Kb
 bounds [0x0000011675110000, 0x0000011675380000, 0x000001167c640000]
CodeHeap 'profiled nmethods': size=120000Kb used=269Kb max_used=269Kb free=119730Kb
 bounds [0x000001166d640000, 0x000001166d8b0000, 0x0000011674b70000]
CodeHeap 'non-nmethods': size=5760Kb used=1285Kb max_used=1300Kb free=4474Kb
 bounds [0x0000011674b70000, 0x0000011674de0000, 0x0000011675110000]
 total_blobs=615 nmethods=214 adapters=306
 compilation: enabled
              stopped_count=0, restarted_count=0
 full_count=0

Compilation events (20 events):
Event: 0.236 Thread 0x000001160484c420  204       3       jdk.internal.ref.CleanerImpl::getCleanerImpl (13 bytes)
Event: 0.236 Thread 0x000001160484c420 nmethod 204 0x000001166d680690 code [0x000001166d680840, 0x000001166d680ac0]
Event: 0.236 Thread 0x000001160484c420  205       3       java.lang.ref.Cleaner$1::apply (9 bytes)
Event: 0.236 Thread 0x000001160484c420 nmethod 205 0x000001166d680b90 code [0x000001166d680d40, 0x000001166d680f80]
Event: 0.237 Thread 0x000001160484c420  207       3       java.util.zip.ZipFile$Source::getEntryHash (7 bytes)
Event: 0.237 Thread 0x000001160484c420 nmethod 207 0x000001166d681090 code [0x000001166d681220, 0x000001166d681360]
Event: 0.237 Thread 0x000001160484c420  208       3       java.lang.String::lastIndexOf (29 bytes)
Event: 0.237 Thread 0x000001160484c420 nmethod 208 0x000001166d681410 code [0x000001166d6815e0, 0x000001166d681888]
Event: 0.237 Thread 0x000001160484c420  209       3       java.lang.CharacterData::of (136 bytes)
Event: 0.237 Thread 0x000001160484c420 nmethod 209 0x000001166d681990 code [0x000001166d681be0, 0x000001166d682520]
Event: 0.238 Thread 0x000001160484c420  210       1       java.util.ArrayList::size (5 bytes)
Event: 0.238 Thread 0x000001160484c420 nmethod 210 0x000001167511ed10 code [0x000001167511eea0, 0x000001167511ef68]
Event: 0.238 Thread 0x000001160484c420  211       3       java.util.AbstractMap::<init> (5 bytes)
Event: 0.238 Thread 0x000001160484c420 nmethod 211 0x000001166d682790 code [0x000001166d682920, 0x000001166d682a88]
Event: 0.239 Thread 0x000001160484c420  212       3       java.io.RandomAccessFile::read (8 bytes)
Event: 0.239 Thread 0x000001160484c420 nmethod 212 0x000001166d682b90 code [0x000001166d682d40, 0x000001166d682e78]
Event: 0.239 Thread 0x000001160484c420  213   !   3       java.io.RandomAccessFile::readBytes (32 bytes)
Event: 0.239 Thread 0x000001160484c420 nmethod 213 0x000001166d682f10 code [0x000001166d6830e0, 0x000001166d683308]
Event: 0.239 Thread 0x000001160484c420  214       1       java.nio.Buffer::position (5 bytes)
Event: 0.239 Thread 0x000001160484c420 nmethod 214 0x000001167511f010 code [0x000001167511f1a0, 0x000001167511f268]

GC Heap History (0 events):
No events

Dll operation events (5 events):
Event: 0.009 Loaded shared library C:\Program Files\Java\jdk-22\bin\java.dll
Event: 0.096 Loaded shared library C:\Program Files\Java\jdk-22\bin\jsvml.dll
Event: 0.147 Loaded shared library C:\Program Files\Java\jdk-22\bin\net.dll
Event: 0.149 Loaded shared library C:\Program Files\Java\jdk-22\bin\nio.dll
Event: 0.158 Loaded shared library C:\Program Files\Java\jdk-22\bin\zip.dll

Deoptimization events (0 events):
No events

Classes loaded (20 events):
Event: 0.222 Loading class java/util/concurrent/ConcurrentHashMap$MapEntry
Event: 0.223 Loading class java/util/concurrent/ConcurrentHashMap$MapEntry done
Event: 0.223 Loading class java/security/Security$1
Event: 0.223 Loading class jdk/internal/access/JavaSecurityPropertiesAccess
Event: 0.223 Loading class jdk/internal/access/JavaSecurityPropertiesAccess done
Event: 0.223 Loading class java/security/Security$1 done
Event: 0.223 Loading class java/io/FilePermissionCollection
Event: 0.223 Loading class java/io/FilePermissionCollection done
Event: 0.223 Loading class java/util/Vector
Event: 0.223 Loading class java/util/Vector done
Event: 0.239 Loading class java/util/zip/DataFormatException
Event: 0.239 Loading class java/util/zip/DataFormatException done
Event: 0.239 Loading class java/lang/SecurityException
Event: 0.239 Loading class java/lang/SecurityException done
Event: 0.239 Loading class java/security/PrivilegedActionException
Event: 0.239 Loading class java/security/PrivilegedActionException done
Event: 0.239 Loading class java/lang/Throwable$WrappedPrintStream
Event: 0.239 Loading class java/lang/Throwable$PrintStreamOrWriter
Event: 0.239 Loading class java/lang/Throwable$PrintStreamOrWriter done
Event: 0.239 Loading class java/lang/Throwable$WrappedPrintStream done

Classes unloaded (0 events):
No events

Classes redefined (0 events):
No events

Internal exceptions (1 events):
Event: 0.239 Thread 0x00000116652ff250 Exception <a 'java/lang/OutOfMemoryError'{0x0000000712217b38}> (0x0000000712217b38) 
thrown [s\open\src\hotspot\share\prims\jni.cpp, line 539]

ZGC Phase Switch (0 events):
No events

VM Operations (2 events):
Event: 0.160 Executing VM operation: HandshakeAllThreads (Deoptimize)
Event: 0.160 Executing VM operation: HandshakeAllThreads (Deoptimize) done

Events (11 events):
Event: 0.018 Thread 0x00000116652ff250 Thread added: 0x00000116652ff250
Event: 0.091 Thread 0x000001160485bff0 Thread added: 0x000001160485bff0
Event: 0.091 Thread 0x000001160485c920 Thread added: 0x000001160485c920
Event: 0.093 Thread 0x000001160484fef0 Thread added: 0x000001160484fef0
Event: 0.094 Thread 0x0000011604850950 Thread added: 0x0000011604850950
Event: 0.094 Thread 0x00000116048513b0 Thread added: 0x00000116048513b0
Event: 0.094 Thread 0x0000011604846420 Thread added: 0x0000011604846420
Event: 0.094 Thread 0x00000116048471b0 Thread added: 0x00000116048471b0
Event: 0.094 Thread 0x000001160484c420 Thread added: 0x000001160484c420
Event: 0.131 Thread 0x00000116049f7650 Thread added: 0x00000116049f7650
Event: 0.139 Thread 0x0000011604a07f50 Thread added: 0x0000011604a07f50


Dynamic libraries:
0x00007ff618040000 - 0x00007ff618050000 	C:\Program Files\Java\jdk-22\bin\java.exe
0x00007ffd35710000 - 0x00007ffd35927000 	C:\WINDOWS\SYSTEM32\ntdll.dll
0x00007ffd338b0000 - 0x00007ffd33974000 	C:\WINDOWS\System32\KERNEL32.DLL
0x00007ffd32ae0000 - 0x00007ffd32eb3000 	C:\WINDOWS\System32\KERNELBASE.dll
0x00007ffd32820000 - 0x00007ffd32931000 	C:\WINDOWS\System32\ucrtbase.dll
0x00007ffd1fb90000 - 0x00007ffd1fbab000 	C:\Program Files\Java\jdk-22\bin\VCRUNTIME140.dll
0x00007ffd2afb0000 - 0x00007ffd2afc7000 	C:\Program Files\Java\jdk-22\bin\jli.dll
0x00007ffd33490000 - 0x00007ffd33541000 	C:\WINDOWS\System32\ADVAPI32.dll
0x00007ffd34bc0000 - 0x00007ffd34c67000 	C:\WINDOWS\System32\msvcrt.dll
0x00007ffd33980000 - 0x00007ffd33a28000 	C:\WINDOWS\System32\sechost.dll
0x00007ffd32940000 - 0x00007ffd32968000 	C:\WINDOWS\System32\bcrypt.dll
0x00007ffd33dc0000 - 0x00007ffd33ed4000 	C:\WINDOWS\System32\RPCRT4.dll
0x00007ffd34c70000 - 0x00007ffd34e21000 	C:\WINDOWS\System32\USER32.dll
0x00007ffd32fe0000 - 0x00007ffd33006000 	C:\WINDOWS\System32\win32u.dll
0x00007ffd19c70000 - 0x00007ffd19f08000 	C:\WINDOWS\WinSxS\amd64_microsoft.windows.common-controls_6595b64144ccf1df_6.0.22621.5124_none_270e8f4f7386d69d\COMCTL32.dll
0x00007ffd33ee0000 - 0x00007ffd33f09000 	C:\WINDOWS\System32\GDI32.dll
0x00007ffd32ec0000 - 0x00007ffd32fdb000 	C:\WINDOWS\System32\gdi32full.dll
0x00007ffd331d0000 - 0x00007ffd3326a000 	C:\WINDOWS\System32\msvcp_win.dll
0x00007ffd28ae0000 - 0x00007ffd28aea000 	C:\WINDOWS\SYSTEM32\VERSION.dll
0x00007ffd348b0000 - 0x00007ffd348e1000 	C:\WINDOWS\System32\IMM32.DLL
0x00007ffd2c610000 - 0x00007ffd2c61c000 	C:\Program Files\Java\jdk-22\bin\vcruntime140_1.dll
0x00007ffd17e50000 - 0x00007ffd17ede000 	C:\Program Files\Java\jdk-22\bin\msvcp140.dll
0x00007ffcdd590000 - 0x00007ffcde2d7000 	C:\Program Files\Java\jdk-22\bin\server\jvm.dll
0x00007ffd33830000 - 0x00007ffd338a1000 	C:\WINDOWS\System32\WS2_32.dll
0x00007ffd318b0000 - 0x00007ffd318fd000 	C:\WINDOWS\SYSTEM32\POWRPROF.dll
0x00007ffd2a4c0000 - 0x00007ffd2a4f4000 	C:\WINDOWS\SYSTEM32\WINMM.dll
0x00007ffd31890000 - 0x00007ffd318a3000 	C:\WINDOWS\SYSTEM32\UMPDC.dll
0x00007ffd31900000 - 0x00007ffd31918000 	C:\WINDOWS\SYSTEM32\kernel.appcore.dll
0x00007ffd2c560000 - 0x00007ffd2c56a000 	C:\Program Files\Java\jdk-22\bin\jimage.dll
0x00007ffd2fab0000 - 0x00007ffd2fce2000 	C:\WINDOWS\SYSTEM32\DBGHELP.DLL
0x00007ffd33fa0000 - 0x00007ffd34332000 	C:\WINDOWS\System32\combase.dll
0x00007ffd34a50000 - 0x00007ffd34b27000 	C:\WINDOWS\System32\OLEAUT32.dll
0x00007ffd0cbd0000 - 0x00007ffd0cc02000 	C:\WINDOWS\SYSTEM32\dbgcore.DLL
0x00007ffd33270000 - 0x00007ffd332eb000 	C:\WINDOWS\System32\bcryptPrimitives.dll
0x00007ffd1fb70000 - 0x00007ffd1fb8e000 	C:\Program Files\Java\jdk-22\bin\java.dll
0x00007ffd34e30000 - 0x00007ffd356c6000 	C:\WINDOWS\System32\SHELL32.dll
0x00007ffd33090000 - 0x00007ffd331cf000 	C:\WINDOWS\System32\wintypes.dll
0x00007ffd33bf0000 - 0x00007ffd33d91000 	C:\WINDOWS\System32\ole32.dll
0x00007ffd306f0000 - 0x00007ffd3100a000 	C:\WINDOWS\SYSTEM32\windows.storage.dll
0x00007ffd33610000 - 0x00007ffd3371a000 	C:\WINDOWS\System32\SHCORE.dll
0x00007ffd33f30000 - 0x00007ffd33f93000 	C:\WINDOWS\System32\shlwapi.dll
0x00007ffd32750000 - 0x00007ffd3277b000 	C:\WINDOWS\SYSTEM32\profapi.dll
0x00007ffd07420000 - 0x00007ffd074f7000 	C:\Program Files\Java\jdk-22\bin\jsvml.dll
0x00007ffd1fbe0000 - 0x00007ffd1fbf0000 	C:\Program Files\Java\jdk-22\bin\net.dll
0x00007ffd31d80000 - 0x00007ffd31dea000 	C:\WINDOWS\system32\mswsock.dll
0x00007ffd1fb50000 - 0x00007ffd1fb66000 	C:\Program Files\Java\jdk-22\bin\nio.dll
0x00007ffd1fb30000 - 0x00007ffd1fb47000 	C:\Program Files\Java\jdk-22\bin\zip.dll

dbghelp: loaded successfully - version: 4.0.5 - missing functions: none
symbol engine: initialized successfully - sym options: 0x614 - pdb path: .;C:\Program Files\Java\jdk-22\bin;C:\WINDOWS\SYSTEM32;C:\WINDOWS\WinSxS\amd64_microsoft.windows.common-controls_6595b64144ccf1df_6.0.22621.5124_none_270e8f4f7386d69d;C:\Program Files\Java\jdk-22\bin\server

VM Arguments:
jvm_args: -Dclassworlds.conf=C:\Users\Ahmed Yasser\Dropbox\PC\Downloads\apache-maven-3.8.8-bin\apache-maven-3.8.8\bin\m2.conf -Dmaven.home=C:\Users\Ahmed Yasser\Dropbox\PC\Downloads\apache-maven-3.8.8-bin\apache-maven-3.8.8 -Dlibrary.jansi.path=C:\Users\Ahmed Yasser\Dropbox\PC\Downloads\apache-maven-3.8.8-bin\apache-maven-3.8.8\lib\jansi-native -Dmaven.multiModuleProjectDirectory=D:\Ahmed Yasser 1\DXC Preparation\Final Project\backend\iotproject 
java_command: org.codehaus.plexus.classworlds.launcher.Launcher clean package -DskipTests
java_class_path (initial): C:\Users\Ahmed Yasser\Dropbox\PC\Downloads\apache-maven-3.8.8-bin\apache-maven-3.8.8\boot\plexus-classworlds-2.6.0.jar
Launcher Type: SUN_STANDARD

[Global flags]
     intx CICompilerCount                          = 4                                         {product} {ergonomic}
     uint ConcGCThreads                            = 3                                         {product} {ergonomic}
     uint G1ConcRefinementThreads                  = 10                                        {product} {ergonomic}
   size_t G1HeapRegionSize                         = 2097152                                   {product} {ergonomic}
   size_t InitialHeapSize                          = 266338304                                 {product} {ergonomic}
   size_t MarkStackSize                            = 4194304                                   {product} {ergonomic}
   size_t MaxHeapSize                              = 4250927104                                {product} {ergonomic}
   size_t MaxNewSize                               = 2550136832                                {product} {ergonomic}
   size_t MinHeapDeltaBytes                        = 2097152                                   {product} {ergonomic}
   size_t MinHeapSize                              = 8388608                                   {product} {ergonomic}
    uintx NonNMethodCodeHeapSize                   = 5839372                                {pd product} {ergonomic}
    uintx NonProfiledCodeHeapSize                  = 122909434                              {pd product} {ergonomic}
    uintx ProfiledCodeHeapSize                     = 122909434                              {pd product} {ergonomic}
    uintx ReservedCodeCacheSize                    = 251658240                              {pd product} {ergonomic}
     bool SegmentedCodeCache                       = true                                      {product} {ergonomic}
   size_t SoftMaxHeapSize                          = 4250927104                             {manageable} {ergonomic}
     bool UseCompressedOops                        = true                           {product lp64_product} {ergonomic}
     bool UseG1GC                                  = true                                      {product} {ergonomic}
     bool UseLargePagesIndividualAllocation        = false                                  {pd product} {ergonomic}

Logging:
Log output configuration:
 #0: stdout all=warning uptime,level,tags foldmultilines=false
 #1: stderr all=off uptime,level,tags foldmultilines=false

Environment Variables:
PATH=C:\Program Files (x86)\VMware\VMware Workstation\bin\;C:\Program Files\NVIDIA GPU Computing Toolkit\CUDA\v11.7\bin;C:\Program Files\NVIDIA GPU Computing Toolkit\CUDA\v11.7\libnvvp;C:\Program Files\Java\jdk-17;C:\Program Files\Common Files\Oracle\Java\javapath;C:\Python312\Scripts\;C:\Python312\;C:\Program Files (x86)\Common Files\Oracle\Java\javapath;C:\Program Files\Microsoft MPI\Bin\;C:\Python37-32\Scripts\;C:\Python37-32\;C:\Windows\system32;C:\Windows;C:\Windows\System32\Wbem;C:\Windows\System32\WindowsPowerShell\v1.0\;C:\Windows\System32\OpenSSH\;C:\Program Files (x86)\NVIDIA Corporation\PhysX\Common;C:\Program Files\NVIDIA Corporation\NVIDIA NvDLISR;C:\WINDOWS\system32;C:\WINDOWS;C:\WINDOWS\System32\Wbem;C:\WINDOWS\System32\WindowsPowerShell\v1.0\;C:\WINDOWS\System32\OpenSSH\;C:\Program Files\Git\cmd;C:\Program Files\dotnet\;C:\Program Files (x86)\Microsoft SQL Server\150\DTS\Binn\;C:\Program Files\Azure Data Studio\bin;C:\Program Files (x86)\Microsoft SQL Server\160\Tools\Binn\;C:\Program Files\Microsoft SQL Server\160\Tools\Binn\;C:\Program Files\Microsoft SQL Server\Client SDK\ODBC\170\Tools\Binn\;C:\Program Files\Microsoft SQL Server\160\DTS\Binn\;C:\Program Files (x86)\Microsoft SQL Server\160\DTS\Binn\;C:\Program Files\Microsoft SQL Server\150\Tools\Binn\;C:\ProgramData\chocolatey\bin;C:\Program Files\NVIDIA Corporation\Nsight Compute 2022.2.1\;C:\WINDOWS\system32;C:\WINDOWS;C:\WINDOWS\System32\Wbem;C:\WINDOWS\System32\WindowsPowerShell\v1.0\;C:\WINDOWS\System32\OpenSSH\;C:\Program Files\CMake\bin;D:\dartsdk-windows-x64-release\dart-sdk\bin;C:\Program Files\nodejs\;C:\Users\Ahmed Yasser\AppData\Local\Pub\Cache\bin;C:\Program Files\Amazon\AWSCLIV2\;C:\Users\Ahmed Yasser\Dropbox\PC\Downloads\apache-maven-3.8.8-bin\apache-maven-3.8.8\bin;;C:\Program Files\Docker\Docker\resources\bin;C:\Users\Ahmed Yasser\AppData\Local\Programs\Python\Python310\Scripts\;C:\Users\Ahmed Yasser\AppData\Local\Programs\Python\Python310\;C:\Users\Ahmed Yasser\AppData\Local\Microsoft\WindowsApps;D:\Microsoft VS Code\bin;C:\Users\Ahmed Yasser\.dotnet\tools;C:\Program Files\Azure Data Studio\bin;C:\MinGW\bin;C:\Program Files\CMake\bin;C:\Users\Ahmed Yasser\AppData\Local\JetBrains\PyCharm Community Edition 2022.2.2\bin;;C:\development\flutter\bin;D:\dartsdk-windows-x64-release\dart-sdk\bin;C:\Users\Ahmed Yasser\AppData\Roaming\npm;C:\Users\Ahmed Yasser\AppData\Local\Pub\Cache\bin;C:\Program Files\Java\jdk-22\bin;C:\ProgramData\chocolatey\lib\terraform\tools;C:\Program Files (x86)\Nmap;C:\Program Files\JetBrains\IntelliJ IDEA Community Edition 2024.3.3\bin;
USERNAME=Ahmed Yasser
OS=Windows_NT
PROCESSOR_IDENTIFIER=Intel64 Family 6 Model 165 Stepping 2, GenuineIntel
TMP=C:\Users\AHMEDY~1\AppData\Local\Temp
TEMP=C:\Users\AHMEDY~1\AppData\Local\Temp




Periodic native trim disabled

---------------  S Y S T E M  ---------------

OS:
 Windows 11 , 64 bit Build 22621 (10.0.22621.5124)
OS uptime: 0 days 5:19 hours
Hyper-V role detected

CPU: total 12 (initial active 12) (6 cores per cpu, 2 threads per core) family 6 model 165 stepping 2 microcode 0xe2, cx8, cmov, fxsr, ht, mmx, 3dnowpref, sse, sse2, sse3, ssse3, sse4.1, sse4.2, popcnt, lzcnt, tsc, tscinvbit, avx, avx2, aes, erms, clmul, bmi1, bmi2, adx, fma, vzeroupper, clflush, clflushopt, hv, rdtscp, f16c
Processor Information for all 12 processors :
  Max Mhz: 2592, Current Mhz: 2592, Mhz Limit: 2592

Memory: 4k page, system-wide physical 16215M (3160M free)
TotalPageFile size 18263M (AvailPageFile size 1M)
current process WorkingSet (physical memory assigned to process): 36M, peak: 36M
current process commit charge ("private bytes"): 338M, peak: 338M

vm_info: Java HotSpot(TM) 64-Bit Server VM (22.0.1+8-16) for windows-amd64 JRE (22.0.1+8-16), built on 2024-03-12T10:33:16Z by "mach5one" with MS VC++ 17.6 (VS2022)

END.
