#
# There is insufficient memory for the Java Runtime Environment to continue.
# Native memory allocation (malloc) failed to allocate 2515408 bytes. Error detail: Chunk::new
# Possible reasons:
#   The system is out of physical RAM or swap space
#   This process is running with CompressedOops enabled, and the Java Heap may be blocking the growth of the native heap
# Possible solutions:
#   Reduce memory load on the system
#   Increase physical memory or swap space
#   Check if swap backing store is full
#   Decrease Java heap size (-Xmx/-Xms)
#   Decrease number of Java threads
#   Decrease Java thread stack sizes (-Xss)
#   Set larger code cache with -XX:ReservedCodeCacheSize=
#   JVM is running with Unscaled Compressed Oops mode in which the Java heap is
#     placed in the first 4GB address space. The Java Heap base address is the
#     maximum limit for the native heap growth. Please use -XX:HeapBaseMinAddress
#     to set the Java Heap base and to place the Java Heap above 4GB virtual address.
# This output file may be truncated or incomplete.
#
#  Out of Memory Error (arena.cpp:168), pid=20632, tid=6156
#
# JRE version: OpenJDK Runtime Environment Temurin-21.0.6+7 (21.0.6+7) (build 21.0.6+7-LTS)
# Java VM: OpenJDK 64-Bit Server VM Temurin-21.0.6+7 (21.0.6+7-LTS, mixed mode, sharing, tiered, compressed oops, compressed class ptrs, parallel gc, windows-amd64)
# No core dump will be written. Minidumps are not enabled by default on client versions of Windows
#

---------------  S U M M A R Y ------------

Command Line: --add-modules=ALL-SYSTEM --add-opens=java.base/java.util=ALL-UNNAMED --add-opens=java.base/java.lang=ALL-UNNAMED --add-opens=java.base/sun.nio.fs=ALL-UNNAMED -Declipse.application=org.eclipse.jdt.ls.core.id1 -Dosgi.bundles.defaultStartLevel=4 -Declipse.product=org.eclipse.jdt.ls.core.product -Djava.import.generatesMetadataFilesAtProjectRoot=false -DDetectVMInstallationsJob.disabled=true -Dfile.encoding=utf8 -XX:+UseParallelGC -XX:GCTimeRatio=4 -XX:AdaptiveSizePolicyWeight=90 -Dsun.zip.disableMemoryMapping=true -Xmx1G -Xms100m -Xlog:disable -javaagent:c:\Users\Ahmed Yasser\.vscode\extensions\redhat.java-1.41.1-win32-x64\lombok\lombok-1.18.36.jar -XX:+HeapDumpOnOutOfMemoryError -XX:HeapDumpPath=c:\Users\Ahmed Yasser\AppData\Roaming\Code\User\workspaceStorage\780e159f67a486168877baa5da4d0682\redhat.java -Daether.dependencyCollector.impl=bf c:\Users\Ahmed Yasser\.vscode\extensions\redhat.java-1.41.1-win32-x64\server\plugins\org.eclipse.equinox.launcher_1.7.0.v20250331-1702.jar -configuration c:\Users\Ahmed Yasser\AppData\Roaming\Code\User\globalStorage\redhat.java\1.41.1\config_win -data c:\Users\Ahmed Yasser\AppData\Roaming\Code\User\workspaceStorage\780e159f67a486168877baa5da4d0682\redhat.java\jdt_ws --pipe=\\.\pipe\lsp-6a5a811fc08fc3e23f053c0c5ab01dc9-sock

Host: Intel(R) Core(TM) i7-10750H CPU @ 2.60GHz, 12 cores, 15G,  Windows 11 , 64 bit Build 22621 (10.0.22621.5124)
Time: Sat Apr 26 17:39:30 2025 Egypt Daylight Time elapsed time: 41.296474 seconds (0d 0h 0m 41s)

---------------  T H R E A D  ---------------

Current thread (0x0000019ac7c4a910):  JavaThread "C2 CompilerThread0" daemon [_thread_in_native, id=6156, stack(0x0000002138c00000,0x0000002138d00000) (1024K)]


Current CompileTask:
C2:41296 13966   !   4       org.eclipse.jdt.internal.compiler.classfmt.ClassFileReader::<init> (2135 bytes)

Stack: [0x0000002138c00000,0x0000002138d00000]
Native frames: (J=compiled Java code, j=interpreted, Vv=VM code, C=native code)
V  [jvm.dll+0x6cdee9]
V  [jvm.dll+0x8a83d1]
V  [jvm.dll+0x8aa8fe]
V  [jvm.dll+0x8aafe3]
V  [jvm.dll+0x27f706]
V  [jvm.dll+0xc500d]
V  [jvm.dll+0xc5543]
V  [jvm.dll+0x3b678c]
V  [jvm.dll+0x1e0009]
V  [jvm.dll+0x247b42]
V  [jvm.dll+0x246fcf]
V  [jvm.dll+0x1c75ee]
V  [jvm.dll+0x25685a]
V  [jvm.dll+0x254dfa]
V  [jvm.dll+0x3f0256]
V  [jvm.dll+0x851f8b]
V  [jvm.dll+0x6cc5ed]
C  [ucrtbase.dll+0x29333]
C  [KERNEL32.DLL+0x1259d]
C  [ntdll.dll+0x5af38]


---------------  P R O C E S S  ---------------

Threads class SMR info:
_java_thread_list=0x0000019ade922740, length=80, elements={
0x0000019ac7b94330, 0x0000019adbf7db80, 0x0000019ac7c35770, 0x0000019ac7c37550,
0x0000019ac7c3ced0, 0x0000019ac7c3f430, 0x0000019ac7c40620, 0x0000019ac7c4a910,
0x0000019ac7c4b450, 0x0000019ac7c05000, 0x0000019add67db10, 0x0000019ae305dd00,
0x0000019ade7a5a60, 0x0000019ade772ac0, 0x0000019ae30c15e0, 0x0000019ae30ff1c0,
0x0000019ae31f0c00, 0x0000019adeade7b0, 0x0000019adeadc6e0, 0x0000019adeadd400,
0x0000019adeadda90, 0x0000019adeade120, 0x0000019adeadcd70, 0x0000019adeadb330,
0x0000019adeadc050, 0x0000019adeadb9c0, 0x0000019ae460df20, 0x0000019ae460b7c0,
0x0000019ae460a410, 0x0000019ae460aaa0, 0x0000019ae460be50, 0x0000019ae460e5b0,
0x0000019ae460c4e0, 0x0000019ae460cb70, 0x0000019ae460b130, 0x0000019ae460fff0,
0x0000019ae460d200, 0x0000019ae4609060, 0x0000019ae460f2d0, 0x0000019ae460f960,
0x0000019ae460d890, 0x0000019ae4609d80, 0x0000019ae46096f0, 0x0000019ae7f44fb0,
0x0000019ae7f3f3d0, 0x0000019ae7f3fa60, 0x0000019ae7f3e6b0, 0x0000019ae7f3e020,
0x0000019ae7f421c0, 0x0000019ae7f42850, 0x0000019ae7f41b30, 0x0000019ae7f40e10,
0x0000019ae7f42ee0, 0x0000019ae7f414a0, 0x0000019ae7f3ed40, 0x0000019ae7f400f0,
0x0000019ae7f45640, 0x0000019ae7f40780, 0x0000019ae7f43570, 0x0000019ae7f43c00,
0x0000019ae7f44290, 0x0000019ae7f44920, 0x0000019ae3e92780, 0x0000019ae3e8ec70,
0x0000019ae3e95570, 0x0000019ae3e920f0, 0x0000019ae3e92e10, 0x0000019ae3e934a0,
0x0000019ae3e96290, 0x0000019ae3e8f300, 0x0000019ae3e8f990, 0x0000019ae3e90020,
0x0000019ae3e906b0, 0x0000019ae3e94850, 0x0000019ae3e90d40, 0x0000019ae3e913d0,
0x0000019ae3e91a60, 0x0000019ae3e941c0, 0x0000019ae3e93b30, 0x0000019ae53fde90
}

Java Threads: ( => current thread )
  0x0000019ac7b94330 JavaThread "main"                              [_thread_blocked, id=19432, stack(0x0000002138200000,0x0000002138300000) (1024K)]
  0x0000019adbf7db80 JavaThread "Reference Handler"          daemon [_thread_blocked, id=24932, stack(0x0000002138600000,0x0000002138700000) (1024K)]
  0x0000019ac7c35770 JavaThread "Finalizer"                  daemon [_thread_blocked, id=7968, stack(0x0000002138700000,0x0000002138800000) (1024K)]
  0x0000019ac7c37550 JavaThread "Signal Dispatcher"          daemon [_thread_blocked, id=20812, stack(0x0000002138800000,0x0000002138900000) (1024K)]
  0x0000019ac7c3ced0 JavaThread "Attach Listener"            daemon [_thread_blocked, id=23168, stack(0x0000002138900000,0x0000002138a00000) (1024K)]
  0x0000019ac7c3f430 JavaThread "Service Thread"             daemon [_thread_blocked, id=23120, stack(0x0000002138a00000,0x0000002138b00000) (1024K)]
  0x0000019ac7c40620 JavaThread "Monitor Deflation Thread"   daemon [_thread_blocked, id=19092, stack(0x0000002138b00000,0x0000002138c00000) (1024K)]
=>0x0000019ac7c4a910 JavaThread "C2 CompilerThread0"         daemon [_thread_in_native, id=6156, stack(0x0000002138c00000,0x0000002138d00000) (1024K)]
  0x0000019ac7c4b450 JavaThread "C1 CompilerThread0"         daemon [_thread_blocked, id=1528, stack(0x0000002138d00000,0x0000002138e00000) (1024K)]
  0x0000019ac7c05000 JavaThread "Common-Cleaner"             daemon [_thread_blocked, id=13384, stack(0x0000002138e00000,0x0000002138f00000) (1024K)]
  0x0000019add67db10 JavaThread "Notification Thread"        daemon [_thread_blocked, id=16172, stack(0x0000002139000000,0x0000002139100000) (1024K)]
  0x0000019ae305dd00 JavaThread "Active Thread: Equinox Container: 3fdfbb1d-a7ef-459f-b0ab-d82e9ebc0795"        [_thread_blocked, id=23940, stack(0x0000002139800000,0x0000002139900000) (1024K)]
  0x0000019ade7a5a60 JavaThread "Refresh Thread: Equinox Container: 3fdfbb1d-a7ef-459f-b0ab-d82e9ebc0795" daemon [_thread_blocked, id=3476, stack(0x0000002138f00000,0x0000002139000000) (1024K)]
  0x0000019ade772ac0 JavaThread "Framework Event Dispatcher: Equinox Container: 3fdfbb1d-a7ef-459f-b0ab-d82e9ebc0795" daemon [_thread_blocked, id=24592, stack(0x0000002139900000,0x0000002139a00000) (1024K)]
  0x0000019ae30c15e0 JavaThread "Start Level: Equinox Container: 3fdfbb1d-a7ef-459f-b0ab-d82e9ebc0795" daemon [_thread_blocked, id=11160, stack(0x0000002139a00000,0x0000002139b00000) (1024K)]
  0x0000019ae30ff1c0 JavaThread "Bundle File Closer"         daemon [_thread_blocked, id=5652, stack(0x0000002139c00000,0x0000002139d00000) (1024K)]
  0x0000019ae31f0c00 JavaThread "SCR Component Actor"        daemon [_thread_blocked, id=20596, stack(0x0000002139e00000,0x0000002139f00000) (1024K)]
  0x0000019adeade7b0 JavaThread "Worker-JM"                         [_thread_blocked, id=14980, stack(0x000000213a100000,0x000000213a200000) (1024K)]
  0x0000019adeadc6e0 JavaThread "Worker-0: Check JDK Index"         [_thread_blocked, id=21484, stack(0x000000213a200000,0x000000213a300000) (1024K)]
  0x0000019adeadd400 JavaThread "Worker-1"                          [_thread_blocked, id=21836, stack(0x000000213a300000,0x000000213a400000) (1024K)]
  0x0000019adeadda90 JavaThread "Java indexing"              daemon [_thread_in_native, id=9080, stack(0x000000213a500000,0x000000213a600000) (1024K)]
  0x0000019adeade120 JavaThread "JNA Cleaner"                daemon [_thread_blocked, id=19964, stack(0x000000213a600000,0x000000213a700000) (1024K)]
  0x0000019adeadcd70 JavaThread "Worker-2: Java indexing... "        [_thread_blocked, id=22156, stack(0x000000213a700000,0x000000213a800000) (1024K)]
  0x0000019adeadb330 JavaThread "Worker-3: Initialize Workspace"        [_thread_blocked, id=8804, stack(0x000000213a800000,0x000000213a900000) (1024K)]
  0x0000019adeadc050 JavaThread "Thread-2"                   daemon [_thread_in_native, id=4916, stack(0x000000213a900000,0x000000213aa00000) (1024K)]
  0x0000019adeadb9c0 JavaThread "Thread-3"                   daemon [_thread_in_native, id=8808, stack(0x000000213aa00000,0x000000213ab00000) (1024K)]
  0x0000019ae460df20 JavaThread "Thread-4"                   daemon [_thread_in_native, id=22048, stack(0x000000213ab00000,0x000000213ac00000) (1024K)]
  0x0000019ae460b7c0 JavaThread "Thread-5"                   daemon [_thread_in_native, id=1312, stack(0x000000213ac00000,0x000000213ad00000) (1024K)]
  0x0000019ae460a410 JavaThread "Thread-6"                   daemon [_thread_in_native, id=5904, stack(0x000000213ad00000,0x000000213ae00000) (1024K)]
  0x0000019ae460aaa0 JavaThread "Thread-7"                   daemon [_thread_in_native, id=19820, stack(0x000000213ae00000,0x000000213af00000) (1024K)]
  0x0000019ae460be50 JavaThread "Thread-8"                   daemon [_thread_in_native, id=16284, stack(0x000000213af00000,0x000000213b000000) (1024K)]
  0x0000019ae460e5b0 JavaThread "Thread-9"                   daemon [_thread_in_native, id=24996, stack(0x000000213b000000,0x000000213b100000) (1024K)]
  0x0000019ae460c4e0 JavaThread "Thread-10"                  daemon [_thread_in_native, id=22188, stack(0x000000213b100000,0x000000213b200000) (1024K)]
  0x0000019ae460cb70 JavaThread "Thread-11"                  daemon [_thread_in_native, id=5864, stack(0x000000213b200000,0x000000213b300000) (1024K)]
  0x0000019ae460b130 JavaThread "Thread-12"                  daemon [_thread_in_native, id=24712, stack(0x000000213b300000,0x000000213b400000) (1024K)]
  0x0000019ae460fff0 JavaThread "Thread-13"                  daemon [_thread_in_native, id=2452, stack(0x000000213b400000,0x000000213b500000) (1024K)]
  0x0000019ae460d200 JavaThread "Thread-14"                  daemon [_thread_in_native, id=21268, stack(0x000000213b500000,0x000000213b600000) (1024K)]
  0x0000019ae4609060 JavaThread "pool-2-thread-1"                   [_thread_blocked, id=19484, stack(0x000000213b600000,0x000000213b700000) (1024K)]
  0x0000019ae460f2d0 JavaThread "Worker-4"                          [_thread_blocked, id=19716, stack(0x000000213b700000,0x000000213b800000) (1024K)]
  0x0000019ae460f960 JavaThread "Worker-5"                          [_thread_blocked, id=20296, stack(0x000000213b800000,0x000000213b900000) (1024K)]
  0x0000019ae460d890 JavaThread "WorkspaceEventsHandler"            [_thread_blocked, id=25212, stack(0x000000213ba00000,0x000000213bb00000) (1024K)]
  0x0000019ae4609d80 JavaThread "pool-1-thread-1"                   [_thread_blocked, id=12712, stack(0x000000213bb00000,0x000000213bc00000) (1024K)]
  0x0000019ae46096f0 JavaThread "ForkJoinPool.commonPool-worker-1" daemon [_thread_blocked, id=25488, stack(0x000000213a400000,0x000000213a500000) (1024K)]
  0x0000019ae7f44fb0 JavaThread "LocalFile Deleter"          daemon [_thread_blocked, id=17876, stack(0x000000213bc00000,0x000000213bd00000) (1024K)]
  0x0000019ae7f3f3d0 JavaThread "LocalFile Deleter"          daemon [_thread_blocked, id=12212, stack(0x000000213bd00000,0x000000213be00000) (1024K)]
  0x0000019ae7f3fa60 JavaThread "LocalFile Deleter"          daemon [_thread_blocked, id=26112, stack(0x000000213be00000,0x000000213bf00000) (1024K)]
  0x0000019ae7f3e6b0 JavaThread "LocalFile Deleter"          daemon [_thread_blocked, id=23872, stack(0x000000213bf00000,0x000000213c000000) (1024K)]
  0x0000019ae7f3e020 JavaThread "LocalFile Deleter"          daemon [_thread_blocked, id=17900, stack(0x000000213c000000,0x000000213c100000) (1024K)]
  0x0000019ae7f421c0 JavaThread "LocalFile Deleter"          daemon [_thread_blocked, id=9200, stack(0x000000213c100000,0x000000213c200000) (1024K)]
  0x0000019ae7f42850 JavaThread "LocalFile Deleter"          daemon [_thread_blocked, id=9756, stack(0x000000213c200000,0x000000213c300000) (1024K)]
  0x0000019ae7f41b30 JavaThread "LocalFile Deleter"          daemon [_thread_blocked, id=21756, stack(0x000000213c300000,0x000000213c400000) (1024K)]
  0x0000019ae7f40e10 JavaThread "LocalFile Deleter"          daemon [_thread_blocked, id=13924, stack(0x000000213c400000,0x000000213c500000) (1024K)]
  0x0000019ae7f42ee0 JavaThread "LocalFile Deleter"          daemon [_thread_blocked, id=20116, stack(0x000000213c500000,0x000000213c600000) (1024K)]
  0x0000019ae7f414a0 JavaThread "LocalFile Deleter"          daemon [_thread_blocked, id=23680, stack(0x000000213c600000,0x000000213c700000) (1024K)]
  0x0000019ae7f3ed40 JavaThread "LocalFile Deleter"          daemon [_thread_blocked, id=21888, stack(0x000000213c700000,0x000000213c800000) (1024K)]
  0x0000019ae7f400f0 JavaThread "Compiler Source File Reader" daemon [_thread_blocked, id=13204, stack(0x000000213c800000,0x000000213c900000) (1024K)]
  0x0000019ae7f45640 JavaThread "Compiler Source File Reader" daemon [_thread_blocked, id=20452, stack(0x000000213c900000,0x000000213ca00000) (1024K)]
  0x0000019ae7f40780 JavaThread "Compiler Source File Reader" daemon [_thread_blocked, id=16184, stack(0x000000213ca00000,0x000000213cb00000) (1024K)]
  0x0000019ae7f43570 JavaThread "Compiler Source File Reader" daemon [_thread_blocked, id=22124, stack(0x000000213cb00000,0x000000213cc00000) (1024K)]
  0x0000019ae7f43c00 JavaThread "Compiler Source File Reader" daemon [_thread_blocked, id=3956, stack(0x000000213cc00000,0x000000213cd00000) (1024K)]
  0x0000019ae7f44290 JavaThread "Compiler Source File Reader" daemon [_thread_blocked, id=18736, stack(0x000000213cd00000,0x000000213ce00000) (1024K)]
  0x0000019ae7f44920 JavaThread "Compiler Source File Reader" daemon [_thread_blocked, id=11192, stack(0x000000213ce00000,0x000000213cf00000) (1024K)]
  0x0000019ae3e92780 JavaThread "Compiler Source File Reader" daemon [_thread_blocked, id=12944, stack(0x000000213cf00000,0x000000213d000000) (1024K)]
  0x0000019ae3e8ec70 JavaThread "Compiler Source File Reader" daemon [_thread_blocked, id=14560, stack(0x000000213d000000,0x000000213d100000) (1024K)]
  0x0000019ae3e95570 JavaThread "Compiler Source File Reader" daemon [_thread_blocked, id=9676, stack(0x000000213d100000,0x000000213d200000) (1024K)]
  0x0000019ae3e920f0 JavaThread "Compiler Processing Task"   daemon [_thread_blocked, id=25584, stack(0x000000213d200000,0x000000213d300000) (1024K)]
  0x0000019ae3e92e10 JavaThread "Compiler Class File Writer" daemon [_thread_blocked, id=11268, stack(0x000000213d300000,0x000000213d400000) (1024K)]
  0x0000019ae3e934a0 JavaThread "Compiler Class File Writer" daemon [_thread_blocked, id=23268, stack(0x000000213d400000,0x000000213d500000) (1024K)]
  0x0000019ae3e96290 JavaThread "Compiler Class File Writer" daemon [_thread_blocked, id=12020, stack(0x000000213d500000,0x000000213d600000) (1024K)]
  0x0000019ae3e8f300 JavaThread "Compiler Class File Writer" daemon [_thread_blocked, id=22852, stack(0x000000213d600000,0x000000213d700000) (1024K)]
  0x0000019ae3e8f990 JavaThread "Compiler Class File Writer" daemon [_thread_blocked, id=11520, stack(0x000000213d700000,0x000000213d800000) (1024K)]
  0x0000019ae3e90020 JavaThread "Compiler Class File Writer" daemon [_thread_blocked, id=22016, stack(0x000000213d800000,0x000000213d900000) (1024K)]
  0x0000019ae3e906b0 JavaThread "Compiler Class File Writer" daemon [_thread_blocked, id=25348, stack(0x000000213d900000,0x000000213da00000) (1024K)]
  0x0000019ae3e94850 JavaThread "Compiler Class File Writer" daemon [_thread_blocked, id=9376, stack(0x000000213da00000,0x000000213db00000) (1024K)]
  0x0000019ae3e90d40 JavaThread "Compiler Class File Writer" daemon [_thread_blocked, id=22112, stack(0x000000213db00000,0x000000213dc00000) (1024K)]
  0x0000019ae3e913d0 JavaThread "Compiler Class File Writer" daemon [_thread_blocked, id=9300, stack(0x000000213dc00000,0x000000213dd00000) (1024K)]
  0x0000019ae3e91a60 JavaThread "ForkJoinPool.commonPool-worker-2" daemon [_thread_blocked, id=20604, stack(0x0000002139f00000,0x000000213a000000) (1024K)]
  0x0000019ae3e941c0 JavaThread "ForkJoinPool.commonPool-worker-3" daemon [_thread_blocked, id=26380, stack(0x000000213a000000,0x000000213a100000) (1024K)]
  0x0000019ae3e93b30 JavaThread "ForkJoinPool.commonPool-worker-4" daemon [_thread_blocked, id=25924, stack(0x000000213dd00000,0x000000213de00000) (1024K)]
  0x0000019ae53fde90 JavaThread "C2 CompilerThread1"         daemon [_thread_in_native, id=16920, stack(0x000000213de00000,0x000000213df00000) (1024K)]
Total: 80

Other Threads:
  0x0000019adbf64ba0 VMThread "VM Thread"                           [id=25788, stack(0x0000002138500000,0x0000002138600000) (1024K)]
  0x0000019adbe5ca00 WatcherThread "VM Periodic Task Thread"        [id=13848, stack(0x0000002138400000,0x0000002138500000) (1024K)]
  0x0000019ac7bb3b60 WorkerThread "GC Thread#0"                     [id=16900, stack(0x0000002138300000,0x0000002138400000) (1024K)]
  0x0000019ae304eb50 WorkerThread "GC Thread#1"                     [id=22440, stack(0x0000002139200000,0x0000002139300000) (1024K)]
  0x0000019ade57b410 WorkerThread "GC Thread#2"                     [id=23420, stack(0x0000002139300000,0x0000002139400000) (1024K)]
  0x0000019ade57b7b0 WorkerThread "GC Thread#3"                     [id=6900, stack(0x0000002139400000,0x0000002139500000) (1024K)]
  0x0000019ade844730 WorkerThread "GC Thread#4"                     [id=26120, stack(0x0000002139500000,0x0000002139600000) (1024K)]
  0x0000019ade844ad0 WorkerThread "GC Thread#5"                     [id=11484, stack(0x0000002139600000,0x0000002139700000) (1024K)]
  0x0000019ade9ed0d0 WorkerThread "GC Thread#6"                     [id=23692, stack(0x0000002139700000,0x0000002139800000) (1024K)]
  0x0000019ade9ed810 WorkerThread "GC Thread#7"                     [id=25732, stack(0x0000002139100000,0x0000002139200000) (1024K)]
  0x0000019ade9ec990 WorkerThread "GC Thread#8"                     [id=10572, stack(0x0000002139b00000,0x0000002139c00000) (1024K)]
  0x0000019ade9ed470 WorkerThread "GC Thread#9"                     [id=14196, stack(0x0000002139d00000,0x0000002139e00000) (1024K)]
Total: 12

Threads with active compile tasks:
C2 CompilerThread0  41322 13966   !   4       org.eclipse.jdt.internal.compiler.classfmt.ClassFileReader::<init> (2135 bytes)
C2 CompilerThread1  41322 13992 %     4       org.eclipse.jdt.internal.core.index.DiskIndex::writeAllDocumentNames @ 251 (512 bytes)
Total: 2

VM state: not at safepoint (normal execution)

VM Mutex/Monitor currently owned by a thread: None

Heap address: 0x00000000c0000000, size: 1024 MB, Compressed Oops mode: 32-bit

CDS archive(s) mapped at: [0x0000019a80000000-0x0000019a80ba0000-0x0000019a80ba0000), size 12189696, SharedBaseAddress: 0x0000019a80000000, ArchiveRelocationMode: 1.
Compressed class space mapped at: 0x0000019a81000000-0x0000019ac1000000, reserved size: 1073741824
Narrow klass base: 0x0000019a80000000, Narrow klass shift: 0, Narrow klass range: 0x100000000

GC Precious Log:
 CardTable entry size: 512
 CPUs: 12 total, 12 available
 Memory: 16215M
 Large Page Support: Disabled
 NUMA Support: Disabled
 Compressed Oops: Enabled (32-bit)
 Alignments: Space 512K, Generation 512K, Heap 2M
 Heap Min Capacity: 100M
 Heap Initial Capacity: 100M
 Heap Max Capacity: 1G
 Pre-touch: Disabled
 Parallel Workers: 10

Heap:
 PSYoungGen      total 2560K, used 544K [0x00000000eab00000, 0x00000000eaf00000, 0x0000000100000000)
  eden space 2048K, 9% used [0x00000000eab00000,0x00000000eab300f0,0x00000000ead00000)
  from space 512K, 68% used [0x00000000eae80000,0x00000000eaed8000,0x00000000eaf00000)
  to   space 512K, 0% used [0x00000000eae00000,0x00000000eae00000,0x00000000eae80000)
 ParOldGen       total 462848K, used 462498K [0x00000000c0000000, 0x00000000dc400000, 0x00000000eab00000)
  object space 462848K, 99% used [0x00000000c0000000,0x00000000dc3a8800,0x00000000dc400000)
 Metaspace       used 72136K, committed 73728K, reserved 1179648K
  class space    used 7447K, committed 8192K, reserved 1048576K

Card table byte_map: [0x0000019ac7550000,0x0000019ac7760000] _byte_map_base: 0x0000019ac6f50000

Marking Bits: (ParMarkBitMap*) 0x00007ffcdad53260
 Begin Bits: [0x0000019ad9d80000, 0x0000019adad80000)
 End Bits:   [0x0000019adad80000, 0x0000019adbd80000)

Polling page: 0x0000019ac5a80000

Metaspace:

Usage:
  Non-class:     63.17 MB used.
      Class:      7.27 MB used.
       Both:     70.45 MB used.

Virtual space:
  Non-class space:      128.00 MB reserved,      64.00 MB ( 50%) committed,  2 nodes.
      Class space:        1.00 GB reserved,       8.00 MB ( <1%) committed,  1 nodes.
             Both:        1.12 GB reserved,      72.00 MB (  6%) committed. 

Chunk freelists:
   Non-Class:  15.88 MB
       Class:  7.85 MB
        Both:  23.72 MB

MaxMetaspaceSize: unlimited
CompressedClassSpaceSize: 1.00 GB
Initial GC threshold: 21.00 MB
Current GC threshold: 97.31 MB
CDS: on
 - commit_granule_bytes: 65536.
 - commit_granule_words: 8192.
 - virtual_space_node_default_size: 8388608.
 - enlarge_chunks_in_place: 1.
 - use_allocation_guard: 0.


Internal statistics:

num_allocs_failed_limit: 9.
num_arena_births: 1246.
num_arena_deaths: 22.
num_vsnodes_births: 3.
num_vsnodes_deaths: 0.
num_space_committed: 1152.
num_space_uncommitted: 0.
num_chunks_returned_to_freelist: 35.
num_chunks_taken_from_freelist: 4451.
num_chunk_merges: 17.
num_chunk_splits: 2732.
num_chunks_enlarged: 1598.
num_inconsistent_stats: 0.

CodeHeap 'non-profiled nmethods': size=120000Kb used=10392Kb max_used=10392Kb free=109607Kb
 bounds [0x0000019ad2850000, 0x0000019ad3280000, 0x0000019ad9d80000]
CodeHeap 'profiled nmethods': size=120000Kb used=30224Kb max_used=30224Kb free=89776Kb
 bounds [0x0000019acad80000, 0x0000019accb10000, 0x0000019ad22b0000]
CodeHeap 'non-nmethods': size=5760Kb used=1504Kb max_used=1574Kb free=4255Kb
 bounds [0x0000019ad22b0000, 0x0000019ad2520000, 0x0000019ad2850000]
 total_blobs=14009 nmethods=13219 adapters=692
 compilation: enabled
              stopped_count=0, restarted_count=0
 full_count=0

Compilation events (20 events):
Event: 41.222 Thread 0x0000019ac7c4b450 nmethod 13990 0x0000019ad3273510 code [0x0000019ad32736a0, 0x0000019ad3273768]
Event: 41.228 Thread 0x0000019ae53fde90 13991       4       org.eclipse.jdt.core.Signature::encodeTypeSignature (908 bytes)
Event: 41.252 Thread 0x0000019ae53fde90 nmethod 13991 0x0000019ad3273810 code [0x0000019ad3273b40, 0x0000019ad3275180]
Event: 41.252 Thread 0x0000019ae53fde90 13992 %     4       org.eclipse.jdt.internal.core.index.DiskIndex::writeAllDocumentNames @ 251 (512 bytes)
Event: 41.256 Thread 0x0000019ac7c4b450 13997   !   3       sun.security.provider.HashDrbg::hashGen (152 bytes)
Event: 41.257 Thread 0x0000019ac7c4b450 nmethod 13997 0x0000019accaf9d90 code [0x0000019accafa020, 0x0000019accafae00]
Event: 41.257 Thread 0x0000019ac7c4b450 13993   !   3       sun.security.provider.AbstractDrbg::engineNextBytes (283 bytes)
Event: 41.258 Thread 0x0000019ac7c4b450 nmethod 13993 0x0000019accafb310 code [0x0000019accafb740, 0x0000019accafd3b8]
Event: 41.258 Thread 0x0000019ac7c4b450 13994       3       java.security.DrbgParameters$NextBytes::getAdditionalInput (22 bytes)
Event: 41.259 Thread 0x0000019ac7c4b450 nmethod 13994 0x0000019accafde10 code [0x0000019accafdfc0, 0x0000019accafe2e0]
Event: 41.259 Thread 0x0000019ac7c4b450 13995  s    3       sun.security.provider.AbstractDrbg::instantiateIfNecessary (60 bytes)
Event: 41.259 Thread 0x0000019ac7c4b450 nmethod 13995 0x0000019accafe390 code [0x0000019accafe580, 0x0000019accafe9d0]
Event: 41.259 Thread 0x0000019ac7c4b450 13996  s    3       sun.security.provider.HashDrbg::generateAlgorithm (188 bytes)
Event: 41.260 Thread 0x0000019ac7c4b450 nmethod 13996 0x0000019accafeb10 code [0x0000019accafee60, 0x0000019accb00ca0]
Event: 41.270 Thread 0x0000019ac7c4b450 13998 %s    3       org.eclipse.jdt.internal.core.search.processing.JobManager::hasPendingJobMatching @ 41 (86 bytes)
Event: 41.271 Thread 0x0000019ac7c4b450 nmethod 13998% 0x0000019accb01590 code [0x0000019accb01800, 0x0000019accb02630]
Event: 41.271 Thread 0x0000019ac7c4b450 14000       3       java.security.DrbgParameters$NextBytes::<init> (66 bytes)
Event: 41.271 Thread 0x0000019ac7c4b450 nmethod 14000 0x0000019accb02990 code [0x0000019accb02be0, 0x0000019accb03470]
Event: 41.271 Thread 0x0000019ac7c4b450 13999       3       org.eclipse.core.internal.jobs.JobManager::delayFor (83 bytes)
Event: 41.272 Thread 0x0000019ac7c4b450 nmethod 13999 0x0000019accb03790 code [0x0000019accb039a0, 0x0000019accb03e50]

GC Heap History (20 events):
Event: 41.142 GC heap before
{Heap before GC invocations=565 (full 3):
 PSYoungGen      total 2048K, used 2016K [0x00000000eab00000, 0x00000000eae00000, 0x0000000100000000)
  eden space 1536K, 99% used [0x00000000eab00000,0x00000000eac7ee08,0x00000000eac80000)
  from space 512K, 94% used [0x00000000eac80000,0x00000000eacf9208,0x00000000ead00000)
  to   space 512K, 0% used [0x00000000ead80000,0x00000000ead80000,0x00000000eae00000)
 ParOldGen       total 459776K, used 459524K [0x00000000c0000000, 0x00000000dc100000, 0x00000000eab00000)
  object space 459776K, 99% used [0x00000000c0000000,0x00000000dc0c1218,0x00000000dc100000)
 Metaspace       used 72129K, committed 73728K, reserved 1179648K
  class space    used 7447K, committed 8192K, reserved 1048576K
}
Event: 41.144 GC heap after
{Heap after GC invocations=565 (full 3):
 PSYoungGen      total 2048K, used 416K [0x00000000eab00000, 0x00000000eae00000, 0x0000000100000000)
  eden space 1536K, 0% used [0x00000000eab00000,0x00000000eab00000,0x00000000eac80000)
  from space 512K, 81% used [0x00000000ead80000,0x00000000eade8000,0x00000000eae00000)
  to   space 512K, 0% used [0x00000000eac80000,0x00000000eac80000,0x00000000ead00000)
 ParOldGen       total 459776K, used 459708K [0x00000000c0000000, 0x00000000dc100000, 0x00000000eab00000)
  object space 459776K, 99% used [0x00000000c0000000,0x00000000dc0ef218,0x00000000dc100000)
 Metaspace       used 72129K, committed 73728K, reserved 1179648K
  class space    used 7447K, committed 8192K, reserved 1048576K
}
Event: 41.147 GC heap before
{Heap before GC invocations=566 (full 3):
 PSYoungGen      total 2048K, used 1951K [0x00000000eab00000, 0x00000000eae00000, 0x0000000100000000)
  eden space 1536K, 99% used [0x00000000eab00000,0x00000000eac7fcd0,0x00000000eac80000)
  from space 512K, 81% used [0x00000000ead80000,0x00000000eade8000,0x00000000eae00000)
  to   space 512K, 0% used [0x00000000eac80000,0x00000000eac80000,0x00000000ead00000)
 ParOldGen       total 459776K, used 459708K [0x00000000c0000000, 0x00000000dc100000, 0x00000000eab00000)
  object space 459776K, 99% used [0x00000000c0000000,0x00000000dc0ef218,0x00000000dc100000)
 Metaspace       used 72129K, committed 73728K, reserved 1179648K
  class space    used 7447K, committed 8192K, reserved 1048576K
}
Event: 41.148 GC heap after
{Heap after GC invocations=566 (full 3):
 PSYoungGen      total 2048K, used 352K [0x00000000eab00000, 0x00000000eae00000, 0x0000000100000000)
  eden space 1536K, 0% used [0x00000000eab00000,0x00000000eab00000,0x00000000eac80000)
  from space 512K, 68% used [0x00000000eac80000,0x00000000eacd8000,0x00000000ead00000)
  to   space 512K, 0% used [0x00000000ead80000,0x00000000ead80000,0x00000000eae00000)
 ParOldGen       total 460288K, used 460012K [0x00000000c0000000, 0x00000000dc180000, 0x00000000eab00000)
  object space 460288K, 99% used [0x00000000c0000000,0x00000000dc13b218,0x00000000dc180000)
 Metaspace       used 72129K, committed 73728K, reserved 1179648K
  class space    used 7447K, committed 8192K, reserved 1048576K
}
Event: 41.151 GC heap before
{Heap before GC invocations=567 (full 3):
 PSYoungGen      total 2048K, used 1888K [0x00000000eab00000, 0x00000000eae00000, 0x0000000100000000)
  eden space 1536K, 100% used [0x00000000eab00000,0x00000000eac80000,0x00000000eac80000)
  from space 512K, 68% used [0x00000000eac80000,0x00000000eacd8000,0x00000000ead00000)
  to   space 512K, 0% used [0x00000000ead80000,0x00000000ead80000,0x00000000eae00000)
 ParOldGen       total 460288K, used 460012K [0x00000000c0000000, 0x00000000dc180000, 0x00000000eab00000)
  object space 460288K, 99% used [0x00000000c0000000,0x00000000dc13b218,0x00000000dc180000)
 Metaspace       used 72129K, committed 73728K, reserved 1179648K
  class space    used 7447K, committed 8192K, reserved 1048576K
}
Event: 41.153 GC heap after
{Heap after GC invocations=567 (full 3):
 PSYoungGen      total 2560K, used 406K [0x00000000eab00000, 0x00000000eae00000, 0x0000000100000000)
  eden space 2048K, 0% used [0x00000000eab00000,0x00000000eab00000,0x00000000ead00000)
  from space 512K, 79% used [0x00000000ead80000,0x00000000eade5808,0x00000000eae00000)
  to   space 512K, 0% used [0x00000000ead00000,0x00000000ead00000,0x00000000ead80000)
 ParOldGen       total 460288K, used 460228K [0x00000000c0000000, 0x00000000dc180000, 0x00000000eab00000)
  object space 460288K, 99% used [0x00000000c0000000,0x00000000dc171218,0x00000000dc180000)
 Metaspace       used 72129K, committed 73728K, reserved 1179648K
  class space    used 7447K, committed 8192K, reserved 1048576K
}
Event: 41.159 GC heap before
{Heap before GC invocations=568 (full 3):
 PSYoungGen      total 2560K, used 2454K [0x00000000eab00000, 0x00000000eae00000, 0x0000000100000000)
  eden space 2048K, 100% used [0x00000000eab00000,0x00000000ead00000,0x00000000ead00000)
  from space 512K, 79% used [0x00000000ead80000,0x00000000eade5808,0x00000000eae00000)
  to   space 512K, 0% used [0x00000000ead00000,0x00000000ead00000,0x00000000ead80000)
 ParOldGen       total 460288K, used 460228K [0x00000000c0000000, 0x00000000dc180000, 0x00000000eab00000)
  object space 460288K, 99% used [0x00000000c0000000,0x00000000dc171218,0x00000000dc180000)
 Metaspace       used 72129K, committed 73728K, reserved 1179648K
  class space    used 7447K, committed 8192K, reserved 1048576K
}
Event: 41.161 GC heap after
{Heap after GC invocations=568 (full 3):
 PSYoungGen      total 2560K, used 512K [0x00000000eab00000, 0x00000000eaf80000, 0x0000000100000000)
  eden space 2048K, 0% used [0x00000000eab00000,0x00000000eab00000,0x00000000ead00000)
  from space 512K, 100% used [0x00000000ead00000,0x00000000ead80000,0x00000000ead80000)
  to   space 1024K, 0% used [0x00000000eae80000,0x00000000eae80000,0x00000000eaf80000)
 ParOldGen       total 460800K, used 460522K [0x00000000c0000000, 0x00000000dc200000, 0x00000000eab00000)
  object space 460800K, 99% used [0x00000000c0000000,0x00000000dc1ba920,0x00000000dc200000)
 Metaspace       used 72129K, committed 73728K, reserved 1179648K
  class space    used 7447K, committed 8192K, reserved 1048576K
}
Event: 41.210 GC heap before
{Heap before GC invocations=569 (full 3):
 PSYoungGen      total 2560K, used 2560K [0x00000000eab00000, 0x00000000eaf80000, 0x0000000100000000)
  eden space 2048K, 100% used [0x00000000eab00000,0x00000000ead00000,0x00000000ead00000)
  from space 512K, 100% used [0x00000000ead00000,0x00000000ead80000,0x00000000ead80000)
  to   space 1024K, 0% used [0x00000000eae80000,0x00000000eae80000,0x00000000eaf80000)
 ParOldGen       total 460800K, used 460522K [0x00000000c0000000, 0x00000000dc200000, 0x00000000eab00000)
  object space 460800K, 99% used [0x00000000c0000000,0x00000000dc1ba920,0x00000000dc200000)
 Metaspace       used 72129K, committed 73728K, reserved 1179648K
  class space    used 7447K, committed 8192K, reserved 1048576K
}
Event: 41.211 GC heap after
{Heap after GC invocations=569 (full 3):
 PSYoungGen      total 2560K, used 384K [0x00000000eab00000, 0x00000000eaf00000, 0x0000000100000000)
  eden space 2048K, 0% used [0x00000000eab00000,0x00000000eab00000,0x00000000ead00000)
  from space 512K, 75% used [0x00000000eae80000,0x00000000eaee0000,0x00000000eaf00000)
  to   space 1024K, 0% used [0x00000000ead00000,0x00000000ead00000,0x00000000eae00000)
 ParOldGen       total 460800K, used 460730K [0x00000000c0000000, 0x00000000dc200000, 0x00000000eab00000)
  object space 460800K, 99% used [0x00000000c0000000,0x00000000dc1ee920,0x00000000dc200000)
 Metaspace       used 72129K, committed 73728K, reserved 1179648K
  class space    used 7447K, committed 8192K, reserved 1048576K
}
Event: 41.216 GC heap before
{Heap before GC invocations=570 (full 3):
 PSYoungGen      total 2560K, used 2432K [0x00000000eab00000, 0x00000000eaf00000, 0x0000000100000000)
  eden space 2048K, 100% used [0x00000000eab00000,0x00000000ead00000,0x00000000ead00000)
  from space 512K, 75% used [0x00000000eae80000,0x00000000eaee0000,0x00000000eaf00000)
  to   space 1024K, 0% used [0x00000000ead00000,0x00000000ead00000,0x00000000eae00000)
 ParOldGen       total 460800K, used 460730K [0x00000000c0000000, 0x00000000dc200000, 0x00000000eab00000)
  object space 460800K, 99% used [0x00000000c0000000,0x00000000dc1ee920,0x00000000dc200000)
 Metaspace       used 72129K, committed 73728K, reserved 1179648K
  class space    used 7447K, committed 8192K, reserved 1048576K
}
Event: 41.217 GC heap after
{Heap after GC invocations=570 (full 3):
 PSYoungGen      total 3072K, used 384K [0x00000000eab00000, 0x00000000eaf00000, 0x0000000100000000)
  eden space 2048K, 0% used [0x00000000eab00000,0x00000000eab00000,0x00000000ead00000)
  from space 1024K, 37% used [0x00000000ead00000,0x00000000ead60000,0x00000000eae00000)
  to   space 512K, 0% used [0x00000000eae80000,0x00000000eae80000,0x00000000eaf00000)
 ParOldGen       total 461312K, used 460965K [0x00000000c0000000, 0x00000000dc280000, 0x00000000eab00000)
  object space 461312K, 99% used [0x00000000c0000000,0x00000000dc229490,0x00000000dc280000)
 Metaspace       used 72129K, committed 73728K, reserved 1179648K
  class space    used 7447K, committed 8192K, reserved 1048576K
}
Event: 41.221 GC heap before
{Heap before GC invocations=571 (full 3):
 PSYoungGen      total 3072K, used 2432K [0x00000000eab00000, 0x00000000eaf00000, 0x0000000100000000)
  eden space 2048K, 100% used [0x00000000eab00000,0x00000000ead00000,0x00000000ead00000)
  from space 1024K, 37% used [0x00000000ead00000,0x00000000ead60000,0x00000000eae00000)
  to   space 512K, 0% used [0x00000000eae80000,0x00000000eae80000,0x00000000eaf00000)
 ParOldGen       total 461312K, used 460965K [0x00000000c0000000, 0x00000000dc280000, 0x00000000eab00000)
  object space 461312K, 99% used [0x00000000c0000000,0x00000000dc229490,0x00000000dc280000)
 Metaspace       used 72129K, committed 73728K, reserved 1179648K
  class space    used 7447K, committed 8192K, reserved 1048576K
}
Event: 41.222 GC heap after
{Heap after GC invocations=571 (full 3):
 PSYoungGen      total 2560K, used 443K [0x00000000eab00000, 0x00000000eaf00000, 0x0000000100000000)
  eden space 2048K, 0% used [0x00000000eab00000,0x00000000eab00000,0x00000000ead00000)
  from space 512K, 86% used [0x00000000eae80000,0x00000000eaeeec08,0x00000000eaf00000)
  to   space 512K, 0% used [0x00000000eae00000,0x00000000eae00000,0x00000000eae80000)
 ParOldGen       total 461312K, used 461197K [0x00000000c0000000, 0x00000000dc280000, 0x00000000eab00000)
  object space 461312K, 99% used [0x00000000c0000000,0x00000000dc263490,0x00000000dc280000)
 Metaspace       used 72129K, committed 73728K, reserved 1179648K
  class space    used 7447K, committed 8192K, reserved 1048576K
}
Event: 41.226 GC heap before
{Heap before GC invocations=572 (full 3):
 PSYoungGen      total 2560K, used 2491K [0x00000000eab00000, 0x00000000eaf00000, 0x0000000100000000)
  eden space 2048K, 100% used [0x00000000eab00000,0x00000000ead00000,0x00000000ead00000)
  from space 512K, 86% used [0x00000000eae80000,0x00000000eaeeec08,0x00000000eaf00000)
  to   space 512K, 0% used [0x00000000eae00000,0x00000000eae00000,0x00000000eae80000)
 ParOldGen       total 461312K, used 461197K [0x00000000c0000000, 0x00000000dc280000, 0x00000000eab00000)
  object space 461312K, 99% used [0x00000000c0000000,0x00000000dc263490,0x00000000dc280000)
 Metaspace       used 72129K, committed 73728K, reserved 1179648K
  class space    used 7447K, committed 8192K, reserved 1048576K
}
Event: 41.227 GC heap after
{Heap after GC invocations=572 (full 3):
 PSYoungGen      total 2560K, used 352K [0x00000000eab00000, 0x00000000eaf00000, 0x0000000100000000)
  eden space 2048K, 0% used [0x00000000eab00000,0x00000000eab00000,0x00000000ead00000)
  from space 512K, 68% used [0x00000000eae00000,0x00000000eae58000,0x00000000eae80000)
  to   space 512K, 0% used [0x00000000eae80000,0x00000000eae80000,0x00000000eaf00000)
 ParOldGen       total 461824K, used 461448K [0x00000000c0000000, 0x00000000dc300000, 0x00000000eab00000)
  object space 461824K, 99% used [0x00000000c0000000,0x00000000dc2a2098,0x00000000dc300000)
 Metaspace       used 72129K, committed 73728K, reserved 1179648K
  class space    used 7447K, committed 8192K, reserved 1048576K
}
Event: 41.232 GC heap before
{Heap before GC invocations=573 (full 3):
 PSYoungGen      total 2560K, used 2400K [0x00000000eab00000, 0x00000000eaf00000, 0x0000000100000000)
  eden space 2048K, 100% used [0x00000000eab00000,0x00000000ead00000,0x00000000ead00000)
  from space 512K, 68% used [0x00000000eae00000,0x00000000eae58000,0x00000000eae80000)
  to   space 512K, 0% used [0x00000000eae80000,0x00000000eae80000,0x00000000eaf00000)
 ParOldGen       total 461824K, used 461448K [0x00000000c0000000, 0x00000000dc300000, 0x00000000eab00000)
  object space 461824K, 99% used [0x00000000c0000000,0x00000000dc2a2098,0x00000000dc300000)
 Metaspace       used 72129K, committed 73728K, reserved 1179648K
  class space    used 7447K, committed 8192K, reserved 1048576K
}
Event: 41.233 GC heap after
{Heap after GC invocations=573 (full 3):
 PSYoungGen      total 2560K, used 419K [0x00000000eab00000, 0x00000000eaf00000, 0x0000000100000000)
  eden space 2048K, 0% used [0x00000000eab00000,0x00000000eab00000,0x00000000ead00000)
  from space 512K, 81% used [0x00000000eae80000,0x00000000eaee8e78,0x00000000eaf00000)
  to   space 512K, 0% used [0x00000000eae00000,0x00000000eae00000,0x00000000eae80000)
 ParOldGen       total 461824K, used 461664K [0x00000000c0000000, 0x00000000dc300000, 0x00000000eab00000)
  object space 461824K, 99% used [0x00000000c0000000,0x00000000dc2d8098,0x00000000dc300000)
 Metaspace       used 72129K, committed 73728K, reserved 1179648K
  class space    used 7447K, committed 8192K, reserved 1048576K
}
Event: 41.240 GC heap before
{Heap before GC invocations=574 (full 3):
 PSYoungGen      total 2560K, used 2467K [0x00000000eab00000, 0x00000000eaf00000, 0x0000000100000000)
  eden space 2048K, 100% used [0x00000000eab00000,0x00000000ead00000,0x00000000ead00000)
  from space 512K, 81% used [0x00000000eae80000,0x00000000eaee8e78,0x00000000eaf00000)
  to   space 512K, 0% used [0x00000000eae00000,0x00000000eae00000,0x00000000eae80000)
 ParOldGen       total 461824K, used 461664K [0x00000000c0000000, 0x00000000dc300000, 0x00000000eab00000)
  object space 461824K, 99% used [0x00000000c0000000,0x00000000dc2d8098,0x00000000dc300000)
 Metaspace       used 72129K, committed 73728K, reserved 1179648K
  class space    used 7447K, committed 8192K, reserved 1048576K
}
Event: 41.241 GC heap after
{Heap after GC invocations=574 (full 3):
 PSYoungGen      total 2560K, used 512K [0x00000000eab00000, 0x00000000eaf00000, 0x0000000100000000)
  eden space 2048K, 0% used [0x00000000eab00000,0x00000000eab00000,0x00000000ead00000)
  from space 512K, 100% used [0x00000000eae00000,0x00000000eae80000,0x00000000eae80000)
  to   space 512K, 0% used [0x00000000eae80000,0x00000000eae80000,0x00000000eaf00000)
 ParOldGen       total 462336K, used 461904K [0x00000000c0000000, 0x00000000dc380000, 0x00000000eab00000)
  object space 462336K, 99% used [0x00000000c0000000,0x00000000dc314098,0x00000000dc380000)
 Metaspace       used 72129K, committed 73728K, reserved 1179648K
  class space    used 7447K, committed 8192K, reserved 1048576K
}

Dll operation events (14 events):
Event: 0.013 Loaded shared library c:\Users\Ahmed Yasser\.vscode\extensions\redhat.java-1.41.1-win32-x64\jre\21.0.6-win32-x86_64\bin\java.dll
Event: 0.076 Loaded shared library c:\Users\Ahmed Yasser\.vscode\extensions\redhat.java-1.41.1-win32-x64\jre\21.0.6-win32-x86_64\bin\zip.dll
Event: 0.101 Loaded shared library C:\Users\Ahmed Yasser\.vscode\extensions\redhat.java-1.41.1-win32-x64\jre\21.0.6-win32-x86_64\bin\instrument.dll
Event: 0.107 Loaded shared library C:\Users\Ahmed Yasser\.vscode\extensions\redhat.java-1.41.1-win32-x64\jre\21.0.6-win32-x86_64\bin\net.dll
Event: 0.110 Loaded shared library C:\Users\Ahmed Yasser\.vscode\extensions\redhat.java-1.41.1-win32-x64\jre\21.0.6-win32-x86_64\bin\nio.dll
Event: 0.113 Loaded shared library C:\Users\Ahmed Yasser\.vscode\extensions\redhat.java-1.41.1-win32-x64\jre\21.0.6-win32-x86_64\bin\zip.dll
Event: 0.131 Loaded shared library C:\Users\Ahmed Yasser\.vscode\extensions\redhat.java-1.41.1-win32-x64\jre\21.0.6-win32-x86_64\bin\jimage.dll
Event: 0.199 Loaded shared library c:\Users\Ahmed Yasser\.vscode\extensions\redhat.java-1.41.1-win32-x64\jre\21.0.6-win32-x86_64\bin\verify.dll
Event: 4.372 Loaded shared library C:\Users\Ahmed Yasser\AppData\Roaming\Code\User\globalStorage\redhat.java\1.41.1\config_win\org.eclipse.equinox.launcher\org.eclipse.equinox.launcher.win32.win32.x86_64_1.2.1300.v20250331-1702\eclipse_11911.dll
Event: 12.250 Loaded shared library C:\Users\Ahmed Yasser\.vscode\extensions\redhat.java-1.41.1-win32-x64\jre\21.0.6-win32-x86_64\bin\management.dll
Event: 12.252 Loaded shared library C:\Users\Ahmed Yasser\.vscode\extensions\redhat.java-1.41.1-win32-x64\jre\21.0.6-win32-x86_64\bin\management_ext.dll
Event: 13.307 Loaded shared library C:\Users\Ahmed Yasser\AppData\Local\Temp\jna--1049511280\jna18050304327001022174.dll
Event: 13.696 Loaded shared library C:\Users\Ahmed Yasser\.vscode\extensions\redhat.java-1.41.1-win32-x64\jre\21.0.6-win32-x86_64\bin\sunmscapi.dll
Event: 13.846 Loaded shared library C:\Users\Ahmed Yasser\.vscode\extensions\redhat.java-1.41.1-win32-x64\jre\21.0.6-win32-x86_64\bin\extnet.dll

Deoptimization events (20 events):
Event: 41.135 Thread 0x0000019adeadda90 DEOPT PACKING pc=0x0000019ad32680fc sp=0x000000213a5fec40
Event: 41.135 Thread 0x0000019adeadda90 DEOPT UNPACKING pc=0x0000019ad2303aa2 sp=0x000000213a5feba0 mode 2
Event: 41.137 Thread 0x0000019adeadda90 Uncommon trap: trap_request=0xffffffc6 fr.pc=0x0000019ad3235ad8 relative=0x00000000000078f8
Event: 41.137 Thread 0x0000019adeadda90 Uncommon trap: reason=bimorphic_or_optimized_type_check action=maybe_recompile pc=0x0000019ad3235ad8 method=org.eclipse.jdt.internal.core.search.indexing.BinaryIndexer.indexDocument()V @ 1031 c2
Event: 41.137 Thread 0x0000019adeadda90 DEOPT PACKING pc=0x0000019ad3235ad8 sp=0x000000213a5feea0
Event: 41.137 Thread 0x0000019adeadda90 DEOPT UNPACKING pc=0x0000019ad2303aa2 sp=0x000000213a5fee20 mode 2
Event: 41.145 Thread 0x0000019adeadda90 Uncommon trap: trap_request=0xffffffc6 fr.pc=0x0000019ad3235ad8 relative=0x00000000000078f8
Event: 41.145 Thread 0x0000019adeadda90 Uncommon trap: reason=bimorphic_or_optimized_type_check action=maybe_recompile pc=0x0000019ad3235ad8 method=org.eclipse.jdt.internal.core.search.indexing.BinaryIndexer.indexDocument()V @ 1031 c2
Event: 41.145 Thread 0x0000019adeadda90 DEOPT PACKING pc=0x0000019ad3235ad8 sp=0x000000213a5feea0
Event: 41.145 Thread 0x0000019adeadda90 DEOPT UNPACKING pc=0x0000019ad2303aa2 sp=0x000000213a5fee20 mode 2
Event: 41.149 Thread 0x0000019adeadda90 DEOPT PACKING pc=0x0000019accac432a sp=0x000000213a5fece0
Event: 41.149 Thread 0x0000019adeadda90 DEOPT UNPACKING pc=0x0000019ad2304242 sp=0x000000213a5fe268 mode 0
Event: 41.208 Thread 0x0000019adeadda90 DEOPT PACKING pc=0x0000019accac432a sp=0x000000213a5fece0
Event: 41.208 Thread 0x0000019adeadda90 DEOPT UNPACKING pc=0x0000019ad2304242 sp=0x000000213a5fe268 mode 0
Event: 41.216 Thread 0x0000019adeadda90 DEOPT PACKING pc=0x0000019accac432a sp=0x000000213a5fece0
Event: 41.216 Thread 0x0000019adeadda90 DEOPT UNPACKING pc=0x0000019ad2304242 sp=0x000000213a5fe268 mode 0
Event: 41.224 Thread 0x0000019adeadda90 DEOPT PACKING pc=0x0000019accac432a sp=0x000000213a5fece0
Event: 41.224 Thread 0x0000019adeadda90 DEOPT UNPACKING pc=0x0000019ad2304242 sp=0x000000213a5fe268 mode 0
Event: 41.231 Thread 0x0000019adeadda90 DEOPT PACKING pc=0x0000019accac432a sp=0x000000213a5fece0
Event: 41.231 Thread 0x0000019adeadda90 DEOPT UNPACKING pc=0x0000019ad2304242 sp=0x000000213a5fe268 mode 0

Classes loaded (20 events):
Event: 30.866 Loading class java/io/CharArrayWriter
Event: 30.867 Loading class java/io/CharArrayWriter done
Event: 30.871 Loading class java/nio/file/attribute/PosixFileAttributes
Event: 30.872 Loading class java/nio/file/attribute/PosixFileAttributes done
Event: 30.947 Loading class java/io/SequenceInputStream
Event: 30.947 Loading class java/io/SequenceInputStream done
Event: 30.955 Loading class org/xml/sax/SAXNotRecognizedException
Event: 30.955 Loading class org/xml/sax/SAXNotRecognizedException done
Event: 30.955 Loading class org/xml/sax/SAXNotSupportedException
Event: 30.955 Loading class org/xml/sax/SAXNotSupportedException done
Event: 30.956 Loading class com/sun/org/apache/xerces/internal/util/URI
Event: 30.957 Loading class com/sun/org/apache/xerces/internal/util/URI done
Event: 30.958 Loading class com/sun/org/apache/xerces/internal/xni/XNIException
Event: 30.958 Loading class com/sun/org/apache/xerces/internal/xni/XNIException done
Event: 30.959 Loading class com/sun/org/apache/xerces/internal/xni/parser/XMLParseException
Event: 30.959 Loading class com/sun/org/apache/xerces/internal/xni/parser/XMLParseException done
Event: 34.995 Loading class java/util/concurrent/CompletableFuture$UniApply
Event: 34.995 Loading class java/util/concurrent/CompletableFuture$UniApply done
Event: 34.995 Loading class java/util/concurrent/CompletableFuture$UniExceptionally
Event: 34.996 Loading class java/util/concurrent/CompletableFuture$UniExceptionally done

Classes unloaded (11 events):
Event: 12.714 Thread 0x0000019adbf64ba0 Unloading class 0x0000019a81198c00 'java/lang/invoke/LambdaForm$MH+0x0000019a81198c00'
Event: 12.714 Thread 0x0000019adbf64ba0 Unloading class 0x0000019a81198800 'java/lang/invoke/LambdaForm$MH+0x0000019a81198800'
Event: 12.714 Thread 0x0000019adbf64ba0 Unloading class 0x0000019a81198400 'java/lang/invoke/LambdaForm$MH+0x0000019a81198400'
Event: 12.714 Thread 0x0000019adbf64ba0 Unloading class 0x0000019a81198000 'java/lang/invoke/LambdaForm$MH+0x0000019a81198000'
Event: 12.714 Thread 0x0000019adbf64ba0 Unloading class 0x0000019a81197c00 'java/lang/invoke/LambdaForm$BMH+0x0000019a81197c00'
Event: 12.714 Thread 0x0000019adbf64ba0 Unloading class 0x0000019a81197800 'java/lang/invoke/LambdaForm$DMH+0x0000019a81197800'
Event: 12.714 Thread 0x0000019adbf64ba0 Unloading class 0x0000019a81196400 'java/lang/invoke/LambdaForm$DMH+0x0000019a81196400'
Event: 27.333 Thread 0x0000019adbf64ba0 Unloading class 0x0000019a81610c00 'java/lang/invoke/LambdaForm$DMH+0x0000019a81610c00'
Event: 27.333 Thread 0x0000019adbf64ba0 Unloading class 0x0000019a81610800 'java/lang/invoke/LambdaForm$DMH+0x0000019a81610800'
Event: 27.333 Thread 0x0000019adbf64ba0 Unloading class 0x0000019a81610000 'java/lang/invoke/LambdaForm$DMH+0x0000019a81610000'
Event: 27.333 Thread 0x0000019adbf64ba0 Unloading class 0x0000019a81610400 'java/lang/invoke/LambdaForm$DMH+0x0000019a81610400'

Classes redefined (0 events):
No events

Internal exceptions (20 events):
Event: 35.751 Thread 0x0000019ae460f960 Exception <a 'sun/nio/fs/WindowsException'{0x00000000eace8fd8}> (0x00000000eace8fd8) 
thrown [s\src\hotspot\share\prims\jni.cpp, line 520]
Event: 35.948 Thread 0x0000019adeadda90 Exception <a 'sun/nio/fs/WindowsException'{0x00000000eafe55a8}> (0x00000000eafe55a8) 
thrown [s\src\hotspot\share\prims\jni.cpp, line 520]
Event: 35.960 Thread 0x0000019adeadda90 Exception <a 'sun/nio/fs/WindowsException'{0x00000000eafed960}> (0x00000000eafed960) 
thrown [s\src\hotspot\share\prims\jni.cpp, line 520]
Event: 36.105 Thread 0x0000019adeadda90 Implicit null exception at 0x0000019ad30f6de0 to 0x0000019ad30f6ef4
Event: 36.776 Thread 0x0000019adeadda90 Implicit null exception at 0x0000019ad317fb32 to 0x0000019ad3184e70
Event: 40.423 Thread 0x0000019adeadda90 Exception <a 'sun/nio/fs/WindowsException'{0x00000000eabc2850}> (0x00000000eabc2850) 
thrown [s\src\hotspot\share\prims\jni.cpp, line 520]
Event: 40.438 Thread 0x0000019adeadda90 Exception <a 'sun/nio/fs/WindowsException'{0x00000000eabe29c8}> (0x00000000eabe29c8) 
thrown [s\src\hotspot\share\prims\jni.cpp, line 520]
Event: 40.450 Thread 0x0000019adeadda90 Exception <a 'sun/nio/fs/WindowsException'{0x00000000eabf8fc8}> (0x00000000eabf8fc8) 
thrown [s\src\hotspot\share\prims\jni.cpp, line 520]
Event: 40.696 Thread 0x0000019adeadda90 Exception <a 'sun/nio/fs/WindowsException'{0x00000000eac88d28}> (0x00000000eac88d28) 
thrown [s\src\hotspot\share\prims\jni.cpp, line 520]
Event: 40.959 Thread 0x0000019adeadda90 Exception <a 'sun/nio/fs/WindowsException'{0x00000000eab23880}> (0x00000000eab23880) 
thrown [s\src\hotspot\share\prims\jni.cpp, line 520]
Event: 40.973 Thread 0x0000019adeadda90 Exception <a 'sun/nio/fs/WindowsException'{0x00000000eab39c28}> (0x00000000eab39c28) 
thrown [s\src\hotspot\share\prims\jni.cpp, line 520]
Event: 41.017 Thread 0x0000019adeadda90 Exception <a 'sun/nio/fs/WindowsException'{0x00000000eacb0998}> (0x00000000eacb0998) 
thrown [s\src\hotspot\share\prims\jni.cpp, line 520]
Event: 41.095 Thread 0x0000019adeadda90 Exception <a 'sun/nio/fs/WindowsException'{0x00000000eab52218}> (0x00000000eab52218) 
thrown [s\src\hotspot\share\prims\jni.cpp, line 520]
Event: 41.111 Thread 0x0000019adeadda90 Exception <a 'sun/nio/fs/WindowsException'{0x00000000eabf7410}> (0x00000000eabf7410) 
thrown [s\src\hotspot\share\prims\jni.cpp, line 520]
Event: 41.174 Thread 0x0000019adeadda90 Exception <a 'sun/nio/fs/WindowsException'{0x00000000eab2fd40}> (0x00000000eab2fd40) 
thrown [s\src\hotspot\share\prims\jni.cpp, line 520]
Event: 41.188 Thread 0x0000019adeadda90 Exception <a 'sun/nio/fs/WindowsException'{0x00000000eab5c150}> (0x00000000eab5c150) 
thrown [s\src\hotspot\share\prims\jni.cpp, line 520]
Event: 41.204 Thread 0x0000019adeadda90 Exception <a 'sun/nio/fs/WindowsException'{0x00000000eabf9258}> (0x00000000eabf9258) 
thrown [s\src\hotspot\share\prims\jni.cpp, line 520]
Event: 41.255 Thread 0x0000019adeadda90 Exception <a 'sun/nio/fs/WindowsException'{0x00000000eab0f150}> (0x00000000eab0f150) 
thrown [s\src\hotspot\share\prims\jni.cpp, line 520]
Event: 41.269 Thread 0x0000019adeadda90 Exception <a 'sun/nio/fs/WindowsException'{0x00000000eab24f78}> (0x00000000eab24f78) 
thrown [s\src\hotspot\share\prims\jni.cpp, line 520]
Event: 41.288 Thread 0x0000019adeadda90 Exception <a 'sun/nio/fs/WindowsException'{0x00000000eac6ad80}> (0x00000000eac6ad80) 
thrown [s\src\hotspot\share\prims\jni.cpp, line 520]

ZGC Phase Switch (0 events):
No events

VM Operations (20 events):
Event: 41.142 Executing VM operation: ParallelGCFailedAllocation (Allocation Failure)
Event: 41.144 Executing VM operation: ParallelGCFailedAllocation (Allocation Failure) done
Event: 41.147 Executing VM operation: ParallelGCFailedAllocation (Allocation Failure)
Event: 41.148 Executing VM operation: ParallelGCFailedAllocation (Allocation Failure) done
Event: 41.151 Executing VM operation: ParallelGCFailedAllocation (Allocation Failure)
Event: 41.153 Executing VM operation: ParallelGCFailedAllocation (Allocation Failure) done
Event: 41.159 Executing VM operation: ParallelGCFailedAllocation (Allocation Failure)
Event: 41.161 Executing VM operation: ParallelGCFailedAllocation (Allocation Failure) done
Event: 41.210 Executing VM operation: ParallelGCFailedAllocation (Allocation Failure)
Event: 41.211 Executing VM operation: ParallelGCFailedAllocation (Allocation Failure) done
Event: 41.216 Executing VM operation: ParallelGCFailedAllocation (Allocation Failure)
Event: 41.217 Executing VM operation: ParallelGCFailedAllocation (Allocation Failure) done
Event: 41.221 Executing VM operation: ParallelGCFailedAllocation (Allocation Failure)
Event: 41.222 Executing VM operation: ParallelGCFailedAllocation (Allocation Failure) done
Event: 41.226 Executing VM operation: ParallelGCFailedAllocation (Allocation Failure)
Event: 41.227 Executing VM operation: ParallelGCFailedAllocation (Allocation Failure) done
Event: 41.232 Executing VM operation: ParallelGCFailedAllocation (Allocation Failure)
Event: 41.233 Executing VM operation: ParallelGCFailedAllocation (Allocation Failure) done
Event: 41.240 Executing VM operation: ParallelGCFailedAllocation (Allocation Failure)
Event: 41.241 Executing VM operation: ParallelGCFailedAllocation (Allocation Failure) done

Memory protections (0 events):
No events

Nmethod flushes (20 events):
Event: 27.347 Thread 0x0000019adbf64ba0 flushing  nmethod 0x0000019acb59fa90
Event: 27.347 Thread 0x0000019adbf64ba0 flushing  nmethod 0x0000019acb5a0b10
Event: 27.347 Thread 0x0000019adbf64ba0 flushing  nmethod 0x0000019acb5a0f90
Event: 27.347 Thread 0x0000019adbf64ba0 flushing  nmethod 0x0000019acb5abe10
Event: 27.347 Thread 0x0000019adbf64ba0 flushing  nmethod 0x0000019acb5b6410
Event: 27.347 Thread 0x0000019adbf64ba0 flushing  nmethod 0x0000019acb5d7f10
Event: 27.347 Thread 0x0000019adbf64ba0 flushing  nmethod 0x0000019acb5dcc90
Event: 27.347 Thread 0x0000019adbf64ba0 flushing  nmethod 0x0000019acb5dd390
Event: 27.347 Thread 0x0000019adbf64ba0 flushing  nmethod 0x0000019acb5ddb10
Event: 27.347 Thread 0x0000019adbf64ba0 flushing  nmethod 0x0000019acb5ddf90
Event: 27.347 Thread 0x0000019adbf64ba0 flushing  nmethod 0x0000019acb5e0110
Event: 27.347 Thread 0x0000019adbf64ba0 flushing  nmethod 0x0000019acb5fbb10
Event: 27.347 Thread 0x0000019adbf64ba0 flushing  nmethod 0x0000019acb612710
Event: 27.347 Thread 0x0000019adbf64ba0 flushing  nmethod 0x0000019acb66b390
Event: 27.347 Thread 0x0000019adbf64ba0 flushing  nmethod 0x0000019acb66c590
Event: 27.347 Thread 0x0000019adbf64ba0 flushing  nmethod 0x0000019acb66cc10
Event: 27.347 Thread 0x0000019adbf64ba0 flushing  nmethod 0x0000019acb66d890
Event: 27.347 Thread 0x0000019adbf64ba0 flushing  nmethod 0x0000019acb66e190
Event: 27.347 Thread 0x0000019adbf64ba0 flushing  nmethod 0x0000019acb66e590
Event: 27.347 Thread 0x0000019adbf64ba0 flushing  nmethod 0x0000019acb675d90

Events (20 events):
Event: 31.216 Thread 0x0000019ade8f7d80 Thread exited: 0x0000019ade8f7d80
Event: 31.686 Thread 0x0000019ae4e0f730 Thread exited: 0x0000019ae4e0f730
Event: 31.909 Thread 0x0000019ac7c4a910 Thread added: 0x0000019ae3f8b430
Event: 31.909 Thread 0x0000019ac7c4a910 Thread added: 0x0000019ae3f89fc0
Event: 34.936 Thread 0x0000019ae3f89fc0 Thread exited: 0x0000019ae3f89fc0
Event: 34.936 Thread 0x0000019ae3f8b430 Thread exited: 0x0000019ae3f8b430
Event: 34.996 Thread 0x0000019ae4609d80 Thread added: 0x0000019ae3e91a60
Event: 34.997 Thread 0x0000019ae3e91a60 Thread added: 0x0000019ae3e941c0
Event: 34.997 Thread 0x0000019ae3e941c0 Thread added: 0x0000019ae3e93b30
Event: 35.003 Thread 0x0000019ae460f960 Thread added: 0x0000019ae7a5f8d0
Event: 35.018 Thread 0x0000019ac7c4b450 Thread added: 0x0000019ae7df4020
Event: 35.047 Thread 0x0000019ac7c4b450 Thread added: 0x0000019ae7df3950
Event: 37.839 Thread 0x0000019ae7df3950 Thread exited: 0x0000019ae7df3950
Event: 37.839 Thread 0x0000019ae7df4020 Thread exited: 0x0000019ae7df4020
Event: 39.227 Thread 0x0000019ac7c4b450 Thread added: 0x0000019ade8f76b0
Event: 39.994 Thread 0x0000019ade8f76b0 Thread exited: 0x0000019ade8f76b0
Event: 40.010 Thread 0x0000019ae7a5f8d0 Thread exited: 0x0000019ae7a5f8d0
Event: 40.031 Thread 0x0000019ac7c4a910 Thread added: 0x0000019ae60da460
Event: 40.370 Thread 0x0000019ae60da460 Thread exited: 0x0000019ae60da460
Event: 40.974 Thread 0x0000019ac7c4b450 Thread added: 0x0000019ae53fde90


Dynamic libraries:
0x00007ff7e1e80000 - 0x00007ff7e1e8e000 	c:\Users\Ahmed Yasser\.vscode\extensions\redhat.java-1.41.1-win32-x64\jre\21.0.6-win32-x86_64\bin\java.exe
0x00007ffd35710000 - 0x00007ffd35927000 	C:\WINDOWS\SYSTEM32\ntdll.dll
0x00007ffd338b0000 - 0x00007ffd33974000 	C:\WINDOWS\System32\KERNEL32.DLL
0x00007ffd32ae0000 - 0x00007ffd32eb3000 	C:\WINDOWS\System32\KERNELBASE.dll
0x00007ffd32820000 - 0x00007ffd32931000 	C:\WINDOWS\System32\ucrtbase.dll
0x00007ffd2c670000 - 0x00007ffd2c68e000 	c:\Users\Ahmed Yasser\.vscode\extensions\redhat.java-1.41.1-win32-x64\jre\21.0.6-win32-x86_64\bin\VCRUNTIME140.dll
0x00007ffd2c5f0000 - 0x00007ffd2c608000 	c:\Users\Ahmed Yasser\.vscode\extensions\redhat.java-1.41.1-win32-x64\jre\21.0.6-win32-x86_64\bin\jli.dll
0x00007ffd34c70000 - 0x00007ffd34e21000 	C:\WINDOWS\System32\USER32.dll
0x00007ffd19c70000 - 0x00007ffd19f08000 	C:\WINDOWS\WinSxS\amd64_microsoft.windows.common-controls_6595b64144ccf1df_6.0.22621.5124_none_270e8f4f7386d69d\COMCTL32.dll
0x00007ffd32fe0000 - 0x00007ffd33006000 	C:\WINDOWS\System32\win32u.dll
0x00007ffd34bc0000 - 0x00007ffd34c67000 	C:\WINDOWS\System32\msvcrt.dll
0x00007ffd33ee0000 - 0x00007ffd33f09000 	C:\WINDOWS\System32\GDI32.dll
0x00007ffd32ec0000 - 0x00007ffd32fdb000 	C:\WINDOWS\System32\gdi32full.dll
0x00007ffd331d0000 - 0x00007ffd3326a000 	C:\WINDOWS\System32\msvcp_win.dll
0x00007ffd348b0000 - 0x00007ffd348e1000 	C:\WINDOWS\System32\IMM32.DLL
0x00007ffd2ce80000 - 0x00007ffd2ce8c000 	c:\Users\Ahmed Yasser\.vscode\extensions\redhat.java-1.41.1-win32-x64\jre\21.0.6-win32-x86_64\bin\vcruntime140_1.dll
0x00007ffcfa670000 - 0x00007ffcfa6fd000 	c:\Users\Ahmed Yasser\.vscode\extensions\redhat.java-1.41.1-win32-x64\jre\21.0.6-win32-x86_64\bin\msvcp140.dll
0x00007ffcda0a0000 - 0x00007ffcdae30000 	c:\Users\Ahmed Yasser\.vscode\extensions\redhat.java-1.41.1-win32-x64\jre\21.0.6-win32-x86_64\bin\server\jvm.dll
0x00007ffd33490000 - 0x00007ffd33541000 	C:\WINDOWS\System32\ADVAPI32.dll
0x00007ffd33980000 - 0x00007ffd33a28000 	C:\WINDOWS\System32\sechost.dll
0x00007ffd32940000 - 0x00007ffd32968000 	C:\WINDOWS\System32\bcrypt.dll
0x00007ffd33dc0000 - 0x00007ffd33ed4000 	C:\WINDOWS\System32\RPCRT4.dll
0x00007ffd33830000 - 0x00007ffd338a1000 	C:\WINDOWS\System32\WS2_32.dll
0x00007ffd318b0000 - 0x00007ffd318fd000 	C:\WINDOWS\SYSTEM32\POWRPROF.dll
0x00007ffd2a4c0000 - 0x00007ffd2a4f4000 	C:\WINDOWS\SYSTEM32\WINMM.dll
0x00007ffd28ae0000 - 0x00007ffd28aea000 	C:\WINDOWS\SYSTEM32\VERSION.dll
0x00007ffd31890000 - 0x00007ffd318a3000 	C:\WINDOWS\SYSTEM32\UMPDC.dll
0x00007ffd31900000 - 0x00007ffd31918000 	C:\WINDOWS\SYSTEM32\kernel.appcore.dll
0x00007ffd2c5d0000 - 0x00007ffd2c5da000 	c:\Users\Ahmed Yasser\.vscode\extensions\redhat.java-1.41.1-win32-x64\jre\21.0.6-win32-x86_64\bin\jimage.dll
0x00007ffd2fab0000 - 0x00007ffd2fce2000 	C:\WINDOWS\SYSTEM32\DBGHELP.DLL
0x00007ffd33fa0000 - 0x00007ffd34332000 	C:\WINDOWS\System32\combase.dll
0x00007ffd34a50000 - 0x00007ffd34b27000 	C:\WINDOWS\System32\OLEAUT32.dll
0x00007ffd0cbd0000 - 0x00007ffd0cc02000 	C:\WINDOWS\SYSTEM32\dbgcore.DLL
0x00007ffd33270000 - 0x00007ffd332eb000 	C:\WINDOWS\System32\bcryptPrimitives.dll
0x00007ffd2c5c0000 - 0x00007ffd2c5cf000 	c:\Users\Ahmed Yasser\.vscode\extensions\redhat.java-1.41.1-win32-x64\jre\21.0.6-win32-x86_64\bin\instrument.dll
0x00007ffd2c560000 - 0x00007ffd2c57f000 	c:\Users\Ahmed Yasser\.vscode\extensions\redhat.java-1.41.1-win32-x64\jre\21.0.6-win32-x86_64\bin\java.dll
0x00007ffd34e30000 - 0x00007ffd356c6000 	C:\WINDOWS\System32\SHELL32.dll
0x00007ffd33090000 - 0x00007ffd331cf000 	C:\WINDOWS\System32\wintypes.dll
0x00007ffd306f0000 - 0x00007ffd3100a000 	C:\WINDOWS\SYSTEM32\windows.storage.dll
0x00007ffd33610000 - 0x00007ffd3371a000 	C:\WINDOWS\System32\SHCORE.dll
0x00007ffd33f30000 - 0x00007ffd33f93000 	C:\WINDOWS\System32\shlwapi.dll
0x00007ffd32750000 - 0x00007ffd3277b000 	C:\WINDOWS\SYSTEM32\profapi.dll
0x00007ffd2afb0000 - 0x00007ffd2afc8000 	c:\Users\Ahmed Yasser\.vscode\extensions\redhat.java-1.41.1-win32-x64\jre\21.0.6-win32-x86_64\bin\zip.dll
0x00007ffd1fbf0000 - 0x00007ffd1fc00000 	C:\Users\Ahmed Yasser\.vscode\extensions\redhat.java-1.41.1-win32-x64\jre\21.0.6-win32-x86_64\bin\net.dll
0x00007ffd2d220000 - 0x00007ffd2d34c000 	C:\WINDOWS\SYSTEM32\WINHTTP.dll
0x00007ffd31d80000 - 0x00007ffd31dea000 	C:\WINDOWS\system32\mswsock.dll
0x00007ffd1f970000 - 0x00007ffd1f986000 	C:\Users\Ahmed Yasser\.vscode\extensions\redhat.java-1.41.1-win32-x64\jre\21.0.6-win32-x86_64\bin\nio.dll
0x00007ffd1fbe0000 - 0x00007ffd1fbf0000 	c:\Users\Ahmed Yasser\.vscode\extensions\redhat.java-1.41.1-win32-x64\jre\21.0.6-win32-x86_64\bin\verify.dll
0x00007ffd074b0000 - 0x00007ffd074f5000 	C:\Users\Ahmed Yasser\AppData\Roaming\Code\User\globalStorage\redhat.java\1.41.1\config_win\org.eclipse.equinox.launcher\org.eclipse.equinox.launcher.win32.win32.x86_64_1.2.1300.v20250331-1702\eclipse_11911.dll
0x00007ffd33bf0000 - 0x00007ffd33d91000 	C:\WINDOWS\System32\ole32.dll
0x00007ffd1f790000 - 0x00007ffd1f79a000 	C:\Users\Ahmed Yasser\.vscode\extensions\redhat.java-1.41.1-win32-x64\jre\21.0.6-win32-x86_64\bin\management.dll
0x00007ffd1f780000 - 0x00007ffd1f78b000 	C:\Users\Ahmed Yasser\.vscode\extensions\redhat.java-1.41.1-win32-x64\jre\21.0.6-win32-x86_64\bin\management_ext.dll
0x00007ffd347e0000 - 0x00007ffd347e8000 	C:\WINDOWS\System32\PSAPI.DLL
0x00007ffd31fd0000 - 0x00007ffd31feb000 	C:\WINDOWS\SYSTEM32\CRYPTSP.dll
0x00007ffd317f0000 - 0x00007ffd31827000 	C:\WINDOWS\system32\rsaenh.dll
0x00007ffd31e40000 - 0x00007ffd31e68000 	C:\WINDOWS\SYSTEM32\USERENV.dll
0x00007ffd31fc0000 - 0x00007ffd31fcc000 	C:\WINDOWS\SYSTEM32\CRYPTBASE.dll
0x00007ffd31270000 - 0x00007ffd3129d000 	C:\WINDOWS\SYSTEM32\IPHLPAPI.DLL
0x00007ffd347f0000 - 0x00007ffd347f9000 	C:\WINDOWS\System32\NSI.dll
0x00007ffd056f0000 - 0x00007ffd05739000 	C:\Users\Ahmed Yasser\AppData\Local\Temp\jna--1049511280\jna18050304327001022174.dll
0x00007ffd2d540000 - 0x00007ffd2d559000 	C:\WINDOWS\SYSTEM32\dhcpcsvc6.DLL
0x00007ffd2cf20000 - 0x00007ffd2cf3f000 	C:\WINDOWS\SYSTEM32\dhcpcsvc.DLL
0x00007ffd1ef10000 - 0x00007ffd1ef1e000 	C:\Users\Ahmed Yasser\.vscode\extensions\redhat.java-1.41.1-win32-x64\jre\21.0.6-win32-x86_64\bin\sunmscapi.dll
0x00007ffd32970000 - 0x00007ffd32ad7000 	C:\WINDOWS\System32\CRYPT32.dll
0x00007ffd321b0000 - 0x00007ffd321dd000 	C:\WINDOWS\SYSTEM32\ncrypt.dll
0x00007ffd32170000 - 0x00007ffd321a7000 	C:\WINDOWS\SYSTEM32\NTASN1.dll
0x00007ffd312e0000 - 0x00007ffd313e2000 	C:\WINDOWS\SYSTEM32\DNSAPI.dll
0x00007ffd2d530000 - 0x00007ffd2d53a000 	C:\Windows\System32\rasadhlp.dll
0x00007ffd2a780000 - 0x00007ffd2a803000 	C:\WINDOWS\System32\fwpuclnt.dll
0x00007ffd1c220000 - 0x00007ffd1c229000 	C:\Users\Ahmed Yasser\.vscode\extensions\redhat.java-1.41.1-win32-x64\jre\21.0.6-win32-x86_64\bin\extnet.dll

dbghelp: loaded successfully - version: 4.0.5 - missing functions: none
symbol engine: initialized successfully - sym options: 0x614 - pdb path: .;c:\Users\Ahmed Yasser\.vscode\extensions\redhat.java-1.41.1-win32-x64\jre\21.0.6-win32-x86_64\bin;C:\WINDOWS\SYSTEM32;C:\WINDOWS\WinSxS\amd64_microsoft.windows.common-controls_6595b64144ccf1df_6.0.22621.5124_none_270e8f4f7386d69d;c:\Users\Ahmed Yasser\.vscode\extensions\redhat.java-1.41.1-win32-x64\jre\21.0.6-win32-x86_64\bin\server;C:\Users\Ahmed Yasser\AppData\Roaming\Code\User\globalStorage\redhat.java\1.41.1\config_win\org.eclipse.equinox.launcher\org.eclipse.equinox.launcher.win32.win32.x86_64_1.2.1300.v20250331-1702;C:\Users\Ahmed Yasser\AppData\Local\Temp\jna--1049511280

VM Arguments:
jvm_args: --add-modules=ALL-SYSTEM --add-opens=java.base/java.util=ALL-UNNAMED --add-opens=java.base/java.lang=ALL-UNNAMED --add-opens=java.base/sun.nio.fs=ALL-UNNAMED -Declipse.application=org.eclipse.jdt.ls.core.id1 -Dosgi.bundles.defaultStartLevel=4 -Declipse.product=org.eclipse.jdt.ls.core.product -Djava.import.generatesMetadataFilesAtProjectRoot=false -DDetectVMInstallationsJob.disabled=true -Dfile.encoding=utf8 -XX:+UseParallelGC -XX:GCTimeRatio=4 -XX:AdaptiveSizePolicyWeight=90 -Dsun.zip.disableMemoryMapping=true -Xmx1G -Xms100m -Xlog:disable -javaagent:c:\Users\Ahmed Yasser\.vscode\extensions\redhat.java-1.41.1-win32-x64\lombok\lombok-1.18.36.jar -XX:+HeapDumpOnOutOfMemoryError -XX:HeapDumpPath=c:\Users\Ahmed Yasser\AppData\Roaming\Code\User\workspaceStorage\780e159f67a486168877baa5da4d0682\redhat.java -Daether.dependencyCollector.impl=bf 
java_command: c:\Users\Ahmed Yasser\.vscode\extensions\redhat.java-1.41.1-win32-x64\server\plugins\org.eclipse.equinox.launcher_1.7.0.v20250331-1702.jar -configuration c:\Users\Ahmed Yasser\AppData\Roaming\Code\User\globalStorage\redhat.java\1.41.1\config_win -data c:\Users\Ahmed Yasser\AppData\Roaming\Code\User\workspaceStorage\780e159f67a486168877baa5da4d0682\redhat.java\jdt_ws --pipe=\\.\pipe\lsp-6a5a811fc08fc3e23f053c0c5ab01dc9-sock
java_class_path (initial): c:\Users\Ahmed Yasser\.vscode\extensions\redhat.java-1.41.1-win32-x64\server\plugins\org.eclipse.equinox.launcher_1.7.0.v20250331-1702.jar
Launcher Type: SUN_STANDARD

[Global flags]
    uintx AdaptiveSizePolicyWeight                 = 90                                        {product} {command line}
     intx CICompilerCount                          = 4                                         {product} {ergonomic}
    uintx GCTimeRatio                              = 4                                         {product} {command line}
     bool HeapDumpOnOutOfMemoryError               = true                                   {manageable} {command line}
    ccstr HeapDumpPath                             = c:\Users\Ahmed Yasser\AppData\Roaming\Code\User\workspaceStorage\780e159f67a486168877baa5da4d0682\redhat.java         {manageable} {command line}
   size_t InitialHeapSize                          = 104857600                                 {product} {command line}
   size_t MaxHeapSize                              = 1073741824                                {product} {command line}
   size_t MaxNewSize                               = 357564416                                 {product} {ergonomic}
   size_t MinHeapDeltaBytes                        = 524288                                    {product} {ergonomic}
   size_t MinHeapSize                              = 104857600                                 {product} {command line}
   size_t NewSize                                  = 34603008                                  {product} {ergonomic}
    uintx NonNMethodCodeHeapSize                   = 5839372                                {pd product} {ergonomic}
    uintx NonProfiledCodeHeapSize                  = 122909434                              {pd product} {ergonomic}
   size_t OldSize                                  = 70254592                                  {product} {ergonomic}
    uintx ProfiledCodeHeapSize                     = 122909434                              {pd product} {ergonomic}
    uintx ReservedCodeCacheSize                    = 251658240                              {pd product} {ergonomic}
     bool SegmentedCodeCache                       = true                                      {product} {ergonomic}
   size_t SoftMaxHeapSize                          = 1073741824                             {manageable} {ergonomic}
     bool UseCompressedOops                        = true                           {product lp64_product} {ergonomic}
     bool UseLargePagesIndividualAllocation        = false                                  {pd product} {ergonomic}
     bool UseParallelGC                            = true                                      {product} {command line}

Logging:
Log output configuration:
 #0: stdout all=off uptime,level,tags foldmultilines=false
 #1: stderr all=off uptime,level,tags foldmultilines=false

Environment Variables:
PATH=C:\Program Files (x86)\VMware\VMware Workstation\bin\;C:\Program Files\NVIDIA GPU Computing Toolkit\CUDA\v11.7\bin;C:\Program Files\NVIDIA GPU Computing Toolkit\CUDA\v11.7\libnvvp;C:\Program Files\Java\jdk-17;C:\Program Files\Common Files\Oracle\Java\javapath;C:\Python312\Scripts\;C:\Python312\;C:\Program Files (x86)\Common Files\Oracle\Java\javapath;C:\Program Files\Microsoft MPI\Bin\;C:\Python37-32\Scripts\;C:\Python37-32\;C:\Windows\system32;C:\Windows;C:\Windows\System32\Wbem;C:\Windows\System32\WindowsPowerShell\v1.0\;C:\Windows\System32\OpenSSH\;C:\Program Files (x86)\NVIDIA Corporation\PhysX\Common;C:\Program Files\NVIDIA Corporation\NVIDIA NvDLISR;C:\WINDOWS\system32;C:\WINDOWS;C:\WINDOWS\System32\Wbem;C:\WINDOWS\System32\WindowsPowerShell\v1.0\;C:\WINDOWS\System32\OpenSSH\;C:\Program Files\Git\cmd;C:\Program Files\dotnet\;C:\Program Files (x86)\Microsoft SQL Server\150\DTS\Binn\;C:\Program Files\Azure Data Studio\bin;C:\Program Files (x86)\Microsoft SQL Server\160\Tools\Binn\;C:\Program Files\Microsoft SQL Server\160\Tools\Binn\;C:\Program Files\Microsoft SQL Server\Client SDK\ODBC\170\Tools\Binn\;C:\Program Files\Microsoft SQL Server\160\DTS\Binn\;C:\Program Files (x86)\Microsoft SQL Server\160\DTS\Binn\;C:\Program Files\Microsoft SQL Server\150\Tools\Binn\;C:\ProgramData\chocolatey\bin;C:\Program Files\NVIDIA Corporation\Nsight Compute 2022.2.1\;C:\WINDOWS\system32;C:\WINDOWS;C:\WINDOWS\System32\Wbem;C:\WINDOWS\System32\WindowsPowerShell\v1.0\;C:\WINDOWS\System32\OpenSSH\;C:\Program Files\CMake\bin;D:\dartsdk-windows-x64-release\dart-sdk\bin;C:\Program Files\nodejs\;C:\Users\Ahmed Yasser\AppData\Local\Pub\Cache\bin;C:\Program Files\Amazon\AWSCLIV2\;C:\Users\Ahmed Yasser\Dropbox\PC\Downloads\apache-maven-3.8.8-bin\apache-maven-3.8.8\bin;;C:\Program Files\Docker\Docker\resources\bin;C:\Users\Ahmed Yasser\AppData\Local\Programs\Python\Python310\Scripts\;C:\Users\Ahmed Yasser\AppData\Local\Programs\Python\Python310\;C:\Users\Ahmed Yasser\AppData\Local\Microsoft\WindowsApps;D:\Microsoft VS Code\bin;C:\Users\Ahmed Yasser\.dotnet\tools;C:\Program Files\Azure Data Studio\bin;C:\MinGW\bin;C:\Program Files\CMake\bin;C:\Users\Ahmed Yasser\AppData\Local\JetBrains\PyCharm Community Edition 2022.2.2\bin;;C:\development\flutter\bin;D:\dartsdk-windows-x64-release\dart-sdk\bin;C:\Users\Ahmed Yasser\AppData\Roaming\npm;C:\Users\Ahmed Yasser\AppData\Local\Pub\Cache\bin;C:\Program Files\Java\jdk-22\bin;C:\ProgramData\chocolatey\lib\terraform\tools;C:\Program Files (x86)\Nmap;C:\Program Files\JetBrains\IntelliJ IDEA Community Edition 2024.3.3\bin;
USERNAME=Ahmed Yasser
OS=Windows_NT
PROCESSOR_IDENTIFIER=Intel64 Family 6 Model 165 Stepping 2, GenuineIntel
TMP=C:\Users\AHMEDY~1\AppData\Local\Temp
TEMP=C:\Users\AHMEDY~1\AppData\Local\Temp




Periodic native trim disabled

---------------  S Y S T E M  ---------------

OS:
 Windows 11 , 64 bit Build 22621 (10.0.22621.5124)
OS uptime: 0 days 3:48 hours
Hyper-V role detected

CPU: total 12 (initial active 12) (6 cores per cpu, 2 threads per core) family 6 model 165 stepping 2 microcode 0xe2, cx8, cmov, fxsr, ht, mmx, 3dnowpref, sse, sse2, sse3, ssse3, sse4.1, sse4.2, popcnt, lzcnt, tsc, tscinvbit, avx, avx2, aes, erms, clmul, bmi1, bmi2, adx, fma, vzeroupper, clflush, clflushopt, hv, rdtscp, f16c
Processor Information for the first 12 processors :
  Max Mhz: 2592, Current Mhz: 2592, Mhz Limit: 2592

Memory: 4k page, system-wide physical 16215M (1722M free)
TotalPageFile size 18263M (AvailPageFile size 5M)
current process WorkingSet (physical memory assigned to process): 824M, peak: 828M
current process commit charge ("private bytes"): 759M, peak: 761M

vm_info: OpenJDK 64-Bit Server VM (21.0.6+7-LTS) for windows-amd64 JRE (21.0.6+7-LTS), built on 2025-01-21T00:00:00Z by "admin" with MS VC++ 17.7 (VS2022)

END.
