#
# There is insufficient memory for the Java Runtime Environment to continue.
# Native memory allocation (malloc) failed to allocate 1241696 bytes. Error detail: Chunk::new
# Possible reasons:
#   The system is out of physical RAM or swap space
#   This process is running with CompressedOops enabled, and the Java Heap may be blocking the growth of the native heap
# Possible solutions:
#   Reduce memory load on the system
#   Increase physical memory or swap space
#   Check if swap backing store is full
#   Decrease Java heap size (-Xmx/-Xms)
#   Decrease number of Java threads
#   Decrease Java thread stack sizes (-Xss)
#   Set larger code cache with -XX:ReservedCodeCacheSize=
#   JVM is running with Unscaled Compressed Oops mode in which the Java heap is
#     placed in the first 4GB address space. The Java Heap base address is the
#     maximum limit for the native heap growth. Please use -XX:HeapBaseMinAddress
#     to set the Java Heap base and to place the Java Heap above 4GB virtual address.
# This output file may be truncated or incomplete.
#
#  Out of Memory Error (arena.cpp:168), pid=11140, tid=9732
#
# JRE version: OpenJDK Runtime Environment Temurin-21.0.6+7 (21.0.6+7) (build 21.0.6+7-LTS)
# Java VM: OpenJDK 64-Bit Server VM Temurin-21.0.6+7 (21.0.6+7-LTS, mixed mode, sharing, tiered, compressed oops, compressed class ptrs, parallel gc, windows-amd64)
# No core dump will be written. Minidumps are not enabled by default on client versions of Windows
#

---------------  S U M M A R Y ------------

Command Line: --add-modules=ALL-SYSTEM --add-opens=java.base/java.util=ALL-UNNAMED --add-opens=java.base/java.lang=ALL-UNNAMED --add-opens=java.base/sun.nio.fs=ALL-UNNAMED -Declipse.application=org.eclipse.jdt.ls.core.id1 -Dosgi.bundles.defaultStartLevel=4 -Declipse.product=org.eclipse.jdt.ls.core.product -Djava.import.generatesMetadataFilesAtProjectRoot=false -DDetectVMInstallationsJob.disabled=true -Dfile.encoding=utf8 -XX:+UseParallelGC -XX:GCTimeRatio=4 -XX:AdaptiveSizePolicyWeight=90 -Dsun.zip.disableMemoryMapping=true -Xmx1G -Xms100m -Xlog:disable -javaagent:c:\Users\Ahmed Yasser\.vscode\extensions\redhat.java-1.41.1-win32-x64\lombok\lombok-1.18.36.jar -XX:+HeapDumpOnOutOfMemoryError -XX:HeapDumpPath=c:\Users\Ahmed Yasser\AppData\Roaming\Code\User\workspaceStorage\780e159f67a486168877baa5da4d0682\redhat.java -Daether.dependencyCollector.impl=bf c:\Users\Ahmed Yasser\.vscode\extensions\redhat.java-1.41.1-win32-x64\server\plugins\org.eclipse.equinox.launcher_1.7.0.v20250331-1702.jar -configuration c:\Users\Ahmed Yasser\AppData\Roaming\Code\User\globalStorage\redhat.java\1.41.1\config_win -data c:\Users\Ahmed Yasser\AppData\Roaming\Code\User\workspaceStorage\780e159f67a486168877baa5da4d0682\redhat.java\jdt_ws --pipe=\\.\pipe\lsp-c349de4d59b9b4efa8b05ce6ed82af31-sock

Host: Intel(R) Core(TM) i7-10750H CPU @ 2.60GHz, 12 cores, 15G,  Windows 11 , 64 bit Build 22621 (10.0.22621.5124)
Time: Sat Apr 26 17:39:42 2025 Egypt Daylight Time elapsed time: 11.973422 seconds (0d 0h 0m 11s)

---------------  T H R E A D  ---------------

Current thread (0x000001f677ada6b0):  JavaThread "C2 CompilerThread2" daemon [_thread_in_native, id=9732, stack(0x00000003d3d00000,0x00000003d3e00000) (1024K)]


Current CompileTask:
C2:11973 11740       4       org.eclipse.jdt.internal.core.search.indexing.BinaryIndexer::extractReferenceFromConstantPool (358 bytes)

Stack: [0x00000003d3d00000,0x00000003d3e00000]
Native frames: (J=compiled Java code, j=interpreted, Vv=VM code, C=native code)
V  [jvm.dll+0x6cdee9]
V  [jvm.dll+0x8a83d1]
V  [jvm.dll+0x8aa8fe]
V  [jvm.dll+0x8aafe3]
V  [jvm.dll+0x27f706]
V  [jvm.dll+0xc500d]
V  [jvm.dll+0xc5543]
V  [jvm.dll+0x3b678c]
V  [jvm.dll+0x1e0009]
V  [jvm.dll+0x247b42]
V  [jvm.dll+0x246fcf]
V  [jvm.dll+0x1c75ee]
V  [jvm.dll+0x25685a]
V  [jvm.dll+0x254dfa]
V  [jvm.dll+0x3f0256]
V  [jvm.dll+0x851f8b]
V  [jvm.dll+0x6cc5ed]
C  [ucrtbase.dll+0x29333]
C  [KERNEL32.DLL+0x1259d]
C  [ntdll.dll+0x5af38]


---------------  P R O C E S S  ---------------

Threads class SMR info:
_java_thread_list=0x000001f60a018090, length=78, elements={
0x000001f620eb4720, 0x000001f620f593c0, 0x000001f63529c6a0, 0x000001f63529e840,
0x000001f620f5a360, 0x000001f620f60460, 0x000001f620f60eb0, 0x000001f620f6e2b0,
0x000001f6777b4ed0, 0x000001f620f22f50, 0x000001f677a52ed0, 0x000001f677ada6b0,
0x000001f678797900, 0x000001f67888b980, 0x000001f67d296e40, 0x000001f67d09b0b0,
0x000001f67d051fe0, 0x000001f67d6dc910, 0x000001f67d90aef0, 0x000001f678b43d60,
0x000001f678b42320, 0x000001f678b44a80, 0x000001f678b429b0, 0x000001f678b45110,
0x000001f678b43040, 0x000001f678b436d0, 0x000001f678b443f0, 0x000001f678b457a0,
0x000001f67f23ce80, 0x000001f67f23c7f0, 0x000001f67f23ef50, 0x000001f67f23d510,
0x000001f67f23dba0, 0x000001f67f23adb0, 0x000001f67f238ce0, 0x000001f67f23e230,
0x000001f67f239a00, 0x000001f67f239370, 0x000001f67f23e8c0, 0x000001f67f23b440,
0x000001f67f23f5e0, 0x000001f67f23a090, 0x000001f67f240300, 0x000001f67f23a720,
0x000001f67f23bad0, 0x000001f67f23c160, 0x000001f67f23fc70, 0x000001f60191a6d0,
0x000001f601917f70, 0x000001f601916530, 0x000001f60191c110, 0x000001f6019178e0,
0x000001f601919320, 0x000001f6019199b0, 0x000001f60191a040, 0x000001f601918600,
0x000001f601916bc0, 0x000001f60191ad60, 0x000001f60191c7a0, 0x000001f601918c90,
0x000001f60191b3f0, 0x000001f60191ba80, 0x000001f60191ce30, 0x000001f601915ea0,
0x000001f60191d4c0, 0x000001f601917250, 0x000001f6098dae50, 0x000001f6098d6620,
0x000001f6098d5f90, 0x000001f6098da130, 0x000001f6098dd5b0, 0x000001f6098d8d80,
0x000001f6098dbb70, 0x000001f6098db4e0, 0x000001f6098d9410, 0x000001f6098da7c0,
0x000001f6098dc200, 0x000001f6098d6cb0
}

Java Threads: ( => current thread )
  0x000001f620eb4720 JavaThread "main"                              [_thread_blocked, id=11004, stack(0x00000003d2f00000,0x00000003d3000000) (1024K)]
  0x000001f620f593c0 JavaThread "Reference Handler"          daemon [_thread_blocked, id=19064, stack(0x00000003d3300000,0x00000003d3400000) (1024K)]
  0x000001f63529c6a0 JavaThread "Finalizer"                  daemon [_thread_blocked, id=24212, stack(0x00000003d3400000,0x00000003d3500000) (1024K)]
  0x000001f63529e840 JavaThread "Signal Dispatcher"          daemon [_thread_blocked, id=11640, stack(0x00000003d3500000,0x00000003d3600000) (1024K)]
  0x000001f620f5a360 JavaThread "Attach Listener"            daemon [_thread_blocked, id=25336, stack(0x00000003d3600000,0x00000003d3700000) (1024K)]
  0x000001f620f60460 JavaThread "Service Thread"             daemon [_thread_blocked, id=5008, stack(0x00000003d3700000,0x00000003d3800000) (1024K)]
  0x000001f620f60eb0 JavaThread "Monitor Deflation Thread"   daemon [_thread_blocked, id=9048, stack(0x00000003d3800000,0x00000003d3900000) (1024K)]
  0x000001f620f6e2b0 JavaThread "C2 CompilerThread0"         daemon [_thread_in_native, id=10948, stack(0x00000003d3900000,0x00000003d3a00000) (1024K)]
  0x000001f6777b4ed0 JavaThread "C1 CompilerThread0"         daemon [_thread_blocked, id=6076, stack(0x00000003d3a00000,0x00000003d3b00000) (1024K)]
  0x000001f620f22f50 JavaThread "Common-Cleaner"             daemon [_thread_blocked, id=332, stack(0x00000003d3b00000,0x00000003d3c00000) (1024K)]
  0x000001f677a52ed0 JavaThread "C2 CompilerThread1"         daemon [_thread_in_native, id=20108, stack(0x00000003d3c00000,0x00000003d3d00000) (1024K)]
=>0x000001f677ada6b0 JavaThread "C2 CompilerThread2"         daemon [_thread_in_native, id=9732, stack(0x00000003d3d00000,0x00000003d3e00000) (1024K)]
  0x000001f678797900 JavaThread "Notification Thread"        daemon [_thread_blocked, id=7584, stack(0x00000003d3e00000,0x00000003d3f00000) (1024K)]
  0x000001f67888b980 JavaThread "Active Thread: Equinox Container: 75ea939a-c0f7-481d-b523-483b700a76ff"        [_thread_blocked, id=18592, stack(0x00000003d4500000,0x00000003d4600000) (1024K)]
  0x000001f67d296e40 JavaThread "Refresh Thread: Equinox Container: 75ea939a-c0f7-481d-b523-483b700a76ff" daemon [_thread_blocked, id=1776, stack(0x00000003d4600000,0x00000003d4700000) (1024K)]
  0x000001f67d09b0b0 JavaThread "Framework Event Dispatcher: Equinox Container: 75ea939a-c0f7-481d-b523-483b700a76ff" daemon [_thread_blocked, id=17232, stack(0x00000003d4800000,0x00000003d4900000) (1024K)]
  0x000001f67d051fe0 JavaThread "Start Level: Equinox Container: 75ea939a-c0f7-481d-b523-483b700a76ff" daemon [_thread_blocked, id=9788, stack(0x00000003d4900000,0x00000003d4a00000) (1024K)]
  0x000001f67d6dc910 JavaThread "Bundle File Closer"         daemon [_thread_blocked, id=352, stack(0x00000003d4a00000,0x00000003d4b00000) (1024K)]
  0x000001f67d90aef0 JavaThread "SCR Component Actor"        daemon [_thread_blocked, id=8620, stack(0x00000003d4d00000,0x00000003d4e00000) (1024K)]
  0x000001f678b43d60 JavaThread "Worker-JM"                         [_thread_blocked, id=23888, stack(0x00000003d4f00000,0x00000003d5000000) (1024K)]
  0x000001f678b42320 JavaThread "JNA Cleaner"                daemon [_thread_blocked, id=2852, stack(0x00000003d5000000,0x00000003d5100000) (1024K)]
  0x000001f678b44a80 JavaThread "Worker-0"                          [_thread_blocked, id=13564, stack(0x00000003d5100000,0x00000003d5200000) (1024K)]
  0x000001f678b429b0 JavaThread "Worker-1"                          [_thread_blocked, id=23520, stack(0x00000003d5200000,0x00000003d5300000) (1024K)]
  0x000001f678b45110 JavaThread "Worker-2"                          [_thread_blocked, id=9736, stack(0x00000003d5300000,0x00000003d5400000) (1024K)]
  0x000001f678b43040 JavaThread "Java indexing"              daemon [_thread_in_native, id=23108, stack(0x00000003d5400000,0x00000003d5500000) (1024K)]
  0x000001f678b436d0 JavaThread "Worker-3: Initialize Workspace"        [_thread_blocked, id=20776, stack(0x00000003d5500000,0x00000003d5600000) (1024K)]
  0x000001f678b443f0 JavaThread "Worker-4"                          [_thread_blocked, id=26616, stack(0x00000003d5600000,0x00000003d5700000) (1024K)]
  0x000001f678b457a0 JavaThread "Worker-5: Initialize workspace"        [_thread_blocked, id=14184, stack(0x00000003d5700000,0x00000003d5800000) (1024K)]
  0x000001f67f23ce80 JavaThread "Thread-2"                   daemon [_thread_in_native, id=9716, stack(0x00000003d5800000,0x00000003d5900000) (1024K)]
  0x000001f67f23c7f0 JavaThread "Thread-3"                   daemon [_thread_in_native, id=14424, stack(0x00000003d5900000,0x00000003d5a00000) (1024K)]
  0x000001f67f23ef50 JavaThread "Thread-4"                   daemon [_thread_in_native, id=4716, stack(0x00000003d5a00000,0x00000003d5b00000) (1024K)]
  0x000001f67f23d510 JavaThread "Thread-5"                   daemon [_thread_in_native, id=23380, stack(0x00000003d5b00000,0x00000003d5c00000) (1024K)]
  0x000001f67f23dba0 JavaThread "Thread-6"                   daemon [_thread_in_native, id=10060, stack(0x00000003d5c00000,0x00000003d5d00000) (1024K)]
  0x000001f67f23adb0 JavaThread "Thread-7"                   daemon [_thread_in_native, id=22080, stack(0x00000003d5d00000,0x00000003d5e00000) (1024K)]
  0x000001f67f238ce0 JavaThread "Thread-8"                   daemon [_thread_in_native, id=19924, stack(0x00000003d5e00000,0x00000003d5f00000) (1024K)]
  0x000001f67f23e230 JavaThread "Thread-9"                   daemon [_thread_in_native, id=22600, stack(0x00000003d5f00000,0x00000003d6000000) (1024K)]
  0x000001f67f239a00 JavaThread "Thread-10"                  daemon [_thread_in_native, id=17740, stack(0x00000003d6000000,0x00000003d6100000) (1024K)]
  0x000001f67f239370 JavaThread "Thread-11"                  daemon [_thread_in_native, id=21744, stack(0x00000003d6100000,0x00000003d6200000) (1024K)]
  0x000001f67f23e8c0 JavaThread "Thread-12"                  daemon [_thread_in_native, id=24456, stack(0x00000003d6200000,0x00000003d6300000) (1024K)]
  0x000001f67f23b440 JavaThread "Thread-13"                  daemon [_thread_in_native, id=10768, stack(0x00000003d6300000,0x00000003d6400000) (1024K)]
  0x000001f67f23f5e0 JavaThread "Thread-14"                  daemon [_thread_in_native, id=22924, stack(0x00000003d6400000,0x00000003d6500000) (1024K)]
  0x000001f67f23a090 JavaThread "pool-2-thread-1"                   [_thread_blocked, id=21600, stack(0x00000003d6500000,0x00000003d6600000) (1024K)]
  0x000001f67f240300 JavaThread "Worker-6: Java indexing... "        [_thread_blocked, id=26368, stack(0x00000003d6600000,0x00000003d6700000) (1024K)]
  0x000001f67f23a720 JavaThread "WorkspaceEventsHandler"            [_thread_blocked, id=12232, stack(0x00000003d6700000,0x00000003d6800000) (1024K)]
  0x000001f67f23bad0 JavaThread "pool-1-thread-1"                   [_thread_blocked, id=13980, stack(0x00000003d6800000,0x00000003d6900000) (1024K)]
  0x000001f67f23c160 JavaThread "LocalFile Deleter"          daemon [_thread_blocked, id=5036, stack(0x00000003d6900000,0x00000003d6a00000) (1024K)]
  0x000001f67f23fc70 JavaThread "LocalFile Deleter"          daemon [_thread_blocked, id=16376, stack(0x00000003d6a00000,0x00000003d6b00000) (1024K)]
  0x000001f60191a6d0 JavaThread "LocalFile Deleter"          daemon [_thread_blocked, id=25276, stack(0x00000003d6b00000,0x00000003d6c00000) (1024K)]
  0x000001f601917f70 JavaThread "LocalFile Deleter"          daemon [_thread_blocked, id=19552, stack(0x00000003d6c00000,0x00000003d6d00000) (1024K)]
  0x000001f601916530 JavaThread "LocalFile Deleter"          daemon [_thread_blocked, id=23048, stack(0x00000003d6d00000,0x00000003d6e00000) (1024K)]
  0x000001f60191c110 JavaThread "LocalFile Deleter"          daemon [_thread_blocked, id=10796, stack(0x00000003d6e00000,0x00000003d6f00000) (1024K)]
  0x000001f6019178e0 JavaThread "LocalFile Deleter"          daemon [_thread_blocked, id=9656, stack(0x00000003d6f00000,0x00000003d7000000) (1024K)]
  0x000001f601919320 JavaThread "LocalFile Deleter"          daemon [_thread_blocked, id=18032, stack(0x00000003d7000000,0x00000003d7100000) (1024K)]
  0x000001f6019199b0 JavaThread "LocalFile Deleter"          daemon [_thread_blocked, id=12264, stack(0x00000003d7100000,0x00000003d7200000) (1024K)]
  0x000001f60191a040 JavaThread "LocalFile Deleter"          daemon [_thread_blocked, id=832, stack(0x00000003d7200000,0x00000003d7300000) (1024K)]
  0x000001f601918600 JavaThread "LocalFile Deleter"          daemon [_thread_blocked, id=23804, stack(0x00000003d7300000,0x00000003d7400000) (1024K)]
  0x000001f601916bc0 JavaThread "LocalFile Deleter"          daemon [_thread_blocked, id=21596, stack(0x00000003d7400000,0x00000003d7500000) (1024K)]
  0x000001f60191ad60 JavaThread "Compiler Source File Reader" daemon [_thread_blocked, id=23312, stack(0x00000003d7500000,0x00000003d7600000) (1024K)]
  0x000001f60191c7a0 JavaThread "Compiler Source File Reader" daemon [_thread_blocked, id=20652, stack(0x00000003d7600000,0x00000003d7700000) (1024K)]
  0x000001f601918c90 JavaThread "Compiler Source File Reader" daemon [_thread_blocked, id=22624, stack(0x00000003d7700000,0x00000003d7800000) (1024K)]
  0x000001f60191b3f0 JavaThread "Compiler Source File Reader" daemon [_thread_blocked, id=23756, stack(0x00000003d7800000,0x00000003d7900000) (1024K)]
  0x000001f60191ba80 JavaThread "Compiler Source File Reader" daemon [_thread_blocked, id=12152, stack(0x00000003d7900000,0x00000003d7a00000) (1024K)]
  0x000001f60191ce30 JavaThread "Compiler Source File Reader" daemon [_thread_blocked, id=19512, stack(0x00000003d7a00000,0x00000003d7b00000) (1024K)]
  0x000001f601915ea0 JavaThread "Compiler Source File Reader" daemon [_thread_blocked, id=21168, stack(0x00000003d7b00000,0x00000003d7c00000) (1024K)]
  0x000001f60191d4c0 JavaThread "Compiler Source File Reader" daemon [_thread_blocked, id=15368, stack(0x00000003d7c00000,0x00000003d7d00000) (1024K)]
  0x000001f601917250 JavaThread "Compiler Source File Reader" daemon [_thread_blocked, id=17932, stack(0x00000003d7d00000,0x00000003d7e00000) (1024K)]
  0x000001f6098dae50 JavaThread "Compiler Source File Reader" daemon [_thread_blocked, id=24116, stack(0x00000003d7e00000,0x00000003d7f00000) (1024K)]
  0x000001f6098d6620 JavaThread "Compiler Processing Task"   daemon [_thread_blocked, id=10196, stack(0x00000003d7f00000,0x00000003d8000000) (1024K)]
  0x000001f6098d5f90 JavaThread "Compiler Class File Writer" daemon [_thread_blocked, id=22076, stack(0x00000003d8000000,0x00000003d8100000) (1024K)]
  0x000001f6098da130 JavaThread "Compiler Class File Writer" daemon [_thread_blocked, id=23516, stack(0x00000003d8100000,0x00000003d8200000) (1024K)]
  0x000001f6098dd5b0 JavaThread "Compiler Class File Writer" daemon [_thread_blocked, id=11688, stack(0x00000003d8200000,0x00000003d8300000) (1024K)]
  0x000001f6098d8d80 JavaThread "Compiler Class File Writer" daemon [_thread_blocked, id=14160, stack(0x00000003d8300000,0x00000003d8400000) (1024K)]
  0x000001f6098dbb70 JavaThread "Compiler Class File Writer" daemon [_thread_blocked, id=12484, stack(0x00000003d8400000,0x00000003d8500000) (1024K)]
  0x000001f6098db4e0 JavaThread "Compiler Class File Writer" daemon [_thread_blocked, id=8576, stack(0x00000003d8500000,0x00000003d8600000) (1024K)]
  0x000001f6098d9410 JavaThread "Compiler Class File Writer" daemon [_thread_blocked, id=12644, stack(0x00000003d8600000,0x00000003d8700000) (1024K)]
  0x000001f6098da7c0 JavaThread "Compiler Class File Writer" daemon [_thread_blocked, id=19460, stack(0x00000003d8700000,0x00000003d8800000) (1024K)]
  0x000001f6098dc200 JavaThread "Compiler Class File Writer" daemon [_thread_blocked, id=21920, stack(0x00000003d8800000,0x00000003d8900000) (1024K)]
  0x000001f6098d6cb0 JavaThread "Compiler Class File Writer" daemon [_thread_blocked, id=24956, stack(0x00000003d8900000,0x00000003d8a00000) (1024K)]
Total: 78

Other Threads:
  0x000001f635286980 VMThread "VM Thread"                           [id=22420, stack(0x00000003d3200000,0x00000003d3300000) (1024K)]
  0x000001f63517ca10 WatcherThread "VM Periodic Task Thread"        [id=18644, stack(0x00000003d3100000,0x00000003d3200000) (1024K)]
  0x000001f620ed1a50 WorkerThread "GC Thread#0"                     [id=944, stack(0x00000003d3000000,0x00000003d3100000) (1024K)]
  0x000001f67d175e50 WorkerThread "GC Thread#1"                     [id=16304, stack(0x00000003d3f00000,0x00000003d4000000) (1024K)]
  0x000001f678b61dc0 WorkerThread "GC Thread#2"                     [id=14176, stack(0x00000003d4000000,0x00000003d4100000) (1024K)]
  0x000001f67d1761f0 WorkerThread "GC Thread#3"                     [id=4552, stack(0x00000003d4100000,0x00000003d4200000) (1024K)]
  0x000001f67d176590 WorkerThread "GC Thread#4"                     [id=12108, stack(0x00000003d4200000,0x00000003d4300000) (1024K)]
  0x000001f678c91aa0 WorkerThread "GC Thread#5"                     [id=21944, stack(0x00000003d4300000,0x00000003d4400000) (1024K)]
  0x000001f6788700b0 WorkerThread "GC Thread#6"                     [id=18576, stack(0x00000003d4400000,0x00000003d4500000) (1024K)]
  0x000001f67886f970 WorkerThread "GC Thread#7"                     [id=25120, stack(0x00000003d4700000,0x00000003d4800000) (1024K)]
  0x000001f678870b90 WorkerThread "GC Thread#8"                     [id=26148, stack(0x00000003d4b00000,0x00000003d4c00000) (1024K)]
  0x000001f678870f30 WorkerThread "GC Thread#9"                     [id=21932, stack(0x00000003d4c00000,0x00000003d4d00000) (1024K)]
Total: 12

Threads with active compile tasks:
C2 CompilerThread0  11997 11738 % !   4       org.eclipse.jdt.internal.compiler.classfmt.ClassFileReader::<init> @ 81 (2135 bytes)
C2 CompilerThread1  11998 11731   !   4       org.eclipse.jdt.internal.core.search.indexing.BinaryIndexer::indexDocument (1204 bytes)
C2 CompilerThread2  11998 11740       4       org.eclipse.jdt.internal.core.search.indexing.BinaryIndexer::extractReferenceFromConstantPool (358 bytes)
Total: 3

VM state: not at safepoint (normal execution)

VM Mutex/Monitor currently owned by a thread: None

Heap address: 0x00000000c0000000, size: 1024 MB, Compressed Oops mode: 32-bit

CDS archive(s) mapped at: [0x000001f636000000-0x000001f636ba0000-0x000001f636ba0000), size 12189696, SharedBaseAddress: 0x000001f636000000, ArchiveRelocationMode: 1.
Compressed class space mapped at: 0x000001f637000000-0x000001f677000000, reserved size: 1073741824
Narrow klass base: 0x000001f636000000, Narrow klass shift: 0, Narrow klass range: 0x100000000

GC Precious Log:
 CardTable entry size: 512
 CPUs: 12 total, 12 available
 Memory: 16215M
 Large Page Support: Disabled
 NUMA Support: Disabled
 Compressed Oops: Enabled (32-bit)
 Alignments: Space 512K, Generation 512K, Heap 2M
 Heap Min Capacity: 100M
 Heap Initial Capacity: 100M
 Heap Max Capacity: 1G
 Pre-touch: Disabled
 Parallel Workers: 10

Heap:
 PSYoungGen      total 6144K, used 5009K [0x00000000eab00000, 0x00000000eb200000, 0x0000000100000000)
  eden space 5120K, 85% used [0x00000000eab00000,0x00000000eaf444d8,0x00000000eb000000)
  from space 1024K, 62% used [0x00000000eb000000,0x00000000eb0a0000,0x00000000eb100000)
  to   space 1024K, 0% used [0x00000000eb100000,0x00000000eb100000,0x00000000eb200000)
 ParOldGen       total 355840K, used 355586K [0x00000000c0000000, 0x00000000d5b80000, 0x00000000eab00000)
  object space 355840K, 99% used [0x00000000c0000000,0x00000000d5b409c8,0x00000000d5b80000)
 Metaspace       used 62807K, committed 64256K, reserved 1114112K
  class space    used 6463K, committed 7104K, reserved 1048576K

Card table byte_map: [0x000001f620850000,0x000001f620a60000] _byte_map_base: 0x000001f620250000

Marking Bits: (ParMarkBitMap*) 0x00007ffcdad53260
 Begin Bits: [0x000001f6330a0000, 0x000001f6340a0000)
 End Bits:   [0x000001f6340a0000, 0x000001f6350a0000)

Polling page: 0x000001f61ee90000

Metaspace:

Usage:
  Non-class:     55.02 MB used.
      Class:      6.31 MB used.
       Both:     61.34 MB used.

Virtual space:
  Non-class space:       64.00 MB reserved,      55.81 MB ( 87%) committed,  1 nodes.
      Class space:        1.00 GB reserved,       6.94 MB ( <1%) committed,  1 nodes.
             Both:        1.06 GB reserved,      62.75 MB (  6%) committed. 

Chunk freelists:
   Non-Class:  7.62 MB
       Class:  9.05 MB
        Both:  16.68 MB

MaxMetaspaceSize: unlimited
CompressedClassSpaceSize: 1.00 GB
Initial GC threshold: 21.00 MB
Current GC threshold: 102.81 MB
CDS: on
 - commit_granule_bytes: 65536.
 - commit_granule_words: 8192.
 - virtual_space_node_default_size: 8388608.
 - enlarge_chunks_in_place: 1.
 - use_allocation_guard: 0.


Internal statistics:

num_allocs_failed_limit: 9.
num_arena_births: 1226.
num_arena_deaths: 22.
num_vsnodes_births: 2.
num_vsnodes_deaths: 0.
num_space_committed: 1004.
num_space_uncommitted: 0.
num_chunks_returned_to_freelist: 35.
num_chunks_taken_from_freelist: 4174.
num_chunk_merges: 16.
num_chunk_splits: 2579.
num_chunks_enlarged: 1472.
num_inconsistent_stats: 0.

CodeHeap 'non-profiled nmethods': size=120000Kb used=6782Kb max_used=6782Kb free=113217Kb
 bounds [0x000001f62bb70000, 0x000001f62c220000, 0x000001f6330a0000]
CodeHeap 'profiled nmethods': size=120000Kb used=19559Kb max_used=22711Kb free=100441Kb
 bounds [0x000001f6240a0000, 0x000001f6256d0000, 0x000001f62b5d0000]
CodeHeap 'non-nmethods': size=5760Kb used=1424Kb max_used=1530Kb free=4335Kb
 bounds [0x000001f62b5d0000, 0x000001f62b840000, 0x000001f62bb70000]
 total_blobs=10401 nmethods=9663 adapters=644
 compilation: enabled
              stopped_count=0, restarted_count=0
 full_count=0

Compilation events (20 events):
Event: 11.692 Thread 0x000001f620f6e2b0 nmethod 11736 0x000001f62bd7fe10 code [0x000001f62bd800c0, 0x000001f62bd81330]
Event: 11.692 Thread 0x000001f620f6e2b0 11738 % !   4       org.eclipse.jdt.internal.compiler.classfmt.ClassFileReader::<init> @ 81 (2135 bytes)
Event: 11.712 Thread 0x000001f677ada6b0 nmethod 11641% 0x000001f62c20a090 code [0x000001f62c20aaa0, 0x000001f62c214c28]
Event: 11.715 Thread 0x000001f677ada6b0 11739       4       org.eclipse.jdt.internal.core.search.indexing.BinaryIndexer::addBinaryAnnotation (87 bytes)
Event: 11.729 Thread 0x000001f6777b4ed0 11742       3       org.eclipse.jdt.internal.compiler.impl.IntConstant::fromValue (213 bytes)
Event: 11.729 Thread 0x000001f6777b4ed0 nmethod 11742 0x000001f624464b90 code [0x000001f624464de0, 0x000001f624465538]
Event: 11.749 Thread 0x000001f6777b4ed0 11743       3       org.eclipse.jdt.internal.compiler.classfmt.AnnotationMethodInfo::createAnnotationMethod (575 bytes)
Event: 11.751 Thread 0x000001f6777b4ed0 nmethod 11743 0x000001f624168e90 code [0x000001f624169300, 0x000001f62416b6b8]
Event: 11.766 Thread 0x000001f6777b4ed0 11744   !   3       org.eclipse.jdt.internal.core.index.DiskIndex::mergeWith (623 bytes)
Event: 11.770 Thread 0x000001f6777b4ed0 nmethod 11744 0x000001f624b03d10 code [0x000001f624b04580, 0x000001f624b089a0]
Event: 11.791 Thread 0x000001f677ada6b0 nmethod 11739 0x000001f62c219190 code [0x000001f62c219580, 0x000001f62c21c540]
Event: 11.792 Thread 0x000001f677ada6b0 11740       4       org.eclipse.jdt.internal.core.search.indexing.BinaryIndexer::extractReferenceFromConstantPool (358 bytes)
Event: 11.828 Thread 0x000001f6777b4ed0 11745       1       org.eclipse.core.runtime.jobs.Job::shouldRun (2 bytes)
Event: 11.828 Thread 0x000001f6777b4ed0 nmethod 11745 0x000001f62be45190 code [0x000001f62be45320, 0x000001f62be453e8]
Event: 11.837 Thread 0x000001f6777b4ed0 11746       3       java.lang.Long::formatUnsignedLong0 (47 bytes)
Event: 11.837 Thread 0x000001f6777b4ed0 nmethod 11746 0x000001f624183a90 code [0x000001f624183c40, 0x000001f624183e40]
Event: 11.899 Thread 0x000001f6777b4ed0 11747 %     3       java.lang.StringCoding::implEncodeAsciiArray @ 3 (47 bytes)
Event: 11.900 Thread 0x000001f6777b4ed0 nmethod 11747% 0x000001f62423e910 code [0x000001f62423eac0, 0x000001f62423edf0]
Event: 11.908 Thread 0x000001f6777b4ed0 11748   !   3       org.eclipse.jdt.internal.core.search.indexing.BinaryContainer::isValidPackageNameForClassOrisModule (158 bytes)
Event: 11.908 Thread 0x000001f6777b4ed0 nmethod 11748 0x000001f6240ca990 code [0x000001f6240cac40, 0x000001f6240cb690]

GC Heap History (20 events):
Event: 11.715 GC heap before
{Heap before GC invocations=422 (full 4):
 PSYoungGen      total 6144K, used 6104K [0x00000000eab00000, 0x00000000eb300000, 0x0000000100000000)
  eden space 5120K, 99% used [0x00000000eab00000,0x00000000eafffff8,0x00000000eb000000)
  from space 1024K, 96% used [0x00000000eb000000,0x00000000eb0f6008,0x00000000eb100000)
  to   space 1536K, 0% used [0x00000000eb180000,0x00000000eb180000,0x00000000eb300000)
 ParOldGen       total 349696K, used 349590K [0x00000000c0000000, 0x00000000d5580000, 0x00000000eab00000)
  object space 349696K, 99% used [0x00000000c0000000,0x00000000d5565bd8,0x00000000d5580000)
 Metaspace       used 62805K, committed 64256K, reserved 1114112K
  class space    used 6463K, committed 7104K, reserved 1048576K
}
Event: 11.717 GC heap after
{Heap after GC invocations=422 (full 4):
 PSYoungGen      total 6144K, used 800K [0x00000000eab00000, 0x00000000eb280000, 0x0000000100000000)
  eden space 5120K, 0% used [0x00000000eab00000,0x00000000eab00000,0x00000000eb000000)
  from space 1024K, 78% used [0x00000000eb180000,0x00000000eb248000,0x00000000eb280000)
  to   space 1024K, 0% used [0x00000000eb000000,0x00000000eb000000,0x00000000eb100000)
 ParOldGen       total 350720K, used 350374K [0x00000000c0000000, 0x00000000d5680000, 0x00000000eab00000)
  object space 350720K, 99% used [0x00000000c0000000,0x00000000d5629be0,0x00000000d5680000)
 Metaspace       used 62805K, committed 64256K, reserved 1114112K
  class space    used 6463K, committed 7104K, reserved 1048576K
}
Event: 11.730 GC heap before
{Heap before GC invocations=423 (full 4):
 PSYoungGen      total 6144K, used 5920K [0x00000000eab00000, 0x00000000eb280000, 0x0000000100000000)
  eden space 5120K, 100% used [0x00000000eab00000,0x00000000eb000000,0x00000000eb000000)
  from space 1024K, 78% used [0x00000000eb180000,0x00000000eb248000,0x00000000eb280000)
  to   space 1024K, 0% used [0x00000000eb000000,0x00000000eb000000,0x00000000eb100000)
 ParOldGen       total 350720K, used 350374K [0x00000000c0000000, 0x00000000d5680000, 0x00000000eab00000)
  object space 350720K, 99% used [0x00000000c0000000,0x00000000d5629be0,0x00000000d5680000)
 Metaspace       used 62805K, committed 64256K, reserved 1114112K
  class space    used 6463K, committed 7104K, reserved 1048576K
}
Event: 11.731 GC heap after
{Heap after GC invocations=423 (full 4):
 PSYoungGen      total 6144K, used 832K [0x00000000eab00000, 0x00000000eb200000, 0x0000000100000000)
  eden space 5120K, 0% used [0x00000000eab00000,0x00000000eab00000,0x00000000eb000000)
  from space 1024K, 81% used [0x00000000eb000000,0x00000000eb0d0000,0x00000000eb100000)
  to   space 1024K, 0% used [0x00000000eb100000,0x00000000eb100000,0x00000000eb200000)
 ParOldGen       total 351232K, used 351014K [0x00000000c0000000, 0x00000000d5700000, 0x00000000eab00000)
  object space 351232K, 99% used [0x00000000c0000000,0x00000000d56c9be0,0x00000000d5700000)
 Metaspace       used 62805K, committed 64256K, reserved 1114112K
  class space    used 6463K, committed 7104K, reserved 1048576K
}
Event: 11.745 GC heap before
{Heap before GC invocations=424 (full 4):
 PSYoungGen      total 6144K, used 5952K [0x00000000eab00000, 0x00000000eb200000, 0x0000000100000000)
  eden space 5120K, 100% used [0x00000000eab00000,0x00000000eb000000,0x00000000eb000000)
  from space 1024K, 81% used [0x00000000eb000000,0x00000000eb0d0000,0x00000000eb100000)
  to   space 1024K, 0% used [0x00000000eb100000,0x00000000eb100000,0x00000000eb200000)
 ParOldGen       total 351232K, used 351014K [0x00000000c0000000, 0x00000000d5700000, 0x00000000eab00000)
  object space 351232K, 99% used [0x00000000c0000000,0x00000000d56c9be0,0x00000000d5700000)
 Metaspace       used 62805K, committed 64256K, reserved 1114112K
  class space    used 6463K, committed 7104K, reserved 1048576K
}
Event: 11.746 GC heap after
{Heap after GC invocations=424 (full 4):
 PSYoungGen      total 6144K, used 736K [0x00000000eab00000, 0x00000000eb200000, 0x0000000100000000)
  eden space 5120K, 0% used [0x00000000eab00000,0x00000000eab00000,0x00000000eb000000)
  from space 1024K, 71% used [0x00000000eb100000,0x00000000eb1b8000,0x00000000eb200000)
  to   space 1024K, 0% used [0x00000000eb000000,0x00000000eb000000,0x00000000eb100000)
 ParOldGen       total 351744K, used 351705K [0x00000000c0000000, 0x00000000d5780000, 0x00000000eab00000)
  object space 351744K, 99% used [0x00000000c0000000,0x00000000d57767f0,0x00000000d5780000)
 Metaspace       used 62805K, committed 64256K, reserved 1114112K
  class space    used 6463K, committed 7104K, reserved 1048576K
}
Event: 11.759 GC heap before
{Heap before GC invocations=425 (full 4):
 PSYoungGen      total 6144K, used 5856K [0x00000000eab00000, 0x00000000eb200000, 0x0000000100000000)
  eden space 5120K, 100% used [0x00000000eab00000,0x00000000eb000000,0x00000000eb000000)
  from space 1024K, 71% used [0x00000000eb100000,0x00000000eb1b8000,0x00000000eb200000)
  to   space 1024K, 0% used [0x00000000eb000000,0x00000000eb000000,0x00000000eb100000)
 ParOldGen       total 351744K, used 351705K [0x00000000c0000000, 0x00000000d5780000, 0x00000000eab00000)
  object space 351744K, 99% used [0x00000000c0000000,0x00000000d57767f0,0x00000000d5780000)
 Metaspace       used 62806K, committed 64256K, reserved 1114112K
  class space    used 6463K, committed 7104K, reserved 1048576K
}
Event: 11.760 GC heap after
{Heap after GC invocations=425 (full 4):
 PSYoungGen      total 6144K, used 736K [0x00000000eab00000, 0x00000000eb200000, 0x0000000100000000)
  eden space 5120K, 0% used [0x00000000eab00000,0x00000000eab00000,0x00000000eb000000)
  from space 1024K, 71% used [0x00000000eb000000,0x00000000eb0b8000,0x00000000eb100000)
  to   space 1024K, 0% used [0x00000000eb100000,0x00000000eb100000,0x00000000eb200000)
 ParOldGen       total 352768K, used 352345K [0x00000000c0000000, 0x00000000d5880000, 0x00000000eab00000)
  object space 352768K, 99% used [0x00000000c0000000,0x00000000d58167f0,0x00000000d5880000)
 Metaspace       used 62806K, committed 64256K, reserved 1114112K
  class space    used 6463K, committed 7104K, reserved 1048576K
}
Event: 11.844 GC heap before
{Heap before GC invocations=426 (full 4):
 PSYoungGen      total 6144K, used 5840K [0x00000000eab00000, 0x00000000eb200000, 0x0000000100000000)
  eden space 5120K, 99% used [0x00000000eab00000,0x00000000eaffc3e8,0x00000000eb000000)
  from space 1024K, 71% used [0x00000000eb000000,0x00000000eb0b8000,0x00000000eb100000)
  to   space 1024K, 0% used [0x00000000eb100000,0x00000000eb100000,0x00000000eb200000)
 ParOldGen       total 352768K, used 352345K [0x00000000c0000000, 0x00000000d5880000, 0x00000000eab00000)
  object space 352768K, 99% used [0x00000000c0000000,0x00000000d58167f0,0x00000000d5880000)
 Metaspace       used 62807K, committed 64256K, reserved 1114112K
  class space    used 6463K, committed 7104K, reserved 1048576K
}
Event: 11.846 GC heap after
{Heap after GC invocations=426 (full 4):
 PSYoungGen      total 5632K, used 320K [0x00000000eab00000, 0x00000000eb180000, 0x0000000100000000)
  eden space 5120K, 0% used [0x00000000eab00000,0x00000000eab00000,0x00000000eb000000)
  from space 512K, 62% used [0x00000000eb100000,0x00000000eb150000,0x00000000eb180000)
  to   space 512K, 0% used [0x00000000eb080000,0x00000000eb080000,0x00000000eb100000)
 ParOldGen       total 353280K, used 352961K [0x00000000c0000000, 0x00000000d5900000, 0x00000000eab00000)
  object space 353280K, 99% used [0x00000000c0000000,0x00000000d58b07f0,0x00000000d5900000)
 Metaspace       used 62807K, committed 64256K, reserved 1114112K
  class space    used 6463K, committed 7104K, reserved 1048576K
}
Event: 11.861 GC heap before
{Heap before GC invocations=427 (full 4):
 PSYoungGen      total 5632K, used 5440K [0x00000000eab00000, 0x00000000eb180000, 0x0000000100000000)
  eden space 5120K, 100% used [0x00000000eab00000,0x00000000eb000000,0x00000000eb000000)
  from space 512K, 62% used [0x00000000eb100000,0x00000000eb150000,0x00000000eb180000)
  to   space 512K, 0% used [0x00000000eb080000,0x00000000eb080000,0x00000000eb100000)
 ParOldGen       total 353280K, used 352961K [0x00000000c0000000, 0x00000000d5900000, 0x00000000eab00000)
  object space 353280K, 99% used [0x00000000c0000000,0x00000000d58b07f0,0x00000000d5900000)
 Metaspace       used 62807K, committed 64256K, reserved 1114112K
  class space    used 6463K, committed 7104K, reserved 1048576K
}
Event: 11.863 GC heap after
{Heap after GC invocations=427 (full 4):
 PSYoungGen      total 5632K, used 512K [0x00000000eab00000, 0x00000000eb200000, 0x0000000100000000)
  eden space 5120K, 0% used [0x00000000eab00000,0x00000000eab00000,0x00000000eb000000)
  from space 512K, 100% used [0x00000000eb080000,0x00000000eb100000,0x00000000eb100000)
  to   space 1024K, 0% used [0x00000000eb100000,0x00000000eb100000,0x00000000eb200000)
 ParOldGen       total 353280K, used 353264K [0x00000000c0000000, 0x00000000d5900000, 0x00000000eab00000)
  object space 353280K, 99% used [0x00000000c0000000,0x00000000d58fc398,0x00000000d5900000)
 Metaspace       used 62807K, committed 64256K, reserved 1114112K
  class space    used 6463K, committed 7104K, reserved 1048576K
}
Event: 11.906 GC heap before
{Heap before GC invocations=428 (full 4):
 PSYoungGen      total 5632K, used 5632K [0x00000000eab00000, 0x00000000eb200000, 0x0000000100000000)
  eden space 5120K, 100% used [0x00000000eab00000,0x00000000eb000000,0x00000000eb000000)
  from space 512K, 100% used [0x00000000eb080000,0x00000000eb100000,0x00000000eb100000)
  to   space 1024K, 0% used [0x00000000eb100000,0x00000000eb100000,0x00000000eb200000)
 ParOldGen       total 353280K, used 353264K [0x00000000c0000000, 0x00000000d5900000, 0x00000000eab00000)
  object space 353280K, 99% used [0x00000000c0000000,0x00000000d58fc398,0x00000000d5900000)
 Metaspace       used 62807K, committed 64256K, reserved 1114112K
  class space    used 6463K, committed 7104K, reserved 1048576K
}
Event: 11.908 GC heap after
{Heap after GC invocations=428 (full 4):
 PSYoungGen      total 6144K, used 722K [0x00000000eab00000, 0x00000000eb200000, 0x0000000100000000)
  eden space 5120K, 0% used [0x00000000eab00000,0x00000000eab00000,0x00000000eb000000)
  from space 1024K, 70% used [0x00000000eb100000,0x00000000eb1b4928,0x00000000eb200000)
  to   space 1024K, 0% used [0x00000000eb000000,0x00000000eb000000,0x00000000eb100000)
 ParOldGen       total 354304K, used 353811K [0x00000000c0000000, 0x00000000d5a00000, 0x00000000eab00000)
  object space 354304K, 99% used [0x00000000c0000000,0x00000000d5984fa0,0x00000000d5a00000)
 Metaspace       used 62807K, committed 64256K, reserved 1114112K
  class space    used 6463K, committed 7104K, reserved 1048576K
}
Event: 11.920 GC heap before
{Heap before GC invocations=429 (full 4):
 PSYoungGen      total 6144K, used 5828K [0x00000000eab00000, 0x00000000eb200000, 0x0000000100000000)
  eden space 5120K, 99% used [0x00000000eab00000,0x00000000eaffc6d8,0x00000000eb000000)
  from space 1024K, 70% used [0x00000000eb100000,0x00000000eb1b4928,0x00000000eb200000)
  to   space 1024K, 0% used [0x00000000eb000000,0x00000000eb000000,0x00000000eb100000)
 ParOldGen       total 354304K, used 353811K [0x00000000c0000000, 0x00000000d5a00000, 0x00000000eab00000)
  object space 354304K, 99% used [0x00000000c0000000,0x00000000d5984fa0,0x00000000d5a00000)
 Metaspace       used 62807K, committed 64256K, reserved 1114112K
  class space    used 6463K, committed 7104K, reserved 1048576K
}
Event: 11.921 GC heap after
{Heap after GC invocations=429 (full 4):
 PSYoungGen      total 6144K, used 1005K [0x00000000eab00000, 0x00000000eb300000, 0x0000000100000000)
  eden space 5120K, 0% used [0x00000000eab00000,0x00000000eab00000,0x00000000eb000000)
  from space 1024K, 98% used [0x00000000eb000000,0x00000000eb0fb530,0x00000000eb100000)
  to   space 1536K, 0% used [0x00000000eb180000,0x00000000eb180000,0x00000000eb300000)
 ParOldGen       total 354304K, used 353955K [0x00000000c0000000, 0x00000000d5a00000, 0x00000000eab00000)
  object space 354304K, 99% used [0x00000000c0000000,0x00000000d59a8fa0,0x00000000d5a00000)
 Metaspace       used 62807K, committed 64256K, reserved 1114112K
  class space    used 6463K, committed 7104K, reserved 1048576K
}
Event: 11.940 GC heap before
{Heap before GC invocations=430 (full 4):
 PSYoungGen      total 6144K, used 6125K [0x00000000eab00000, 0x00000000eb300000, 0x0000000100000000)
  eden space 5120K, 100% used [0x00000000eab00000,0x00000000eb000000,0x00000000eb000000)
  from space 1024K, 98% used [0x00000000eb000000,0x00000000eb0fb530,0x00000000eb100000)
  to   space 1536K, 0% used [0x00000000eb180000,0x00000000eb180000,0x00000000eb300000)
 ParOldGen       total 354304K, used 353955K [0x00000000c0000000, 0x00000000d5a00000, 0x00000000eab00000)
  object space 354304K, 99% used [0x00000000c0000000,0x00000000d59a8fa0,0x00000000d5a00000)
 Metaspace       used 62807K, committed 64256K, reserved 1114112K
  class space    used 6463K, committed 7104K, reserved 1048576K
}
Event: 11.942 GC heap after
{Heap after GC invocations=430 (full 4):
 PSYoungGen      total 6144K, used 758K [0x00000000eab00000, 0x00000000eb280000, 0x0000000100000000)
  eden space 5120K, 0% used [0x00000000eab00000,0x00000000eab00000,0x00000000eb000000)
  from space 1024K, 74% used [0x00000000eb180000,0x00000000eb23d808,0x00000000eb280000)
  to   space 1024K, 0% used [0x00000000eb000000,0x00000000eb000000,0x00000000eb100000)
 ParOldGen       total 355328K, used 354980K [0x00000000c0000000, 0x00000000d5b00000, 0x00000000eab00000)
  object space 355328K, 99% used [0x00000000c0000000,0x00000000d5aa91c0,0x00000000d5b00000)
 Metaspace       used 62807K, committed 64256K, reserved 1114112K
  class space    used 6463K, committed 7104K, reserved 1048576K
}
Event: 11.959 GC heap before
{Heap before GC invocations=431 (full 4):
 PSYoungGen      total 6144K, used 5878K [0x00000000eab00000, 0x00000000eb280000, 0x0000000100000000)
  eden space 5120K, 100% used [0x00000000eab00000,0x00000000eb000000,0x00000000eb000000)
  from space 1024K, 74% used [0x00000000eb180000,0x00000000eb23d808,0x00000000eb280000)
  to   space 1024K, 0% used [0x00000000eb000000,0x00000000eb000000,0x00000000eb100000)
 ParOldGen       total 355328K, used 354980K [0x00000000c0000000, 0x00000000d5b00000, 0x00000000eab00000)
  object space 355328K, 99% used [0x00000000c0000000,0x00000000d5aa91c0,0x00000000d5b00000)
 Metaspace       used 62807K, committed 64256K, reserved 1114112K
  class space    used 6463K, committed 7104K, reserved 1048576K
}
Event: 11.961 GC heap after
{Heap after GC invocations=431 (full 4):
 PSYoungGen      total 6144K, used 640K [0x00000000eab00000, 0x00000000eb200000, 0x0000000100000000)
  eden space 5120K, 0% used [0x00000000eab00000,0x00000000eab00000,0x00000000eb000000)
  from space 1024K, 62% used [0x00000000eb000000,0x00000000eb0a0000,0x00000000eb100000)
  to   space 1024K, 0% used [0x00000000eb100000,0x00000000eb100000,0x00000000eb200000)
 ParOldGen       total 355840K, used 355586K [0x00000000c0000000, 0x00000000d5b80000, 0x00000000eab00000)
  object space 355840K, 99% used [0x00000000c0000000,0x00000000d5b409c8,0x00000000d5b80000)
 Metaspace       used 62807K, committed 64256K, reserved 1114112K
  class space    used 6463K, committed 7104K, reserved 1048576K
}

Dll operation events (10 events):
Event: 0.007 Loaded shared library c:\Users\Ahmed Yasser\.vscode\extensions\redhat.java-1.41.1-win32-x64\jre\21.0.6-win32-x86_64\bin\java.dll
Event: 0.054 Loaded shared library c:\Users\Ahmed Yasser\.vscode\extensions\redhat.java-1.41.1-win32-x64\jre\21.0.6-win32-x86_64\bin\zip.dll
Event: 0.069 Loaded shared library C:\Users\Ahmed Yasser\.vscode\extensions\redhat.java-1.41.1-win32-x64\jre\21.0.6-win32-x86_64\bin\instrument.dll
Event: 0.073 Loaded shared library C:\Users\Ahmed Yasser\.vscode\extensions\redhat.java-1.41.1-win32-x64\jre\21.0.6-win32-x86_64\bin\net.dll
Event: 0.075 Loaded shared library C:\Users\Ahmed Yasser\.vscode\extensions\redhat.java-1.41.1-win32-x64\jre\21.0.6-win32-x86_64\bin\nio.dll
Event: 0.077 Loaded shared library C:\Users\Ahmed Yasser\.vscode\extensions\redhat.java-1.41.1-win32-x64\jre\21.0.6-win32-x86_64\bin\zip.dll
Event: 0.089 Loaded shared library C:\Users\Ahmed Yasser\.vscode\extensions\redhat.java-1.41.1-win32-x64\jre\21.0.6-win32-x86_64\bin\jimage.dll
Event: 0.148 Loaded shared library c:\Users\Ahmed Yasser\.vscode\extensions\redhat.java-1.41.1-win32-x64\jre\21.0.6-win32-x86_64\bin\verify.dll
Event: 1.041 Loaded shared library C:\Users\Ahmed Yasser\AppData\Roaming\Code\User\globalStorage\redhat.java\1.41.1\config_win\org.eclipse.equinox.launcher\org.eclipse.equinox.launcher.win32.win32.x86_64_1.2.1300.v20250331-1702\eclipse_11911.dll
Event: 2.106 Loaded shared library C:\Users\Ahmed Yasser\AppData\Local\Temp\jna--1049511280\jna4022465155747098427.dll

Deoptimization events (20 events):
Event: 11.522 Thread 0x000001f678b43040 DEOPT PACKING pc=0x000001f62463d3ce sp=0x00000003d54fe980
Event: 11.522 Thread 0x000001f678b43040 DEOPT UNPACKING pc=0x000001f62b624242 sp=0x00000003d54fde80 mode 0
Event: 11.549 Thread 0x000001f678b43040 Uncommon trap: trap_request=0xffffff45 fr.pc=0x000001f62bf79e90 relative=0x0000000000001e90
Event: 11.549 Thread 0x000001f678b43040 Uncommon trap: reason=unstable_if action=reinterpret pc=0x000001f62bf79e90 method=org.eclipse.jdt.internal.compiler.parser.Scanner.internalScanIdentifierOrKeyword(II[C)Lorg/eclipse/jdt/internal/compiler/parser/TerminalToken; @ 1648 c2
Event: 11.549 Thread 0x000001f678b43040 DEOPT PACKING pc=0x000001f62bf79e90 sp=0x00000003d54fede0
Event: 11.549 Thread 0x000001f678b43040 DEOPT UNPACKING pc=0x000001f62b623aa2 sp=0x00000003d54fed60 mode 2
Event: 11.622 Thread 0x000001f678b43040 DEOPT PACKING pc=0x000001f624e9d156 sp=0x00000003d54fe9b0
Event: 11.622 Thread 0x000001f678b43040 DEOPT UNPACKING pc=0x000001f62b624242 sp=0x00000003d54fdf38 mode 0
Event: 11.640 Thread 0x000001f678b43040 DEOPT PACKING pc=0x000001f624e174b5 sp=0x00000003d54fe9b0
Event: 11.640 Thread 0x000001f678b43040 DEOPT UNPACKING pc=0x000001f62b624242 sp=0x00000003d54fde58 mode 0
Event: 11.717 Thread 0x000001f678b43040 DEOPT PACKING pc=0x000001f6254f1feb sp=0x00000003d54fed80
Event: 11.717 Thread 0x000001f678b43040 DEOPT UNPACKING pc=0x000001f62b624242 sp=0x00000003d54fe220 mode 0
Event: 11.763 Thread 0x000001f678b43040 DEOPT PACKING pc=0x000001f62552e37e sp=0x00000003d54fec60
Event: 11.763 Thread 0x000001f678b43040 DEOPT UNPACKING pc=0x000001f62b624242 sp=0x00000003d54fe158 mode 0
Event: 11.763 Thread 0x000001f678b43040 DEOPT PACKING pc=0x000001f625525700 sp=0x00000003d54feb70
Event: 11.763 Thread 0x000001f678b43040 DEOPT UNPACKING pc=0x000001f62b624242 sp=0x00000003d54fe158 mode 0
Event: 11.902 Thread 0x000001f678b43040 Uncommon trap: trap_request=0xffffff45 fr.pc=0x000001f62bd80f68 relative=0x0000000000000ea8
Event: 11.902 Thread 0x000001f678b43040 Uncommon trap: reason=unstable_if action=reinterpret pc=0x000001f62bd80f68 method=org.eclipse.jdt.internal.core.search.indexing.BinaryContainer.isValidPackageNameForClassOrisModule(Ljava/lang/String;)Z @ 105 c2
Event: 11.902 Thread 0x000001f678b43040 DEOPT PACKING pc=0x000001f62bd80f68 sp=0x00000003d54feed0
Event: 11.902 Thread 0x000001f678b43040 DEOPT UNPACKING pc=0x000001f62b623aa2 sp=0x00000003d54feeb8 mode 2

Classes loaded (20 events):
Event: 10.491 Loading class java/util/concurrent/CompletionException
Event: 10.491 Loading class java/util/concurrent/CompletionException done
Event: 10.495 Loading class java/nio/file/FileTreeWalker$1
Event: 10.495 Loading class java/nio/file/FileTreeWalker$1 done
Event: 10.496 Loading class sun/nio/fs/Globs
Event: 10.496 Loading class sun/nio/fs/Globs done
Event: 10.496 Loading class java/util/regex/Pattern$SliceU
Event: 10.496 Loading class java/util/regex/Pattern$SliceU done
Event: 10.496 Loading class sun/nio/fs/WindowsFileSystem$2
Event: 10.496 Loading class java/nio/file/PathMatcher
Event: 10.496 Loading class java/nio/file/PathMatcher done
Event: 10.496 Loading class sun/nio/fs/WindowsFileSystem$2 done
Event: 10.554 Loading class java/util/Collections$SynchronizedRandomAccessList
Event: 10.554 Loading class java/util/Collections$SynchronizedList
Event: 10.554 Loading class java/util/Collections$SynchronizedList done
Event: 10.554 Loading class java/util/Collections$SynchronizedRandomAccessList done
Event: 10.556 Loading class java/util/concurrent/CompletableFuture$Signaller
Event: 10.556 Loading class java/util/concurrent/CompletableFuture$Signaller done
Event: 11.274 Loading class sun/nio/fs/WindowsFileCopy
Event: 11.274 Loading class sun/nio/fs/WindowsFileCopy done

Classes unloaded (11 events):
Event: 2.549 Thread 0x000001f635286980 Unloading class 0x000001f63719d400 'java/lang/invoke/LambdaForm$MH+0x000001f63719d400'
Event: 2.549 Thread 0x000001f635286980 Unloading class 0x000001f63719d000 'java/lang/invoke/LambdaForm$MH+0x000001f63719d000'
Event: 2.549 Thread 0x000001f635286980 Unloading class 0x000001f63719cc00 'java/lang/invoke/LambdaForm$MH+0x000001f63719cc00'
Event: 2.549 Thread 0x000001f635286980 Unloading class 0x000001f63719c800 'java/lang/invoke/LambdaForm$MH+0x000001f63719c800'
Event: 2.549 Thread 0x000001f635286980 Unloading class 0x000001f63719c400 'java/lang/invoke/LambdaForm$BMH+0x000001f63719c400'
Event: 2.549 Thread 0x000001f635286980 Unloading class 0x000001f63719c000 'java/lang/invoke/LambdaForm$DMH+0x000001f63719c000'
Event: 2.549 Thread 0x000001f635286980 Unloading class 0x000001f63719ac00 'java/lang/invoke/LambdaForm$DMH+0x000001f63719ac00'
Event: 10.242 Thread 0x000001f635286980 Unloading class 0x000001f6376a0c00 'java/lang/invoke/LambdaForm$DMH+0x000001f6376a0c00'
Event: 10.242 Thread 0x000001f635286980 Unloading class 0x000001f6376a1400 'java/lang/invoke/LambdaForm$DMH+0x000001f6376a1400'
Event: 10.242 Thread 0x000001f635286980 Unloading class 0x000001f6376a1800 'java/lang/invoke/LambdaForm$DMH+0x000001f6376a1800'
Event: 10.242 Thread 0x000001f635286980 Unloading class 0x000001f6376a1000 'java/lang/invoke/LambdaForm$DMH+0x000001f6376a1000'

Classes redefined (0 events):
No events

Internal exceptions (20 events):
Event: 10.528 Thread 0x000001f678b436d0 Exception <a 'sun/nio/fs/WindowsException'{0x00000000eac4e060}> (0x00000000eac4e060) 
thrown [s\src\hotspot\share\prims\jni.cpp, line 520]
Event: 10.529 Thread 0x000001f678b436d0 Exception <a 'sun/nio/fs/WindowsException'{0x00000000eac4e750}> (0x00000000eac4e750) 
thrown [s\src\hotspot\share\prims\jni.cpp, line 520]
Event: 10.529 Thread 0x000001f678b436d0 Exception <a 'sun/nio/fs/WindowsException'{0x00000000eac4ee40}> (0x00000000eac4ee40) 
thrown [s\src\hotspot\share\prims\jni.cpp, line 520]
Event: 10.529 Thread 0x000001f678b436d0 Exception <a 'sun/nio/fs/WindowsException'{0x00000000eac4f7b0}> (0x00000000eac4f7b0) 
thrown [s\src\hotspot\share\prims\jni.cpp, line 520]
Event: 10.529 Thread 0x000001f678b436d0 Exception <a 'sun/nio/fs/WindowsException'{0x00000000eac5a460}> (0x00000000eac5a460) 
thrown [s\src\hotspot\share\prims\jni.cpp, line 520]
Event: 10.529 Thread 0x000001f678b436d0 Exception <a 'sun/nio/fs/WindowsException'{0x00000000eac5ab70}> (0x00000000eac5ab70) 
thrown [s\src\hotspot\share\prims\jni.cpp, line 520]
Event: 10.529 Thread 0x000001f678b436d0 Exception <a 'sun/nio/fs/WindowsException'{0x00000000eac5b280}> (0x00000000eac5b280) 
thrown [s\src\hotspot\share\prims\jni.cpp, line 520]
Event: 10.529 Thread 0x000001f678b436d0 Exception <a 'sun/nio/fs/WindowsException'{0x00000000eac5bc68}> (0x00000000eac5bc68) 
thrown [s\src\hotspot\share\prims\jni.cpp, line 520]
Event: 10.530 Thread 0x000001f678b436d0 Exception <a 'sun/nio/fs/WindowsException'{0x00000000eac73090}> (0x00000000eac73090) 
thrown [s\src\hotspot\share\prims\jni.cpp, line 520]
Event: 10.530 Thread 0x000001f678b436d0 Exception <a 'sun/nio/fs/WindowsException'{0x00000000eac737e0}> (0x00000000eac737e0) 
thrown [s\src\hotspot\share\prims\jni.cpp, line 520]
Event: 10.530 Thread 0x000001f678b436d0 Exception <a 'sun/nio/fs/WindowsException'{0x00000000eac74188}> (0x00000000eac74188) 
thrown [s\src\hotspot\share\prims\jni.cpp, line 520]
Event: 10.530 Thread 0x000001f678b436d0 Exception <a 'sun/nio/fs/WindowsException'{0x00000000eac748f8}> (0x00000000eac748f8) 
thrown [s\src\hotspot\share\prims\jni.cpp, line 520]
Event: 10.573 Thread 0x000001f67f23bad0 Exception <a 'java/lang/IncompatibleClassChangeError'{0x00000000eab28b18}: Found class java.lang.Object, but interface was expected> (0x00000000eab28b18) 
thrown [s\src\hotspot\share\interpreter\linkResolver.cpp, line 840]
Event: 11.275 Thread 0x000001f678b43040 Exception <a 'sun/nio/fs/WindowsException'{0x00000000eac60298}> (0x00000000eac60298) 
thrown [s\src\hotspot\share\prims\jni.cpp, line 520]
Event: 11.287 Thread 0x000001f678b43040 Exception <a 'sun/nio/fs/WindowsException'{0x00000000eab0e980}> (0x00000000eab0e980) 
thrown [s\src\hotspot\share\prims\jni.cpp, line 520]
Event: 11.294 Thread 0x000001f678b43040 Exception <a 'sun/nio/fs/WindowsException'{0x00000000eab27b90}> (0x00000000eab27b90) 
thrown [s\src\hotspot\share\prims\jni.cpp, line 520]
Event: 11.535 Thread 0x000001f678b43040 Exception <a 'sun/nio/fs/WindowsException'{0x00000000eae8aa40}> (0x00000000eae8aa40) 
thrown [s\src\hotspot\share\prims\jni.cpp, line 520]
Event: 11.827 Thread 0x000001f678b43040 Exception <a 'sun/nio/fs/WindowsException'{0x00000000eaed8150}> (0x00000000eaed8150) 
thrown [s\src\hotspot\share\prims\jni.cpp, line 520]
Event: 11.835 Thread 0x000001f678b43040 Exception <a 'sun/nio/fs/WindowsException'{0x00000000eaef0c90}> (0x00000000eaef0c90) 
thrown [s\src\hotspot\share\prims\jni.cpp, line 520]
Event: 11.898 Thread 0x000001f678b43040 Exception <a 'sun/nio/fs/WindowsException'{0x00000000eae50330}> (0x00000000eae50330) 
thrown [s\src\hotspot\share\prims\jni.cpp, line 520]

ZGC Phase Switch (0 events):
No events

VM Operations (20 events):
Event: 11.715 Executing VM operation: ParallelGCFailedAllocation (Allocation Failure)
Event: 11.717 Executing VM operation: ParallelGCFailedAllocation (Allocation Failure) done
Event: 11.730 Executing VM operation: ParallelGCFailedAllocation (Allocation Failure)
Event: 11.731 Executing VM operation: ParallelGCFailedAllocation (Allocation Failure) done
Event: 11.745 Executing VM operation: ParallelGCFailedAllocation (Allocation Failure)
Event: 11.746 Executing VM operation: ParallelGCFailedAllocation (Allocation Failure) done
Event: 11.759 Executing VM operation: ParallelGCFailedAllocation (Allocation Failure)
Event: 11.760 Executing VM operation: ParallelGCFailedAllocation (Allocation Failure) done
Event: 11.844 Executing VM operation: ParallelGCFailedAllocation (Allocation Failure)
Event: 11.846 Executing VM operation: ParallelGCFailedAllocation (Allocation Failure) done
Event: 11.861 Executing VM operation: ParallelGCFailedAllocation (Allocation Failure)
Event: 11.863 Executing VM operation: ParallelGCFailedAllocation (Allocation Failure) done
Event: 11.906 Executing VM operation: ParallelGCFailedAllocation (Allocation Failure)
Event: 11.908 Executing VM operation: ParallelGCFailedAllocation (Allocation Failure) done
Event: 11.920 Executing VM operation: ParallelGCFailedAllocation (Allocation Failure)
Event: 11.921 Executing VM operation: ParallelGCFailedAllocation (Allocation Failure) done
Event: 11.940 Executing VM operation: ParallelGCFailedAllocation (Allocation Failure)
Event: 11.942 Executing VM operation: ParallelGCFailedAllocation (Allocation Failure) done
Event: 11.959 Executing VM operation: ParallelGCFailedAllocation (Allocation Failure)
Event: 11.961 Executing VM operation: ParallelGCFailedAllocation (Allocation Failure) done

Memory protections (0 events):
No events

Nmethod flushes (20 events):
Event: 10.258 Thread 0x000001f635286980 flushing  nmethod 0x000001f62511be10
Event: 10.258 Thread 0x000001f635286980 flushing  nmethod 0x000001f625121790
Event: 10.258 Thread 0x000001f635286980 flushing  nmethod 0x000001f625122410
Event: 10.258 Thread 0x000001f635286980 flushing  nmethod 0x000001f625139b90
Event: 10.258 Thread 0x000001f635286980 flushing  nmethod 0x000001f62513fa10
Event: 10.258 Thread 0x000001f635286980 flushing  nmethod 0x000001f62515b590
Event: 10.258 Thread 0x000001f635286980 flushing  nmethod 0x000001f625163f90
Event: 10.258 Thread 0x000001f635286980 flushing  nmethod 0x000001f625189590
Event: 10.258 Thread 0x000001f635286980 flushing  nmethod 0x000001f625189910
Event: 10.258 Thread 0x000001f635286980 flushing  nmethod 0x000001f62518af90
Event: 10.258 Thread 0x000001f635286980 flushing  nmethod 0x000001f62518c290
Event: 10.258 Thread 0x000001f635286980 flushing  nmethod 0x000001f62518ec10
Event: 10.258 Thread 0x000001f635286980 flushing  nmethod 0x000001f625193b90
Event: 10.258 Thread 0x000001f635286980 flushing  nmethod 0x000001f6251b7710
Event: 10.258 Thread 0x000001f635286980 flushing  nmethod 0x000001f6251b7c90
Event: 10.258 Thread 0x000001f635286980 flushing  nmethod 0x000001f6251be490
Event: 10.258 Thread 0x000001f635286980 flushing  nmethod 0x000001f62528a290
Event: 10.258 Thread 0x000001f635286980 flushing  nmethod 0x000001f62528b290
Event: 10.258 Thread 0x000001f635286980 flushing  nmethod 0x000001f62528c710
Event: 10.258 Thread 0x000001f635286980 flushing  nmethod 0x000001f62529e490

Events (20 events):
Event: 9.327 Thread 0x000001f678b443f0 Thread added: 0x000001f6098d7340
Event: 9.327 Thread 0x000001f678b443f0 Thread added: 0x000001f6098d79d0
Event: 9.328 Thread 0x000001f678b443f0 Thread added: 0x000001f6098d8060
Event: 9.328 Thread 0x000001f678b443f0 Thread added: 0x000001f6098d86f0
Event: 9.329 Thread 0x000001f678b443f0 Thread added: 0x000001f60c6d7470
Event: 9.548 Thread 0x000001f6098d8060 Thread exited: 0x000001f6098d8060
Event: 9.548 Thread 0x000001f6098d79d0 Thread exited: 0x000001f6098d79d0
Event: 9.548 Thread 0x000001f6098d7340 Thread exited: 0x000001f6098d7340
Event: 9.548 Thread 0x000001f60c6d7470 Thread exited: 0x000001f60c6d7470
Event: 9.548 Thread 0x000001f6098d86f0 Thread exited: 0x000001f6098d86f0
Event: 9.934 Thread 0x000001f678b443f0 Thread added: 0x000001f6098d79d0
Event: 9.934 Thread 0x000001f678b443f0 Thread added: 0x000001f6098d7340
Event: 9.934 Thread 0x000001f678b443f0 Thread added: 0x000001f6098d8060
Event: 9.934 Thread 0x000001f678b443f0 Thread added: 0x000001f6098d86f0
Event: 9.935 Thread 0x000001f678b443f0 Thread added: 0x000001f60aa1d430
Event: 9.963 Thread 0x000001f6098d79d0 Thread exited: 0x000001f6098d79d0
Event: 9.963 Thread 0x000001f60aa1d430 Thread exited: 0x000001f60aa1d430
Event: 9.963 Thread 0x000001f6098d7340 Thread exited: 0x000001f6098d7340
Event: 9.963 Thread 0x000001f6098d86f0 Thread exited: 0x000001f6098d86f0
Event: 9.963 Thread 0x000001f6098d8060 Thread exited: 0x000001f6098d8060


Dynamic libraries:
0x00007ff7e1e80000 - 0x00007ff7e1e8e000 	c:\Users\Ahmed Yasser\.vscode\extensions\redhat.java-1.41.1-win32-x64\jre\21.0.6-win32-x86_64\bin\java.exe
0x00007ffd35710000 - 0x00007ffd35927000 	C:\WINDOWS\SYSTEM32\ntdll.dll
0x00007ffd338b0000 - 0x00007ffd33974000 	C:\WINDOWS\System32\KERNEL32.DLL
0x00007ffd32ae0000 - 0x00007ffd32eb3000 	C:\WINDOWS\System32\KERNELBASE.dll
0x00007ffd32820000 - 0x00007ffd32931000 	C:\WINDOWS\System32\ucrtbase.dll
0x00007ffd2c5f0000 - 0x00007ffd2c608000 	c:\Users\Ahmed Yasser\.vscode\extensions\redhat.java-1.41.1-win32-x64\jre\21.0.6-win32-x86_64\bin\jli.dll
0x00007ffd2c670000 - 0x00007ffd2c68e000 	c:\Users\Ahmed Yasser\.vscode\extensions\redhat.java-1.41.1-win32-x64\jre\21.0.6-win32-x86_64\bin\VCRUNTIME140.dll
0x00007ffd34c70000 - 0x00007ffd34e21000 	C:\WINDOWS\System32\USER32.dll
0x00007ffd32fe0000 - 0x00007ffd33006000 	C:\WINDOWS\System32\win32u.dll
0x00007ffd19c70000 - 0x00007ffd19f08000 	C:\WINDOWS\WinSxS\amd64_microsoft.windows.common-controls_6595b64144ccf1df_6.0.22621.5124_none_270e8f4f7386d69d\COMCTL32.dll
0x00007ffd34bc0000 - 0x00007ffd34c67000 	C:\WINDOWS\System32\msvcrt.dll
0x00007ffd33ee0000 - 0x00007ffd33f09000 	C:\WINDOWS\System32\GDI32.dll
0x00007ffd32ec0000 - 0x00007ffd32fdb000 	C:\WINDOWS\System32\gdi32full.dll
0x00007ffd331d0000 - 0x00007ffd3326a000 	C:\WINDOWS\System32\msvcp_win.dll
0x00007ffd348b0000 - 0x00007ffd348e1000 	C:\WINDOWS\System32\IMM32.DLL
0x00007ffd2ce80000 - 0x00007ffd2ce8c000 	c:\Users\Ahmed Yasser\.vscode\extensions\redhat.java-1.41.1-win32-x64\jre\21.0.6-win32-x86_64\bin\vcruntime140_1.dll
0x00007ffcfa670000 - 0x00007ffcfa6fd000 	c:\Users\Ahmed Yasser\.vscode\extensions\redhat.java-1.41.1-win32-x64\jre\21.0.6-win32-x86_64\bin\msvcp140.dll
0x00007ffcda0a0000 - 0x00007ffcdae30000 	c:\Users\Ahmed Yasser\.vscode\extensions\redhat.java-1.41.1-win32-x64\jre\21.0.6-win32-x86_64\bin\server\jvm.dll
0x00007ffd33490000 - 0x00007ffd33541000 	C:\WINDOWS\System32\ADVAPI32.dll
0x00007ffd33980000 - 0x00007ffd33a28000 	C:\WINDOWS\System32\sechost.dll
0x00007ffd32940000 - 0x00007ffd32968000 	C:\WINDOWS\System32\bcrypt.dll
0x00007ffd33dc0000 - 0x00007ffd33ed4000 	C:\WINDOWS\System32\RPCRT4.dll
0x00007ffd33830000 - 0x00007ffd338a1000 	C:\WINDOWS\System32\WS2_32.dll
0x00007ffd318b0000 - 0x00007ffd318fd000 	C:\WINDOWS\SYSTEM32\POWRPROF.dll
0x00007ffd2a4c0000 - 0x00007ffd2a4f4000 	C:\WINDOWS\SYSTEM32\WINMM.dll
0x00007ffd28ae0000 - 0x00007ffd28aea000 	C:\WINDOWS\SYSTEM32\VERSION.dll
0x00007ffd31890000 - 0x00007ffd318a3000 	C:\WINDOWS\SYSTEM32\UMPDC.dll
0x00007ffd31900000 - 0x00007ffd31918000 	C:\WINDOWS\SYSTEM32\kernel.appcore.dll
0x00007ffd2c5d0000 - 0x00007ffd2c5da000 	c:\Users\Ahmed Yasser\.vscode\extensions\redhat.java-1.41.1-win32-x64\jre\21.0.6-win32-x86_64\bin\jimage.dll
0x00007ffd2fab0000 - 0x00007ffd2fce2000 	C:\WINDOWS\SYSTEM32\DBGHELP.DLL
0x00007ffd33fa0000 - 0x00007ffd34332000 	C:\WINDOWS\System32\combase.dll
0x00007ffd34a50000 - 0x00007ffd34b27000 	C:\WINDOWS\System32\OLEAUT32.dll
0x00007ffd0cbd0000 - 0x00007ffd0cc02000 	C:\WINDOWS\SYSTEM32\dbgcore.DLL
0x00007ffd33270000 - 0x00007ffd332eb000 	C:\WINDOWS\System32\bcryptPrimitives.dll
0x00007ffd2c5c0000 - 0x00007ffd2c5cf000 	c:\Users\Ahmed Yasser\.vscode\extensions\redhat.java-1.41.1-win32-x64\jre\21.0.6-win32-x86_64\bin\instrument.dll
0x00007ffd2c560000 - 0x00007ffd2c57f000 	c:\Users\Ahmed Yasser\.vscode\extensions\redhat.java-1.41.1-win32-x64\jre\21.0.6-win32-x86_64\bin\java.dll
0x00007ffd34e30000 - 0x00007ffd356c6000 	C:\WINDOWS\System32\SHELL32.dll
0x00007ffd33090000 - 0x00007ffd331cf000 	C:\WINDOWS\System32\wintypes.dll
0x00007ffd306f0000 - 0x00007ffd3100a000 	C:\WINDOWS\SYSTEM32\windows.storage.dll
0x00007ffd33610000 - 0x00007ffd3371a000 	C:\WINDOWS\System32\SHCORE.dll
0x00007ffd33f30000 - 0x00007ffd33f93000 	C:\WINDOWS\System32\shlwapi.dll
0x00007ffd32750000 - 0x00007ffd3277b000 	C:\WINDOWS\SYSTEM32\profapi.dll
0x00007ffd2afb0000 - 0x00007ffd2afc8000 	c:\Users\Ahmed Yasser\.vscode\extensions\redhat.java-1.41.1-win32-x64\jre\21.0.6-win32-x86_64\bin\zip.dll
0x00007ffd1fbf0000 - 0x00007ffd1fc00000 	C:\Users\Ahmed Yasser\.vscode\extensions\redhat.java-1.41.1-win32-x64\jre\21.0.6-win32-x86_64\bin\net.dll
0x00007ffd2d220000 - 0x00007ffd2d34c000 	C:\WINDOWS\SYSTEM32\WINHTTP.dll
0x00007ffd31d80000 - 0x00007ffd31dea000 	C:\WINDOWS\system32\mswsock.dll
0x00007ffd1f970000 - 0x00007ffd1f986000 	C:\Users\Ahmed Yasser\.vscode\extensions\redhat.java-1.41.1-win32-x64\jre\21.0.6-win32-x86_64\bin\nio.dll
0x00007ffd1fbe0000 - 0x00007ffd1fbf0000 	c:\Users\Ahmed Yasser\.vscode\extensions\redhat.java-1.41.1-win32-x64\jre\21.0.6-win32-x86_64\bin\verify.dll
0x00007ffd07910000 - 0x00007ffd07955000 	C:\Users\Ahmed Yasser\AppData\Roaming\Code\User\globalStorage\redhat.java\1.41.1\config_win\org.eclipse.equinox.launcher\org.eclipse.equinox.launcher.win32.win32.x86_64_1.2.1300.v20250331-1702\eclipse_11911.dll
0x00007ffd33bf0000 - 0x00007ffd33d91000 	C:\WINDOWS\System32\ole32.dll
0x00007ffd31fd0000 - 0x00007ffd31feb000 	C:\WINDOWS\SYSTEM32\CRYPTSP.dll
0x00007ffd317f0000 - 0x00007ffd31827000 	C:\WINDOWS\system32\rsaenh.dll
0x00007ffd31e40000 - 0x00007ffd31e68000 	C:\WINDOWS\SYSTEM32\USERENV.dll
0x00007ffd31fc0000 - 0x00007ffd31fcc000 	C:\WINDOWS\SYSTEM32\CRYPTBASE.dll
0x00007ffd31270000 - 0x00007ffd3129d000 	C:\WINDOWS\SYSTEM32\IPHLPAPI.DLL
0x00007ffd347f0000 - 0x00007ffd347f9000 	C:\WINDOWS\System32\NSI.dll
0x00007ffd074b0000 - 0x00007ffd074f9000 	C:\Users\Ahmed Yasser\AppData\Local\Temp\jna--1049511280\jna4022465155747098427.dll
0x00007ffd347e0000 - 0x00007ffd347e8000 	C:\WINDOWS\System32\PSAPI.DLL
0x00007ffd2d540000 - 0x00007ffd2d559000 	C:\WINDOWS\SYSTEM32\dhcpcsvc6.DLL
0x00007ffd2cf20000 - 0x00007ffd2cf3f000 	C:\WINDOWS\SYSTEM32\dhcpcsvc.DLL

dbghelp: loaded successfully - version: 4.0.5 - missing functions: none
symbol engine: initialized successfully - sym options: 0x614 - pdb path: .;c:\Users\Ahmed Yasser\.vscode\extensions\redhat.java-1.41.1-win32-x64\jre\21.0.6-win32-x86_64\bin;C:\WINDOWS\SYSTEM32;C:\WINDOWS\WinSxS\amd64_microsoft.windows.common-controls_6595b64144ccf1df_6.0.22621.5124_none_270e8f4f7386d69d;c:\Users\Ahmed Yasser\.vscode\extensions\redhat.java-1.41.1-win32-x64\jre\21.0.6-win32-x86_64\bin\server;C:\Users\Ahmed Yasser\AppData\Roaming\Code\User\globalStorage\redhat.java\1.41.1\config_win\org.eclipse.equinox.launcher\org.eclipse.equinox.launcher.win32.win32.x86_64_1.2.1300.v20250331-1702;C:\Users\Ahmed Yasser\AppData\Local\Temp\jna--1049511280

VM Arguments:
jvm_args: --add-modules=ALL-SYSTEM --add-opens=java.base/java.util=ALL-UNNAMED --add-opens=java.base/java.lang=ALL-UNNAMED --add-opens=java.base/sun.nio.fs=ALL-UNNAMED -Declipse.application=org.eclipse.jdt.ls.core.id1 -Dosgi.bundles.defaultStartLevel=4 -Declipse.product=org.eclipse.jdt.ls.core.product -Djava.import.generatesMetadataFilesAtProjectRoot=false -DDetectVMInstallationsJob.disabled=true -Dfile.encoding=utf8 -XX:+UseParallelGC -XX:GCTimeRatio=4 -XX:AdaptiveSizePolicyWeight=90 -Dsun.zip.disableMemoryMapping=true -Xmx1G -Xms100m -Xlog:disable -javaagent:c:\Users\Ahmed Yasser\.vscode\extensions\redhat.java-1.41.1-win32-x64\lombok\lombok-1.18.36.jar -XX:+HeapDumpOnOutOfMemoryError -XX:HeapDumpPath=c:\Users\Ahmed Yasser\AppData\Roaming\Code\User\workspaceStorage\780e159f67a486168877baa5da4d0682\redhat.java -Daether.dependencyCollector.impl=bf 
java_command: c:\Users\Ahmed Yasser\.vscode\extensions\redhat.java-1.41.1-win32-x64\server\plugins\org.eclipse.equinox.launcher_1.7.0.v20250331-1702.jar -configuration c:\Users\Ahmed Yasser\AppData\Roaming\Code\User\globalStorage\redhat.java\1.41.1\config_win -data c:\Users\Ahmed Yasser\AppData\Roaming\Code\User\workspaceStorage\780e159f67a486168877baa5da4d0682\redhat.java\jdt_ws --pipe=\\.\pipe\lsp-c349de4d59b9b4efa8b05ce6ed82af31-sock
java_class_path (initial): c:\Users\Ahmed Yasser\.vscode\extensions\redhat.java-1.41.1-win32-x64\server\plugins\org.eclipse.equinox.launcher_1.7.0.v20250331-1702.jar
Launcher Type: SUN_STANDARD

[Global flags]
    uintx AdaptiveSizePolicyWeight                 = 90                                        {product} {command line}
     intx CICompilerCount                          = 4                                         {product} {ergonomic}
    uintx GCTimeRatio                              = 4                                         {product} {command line}
     bool HeapDumpOnOutOfMemoryError               = true                                   {manageable} {command line}
    ccstr HeapDumpPath                             = c:\Users\Ahmed Yasser\AppData\Roaming\Code\User\workspaceStorage\780e159f67a486168877baa5da4d0682\redhat.java         {manageable} {command line}
   size_t InitialHeapSize                          = 104857600                                 {product} {command line}
   size_t MaxHeapSize                              = 1073741824                                {product} {command line}
   size_t MaxNewSize                               = 357564416                                 {product} {ergonomic}
   size_t MinHeapDeltaBytes                        = 524288                                    {product} {ergonomic}
   size_t MinHeapSize                              = 104857600                                 {product} {command line}
   size_t NewSize                                  = 34603008                                  {product} {ergonomic}
    uintx NonNMethodCodeHeapSize                   = 5839372                                {pd product} {ergonomic}
    uintx NonProfiledCodeHeapSize                  = 122909434                              {pd product} {ergonomic}
   size_t OldSize                                  = 70254592                                  {product} {ergonomic}
    uintx ProfiledCodeHeapSize                     = 122909434                              {pd product} {ergonomic}
    uintx ReservedCodeCacheSize                    = 251658240                              {pd product} {ergonomic}
     bool SegmentedCodeCache                       = true                                      {product} {ergonomic}
   size_t SoftMaxHeapSize                          = 1073741824                             {manageable} {ergonomic}
     bool UseCompressedOops                        = true                           {product lp64_product} {ergonomic}
     bool UseLargePagesIndividualAllocation        = false                                  {pd product} {ergonomic}
     bool UseParallelGC                            = true                                      {product} {command line}

Logging:
Log output configuration:
 #0: stdout all=off uptime,level,tags foldmultilines=false
 #1: stderr all=off uptime,level,tags foldmultilines=false

Environment Variables:
PATH=C:\Program Files (x86)\VMware\VMware Workstation\bin\;C:\Program Files\NVIDIA GPU Computing Toolkit\CUDA\v11.7\bin;C:\Program Files\NVIDIA GPU Computing Toolkit\CUDA\v11.7\libnvvp;C:\Program Files\Java\jdk-17;C:\Program Files\Common Files\Oracle\Java\javapath;C:\Python312\Scripts\;C:\Python312\;C:\Program Files (x86)\Common Files\Oracle\Java\javapath;C:\Program Files\Microsoft MPI\Bin\;C:\Python37-32\Scripts\;C:\Python37-32\;C:\Windows\system32;C:\Windows;C:\Windows\System32\Wbem;C:\Windows\System32\WindowsPowerShell\v1.0\;C:\Windows\System32\OpenSSH\;C:\Program Files (x86)\NVIDIA Corporation\PhysX\Common;C:\Program Files\NVIDIA Corporation\NVIDIA NvDLISR;C:\WINDOWS\system32;C:\WINDOWS;C:\WINDOWS\System32\Wbem;C:\WINDOWS\System32\WindowsPowerShell\v1.0\;C:\WINDOWS\System32\OpenSSH\;C:\Program Files\Git\cmd;C:\Program Files\dotnet\;C:\Program Files (x86)\Microsoft SQL Server\150\DTS\Binn\;C:\Program Files\Azure Data Studio\bin;C:\Program Files (x86)\Microsoft SQL Server\160\Tools\Binn\;C:\Program Files\Microsoft SQL Server\160\Tools\Binn\;C:\Program Files\Microsoft SQL Server\Client SDK\ODBC\170\Tools\Binn\;C:\Program Files\Microsoft SQL Server\160\DTS\Binn\;C:\Program Files (x86)\Microsoft SQL Server\160\DTS\Binn\;C:\Program Files\Microsoft SQL Server\150\Tools\Binn\;C:\ProgramData\chocolatey\bin;C:\Program Files\NVIDIA Corporation\Nsight Compute 2022.2.1\;C:\WINDOWS\system32;C:\WINDOWS;C:\WINDOWS\System32\Wbem;C:\WINDOWS\System32\WindowsPowerShell\v1.0\;C:\WINDOWS\System32\OpenSSH\;C:\Program Files\CMake\bin;D:\dartsdk-windows-x64-release\dart-sdk\bin;C:\Program Files\nodejs\;C:\Users\Ahmed Yasser\AppData\Local\Pub\Cache\bin;C:\Program Files\Amazon\AWSCLIV2\;C:\Users\Ahmed Yasser\Dropbox\PC\Downloads\apache-maven-3.8.8-bin\apache-maven-3.8.8\bin;;C:\Program Files\Docker\Docker\resources\bin;C:\Users\Ahmed Yasser\AppData\Local\Programs\Python\Python310\Scripts\;C:\Users\Ahmed Yasser\AppData\Local\Programs\Python\Python310\;C:\Users\Ahmed Yasser\AppData\Local\Microsoft\WindowsApps;D:\Microsoft VS Code\bin;C:\Users\Ahmed Yasser\.dotnet\tools;C:\Program Files\Azure Data Studio\bin;C:\MinGW\bin;C:\Program Files\CMake\bin;C:\Users\Ahmed Yasser\AppData\Local\JetBrains\PyCharm Community Edition 2022.2.2\bin;;C:\development\flutter\bin;D:\dartsdk-windows-x64-release\dart-sdk\bin;C:\Users\Ahmed Yasser\AppData\Roaming\npm;C:\Users\Ahmed Yasser\AppData\Local\Pub\Cache\bin;C:\Program Files\Java\jdk-22\bin;C:\ProgramData\chocolatey\lib\terraform\tools;C:\Program Files (x86)\Nmap;C:\Program Files\JetBrains\IntelliJ IDEA Community Edition 2024.3.3\bin;
USERNAME=Ahmed Yasser
OS=Windows_NT
PROCESSOR_IDENTIFIER=Intel64 Family 6 Model 165 Stepping 2, GenuineIntel
TMP=C:\Users\AHMEDY~1\AppData\Local\Temp
TEMP=C:\Users\AHMEDY~1\AppData\Local\Temp




Periodic native trim disabled

---------------  S Y S T E M  ---------------

OS:
 Windows 11 , 64 bit Build 22621 (10.0.22621.5124)
OS uptime: 0 days 3:49 hours
Hyper-V role detected

CPU: total 12 (initial active 12) (6 cores per cpu, 2 threads per core) family 6 model 165 stepping 2 microcode 0xe2, cx8, cmov, fxsr, ht, mmx, 3dnowpref, sse, sse2, sse3, ssse3, sse4.1, sse4.2, popcnt, lzcnt, tsc, tscinvbit, avx, avx2, aes, erms, clmul, bmi1, bmi2, adx, fma, vzeroupper, clflush, clflushopt, hv, rdtscp, f16c
Processor Information for the first 12 processors :
  Max Mhz: 2592, Current Mhz: 2592, Mhz Limit: 2592

Memory: 4k page, system-wide physical 16215M (1514M free)
TotalPageFile size 18263M (AvailPageFile size 5M)
current process WorkingSet (physical memory assigned to process): 736M, peak: 738M
current process commit charge ("private bytes"): 655M, peak: 1003M

vm_info: OpenJDK 64-Bit Server VM (21.0.6+7-LTS) for windows-amd64 JRE (21.0.6+7-LTS), built on 2025-01-21T00:00:00Z by "admin" with MS VC++ 17.7 (VS2022)

END.
