#
# There is insufficient memory for the Java Runtime Environment to continue.
# Native memory allocation (malloc) failed to allocate 52736 bytes. Error detail: Chunk::new
# Possible reasons:
#   The system is out of physical RAM or swap space
#   This process is running with CompressedOops enabled, and the Java Heap may be blocking the growth of the native heap
# Possible solutions:
#   Reduce memory load on the system
#   Increase physical memory or swap space
#   Check if swap backing store is full
#   Decrease Java heap size (-Xmx/-Xms)
#   Decrease number of Java threads
#   Decrease Java thread stack sizes (-Xss)
#   Set larger code cache with -XX:ReservedCodeCacheSize=
#   JVM is running with Zero Based Compressed Oops mode in which the Java heap is
#     placed in the first 32GB address space. The Java Heap base address is the
#     maximum limit for the native heap growth. Please use -XX:HeapBaseMinAddress
#     to set the Java Heap base and to place the Java Heap above 32GB virtual address.
# This output file may be truncated or incomplete.
#
#  Out of Memory Error (arena.cpp:150), pid=22136, tid=6444
#
# JRE version: Java(TM) SE Runtime Environment (22.0.1+8) (build 22.0.1+8-16)
# Java VM: Java HotSpot(TM) 64-Bit Server VM (22.0.1+8-16, mixed mode, tiered, compressed oops, compressed class ptrs, g1 gc, windows-amd64)
# No core dump will be written. Minidumps are not enabled by default on client versions of Windows
#

---------------  S U M M A R Y ------------

Command Line: -Dclassworlds.conf=C:\Users\Ahmed Yasser\Dropbox\PC\Downloads\apache-maven-3.8.8-bin\apache-maven-3.8.8\bin\m2.conf -Dmaven.home=C:\Users\Ahmed Yasser\Dropbox\PC\Downloads\apache-maven-3.8.8-bin\apache-maven-3.8.8 -Dlibrary.jansi.path=C:\Users\Ahmed Yasser\Dropbox\PC\Downloads\apache-maven-3.8.8-bin\apache-maven-3.8.8\lib\jansi-native -Dmaven.multiModuleProjectDirectory=D:\Ahmed Yasser 1\DXC Preparation\Final Project\backend\iotproject org.codehaus.plexus.classworlds.launcher.Launcher clean package -DskipTests

Host: Intel(R) Core(TM) i7-10750H CPU @ 2.60GHz, 12 cores, 15G,  Windows 11 , 64 bit Build 22621 (10.0.22621.5124)
Time: Sat Apr 26 19:10:01 2025 Egypt Daylight Time elapsed time: 0.259808 seconds (0d 0h 0m 0s)

---------------  T H R E A D  ---------------

Current thread (0x0000013d9d5d76f0):  JavaThread "C2 CompilerThread0" daemon [_thread_in_native, id=6444, stack(0x0000000b23500000,0x0000000b23600000) (1024K)]


Current CompileTask:
C2:259  449       4       java.lang.StringLatin1::replace (198 bytes)

Stack: [0x0000000b23500000,0x0000000b23600000]
Native frames: (J=compiled Java code, j=interpreted, Vv=VM code, C=native code)
V  [jvm.dll+0x6e2279]  (no source info available)
V  [jvm.dll+0x874e33]  (no source info available)
V  [jvm.dll+0x87725e]  (no source info available)
V  [jvm.dll+0x877933]  (no source info available)
V  [jvm.dll+0x27fd76]  (no source info available)
V  [jvm.dll+0xc3d0f]  (no source info available)
V  [jvm.dll+0xc3f6b]  (no source info available)
V  [jvm.dll+0x2f3c2f]  (no source info available)
V  [jvm.dll+0x60bc9a]  (no source info available)
V  [jvm.dll+0x250db2]  (no source info available)
V  [jvm.dll+0x248e2e]  (no source info available)
V  [jvm.dll+0x246ec6]  (no source info available)
V  [jvm.dll+0x1c4e90]  (no source info available)
V  [jvm.dll+0x2569fe]  (no source info available)
V  [jvm.dll+0x254cba]  (no source info available)
V  [jvm.dll+0x3f5336]  (no source info available)
V  [jvm.dll+0x81d44b]  (no source info available)
V  [jvm.dll+0x6e0915]  (no source info available)
C  [ucrtbase.dll+0x29333]  (no source info available)
C  [KERNEL32.DLL+0x1259d]  (no source info available)
C  [ntdll.dll+0x5af38]  (no source info available)


---------------  P R O C E S S  ---------------

Threads class SMR info:
_java_thread_list=0x0000013d9d78c600, length=11, elements={
0x0000013dfbcd7d40, 0x0000013d9d5cace0, 0x0000013d9d5cb8a0, 0x0000013d9d5d9160,
0x0000013d9d5d3490, 0x0000013d9d5d3ef0, 0x0000013d9d5d6960, 0x0000013d9d5d76f0,
0x0000013d9d6205e0, 0x0000013d9d7b48d0, 0x0000013d9d7c0ba0
}

Java Threads: ( => current thread )
  0x0000013dfbcd7d40 JavaThread "main"                              [_thread_in_vm, id=15404, stack(0x0000000b22700000,0x0000000b22800000) (1024K)]
  0x0000013d9d5cace0 JavaThread "Reference Handler"          daemon [_thread_blocked, id=20220, stack(0x0000000b22f00000,0x0000000b23000000) (1024K)]
  0x0000013d9d5cb8a0 JavaThread "Finalizer"                  daemon [_thread_blocked, id=15984, stack(0x0000000b23000000,0x0000000b23100000) (1024K)]
  0x0000013d9d5d9160 JavaThread "Signal Dispatcher"          daemon [_thread_blocked, id=24400, stack(0x0000000b23100000,0x0000000b23200000) (1024K)]
  0x0000013d9d5d3490 JavaThread "Attach Listener"            daemon [_thread_blocked, id=17564, stack(0x0000000b23200000,0x0000000b23300000) (1024K)]
  0x0000013d9d5d3ef0 JavaThread "Service Thread"             daemon [_thread_blocked, id=25336, stack(0x0000000b23300000,0x0000000b23400000) (1024K)]
  0x0000013d9d5d6960 JavaThread "Monitor Deflation Thread"   daemon [_thread_blocked, id=22412, stack(0x0000000b23400000,0x0000000b23500000) (1024K)]
=>0x0000013d9d5d76f0 JavaThread "C2 CompilerThread0"         daemon [_thread_in_native, id=6444, stack(0x0000000b23500000,0x0000000b23600000) (1024K)]
  0x0000013d9d6205e0 JavaThread "C1 CompilerThread0"         daemon [_thread_in_native, id=6264, stack(0x0000000b23600000,0x0000000b23700000) (1024K)]
  0x0000013d9d7b48d0 JavaThread "Notification Thread"        daemon [_thread_blocked, id=19500, stack(0x0000000b23700000,0x0000000b23800000) (1024K)]
  0x0000013d9d7c0ba0 JavaThread "Common-Cleaner"             daemon [_thread_blocked, id=23256, stack(0x0000000b23800000,0x0000000b23900000) (1024K)]
Total: 11

Other Threads:
  0x0000013d9d568f50 VMThread "VM Thread"                           [id=17708, stack(0x0000000b22e00000,0x0000000b22f00000) (1024K)]
  0x0000013dffdad940 WatcherThread "VM Periodic Task Thread"        [id=9304, stack(0x0000000b22d00000,0x0000000b22e00000) (1024K)]
  0x0000013dfdfe87c0 WorkerThread "GC Thread#0"                     [id=17748, stack(0x0000000b22800000,0x0000000b22900000) (1024K)]
  0x0000013dfdff96b0 ConcurrentGCThread "G1 Main Marker"            [id=12020, stack(0x0000000b22900000,0x0000000b22a00000) (1024K)]
  0x0000013dfdffa1c0 WorkerThread "G1 Conc#0"                       [id=2232, stack(0x0000000b22a00000,0x0000000b22b00000) (1024K)]
  0x0000013dffc81aa0 ConcurrentGCThread "G1 Refine#0"               [id=4728, stack(0x0000000b22b00000,0x0000000b22c00000) (1024K)]
  0x0000013dffc83630 ConcurrentGCThread "G1 Service"                [id=4300, stack(0x0000000b22c00000,0x0000000b22d00000) (1024K)]
Total: 7

Threads with active compile tasks:
C2 CompilerThread0  294  449       4       java.lang.StringLatin1::replace (198 bytes)
C1 CompilerThread0  294  475       3       java.util.ArrayList::get (15 bytes)
Total: 2

VM state: not at safepoint (normal execution)

VM Mutex/Monitor currently owned by a thread: None

Heap address: 0x0000000702a00000, size: 4054 MB, Compressed Oops mode: Zero based, Oop shift amount: 3

CDS archive(s) not mapped
Compressed class space mapped at: 0x0000000005000000-0x0000000045000000, reserved size: 1073741824
Narrow klass base: 0x0000000000000000, Narrow klass shift: 0, Narrow klass range: 0x45000000

GC Precious Log:
 CardTable entry size: 512
 Card Set container configuration: InlinePtr #cards 4 size 8 Array Of Cards #cards 16 size 48 Howl #buckets 8 coarsen threshold 3686 Howl Bitmap #cards 512 size 80 coarsen threshold 460 Card regions per heap region 1 cards per card region 4096
 CPUs: 12 total, 12 available
 Memory: 16215M
 Large Page Support: Disabled
 NUMA Support: Disabled
 Compressed Oops: Enabled (Zero based)
 Heap Region Size: 2M
 Heap Min Capacity: 8M
 Heap Initial Capacity: 254M
 Heap Max Capacity: 4054M
 Pre-touch: Disabled
 Parallel Workers: 10
 Concurrent Workers: 3
 Concurrent Refinement Workers: 10
 Periodic GC: Disabled

Heap:
 garbage-first heap   total reserved 4151296K, committed 260096K, used 4096K [0x0000000702a00000, 0x0000000800000000)
  region size 2048K, 4 young (8192K), 0 survivors (0K)
 Metaspace       used 8484K, committed 8640K, reserved 1114112K
  class space    used 730K, committed 832K, reserved 1048576K

Heap Regions: E=young(eden), S=young(survivor), O=old, HS=humongous(starts), HC=humongous(continues), CS=collection set, F=free, TAMS=top-at-mark-start, PB=parsable bottom
|   0|0x0000000702a00000, 0x0000000702a00000, 0x0000000702c00000|  0%| F|  |TAMS 0x0000000702a00000| PB 0x0000000702a00000| Untracked |  0
|   1|0x0000000702c00000, 0x0000000702c00000, 0x0000000702e00000|  0%| F|  |TAMS 0x0000000702c00000| PB 0x0000000702c00000| Untracked |  0
|   2|0x0000000702e00000, 0x0000000702e00000, 0x0000000703000000|  0%| F|  |TAMS 0x0000000702e00000| PB 0x0000000702e00000| Untracked |  0
|   3|0x0000000703000000, 0x0000000703000000, 0x0000000703200000|  0%| F|  |TAMS 0x0000000703000000| PB 0x0000000703000000| Untracked |  0
|   4|0x0000000703200000, 0x0000000703200000, 0x0000000703400000|  0%| F|  |TAMS 0x0000000703200000| PB 0x0000000703200000| Untracked |  0
|   5|0x0000000703400000, 0x0000000703400000, 0x0000000703600000|  0%| F|  |TAMS 0x0000000703400000| PB 0x0000000703400000| Untracked |  0
|   6|0x0000000703600000, 0x0000000703600000, 0x0000000703800000|  0%| F|  |TAMS 0x0000000703600000| PB 0x0000000703600000| Untracked |  0
|   7|0x0000000703800000, 0x0000000703800000, 0x0000000703a00000|  0%| F|  |TAMS 0x0000000703800000| PB 0x0000000703800000| Untracked |  0
|   8|0x0000000703a00000, 0x0000000703a00000, 0x0000000703c00000|  0%| F|  |TAMS 0x0000000703a00000| PB 0x0000000703a00000| Untracked |  0
|   9|0x0000000703c00000, 0x0000000703c00000, 0x0000000703e00000|  0%| F|  |TAMS 0x0000000703c00000| PB 0x0000000703c00000| Untracked |  0
|  10|0x0000000703e00000, 0x0000000703e00000, 0x0000000704000000|  0%| F|  |TAMS 0x0000000703e00000| PB 0x0000000703e00000| Untracked |  0
|  11|0x0000000704000000, 0x0000000704000000, 0x0000000704200000|  0%| F|  |TAMS 0x0000000704000000| PB 0x0000000704000000| Untracked |  0
|  12|0x0000000704200000, 0x0000000704200000, 0x0000000704400000|  0%| F|  |TAMS 0x0000000704200000| PB 0x0000000704200000| Untracked |  0
|  13|0x0000000704400000, 0x0000000704400000, 0x0000000704600000|  0%| F|  |TAMS 0x0000000704400000| PB 0x0000000704400000| Untracked |  0
|  14|0x0000000704600000, 0x0000000704600000, 0x0000000704800000|  0%| F|  |TAMS 0x0000000704600000| PB 0x0000000704600000| Untracked |  0
|  15|0x0000000704800000, 0x0000000704800000, 0x0000000704a00000|  0%| F|  |TAMS 0x0000000704800000| PB 0x0000000704800000| Untracked |  0
|  16|0x0000000704a00000, 0x0000000704a00000, 0x0000000704c00000|  0%| F|  |TAMS 0x0000000704a00000| PB 0x0000000704a00000| Untracked |  0
|  17|0x0000000704c00000, 0x0000000704c00000, 0x0000000704e00000|  0%| F|  |TAMS 0x0000000704c00000| PB 0x0000000704c00000| Untracked |  0
|  18|0x0000000704e00000, 0x0000000704e00000, 0x0000000705000000|  0%| F|  |TAMS 0x0000000704e00000| PB 0x0000000704e00000| Untracked |  0
|  19|0x0000000705000000, 0x0000000705000000, 0x0000000705200000|  0%| F|  |TAMS 0x0000000705000000| PB 0x0000000705000000| Untracked |  0
|  20|0x0000000705200000, 0x0000000705200000, 0x0000000705400000|  0%| F|  |TAMS 0x0000000705200000| PB 0x0000000705200000| Untracked |  0
|  21|0x0000000705400000, 0x0000000705400000, 0x0000000705600000|  0%| F|  |TAMS 0x0000000705400000| PB 0x0000000705400000| Untracked |  0
|  22|0x0000000705600000, 0x0000000705600000, 0x0000000705800000|  0%| F|  |TAMS 0x0000000705600000| PB 0x0000000705600000| Untracked |  0
|  23|0x0000000705800000, 0x0000000705800000, 0x0000000705a00000|  0%| F|  |TAMS 0x0000000705800000| PB 0x0000000705800000| Untracked |  0
|  24|0x0000000705a00000, 0x0000000705a00000, 0x0000000705c00000|  0%| F|  |TAMS 0x0000000705a00000| PB 0x0000000705a00000| Untracked |  0
|  25|0x0000000705c00000, 0x0000000705c00000, 0x0000000705e00000|  0%| F|  |TAMS 0x0000000705c00000| PB 0x0000000705c00000| Untracked |  0
|  26|0x0000000705e00000, 0x0000000705e00000, 0x0000000706000000|  0%| F|  |TAMS 0x0000000705e00000| PB 0x0000000705e00000| Untracked |  0
|  27|0x0000000706000000, 0x0000000706000000, 0x0000000706200000|  0%| F|  |TAMS 0x0000000706000000| PB 0x0000000706000000| Untracked |  0
|  28|0x0000000706200000, 0x0000000706200000, 0x0000000706400000|  0%| F|  |TAMS 0x0000000706200000| PB 0x0000000706200000| Untracked |  0
|  29|0x0000000706400000, 0x0000000706400000, 0x0000000706600000|  0%| F|  |TAMS 0x0000000706400000| PB 0x0000000706400000| Untracked |  0
|  30|0x0000000706600000, 0x0000000706600000, 0x0000000706800000|  0%| F|  |TAMS 0x0000000706600000| PB 0x0000000706600000| Untracked |  0
|  31|0x0000000706800000, 0x0000000706800000, 0x0000000706a00000|  0%| F|  |TAMS 0x0000000706800000| PB 0x0000000706800000| Untracked |  0
|  32|0x0000000706a00000, 0x0000000706a00000, 0x0000000706c00000|  0%| F|  |TAMS 0x0000000706a00000| PB 0x0000000706a00000| Untracked |  0
|  33|0x0000000706c00000, 0x0000000706c00000, 0x0000000706e00000|  0%| F|  |TAMS 0x0000000706c00000| PB 0x0000000706c00000| Untracked |  0
|  34|0x0000000706e00000, 0x0000000706e00000, 0x0000000707000000|  0%| F|  |TAMS 0x0000000706e00000| PB 0x0000000706e00000| Untracked |  0
|  35|0x0000000707000000, 0x0000000707000000, 0x0000000707200000|  0%| F|  |TAMS 0x0000000707000000| PB 0x0000000707000000| Untracked |  0
|  36|0x0000000707200000, 0x0000000707200000, 0x0000000707400000|  0%| F|  |TAMS 0x0000000707200000| PB 0x0000000707200000| Untracked |  0
|  37|0x0000000707400000, 0x0000000707400000, 0x0000000707600000|  0%| F|  |TAMS 0x0000000707400000| PB 0x0000000707400000| Untracked |  0
|  38|0x0000000707600000, 0x0000000707600000, 0x0000000707800000|  0%| F|  |TAMS 0x0000000707600000| PB 0x0000000707600000| Untracked |  0
|  39|0x0000000707800000, 0x0000000707800000, 0x0000000707a00000|  0%| F|  |TAMS 0x0000000707800000| PB 0x0000000707800000| Untracked |  0
|  40|0x0000000707a00000, 0x0000000707a00000, 0x0000000707c00000|  0%| F|  |TAMS 0x0000000707a00000| PB 0x0000000707a00000| Untracked |  0
|  41|0x0000000707c00000, 0x0000000707c00000, 0x0000000707e00000|  0%| F|  |TAMS 0x0000000707c00000| PB 0x0000000707c00000| Untracked |  0
|  42|0x0000000707e00000, 0x0000000707e00000, 0x0000000708000000|  0%| F|  |TAMS 0x0000000707e00000| PB 0x0000000707e00000| Untracked |  0
|  43|0x0000000708000000, 0x0000000708000000, 0x0000000708200000|  0%| F|  |TAMS 0x0000000708000000| PB 0x0000000708000000| Untracked |  0
|  44|0x0000000708200000, 0x0000000708200000, 0x0000000708400000|  0%| F|  |TAMS 0x0000000708200000| PB 0x0000000708200000| Untracked |  0
|  45|0x0000000708400000, 0x0000000708400000, 0x0000000708600000|  0%| F|  |TAMS 0x0000000708400000| PB 0x0000000708400000| Untracked |  0
|  46|0x0000000708600000, 0x0000000708600000, 0x0000000708800000|  0%| F|  |TAMS 0x0000000708600000| PB 0x0000000708600000| Untracked |  0
|  47|0x0000000708800000, 0x0000000708800000, 0x0000000708a00000|  0%| F|  |TAMS 0x0000000708800000| PB 0x0000000708800000| Untracked |  0
|  48|0x0000000708a00000, 0x0000000708a00000, 0x0000000708c00000|  0%| F|  |TAMS 0x0000000708a00000| PB 0x0000000708a00000| Untracked |  0
|  49|0x0000000708c00000, 0x0000000708c00000, 0x0000000708e00000|  0%| F|  |TAMS 0x0000000708c00000| PB 0x0000000708c00000| Untracked |  0
|  50|0x0000000708e00000, 0x0000000708e00000, 0x0000000709000000|  0%| F|  |TAMS 0x0000000708e00000| PB 0x0000000708e00000| Untracked |  0
|  51|0x0000000709000000, 0x0000000709000000, 0x0000000709200000|  0%| F|  |TAMS 0x0000000709000000| PB 0x0000000709000000| Untracked |  0
|  52|0x0000000709200000, 0x0000000709200000, 0x0000000709400000|  0%| F|  |TAMS 0x0000000709200000| PB 0x0000000709200000| Untracked |  0
|  53|0x0000000709400000, 0x0000000709400000, 0x0000000709600000|  0%| F|  |TAMS 0x0000000709400000| PB 0x0000000709400000| Untracked |  0
|  54|0x0000000709600000, 0x0000000709600000, 0x0000000709800000|  0%| F|  |TAMS 0x0000000709600000| PB 0x0000000709600000| Untracked |  0
|  55|0x0000000709800000, 0x0000000709800000, 0x0000000709a00000|  0%| F|  |TAMS 0x0000000709800000| PB 0x0000000709800000| Untracked |  0
|  56|0x0000000709a00000, 0x0000000709a00000, 0x0000000709c00000|  0%| F|  |TAMS 0x0000000709a00000| PB 0x0000000709a00000| Untracked |  0
|  57|0x0000000709c00000, 0x0000000709c00000, 0x0000000709e00000|  0%| F|  |TAMS 0x0000000709c00000| PB 0x0000000709c00000| Untracked |  0
|  58|0x0000000709e00000, 0x0000000709e00000, 0x000000070a000000|  0%| F|  |TAMS 0x0000000709e00000| PB 0x0000000709e00000| Untracked |  0
|  59|0x000000070a000000, 0x000000070a000000, 0x000000070a200000|  0%| F|  |TAMS 0x000000070a000000| PB 0x000000070a000000| Untracked |  0
|  60|0x000000070a200000, 0x000000070a200000, 0x000000070a400000|  0%| F|  |TAMS 0x000000070a200000| PB 0x000000070a200000| Untracked |  0
|  61|0x000000070a400000, 0x000000070a400000, 0x000000070a600000|  0%| F|  |TAMS 0x000000070a400000| PB 0x000000070a400000| Untracked |  0
|  62|0x000000070a600000, 0x000000070a600000, 0x000000070a800000|  0%| F|  |TAMS 0x000000070a600000| PB 0x000000070a600000| Untracked |  0
|  63|0x000000070a800000, 0x000000070a800000, 0x000000070aa00000|  0%| F|  |TAMS 0x000000070a800000| PB 0x000000070a800000| Untracked |  0
|  64|0x000000070aa00000, 0x000000070aa00000, 0x000000070ac00000|  0%| F|  |TAMS 0x000000070aa00000| PB 0x000000070aa00000| Untracked |  0
|  65|0x000000070ac00000, 0x000000070ac00000, 0x000000070ae00000|  0%| F|  |TAMS 0x000000070ac00000| PB 0x000000070ac00000| Untracked |  0
|  66|0x000000070ae00000, 0x000000070ae00000, 0x000000070b000000|  0%| F|  |TAMS 0x000000070ae00000| PB 0x000000070ae00000| Untracked |  0
|  67|0x000000070b000000, 0x000000070b000000, 0x000000070b200000|  0%| F|  |TAMS 0x000000070b000000| PB 0x000000070b000000| Untracked |  0
|  68|0x000000070b200000, 0x000000070b200000, 0x000000070b400000|  0%| F|  |TAMS 0x000000070b200000| PB 0x000000070b200000| Untracked |  0
|  69|0x000000070b400000, 0x000000070b400000, 0x000000070b600000|  0%| F|  |TAMS 0x000000070b400000| PB 0x000000070b400000| Untracked |  0
|  70|0x000000070b600000, 0x000000070b600000, 0x000000070b800000|  0%| F|  |TAMS 0x000000070b600000| PB 0x000000070b600000| Untracked |  0
|  71|0x000000070b800000, 0x000000070b800000, 0x000000070ba00000|  0%| F|  |TAMS 0x000000070b800000| PB 0x000000070b800000| Untracked |  0
|  72|0x000000070ba00000, 0x000000070ba00000, 0x000000070bc00000|  0%| F|  |TAMS 0x000000070ba00000| PB 0x000000070ba00000| Untracked |  0
|  73|0x000000070bc00000, 0x000000070bc00000, 0x000000070be00000|  0%| F|  |TAMS 0x000000070bc00000| PB 0x000000070bc00000| Untracked |  0
|  74|0x000000070be00000, 0x000000070be00000, 0x000000070c000000|  0%| F|  |TAMS 0x000000070be00000| PB 0x000000070be00000| Untracked |  0
|  75|0x000000070c000000, 0x000000070c000000, 0x000000070c200000|  0%| F|  |TAMS 0x000000070c000000| PB 0x000000070c000000| Untracked |  0
|  76|0x000000070c200000, 0x000000070c200000, 0x000000070c400000|  0%| F|  |TAMS 0x000000070c200000| PB 0x000000070c200000| Untracked |  0
|  77|0x000000070c400000, 0x000000070c400000, 0x000000070c600000|  0%| F|  |TAMS 0x000000070c400000| PB 0x000000070c400000| Untracked |  0
|  78|0x000000070c600000, 0x000000070c600000, 0x000000070c800000|  0%| F|  |TAMS 0x000000070c600000| PB 0x000000070c600000| Untracked |  0
|  79|0x000000070c800000, 0x000000070c800000, 0x000000070ca00000|  0%| F|  |TAMS 0x000000070c800000| PB 0x000000070c800000| Untracked |  0
|  80|0x000000070ca00000, 0x000000070ca00000, 0x000000070cc00000|  0%| F|  |TAMS 0x000000070ca00000| PB 0x000000070ca00000| Untracked |  0
|  81|0x000000070cc00000, 0x000000070cc00000, 0x000000070ce00000|  0%| F|  |TAMS 0x000000070cc00000| PB 0x000000070cc00000| Untracked |  0
|  82|0x000000070ce00000, 0x000000070ce00000, 0x000000070d000000|  0%| F|  |TAMS 0x000000070ce00000| PB 0x000000070ce00000| Untracked |  0
|  83|0x000000070d000000, 0x000000070d000000, 0x000000070d200000|  0%| F|  |TAMS 0x000000070d000000| PB 0x000000070d000000| Untracked |  0
|  84|0x000000070d200000, 0x000000070d200000, 0x000000070d400000|  0%| F|  |TAMS 0x000000070d200000| PB 0x000000070d200000| Untracked |  0
|  85|0x000000070d400000, 0x000000070d400000, 0x000000070d600000|  0%| F|  |TAMS 0x000000070d400000| PB 0x000000070d400000| Untracked |  0
|  86|0x000000070d600000, 0x000000070d600000, 0x000000070d800000|  0%| F|  |TAMS 0x000000070d600000| PB 0x000000070d600000| Untracked |  0
|  87|0x000000070d800000, 0x000000070d800000, 0x000000070da00000|  0%| F|  |TAMS 0x000000070d800000| PB 0x000000070d800000| Untracked |  0
|  88|0x000000070da00000, 0x000000070da00000, 0x000000070dc00000|  0%| F|  |TAMS 0x000000070da00000| PB 0x000000070da00000| Untracked |  0
|  89|0x000000070dc00000, 0x000000070dc00000, 0x000000070de00000|  0%| F|  |TAMS 0x000000070dc00000| PB 0x000000070dc00000| Untracked |  0
|  90|0x000000070de00000, 0x000000070de00000, 0x000000070e000000|  0%| F|  |TAMS 0x000000070de00000| PB 0x000000070de00000| Untracked |  0
|  91|0x000000070e000000, 0x000000070e000000, 0x000000070e200000|  0%| F|  |TAMS 0x000000070e000000| PB 0x000000070e000000| Untracked |  0
|  92|0x000000070e200000, 0x000000070e200000, 0x000000070e400000|  0%| F|  |TAMS 0x000000070e200000| PB 0x000000070e200000| Untracked |  0
|  93|0x000000070e400000, 0x000000070e400000, 0x000000070e600000|  0%| F|  |TAMS 0x000000070e400000| PB 0x000000070e400000| Untracked |  0
|  94|0x000000070e600000, 0x000000070e600000, 0x000000070e800000|  0%| F|  |TAMS 0x000000070e600000| PB 0x000000070e600000| Untracked |  0
|  95|0x000000070e800000, 0x000000070e800000, 0x000000070ea00000|  0%| F|  |TAMS 0x000000070e800000| PB 0x000000070e800000| Untracked |  0
|  96|0x000000070ea00000, 0x000000070ea00000, 0x000000070ec00000|  0%| F|  |TAMS 0x000000070ea00000| PB 0x000000070ea00000| Untracked |  0
|  97|0x000000070ec00000, 0x000000070ec00000, 0x000000070ee00000|  0%| F|  |TAMS 0x000000070ec00000| PB 0x000000070ec00000| Untracked |  0
|  98|0x000000070ee00000, 0x000000070ee00000, 0x000000070f000000|  0%| F|  |TAMS 0x000000070ee00000| PB 0x000000070ee00000| Untracked |  0
|  99|0x000000070f000000, 0x000000070f000000, 0x000000070f200000|  0%| F|  |TAMS 0x000000070f000000| PB 0x000000070f000000| Untracked |  0
| 100|0x000000070f200000, 0x000000070f200000, 0x000000070f400000|  0%| F|  |TAMS 0x000000070f200000| PB 0x000000070f200000| Untracked |  0
| 101|0x000000070f400000, 0x000000070f400000, 0x000000070f600000|  0%| F|  |TAMS 0x000000070f400000| PB 0x000000070f400000| Untracked |  0
| 102|0x000000070f600000, 0x000000070f600000, 0x000000070f800000|  0%| F|  |TAMS 0x000000070f600000| PB 0x000000070f600000| Untracked |  0
| 103|0x000000070f800000, 0x000000070f800000, 0x000000070fa00000|  0%| F|  |TAMS 0x000000070f800000| PB 0x000000070f800000| Untracked |  0
| 104|0x000000070fa00000, 0x000000070fa00000, 0x000000070fc00000|  0%| F|  |TAMS 0x000000070fa00000| PB 0x000000070fa00000| Untracked |  0
| 105|0x000000070fc00000, 0x000000070fc00000, 0x000000070fe00000|  0%| F|  |TAMS 0x000000070fc00000| PB 0x000000070fc00000| Untracked |  0
| 106|0x000000070fe00000, 0x000000070fe00000, 0x0000000710000000|  0%| F|  |TAMS 0x000000070fe00000| PB 0x000000070fe00000| Untracked |  0
| 107|0x0000000710000000, 0x0000000710000000, 0x0000000710200000|  0%| F|  |TAMS 0x0000000710000000| PB 0x0000000710000000| Untracked |  0
| 108|0x0000000710200000, 0x0000000710200000, 0x0000000710400000|  0%| F|  |TAMS 0x0000000710200000| PB 0x0000000710200000| Untracked |  0
| 109|0x0000000710400000, 0x0000000710400000, 0x0000000710600000|  0%| F|  |TAMS 0x0000000710400000| PB 0x0000000710400000| Untracked |  0
| 110|0x0000000710600000, 0x0000000710600000, 0x0000000710800000|  0%| F|  |TAMS 0x0000000710600000| PB 0x0000000710600000| Untracked |  0
| 111|0x0000000710800000, 0x0000000710800000, 0x0000000710a00000|  0%| F|  |TAMS 0x0000000710800000| PB 0x0000000710800000| Untracked |  0
| 112|0x0000000710a00000, 0x0000000710a00000, 0x0000000710c00000|  0%| F|  |TAMS 0x0000000710a00000| PB 0x0000000710a00000| Untracked |  0
| 113|0x0000000710c00000, 0x0000000710c00000, 0x0000000710e00000|  0%| F|  |TAMS 0x0000000710c00000| PB 0x0000000710c00000| Untracked |  0
| 114|0x0000000710e00000, 0x0000000710e00000, 0x0000000711000000|  0%| F|  |TAMS 0x0000000710e00000| PB 0x0000000710e00000| Untracked |  0
| 115|0x0000000711000000, 0x0000000711000000, 0x0000000711200000|  0%| F|  |TAMS 0x0000000711000000| PB 0x0000000711000000| Untracked |  0
| 116|0x0000000711200000, 0x0000000711200000, 0x0000000711400000|  0%| F|  |TAMS 0x0000000711200000| PB 0x0000000711200000| Untracked |  0
| 117|0x0000000711400000, 0x0000000711400000, 0x0000000711600000|  0%| F|  |TAMS 0x0000000711400000| PB 0x0000000711400000| Untracked |  0
| 118|0x0000000711600000, 0x0000000711600000, 0x0000000711800000|  0%| F|  |TAMS 0x0000000711600000| PB 0x0000000711600000| Untracked |  0
| 119|0x0000000711800000, 0x0000000711800000, 0x0000000711a00000|  0%| F|  |TAMS 0x0000000711800000| PB 0x0000000711800000| Untracked |  0
| 120|0x0000000711a00000, 0x0000000711a00000, 0x0000000711c00000|  0%| F|  |TAMS 0x0000000711a00000| PB 0x0000000711a00000| Untracked |  0
| 121|0x0000000711c00000, 0x0000000711c00000, 0x0000000711e00000|  0%| F|  |TAMS 0x0000000711c00000| PB 0x0000000711c00000| Untracked |  0
| 122|0x0000000711e00000, 0x0000000711e00000, 0x0000000712000000|  0%| F|  |TAMS 0x0000000711e00000| PB 0x0000000711e00000| Untracked |  0
| 123|0x0000000712000000, 0x00000007121a4238, 0x0000000712200000| 82%| E|  |TAMS 0x0000000712000000| PB 0x0000000712000000| Complete |  0
| 124|0x0000000712200000, 0x0000000712400000, 0x0000000712400000|100%| E|  |TAMS 0x0000000712200000| PB 0x0000000712200000| Complete |  0
| 125|0x0000000712400000, 0x0000000712600000, 0x0000000712600000|100%| E|CS|TAMS 0x0000000712400000| PB 0x0000000712400000| Complete |  0
| 126|0x0000000712600000, 0x0000000712800000, 0x0000000712800000|100%| E|CS|TAMS 0x0000000712600000| PB 0x0000000712600000| Complete |  0

Card table byte_map: [0x0000013dfed90000,0x0000013dff580000] _byte_map_base: 0x0000013dfb57b000

Marking Bits: (CMBitMap*) 0x0000013dfdfe8ed0
 Bits: [0x0000013d97280000, 0x0000013d9b1d8000)

Polling page: 0x0000013dfbf00000

Metaspace:

Usage:
  Non-class:      7.65 MB used.
      Class:    736.27 KB used.
       Both:      8.37 MB used.

Virtual space:
  Non-class space:       64.00 MB reserved,       7.75 MB ( 12%) committed,  1 nodes.
      Class space:        1.00 GB reserved,     832.00 KB ( <1%) committed,  1 nodes.
             Both:        1.06 GB reserved,       8.56 MB ( <1%) committed. 

Chunk freelists:
   Non-Class:  8.22 MB
       Class:  15.16 MB
        Both:  23.38 MB

MaxMetaspaceSize: unlimited
CompressedClassSpaceSize: 1.00 GB
Initial GC threshold: 21.00 MB
Current GC threshold: 21.00 MB
CDS: off
 - commit_granule_bytes: 65536.
 - commit_granule_words: 8192.
 - virtual_space_node_default_size: 8388608.
 - enlarge_chunks_in_place: 1.
 - use_allocation_guard: 0.


Internal statistics:

num_allocs_failed_limit: 0.
num_arena_births: 22.
num_arena_deaths: 0.
num_vsnodes_births: 2.
num_vsnodes_deaths: 0.
num_space_committed: 137.
num_space_uncommitted: 0.
num_chunks_returned_to_freelist: 0.
num_chunks_taken_from_freelist: 76.
num_chunk_merges: 0.
num_chunk_splits: 47.
num_chunks_enlarged: 40.
num_inconsistent_stats: 0.

CodeHeap 'non-profiled nmethods': size=120000Kb used=139Kb max_used=139Kb free=119860Kb
 bounds [0x0000013d8fd50000, 0x0000013d8ffc0000, 0x0000013d97280000]
CodeHeap 'profiled nmethods': size=120000Kb used=719Kb max_used=719Kb free=119280Kb
 bounds [0x0000013d88280000, 0x0000013d884f0000, 0x0000013d8f7b0000]
CodeHeap 'non-nmethods': size=5760Kb used=1302Kb max_used=1314Kb free=4457Kb
 bounds [0x0000013d8f7b0000, 0x0000013d8fa20000, 0x0000013d8fd50000]
 total_blobs=896 nmethods=482 adapters=319
 compilation: enabled
              stopped_count=0, restarted_count=0
 full_count=0

Compilation events (20 events):
Event: 0.240 Thread 0x0000013d9d6205e0  439       3       java.nio.DirectIntBufferU::ix (10 bytes)
Event: 0.240 Thread 0x0000013d9d6205e0 nmethod 439 0x0000013d8831b710 code [0x0000013d8831b8a0, 0x0000013d8831b9c0]
Event: 0.240 Thread 0x0000013d9d6205e0  437       3       jdk.internal.loader.BuiltinClassLoader::moduleReaderFor (45 bytes)
Event: 0.240 Thread 0x0000013d9d6205e0 nmethod 437 0x0000013d8831ba90 code [0x0000013d8831bc80, 0x0000013d8831c270]
Event: 0.240 Thread 0x0000013d9d6205e0  440       3       java.lang.String::endsWith (15 bytes)
Event: 0.240 Thread 0x0000013d9d6205e0 nmethod 440 0x0000013d8831c410 code [0x0000013d8831c5e0, 0x0000013d8831c920]
Event: 0.240 Thread 0x0000013d9d6205e0  438       3       jdk.internal.module.SystemModuleFinders$SystemModuleReader::find (59 bytes)
Event: 0.241 Thread 0x0000013d9d6205e0 nmethod 438 0x0000013d8831cb10 code [0x0000013d8831cdc0, 0x0000013d8831d948]
Event: 0.241 Thread 0x0000013d9d6205e0  441       3       org.codehaus.plexus.classworlds.realm.ClassRealm::getClassLoadingLock (38 bytes)
Event: 0.241 Thread 0x0000013d9d6205e0 nmethod 441 0x0000013d8831de10 code [0x0000013d8831dfc0, 0x0000013d8831e298]
Event: 0.241 Thread 0x0000013d9d6205e0  442       3       java.lang.ref.Cleaner::register (25 bytes)
Event: 0.242 Thread 0x0000013d9d6205e0 nmethod 442 0x0000013d8831e390 code [0x0000013d8831e580, 0x0000013d8831eaa8]
Event: 0.242 Thread 0x0000013d9d6205e0  443       3       jdk.internal.ref.CleanerImpl$PhantomCleanableRef::<init> (12 bytes)
Event: 0.242 Thread 0x0000013d9d6205e0 nmethod 443 0x0000013d8831ec90 code [0x0000013d8831ee40, 0x0000013d8831efe8]
Event: 0.242 Thread 0x0000013d9d6205e0  444   !   3       java.net.URL::<init> (543 bytes)
Event: 0.242 Thread 0x0000013d9d5d76f0  446       4       java.util.zip.ZipUtils::CENCOM (9 bytes)
Event: 0.243 Thread 0x0000013d9d5d76f0 nmethod 446 0x0000013d8fd71190 code [0x0000013d8fd71320, 0x0000013d8fd71408]
Event: 0.244 Thread 0x0000013d9d5d76f0  449       4       java.lang.StringLatin1::replace (198 bytes)
Event: 0.245 Thread 0x0000013d9d6205e0 nmethod 444 0x0000013d8831f090 code [0x0000013d8831f6a0, 0x0000013d88322a30]
Event: 0.245 Thread 0x0000013d9d6205e0  445       3       java.net.URLStreamHandler::setURL (156 bytes)

GC Heap History (0 events):
No events

Dll operation events (8 events):
Event: 0.009 Loaded shared library C:\Program Files\Java\jdk-22\bin\java.dll
Event: 0.051 Loaded shared library C:\Program Files\Java\jdk-22\bin\jsvml.dll
Event: 0.084 Loaded shared library C:\Program Files\Java\jdk-22\bin\net.dll
Event: 0.086 Loaded shared library C:\Program Files\Java\jdk-22\bin\nio.dll
Event: 0.091 Loaded shared library C:\Program Files\Java\jdk-22\bin\zip.dll
Event: 0.191 Loaded shared library C:\Program Files\Java\jdk-22\bin\jimage.dll
Event: 0.200 Loaded shared library C:\Users\Ahmed Yasser\Dropbox\PC\Downloads\apache-maven-3.8.8-bin\apache-maven-3.8.8\lib\jansi-native\Windows\x86_64\jansi.dll
Event: 0.209 Loaded shared library C:\Program Files\Java\jdk-22\bin\verify.dll

Deoptimization events (8 events):
Event: 0.137 Thread 0x0000013dfbcd7d40 Uncommon trap: trap_request=0xffffff45 fr.pc=0x0000013d8fd59f6c relative=0x00000000000002ac
Event: 0.137 Thread 0x0000013dfbcd7d40 Uncommon trap: reason=unstable_if action=reinterpret pc=0x0000013d8fd59f6c method=java.lang.StringLatin1.hashCode([B)I @ 2 c2
Event: 0.137 Thread 0x0000013dfbcd7d40 DEOPT PACKING pc=0x0000013d8fd59f6c sp=0x0000000b227fac50
Event: 0.137 Thread 0x0000013dfbcd7d40 DEOPT UNPACKING pc=0x0000013d8f8046a2 sp=0x0000000b227fab88 mode 2
Event: 0.147 Thread 0x0000013dfbcd7d40 Uncommon trap: trap_request=0xffffff45 fr.pc=0x0000013d8fd57904 relative=0x0000000000000164
Event: 0.147 Thread 0x0000013dfbcd7d40 Uncommon trap: reason=unstable_if action=reinterpret pc=0x0000013d8fd57904 method=java.lang.StringCoding.countPositives([BII)I @ 17 c2
Event: 0.147 Thread 0x0000013dfbcd7d40 DEOPT PACKING pc=0x0000013d8fd57904 sp=0x0000000b227fa620
Event: 0.147 Thread 0x0000013dfbcd7d40 DEOPT UNPACKING pc=0x0000013d8f8046a2 sp=0x0000000b227fa5c0 mode 2

Classes loaded (20 events):
Event: 0.230 Loading class java/util/LinkedHashMap$LinkedKeySet
Event: 0.230 Loading class java/util/LinkedHashMap$LinkedKeySet done
Event: 0.230 Loading class java/util/LinkedHashMap$LinkedKeyIterator
Event: 0.230 Loading class java/util/LinkedHashMap$LinkedKeyIterator done
Event: 0.235 Loading class java/text/DateFormat
Event: 0.236 Loading class java/text/Format
Event: 0.236 Loading class java/text/Format done
Event: 0.236 Loading class java/text/DateFormat done
Event: 0.236 Loading class java/text/SimpleDateFormat
Event: 0.236 Loading class java/text/SimpleDateFormat done
Event: 0.237 Loading class jdk/internal/loader/URLClassPath$FileLoader$1
Event: 0.237 Loading class jdk/internal/loader/URLClassPath$FileLoader$1 done
Event: 0.239 Loading class java/util/HashMap$Values
Event: 0.239 Loading class java/util/HashMap$Values done
Event: 0.239 Loading class java/lang/InstantiationException
Event: 0.239 Loading class java/lang/InstantiationException done
Event: 0.242 Loading class java/io/StringWriter
Event: 0.242 Loading class java/io/StringWriter done
Event: 0.242 Loading class java/io/StringReader
Event: 0.242 Loading class java/io/StringReader done

Classes unloaded (0 events):
No events

Classes redefined (0 events):
No events

Internal exceptions (10 events):
Event: 0.179 Thread 0x0000013dfbcd7d40 Exception <a 'java/lang/NoSuchMethodError'{0x00000007122af8a8}: 'java.lang.Object java.lang.invoke.Invokers$Holder.invokeExact_MT(java.lang.Object, java.lang.Object, java.lang.Object, java.lang.Object, java.lang.Object)'> (0x00000007122af8a8) 
thrown [s\open\src\hotspot\share\interpreter\linkResolver.cpp, line 774]
Event: 0.186 Thread 0x0000013dfbcd7d40 Exception <a 'java/lang/NullPointerException'{0x0000000712309008}> (0x0000000712309008) 
thrown [s\open\src\hotspot\share\interpreter\linkResolver.cpp, line 1374]
Event: 0.202 Thread 0x0000013dfbcd7d40 Exception <a 'java/lang/NullPointerException'{0x0000000712349f50}> (0x0000000712349f50) 
thrown [s\open\src\hotspot\share\interpreter\linkResolver.cpp, line 1374]
Event: 0.202 Thread 0x0000013dfbcd7d40 Exception <a 'java/lang/NullPointerException'{0x000000071234a230}> (0x000000071234a230) 
thrown [s\open\src\hotspot\share\interpreter\linkResolver.cpp, line 1374]
Event: 0.202 Thread 0x0000013dfbcd7d40 Exception <a 'java/lang/NullPointerException'{0x000000071234a510}> (0x000000071234a510) 
thrown [s\open\src\hotspot\share\interpreter\linkResolver.cpp, line 1374]
Event: 0.203 Thread 0x0000013dfbcd7d40 Exception <a 'java/lang/NullPointerException'{0x000000071234f5d0}> (0x000000071234f5d0) 
thrown [s\open\src\hotspot\share\interpreter\linkResolver.cpp, line 1374]
Event: 0.204 Thread 0x0000013dfbcd7d40 Exception <a 'java/lang/NullPointerException'{0x0000000712362a88}> (0x0000000712362a88) 
thrown [s\open\src\hotspot\share\interpreter\linkResolver.cpp, line 1374]
Event: 0.204 Thread 0x0000013dfbcd7d40 Exception <a 'java/lang/NullPointerException'{0x0000000712362d68}> (0x0000000712362d68) 
thrown [s\open\src\hotspot\share\interpreter\linkResolver.cpp, line 1374]
Event: 0.204 Thread 0x0000013dfbcd7d40 Exception <a 'java/lang/NullPointerException'{0x0000000712363048}> (0x0000000712363048) 
thrown [s\open\src\hotspot\share\interpreter\linkResolver.cpp, line 1374]
Event: 0.204 Thread 0x0000013dfbcd7d40 Exception <a 'java/lang/NullPointerException'{0x0000000712363328}> (0x0000000712363328) 
thrown [s\open\src\hotspot\share\interpreter\linkResolver.cpp, line 1374]

ZGC Phase Switch (0 events):
No events

VM Operations (6 events):
Event: 0.092 Executing VM operation: HandshakeAllThreads (Deoptimize)
Event: 0.092 Executing VM operation: HandshakeAllThreads (Deoptimize) done
Event: 0.185 Executing VM operation: HandshakeAllThreads (Deoptimize)
Event: 0.185 Executing VM operation: HandshakeAllThreads (Deoptimize) done
Event: 0.195 Executing VM operation: HandshakeAllThreads (Deoptimize)
Event: 0.195 Executing VM operation: HandshakeAllThreads (Deoptimize) done

Events (11 events):
Event: 0.017 Thread 0x0000013dfbcd7d40 Thread added: 0x0000013dfbcd7d40
Event: 0.048 Thread 0x0000013d9d5cace0 Thread added: 0x0000013d9d5cace0
Event: 0.048 Thread 0x0000013d9d5cb8a0 Thread added: 0x0000013d9d5cb8a0
Event: 0.049 Thread 0x0000013d9d5d9160 Thread added: 0x0000013d9d5d9160
Event: 0.049 Thread 0x0000013d9d5d3490 Thread added: 0x0000013d9d5d3490
Event: 0.049 Thread 0x0000013d9d5d3ef0 Thread added: 0x0000013d9d5d3ef0
Event: 0.049 Thread 0x0000013d9d5d6960 Thread added: 0x0000013d9d5d6960
Event: 0.049 Thread 0x0000013d9d5d76f0 Thread added: 0x0000013d9d5d76f0
Event: 0.049 Thread 0x0000013d9d6205e0 Thread added: 0x0000013d9d6205e0
Event: 0.076 Thread 0x0000013d9d7b48d0 Thread added: 0x0000013d9d7b48d0
Event: 0.080 Thread 0x0000013d9d7c0ba0 Thread added: 0x0000013d9d7c0ba0


Dynamic libraries:
0x00007ff618040000 - 0x00007ff618050000 	C:\Program Files\Java\jdk-22\bin\java.exe
0x00007ffd35710000 - 0x00007ffd35927000 	C:\WINDOWS\SYSTEM32\ntdll.dll
0x00007ffd338b0000 - 0x00007ffd33974000 	C:\WINDOWS\System32\KERNEL32.DLL
0x00007ffd32ae0000 - 0x00007ffd32eb3000 	C:\WINDOWS\System32\KERNELBASE.dll
0x00007ffd32820000 - 0x00007ffd32931000 	C:\WINDOWS\System32\ucrtbase.dll
0x00007ffd2afb0000 - 0x00007ffd2afc7000 	C:\Program Files\Java\jdk-22\bin\jli.dll
0x00007ffd1fb90000 - 0x00007ffd1fbab000 	C:\Program Files\Java\jdk-22\bin\VCRUNTIME140.dll
0x00007ffd33490000 - 0x00007ffd33541000 	C:\WINDOWS\System32\ADVAPI32.dll
0x00007ffd34bc0000 - 0x00007ffd34c67000 	C:\WINDOWS\System32\msvcrt.dll
0x00007ffd33980000 - 0x00007ffd33a28000 	C:\WINDOWS\System32\sechost.dll
0x00007ffd32940000 - 0x00007ffd32968000 	C:\WINDOWS\System32\bcrypt.dll
0x00007ffd33dc0000 - 0x00007ffd33ed4000 	C:\WINDOWS\System32\RPCRT4.dll
0x00007ffd34c70000 - 0x00007ffd34e21000 	C:\WINDOWS\System32\USER32.dll
0x00007ffd19c70000 - 0x00007ffd19f08000 	C:\WINDOWS\WinSxS\amd64_microsoft.windows.common-controls_6595b64144ccf1df_6.0.22621.5124_none_270e8f4f7386d69d\COMCTL32.dll
0x00007ffd32fe0000 - 0x00007ffd33006000 	C:\WINDOWS\System32\win32u.dll
0x00007ffd33ee0000 - 0x00007ffd33f09000 	C:\WINDOWS\System32\GDI32.dll
0x00007ffd32ec0000 - 0x00007ffd32fdb000 	C:\WINDOWS\System32\gdi32full.dll
0x00007ffd331d0000 - 0x00007ffd3326a000 	C:\WINDOWS\System32\msvcp_win.dll
0x00007ffd28ae0000 - 0x00007ffd28aea000 	C:\WINDOWS\SYSTEM32\VERSION.dll
0x00007ffd348b0000 - 0x00007ffd348e1000 	C:\WINDOWS\System32\IMM32.DLL
0x00007ffd2c610000 - 0x00007ffd2c61c000 	C:\Program Files\Java\jdk-22\bin\vcruntime140_1.dll
0x00007ffd17e50000 - 0x00007ffd17ede000 	C:\Program Files\Java\jdk-22\bin\msvcp140.dll
0x00007ffcdd590000 - 0x00007ffcde2d7000 	C:\Program Files\Java\jdk-22\bin\server\jvm.dll
0x00007ffd33830000 - 0x00007ffd338a1000 	C:\WINDOWS\System32\WS2_32.dll
0x00007ffd318b0000 - 0x00007ffd318fd000 	C:\WINDOWS\SYSTEM32\POWRPROF.dll
0x00007ffd2a4c0000 - 0x00007ffd2a4f4000 	C:\WINDOWS\SYSTEM32\WINMM.dll
0x00007ffd31890000 - 0x00007ffd318a3000 	C:\WINDOWS\SYSTEM32\UMPDC.dll
0x00007ffd31900000 - 0x00007ffd31918000 	C:\WINDOWS\SYSTEM32\kernel.appcore.dll
0x00007ffd2c560000 - 0x00007ffd2c56a000 	C:\Program Files\Java\jdk-22\bin\jimage.dll
0x00007ffd2fab0000 - 0x00007ffd2fce2000 	C:\WINDOWS\SYSTEM32\DBGHELP.DLL
0x00007ffd33fa0000 - 0x00007ffd34332000 	C:\WINDOWS\System32\combase.dll
0x00007ffd34a50000 - 0x00007ffd34b27000 	C:\WINDOWS\System32\OLEAUT32.dll
0x00007ffd0cbd0000 - 0x00007ffd0cc02000 	C:\WINDOWS\SYSTEM32\dbgcore.DLL
0x00007ffd33270000 - 0x00007ffd332eb000 	C:\WINDOWS\System32\bcryptPrimitives.dll
0x00007ffd1fb70000 - 0x00007ffd1fb8e000 	C:\Program Files\Java\jdk-22\bin\java.dll
0x00007ffd34e30000 - 0x00007ffd356c6000 	C:\WINDOWS\System32\SHELL32.dll
0x00007ffd33090000 - 0x00007ffd331cf000 	C:\WINDOWS\System32\wintypes.dll
0x00007ffd33bf0000 - 0x00007ffd33d91000 	C:\WINDOWS\System32\ole32.dll
0x00007ffd306f0000 - 0x00007ffd3100a000 	C:\WINDOWS\SYSTEM32\windows.storage.dll
0x00007ffd33610000 - 0x00007ffd3371a000 	C:\WINDOWS\System32\SHCORE.dll
0x00007ffd33f30000 - 0x00007ffd33f93000 	C:\WINDOWS\System32\shlwapi.dll
0x00007ffd32750000 - 0x00007ffd3277b000 	C:\WINDOWS\SYSTEM32\profapi.dll
0x00007ffd07420000 - 0x00007ffd074f7000 	C:\Program Files\Java\jdk-22\bin\jsvml.dll
0x00007ffd1fbe0000 - 0x00007ffd1fbf0000 	C:\Program Files\Java\jdk-22\bin\net.dll
0x00007ffd31d80000 - 0x00007ffd31dea000 	C:\WINDOWS\system32\mswsock.dll
0x00007ffd1fb50000 - 0x00007ffd1fb66000 	C:\Program Files\Java\jdk-22\bin\nio.dll
0x00007ffd1fb30000 - 0x00007ffd1fb47000 	C:\Program Files\Java\jdk-22\bin\zip.dll
0x0000000069ac0000 - 0x0000000069ae4000 	C:\Users\Ahmed Yasser\Dropbox\PC\Downloads\apache-maven-3.8.8-bin\apache-maven-3.8.8\lib\jansi-native\Windows\x86_64\jansi.dll
0x00007ffd1fb20000 - 0x00007ffd1fb30000 	C:\Program Files\Java\jdk-22\bin\verify.dll

dbghelp: loaded successfully - version: 4.0.5 - missing functions: none
symbol engine: initialized successfully - sym options: 0x614 - pdb path: .;C:\Program Files\Java\jdk-22\bin;C:\WINDOWS\SYSTEM32;C:\WINDOWS\WinSxS\amd64_microsoft.windows.common-controls_6595b64144ccf1df_6.0.22621.5124_none_270e8f4f7386d69d;C:\Program Files\Java\jdk-22\bin\server;C:\Users\Ahmed Yasser\Dropbox\PC\Downloads\apache-maven-3.8.8-bin\apache-maven-3.8.8\lib\jansi-native\Windows\x86_64

VM Arguments:
jvm_args: -Dclassworlds.conf=C:\Users\Ahmed Yasser\Dropbox\PC\Downloads\apache-maven-3.8.8-bin\apache-maven-3.8.8\bin\m2.conf -Dmaven.home=C:\Users\Ahmed Yasser\Dropbox\PC\Downloads\apache-maven-3.8.8-bin\apache-maven-3.8.8 -Dlibrary.jansi.path=C:\Users\Ahmed Yasser\Dropbox\PC\Downloads\apache-maven-3.8.8-bin\apache-maven-3.8.8\lib\jansi-native -Dmaven.multiModuleProjectDirectory=D:\Ahmed Yasser 1\DXC Preparation\Final Project\backend\iotproject 
java_command: org.codehaus.plexus.classworlds.launcher.Launcher clean package -DskipTests
java_class_path (initial): C:\Users\Ahmed Yasser\Dropbox\PC\Downloads\apache-maven-3.8.8-bin\apache-maven-3.8.8\boot\plexus-classworlds-2.6.0.jar
Launcher Type: SUN_STANDARD

[Global flags]
     intx CICompilerCount                          = 4                                         {product} {ergonomic}
     uint ConcGCThreads                            = 3                                         {product} {ergonomic}
     uint G1ConcRefinementThreads                  = 10                                        {product} {ergonomic}
   size_t G1HeapRegionSize                         = 2097152                                   {product} {ergonomic}
   size_t InitialHeapSize                          = 266338304                                 {product} {ergonomic}
   size_t MarkStackSize                            = 4194304                                   {product} {ergonomic}
   size_t MaxHeapSize                              = 4250927104                                {product} {ergonomic}
   size_t MaxNewSize                               = 2550136832                                {product} {ergonomic}
   size_t MinHeapDeltaBytes                        = 2097152                                   {product} {ergonomic}
   size_t MinHeapSize                              = 8388608                                   {product} {ergonomic}
    uintx NonNMethodCodeHeapSize                   = 5839372                                {pd product} {ergonomic}
    uintx NonProfiledCodeHeapSize                  = 122909434                              {pd product} {ergonomic}
    uintx ProfiledCodeHeapSize                     = 122909434                              {pd product} {ergonomic}
    uintx ReservedCodeCacheSize                    = 251658240                              {pd product} {ergonomic}
     bool SegmentedCodeCache                       = true                                      {product} {ergonomic}
   size_t SoftMaxHeapSize                          = 4250927104                             {manageable} {ergonomic}
     bool UseCompressedOops                        = true                           {product lp64_product} {ergonomic}
     bool UseG1GC                                  = true                                      {product} {ergonomic}
     bool UseLargePagesIndividualAllocation        = false                                  {pd product} {ergonomic}

Logging:
Log output configuration:
 #0: stdout all=warning uptime,level,tags foldmultilines=false
 #1: stderr all=off uptime,level,tags foldmultilines=false

Environment Variables:
PATH=C:\Program Files (x86)\VMware\VMware Workstation\bin\;C:\Program Files\NVIDIA GPU Computing Toolkit\CUDA\v11.7\bin;C:\Program Files\NVIDIA GPU Computing Toolkit\CUDA\v11.7\libnvvp;C:\Program Files\Java\jdk-17;C:\Program Files\Common Files\Oracle\Java\javapath;C:\Python312\Scripts\;C:\Python312\;C:\Program Files (x86)\Common Files\Oracle\Java\javapath;C:\Program Files\Microsoft MPI\Bin\;C:\Python37-32\Scripts\;C:\Python37-32\;C:\Windows\system32;C:\Windows;C:\Windows\System32\Wbem;C:\Windows\System32\WindowsPowerShell\v1.0\;C:\Windows\System32\OpenSSH\;C:\Program Files (x86)\NVIDIA Corporation\PhysX\Common;C:\Program Files\NVIDIA Corporation\NVIDIA NvDLISR;C:\WINDOWS\system32;C:\WINDOWS;C:\WINDOWS\System32\Wbem;C:\WINDOWS\System32\WindowsPowerShell\v1.0\;C:\WINDOWS\System32\OpenSSH\;C:\Program Files\Git\cmd;C:\Program Files\dotnet\;C:\Program Files (x86)\Microsoft SQL Server\150\DTS\Binn\;C:\Program Files\Azure Data Studio\bin;C:\Program Files (x86)\Microsoft SQL Server\160\Tools\Binn\;C:\Program Files\Microsoft SQL Server\160\Tools\Binn\;C:\Program Files\Microsoft SQL Server\Client SDK\ODBC\170\Tools\Binn\;C:\Program Files\Microsoft SQL Server\160\DTS\Binn\;C:\Program Files (x86)\Microsoft SQL Server\160\DTS\Binn\;C:\Program Files\Microsoft SQL Server\150\Tools\Binn\;C:\ProgramData\chocolatey\bin;C:\Program Files\NVIDIA Corporation\Nsight Compute 2022.2.1\;C:\WINDOWS\system32;C:\WINDOWS;C:\WINDOWS\System32\Wbem;C:\WINDOWS\System32\WindowsPowerShell\v1.0\;C:\WINDOWS\System32\OpenSSH\;C:\Program Files\CMake\bin;D:\dartsdk-windows-x64-release\dart-sdk\bin;C:\Program Files\nodejs\;C:\Users\Ahmed Yasser\AppData\Local\Pub\Cache\bin;C:\Program Files\Amazon\AWSCLIV2\;C:\Users\Ahmed Yasser\Dropbox\PC\Downloads\apache-maven-3.8.8-bin\apache-maven-3.8.8\bin;;C:\Program Files\Docker\Docker\resources\bin;C:\Users\Ahmed Yasser\AppData\Local\Programs\Python\Python310\Scripts\;C:\Users\Ahmed Yasser\AppData\Local\Programs\Python\Python310\;C:\Users\Ahmed Yasser\AppData\Local\Microsoft\WindowsApps;D:\Microsoft VS Code\bin;C:\Users\Ahmed Yasser\.dotnet\tools;C:\Program Files\Azure Data Studio\bin;C:\MinGW\bin;C:\Program Files\CMake\bin;C:\Users\Ahmed Yasser\AppData\Local\JetBrains\PyCharm Community Edition 2022.2.2\bin;;C:\development\flutter\bin;D:\dartsdk-windows-x64-release\dart-sdk\bin;C:\Users\Ahmed Yasser\AppData\Roaming\npm;C:\Users\Ahmed Yasser\AppData\Local\Pub\Cache\bin;C:\Program Files\Java\jdk-22\bin;C:\ProgramData\chocolatey\lib\terraform\tools;C:\Program Files (x86)\Nmap;C:\Program Files\JetBrains\IntelliJ IDEA Community Edition 2024.3.3\bin;
USERNAME=Ahmed Yasser
OS=Windows_NT
PROCESSOR_IDENTIFIER=Intel64 Family 6 Model 165 Stepping 2, GenuineIntel
TMP=C:\Users\AHMEDY~1\AppData\Local\Temp
TEMP=C:\Users\AHMEDY~1\AppData\Local\Temp




Periodic native trim disabled

---------------  S Y S T E M  ---------------

OS:
 Windows 11 , 64 bit Build 22621 (10.0.22621.5124)
OS uptime: 0 days 5:19 hours
Hyper-V role detected

CPU: total 12 (initial active 12) (6 cores per cpu, 2 threads per core) family 6 model 165 stepping 2 microcode 0xe2, cx8, cmov, fxsr, ht, mmx, 3dnowpref, sse, sse2, sse3, ssse3, sse4.1, sse4.2, popcnt, lzcnt, tsc, tscinvbit, avx, avx2, aes, erms, clmul, bmi1, bmi2, adx, fma, vzeroupper, clflush, clflushopt, hv, rdtscp, f16c
Processor Information for all 12 processors :
  Max Mhz: 2592, Current Mhz: 2592, Mhz Limit: 2592

Memory: 4k page, system-wide physical 16215M (3249M free)
TotalPageFile size 18263M (AvailPageFile size 13M)
current process WorkingSet (physical memory assigned to process): 45M, peak: 45M
current process commit charge ("private bytes"): 343M, peak: 343M

vm_info: Java HotSpot(TM) 64-Bit Server VM (22.0.1+8-16) for windows-amd64 JRE (22.0.1+8-16), built on 2024-03-12T10:33:16Z by "mach5one" with MS VC++ 17.6 (VS2022)

END.
